{"/home/runner/work/cookie/cookie/frontend/src/App.tsx": {"path":"/home/runner/work/cookie/cookie/frontend/src/App.tsx","statementMap":{"0":{"start":{"line":5,"column":2},"end":{"line":5,"column":null}}},"fnMap":{"0":{"name":"App","decl":{"start":{"line":4,"column":9},"end":{"line":4,"column":15}},"loc":{"start":{"line":4,"column":15},"end":{"line":6,"column":null}},"line":4}},"branchMap":{},"s":{"0":0},"f":{"0":0},"b":{},"meta":{"lastBranch":0,"lastFunction":1,"lastStatement":1,"seen":{"f:4:9:4:15":0,"s:5:2:5:Infinity":0}}}
,"/home/runner/work/cookie/cookie/frontend/src/router.tsx": {"path":"/home/runner/work/cookie/cookie/frontend/src/router.tsx","statementMap":{"0":{"start":{"line":18,"column":2},"end":{"line":24,"column":null}},"1":{"start":{"line":30,"column":27},"end":{"line":30,"column":null}},"2":{"start":{"line":31,"column":8},"end":{"line":31,"column":null}},"3":{"start":{"line":33,"column":2},"end":{"line":39,"column":null}},"4":{"start":{"line":34,"column":4},"end":{"line":37,"column":null}},"5":{"start":{"line":41,"column":2},"end":{"line":43,"column":null}},"6":{"start":{"line":42,"column":4},"end":{"line":42,"column":null}},"7":{"start":{"line":45,"column":2},"end":{"line":45,"column":null}},"8":{"start":{"line":50,"column":27},"end":{"line":50,"column":null}},"9":{"start":{"line":52,"column":2},"end":{"line":58,"column":null}},"10":{"start":{"line":53,"column":4},"end":{"line":56,"column":null}},"11":{"start":{"line":60,"column":2},"end":{"line":62,"column":null}},"12":{"start":{"line":61,"column":4},"end":{"line":61,"column":null}},"13":{"start":{"line":64,"column":2},"end":{"line":64,"column":null}},"14":{"start":{"line":67,"column":13},"end":{"line":158,"column":null}}},"fnMap":{"0":{"name":"AppLayout","decl":{"start":{"line":17,"column":9},"end":{"line":17,"column":21}},"loc":{"start":{"line":17,"column":21},"end":{"line":26,"column":null}},"line":17},"1":{"name":"ProtectedRoute","decl":{"start":{"line":29,"column":9},"end":{"line":29,"column":24}},"loc":{"start":{"line":29,"column":69},"end":{"line":46,"column":null}},"line":29},"2":{"name":"PublicRoute","decl":{"start":{"line":49,"column":9},"end":{"line":49,"column":21}},"loc":{"start":{"line":49,"column":66},"end":{"line":65,"column":null}},"line":49}},"branchMap":{"0":{"loc":{"start":{"line":33,"column":2},"end":{"line":39,"column":null}},"type":"if","locations":[{"start":{"line":33,"column":2},"end":{"line":39,"column":null}},{"start":{},"end":{}}],"line":33},"1":{"loc":{"start":{"line":41,"column":2},"end":{"line":43,"column":null}},"type":"if","locations":[{"start":{"line":41,"column":2},"end":{"line":43,"column":null}},{"start":{},"end":{}}],"line":41},"2":{"loc":{"start":{"line":52,"column":2},"end":{"line":58,"column":null}},"type":"if","locations":[{"start":{"line":52,"column":2},"end":{"line":58,"column":null}},{"start":{},"end":{}}],"line":52},"3":{"loc":{"start":{"line":60,"column":2},"end":{"line":62,"column":null}},"type":"if","locations":[{"start":{"line":60,"column":2},"end":{"line":62,"column":null}},{"start":{},"end":{}}],"line":60}},"s":{"0":0,"1":0,"2":0,"3":0,"4":0,"5":0,"6":0,"7":0,"8":0,"9":0,"10":0,"11":0,"12":0,"13":0,"14":0},"f":{"0":0,"1":0,"2":0},"b":{"0":[0,0],"1":[0,0],"2":[0,0],"3":[0,0]},"meta":{"lastBranch":4,"lastFunction":3,"lastStatement":15,"seen":{"f:17:9:17:21":0,"s:18:2:24:Infinity":0,"f:29:9:29:24":1,"s:30:27:30:Infinity":1,"s:31:8:31:Infinity":2,"b:33:2:39:Infinity:undefined:undefined:undefined:undefined":0,"s:33:2:39:Infinity":3,"s:34:4:37:Infinity":4,"b:41:2:43:Infinity:undefined:undefined:undefined:undefined":1,"s:41:2:43:Infinity":5,"s:42:4:42:Infinity":6,"s:45:2:45:Infinity":7,"f:49:9:49:21":2,"s:50:27:50:Infinity":8,"b:52:2:58:Infinity:undefined:undefined:undefined:undefined":2,"s:52:2:58:Infinity":9,"s:53:4:56:Infinity":10,"b:60:2:62:Infinity:undefined:undefined:undefined:undefined":3,"s:60:2:62:Infinity":11,"s:61:4:61:Infinity":12,"s:64:2:64:Infinity":13,"s:67:13:158:Infinity":14}}}
,"/home/runner/work/cookie/cookie/frontend/src/api/client.ts": {"path":"/home/runner/work/cookie/cookie/frontend/src/api/client.ts","statementMap":{"0":{"start":{"line":1,"column":17},"end":{"line":1,"column":null}},"1":{"start":{"line":344,"column":14},"end":{"line":344,"column":null}},"2":{"start":{"line":346,"column":30},"end":{"line":352,"column":null}},"3":{"start":{"line":354,"column":19},"end":{"line":354,"column":null}},"4":{"start":{"line":356,"column":2},"end":{"line":369,"column":null}},"5":{"start":{"line":358,"column":22},"end":{"line":358,"column":null}},"6":{"start":{"line":359,"column":23},"end":{"line":359,"column":null}},"7":{"start":{"line":362,"column":4},"end":{"line":367,"column":null}},"8":{"start":{"line":363,"column":24},"end":{"line":363,"column":null}},"9":{"start":{"line":364,"column":6},"end":{"line":364,"column":null}},"10":{"start":{"line":368,"column":4},"end":{"line":368,"column":null}},"11":{"start":{"line":372,"column":2},"end":{"line":374,"column":null}},"12":{"start":{"line":373,"column":4},"end":{"line":373,"column":null}},"13":{"start":{"line":376,"column":2},"end":{"line":376,"column":null}},"14":{"start":{"line":379,"column":19},"end":{"line":623,"column":null}},"15":{"start":{"line":381,"column":18},"end":{"line":381,"column":null}},"16":{"start":{"line":384,"column":6},"end":{"line":387,"column":null}},"17":{"start":{"line":390,"column":6},"end":{"line":393,"column":null}},"18":{"start":{"line":395,"column":18},"end":{"line":395,"column":null}},"19":{"start":{"line":398,"column":18},"end":{"line":398,"column":null}},"20":{"start":{"line":400,"column":35},"end":{"line":400,"column":null}},"21":{"start":{"line":403,"column":8},"end":{"line":406,"column":null}},"22":{"start":{"line":411,"column":8},"end":{"line":414,"column":null}},"23":{"start":{"line":417,"column":8},"end":{"line":424,"column":null}},"24":{"start":{"line":428,"column":6},"end":{"line":436,"column":null}},"25":{"start":{"line":439,"column":6},"end":{"line":442,"column":null}},"26":{"start":{"line":445,"column":6},"end":{"line":445,"column":null}},"27":{"start":{"line":448,"column":6},"end":{"line":454,"column":null}},"28":{"start":{"line":458,"column":16},"end":{"line":458,"column":null}},"29":{"start":{"line":460,"column":25},"end":{"line":460,"column":null}},"30":{"start":{"line":463,"column":6},"end":{"line":466,"column":null}},"31":{"start":{"line":469,"column":6},"end":{"line":472,"column":null}},"32":{"start":{"line":475,"column":6},"end":{"line":477,"column":null}},"33":{"start":{"line":480,"column":6},"end":{"line":482,"column":null}},"34":{"start":{"line":485,"column":6},"end":{"line":485,"column":null}},"35":{"start":{"line":489,"column":16},"end":{"line":489,"column":null}},"36":{"start":{"line":492,"column":6},"end":{"line":495,"column":null}},"37":{"start":{"line":498,"column":6},"end":{"line":500,"column":null}},"38":{"start":{"line":505,"column":6},"end":{"line":505,"column":null}},"39":{"start":{"line":508,"column":6},"end":{"line":511,"column":null}},"40":{"start":{"line":514,"column":6},"end":{"line":516,"column":null}},"41":{"start":{"line":520,"column":16},"end":{"line":520,"column":null}},"42":{"start":{"line":522,"column":25},"end":{"line":522,"column":null}},"43":{"start":{"line":525,"column":6},"end":{"line":528,"column":null}},"44":{"start":{"line":531,"column":6},"end":{"line":534,"column":null}},"45":{"start":{"line":537,"column":6},"end":{"line":539,"column":null}},"46":{"start":{"line":542,"column":6},"end":{"line":545,"column":null}},"47":{"start":{"line":548,"column":6},"end":{"line":550,"column":null}},"48":{"start":{"line":555,"column":6},"end":{"line":555,"column":null}},"49":{"start":{"line":557,"column":25},"end":{"line":557,"column":null}},"50":{"start":{"line":560,"column":21},"end":{"line":560,"column":null}},"51":{"start":{"line":561,"column":6},"end":{"line":561,"column":null}},"52":{"start":{"line":561,"column":19},"end":{"line":561,"column":null}},"53":{"start":{"line":562,"column":6},"end":{"line":562,"column":null}},"54":{"start":{"line":566,"column":6},"end":{"line":569,"column":null}},"55":{"start":{"line":573,"column":16},"end":{"line":573,"column":null}},"56":{"start":{"line":575,"column":25},"end":{"line":575,"column":null}},"57":{"start":{"line":578,"column":6},"end":{"line":578,"column":null}},"58":{"start":{"line":581,"column":6},"end":{"line":583,"column":null}},"59":{"start":{"line":586,"column":6},"end":{"line":592,"column":null}},"60":{"start":{"line":595,"column":6},"end":{"line":601,"column":null}},"61":{"start":{"line":604,"column":6},"end":{"line":606,"column":null}},"62":{"start":{"line":609,"column":6},"end":{"line":611,"column":null}},"63":{"start":{"line":615,"column":24},"end":{"line":615,"column":null}},"64":{"start":{"line":618,"column":6},"end":{"line":621,"column":null}}},"fnMap":{"0":{"name":"request","decl":{"start":{"line":340,"column":15},"end":{"line":340,"column":null}},"loc":{"start":{"line":343,"column":14},"end":{"line":377,"column":null}},"line":343},"1":{"name":"(anonymous_1)","decl":{"start":{"line":381,"column":12},"end":{"line":381,"column":18}},"loc":{"start":{"line":381,"column":18},"end":{"line":381,"column":null}},"line":381},"2":{"name":"(anonymous_2)","decl":{"start":{"line":383,"column":16},"end":{"line":383,"column":17}},"loc":{"start":{"line":384,"column":6},"end":{"line":387,"column":null}},"line":384},"3":{"name":"(anonymous_3)","decl":{"start":{"line":389,"column":16},"end":{"line":389,"column":17}},"loc":{"start":{"line":390,"column":6},"end":{"line":393,"column":null}},"line":390},"4":{"name":"(anonymous_4)","decl":{"start":{"line":395,"column":12},"end":{"line":395,"column":18}},"loc":{"start":{"line":395,"column":18},"end":{"line":395,"column":null}},"line":395},"5":{"name":"(anonymous_5)","decl":{"start":{"line":398,"column":12},"end":{"line":398,"column":18}},"loc":{"start":{"line":398,"column":18},"end":{"line":398,"column":null}},"line":398},"6":{"name":"(anonymous_6)","decl":{"start":{"line":400,"column":11},"end":{"line":400,"column":12}},"loc":{"start":{"line":400,"column":35},"end":{"line":400,"column":null}},"line":400},"7":{"name":"(anonymous_7)","decl":{"start":{"line":402,"column":14},"end":{"line":402,"column":15}},"loc":{"start":{"line":403,"column":8},"end":{"line":406,"column":null}},"line":403},"8":{"name":"(anonymous_8)","decl":{"start":{"line":410,"column":22},"end":{"line":410,"column":23}},"loc":{"start":{"line":411,"column":8},"end":{"line":414,"column":null}},"line":411},"9":{"name":"(anonymous_9)","decl":{"start":{"line":416,"column":14},"end":{"line":416,"column":15}},"loc":{"start":{"line":417,"column":8},"end":{"line":424,"column":null}},"line":417},"10":{"name":"(anonymous_10)","decl":{"start":{"line":427,"column":11},"end":{"line":427,"column":12}},"loc":{"start":{"line":428,"column":6},"end":{"line":436,"column":null}},"line":428},"11":{"name":"(anonymous_11)","decl":{"start":{"line":438,"column":10},"end":{"line":438,"column":11}},"loc":{"start":{"line":439,"column":6},"end":{"line":442,"column":null}},"line":439},"12":{"name":"(anonymous_12)","decl":{"start":{"line":444,"column":14},"end":{"line":444,"column":15}},"loc":{"start":{"line":445,"column":6},"end":{"line":445,"column":null}},"line":445},"13":{"name":"(anonymous_13)","decl":{"start":{"line":447,"column":15},"end":{"line":447,"column":16}},"loc":{"start":{"line":448,"column":6},"end":{"line":454,"column":null}},"line":448},"14":{"name":"(anonymous_14)","decl":{"start":{"line":458,"column":10},"end":{"line":458,"column":16}},"loc":{"start":{"line":458,"column":16},"end":{"line":458,"column":null}},"line":458},"15":{"name":"(anonymous_15)","decl":{"start":{"line":460,"column":9},"end":{"line":460,"column":10}},"loc":{"start":{"line":460,"column":25},"end":{"line":460,"column":null}},"line":460},"16":{"name":"(anonymous_16)","decl":{"start":{"line":462,"column":12},"end":{"line":462,"column":13}},"loc":{"start":{"line":463,"column":6},"end":{"line":466,"column":null}},"line":463},"17":{"name":"(anonymous_17)","decl":{"start":{"line":468,"column":12},"end":{"line":468,"column":13}},"loc":{"start":{"line":469,"column":6},"end":{"line":472,"column":null}},"line":469},"18":{"name":"(anonymous_18)","decl":{"start":{"line":474,"column":12},"end":{"line":474,"column":13}},"loc":{"start":{"line":475,"column":6},"end":{"line":477,"column":null}},"line":475},"19":{"name":"(anonymous_19)","decl":{"start":{"line":479,"column":12},"end":{"line":479,"column":13}},"loc":{"start":{"line":480,"column":6},"end":{"line":482,"column":null}},"line":480},"20":{"name":"(anonymous_20)","decl":{"start":{"line":484,"column":21},"end":{"line":484,"column":22}},"loc":{"start":{"line":485,"column":6},"end":{"line":485,"column":null}},"line":485},"21":{"name":"(anonymous_21)","decl":{"start":{"line":489,"column":10},"end":{"line":489,"column":16}},"loc":{"start":{"line":489,"column":16},"end":{"line":489,"column":null}},"line":489},"22":{"name":"(anonymous_22)","decl":{"start":{"line":491,"column":9},"end":{"line":491,"column":10}},"loc":{"start":{"line":492,"column":6},"end":{"line":495,"column":null}},"line":492},"23":{"name":"(anonymous_23)","decl":{"start":{"line":497,"column":12},"end":{"line":497,"column":13}},"loc":{"start":{"line":498,"column":6},"end":{"line":500,"column":null}},"line":498},"24":{"name":"(anonymous_24)","decl":{"start":{"line":504,"column":10},"end":{"line":504,"column":11}},"loc":{"start":{"line":505,"column":6},"end":{"line":505,"column":null}},"line":505},"25":{"name":"(anonymous_25)","decl":{"start":{"line":507,"column":12},"end":{"line":507,"column":13}},"loc":{"start":{"line":508,"column":6},"end":{"line":511,"column":null}},"line":508},"26":{"name":"(anonymous_26)","decl":{"start":{"line":513,"column":11},"end":{"line":513,"column":null}},"loc":{"start":{"line":514,"column":6},"end":{"line":516,"column":null}},"line":514},"27":{"name":"(anonymous_27)","decl":{"start":{"line":520,"column":10},"end":{"line":520,"column":16}},"loc":{"start":{"line":520,"column":16},"end":{"line":520,"column":null}},"line":520},"28":{"name":"(anonymous_28)","decl":{"start":{"line":522,"column":9},"end":{"line":522,"column":10}},"loc":{"start":{"line":522,"column":25},"end":{"line":522,"column":null}},"line":522},"29":{"name":"(anonymous_29)","decl":{"start":{"line":524,"column":12},"end":{"line":524,"column":13}},"loc":{"start":{"line":525,"column":6},"end":{"line":528,"column":null}},"line":525},"30":{"name":"(anonymous_30)","decl":{"start":{"line":530,"column":12},"end":{"line":530,"column":13}},"loc":{"start":{"line":531,"column":6},"end":{"line":534,"column":null}},"line":531},"31":{"name":"(anonymous_31)","decl":{"start":{"line":536,"column":12},"end":{"line":536,"column":13}},"loc":{"start":{"line":537,"column":6},"end":{"line":539,"column":null}},"line":537},"32":{"name":"(anonymous_32)","decl":{"start":{"line":541,"column":15},"end":{"line":541,"column":16}},"loc":{"start":{"line":542,"column":6},"end":{"line":545,"column":null}},"line":542},"33":{"name":"(anonymous_33)","decl":{"start":{"line":547,"column":18},"end":{"line":547,"column":19}},"loc":{"start":{"line":548,"column":6},"end":{"line":550,"column":null}},"line":548},"34":{"name":"(anonymous_34)","decl":{"start":{"line":554,"column":10},"end":{"line":554,"column":11}},"loc":{"start":{"line":555,"column":6},"end":{"line":555,"column":null}},"line":555},"35":{"name":"(anonymous_35)","decl":{"start":{"line":557,"column":9},"end":{"line":557,"column":10}},"loc":{"start":{"line":557,"column":25},"end":{"line":557,"column":null}},"line":557},"36":{"name":"(anonymous_36)","decl":{"start":{"line":559,"column":12},"end":{"line":559,"column":13}},"loc":{"start":{"line":559,"column":67},"end":{"line":563,"column":null}},"line":559},"37":{"name":"(anonymous_37)","decl":{"start":{"line":565,"column":12},"end":{"line":565,"column":13}},"loc":{"start":{"line":566,"column":6},"end":{"line":569,"column":null}},"line":566},"38":{"name":"(anonymous_38)","decl":{"start":{"line":573,"column":10},"end":{"line":573,"column":16}},"loc":{"start":{"line":573,"column":16},"end":{"line":573,"column":null}},"line":573},"39":{"name":"(anonymous_39)","decl":{"start":{"line":575,"column":9},"end":{"line":575,"column":10}},"loc":{"start":{"line":575,"column":25},"end":{"line":575,"column":null}},"line":575},"40":{"name":"(anonymous_40)","decl":{"start":{"line":577,"column":18},"end":{"line":577,"column":null}},"loc":{"start":{"line":578,"column":6},"end":{"line":578,"column":null}},"line":578},"41":{"name":"(anonymous_41)","decl":{"start":{"line":580,"column":12},"end":{"line":580,"column":13}},"loc":{"start":{"line":581,"column":6},"end":{"line":583,"column":null}},"line":581},"42":{"name":"(anonymous_42)","decl":{"start":{"line":585,"column":16},"end":{"line":585,"column":17}},"loc":{"start":{"line":586,"column":6},"end":{"line":592,"column":null}},"line":586},"43":{"name":"(anonymous_43)","decl":{"start":{"line":594,"column":20},"end":{"line":594,"column":21}},"loc":{"start":{"line":595,"column":6},"end":{"line":601,"column":null}},"line":595},"44":{"name":"(anonymous_44)","decl":{"start":{"line":603,"column":10},"end":{"line":603,"column":11}},"loc":{"start":{"line":604,"column":6},"end":{"line":606,"column":null}},"line":604},"45":{"name":"(anonymous_45)","decl":{"start":{"line":608,"column":13},"end":{"line":608,"column":null}},"loc":{"start":{"line":609,"column":6},"end":{"line":611,"column":null}},"line":609},"46":{"name":"(anonymous_46)","decl":{"start":{"line":615,"column":18},"end":{"line":615,"column":24}},"loc":{"start":{"line":615,"column":24},"end":{"line":615,"column":null}},"line":615},"47":{"name":"(anonymous_47)","decl":{"start":{"line":617,"column":11},"end":{"line":617,"column":12}},"loc":{"start":{"line":618,"column":6},"end":{"line":621,"column":null}},"line":618}},"branchMap":{"0":{"loc":{"start":{"line":342,"column":2},"end":{"line":342,"column":null}},"type":"default-arg","locations":[{"start":{"line":342,"column":25},"end":{"line":342,"column":null}}],"line":342},"1":{"loc":{"start":{"line":356,"column":2},"end":{"line":369,"column":null}},"type":"if","locations":[{"start":{"line":356,"column":2},"end":{"line":369,"column":null}},{"start":{},"end":{}}],"line":356},"2":{"loc":{"start":{"line":359,"column":23},"end":{"line":359,"column":null}},"type":"binary-expr","locations":[{"start":{"line":359,"column":23},"end":{"line":359,"column":36}},{"start":{"line":359,"column":36},"end":{"line":359,"column":null}}],"line":359},"3":{"loc":{"start":{"line":364,"column":21},"end":{"line":364,"column":null}},"type":"binary-expr","locations":[{"start":{"line":364,"column":21},"end":{"line":364,"column":41}},{"start":{"line":364,"column":41},"end":{"line":364,"column":62}},{"start":{"line":364,"column":62},"end":{"line":364,"column":null}}],"line":364},"4":{"loc":{"start":{"line":372,"column":2},"end":{"line":374,"column":null}},"type":"if","locations":[{"start":{"line":372,"column":2},"end":{"line":374,"column":null}},{"start":{},"end":{}}],"line":372},"5":{"loc":{"start":{"line":427,"column":73},"end":{"line":427,"column":null}},"type":"default-arg","locations":[{"start":{"line":427,"column":94},"end":{"line":427,"column":null}}],"line":427},"6":{"loc":{"start":{"line":438,"column":29},"end":{"line":438,"column":null}},"type":"default-arg","locations":[{"start":{"line":438,"column":51},"end":{"line":438,"column":null}}],"line":438},"7":{"loc":{"start":{"line":504,"column":11},"end":{"line":504,"column":null}},"type":"default-arg","locations":[{"start":{"line":504,"column":27},"end":{"line":504,"column":null}}],"line":504},"8":{"loc":{"start":{"line":554,"column":11},"end":{"line":554,"column":31}},"type":"default-arg","locations":[{"start":{"line":554,"column":27},"end":{"line":554,"column":31}}],"line":554},"9":{"loc":{"start":{"line":554,"column":31},"end":{"line":554,"column":null}},"type":"default-arg","locations":[{"start":{"line":554,"column":48},"end":{"line":554,"column":null}}],"line":554},"10":{"loc":{"start":{"line":559,"column":46},"end":{"line":559,"column":67}},"type":"default-arg","locations":[{"start":{"line":559,"column":61},"end":{"line":559,"column":67}}],"line":559},"11":{"loc":{"start":{"line":561,"column":6},"end":{"line":561,"column":null}},"type":"if","locations":[{"start":{"line":561,"column":6},"end":{"line":561,"column":null}},{"start":{},"end":{}}],"line":561}},"s":{"0":1,"1":29,"2":29,"3":29,"4":28,"5":1,"6":1,"7":1,"8":1,"9":1,"10":1,"11":27,"12":5,"13":22,"14":1,"15":0,"16":0,"17":0,"18":0,"19":0,"20":0,"21":0,"22":0,"23":0,"24":0,"25":0,"26":0,"27":0,"28":2,"29":1,"30":1,"31":1,"32":1,"33":1,"34":0,"35":1,"36":1,"37":1,"38":2,"39":1,"40":1,"41":1,"42":1,"43":1,"44":1,"45":1,"46":1,"47":1,"48":3,"49":0,"50":4,"51":4,"52":1,"53":4,"54":1,"55":0,"56":0,"57":0,"58":0,"59":0,"60":0,"61":0,"62":0,"63":0,"64":0},"f":{"0":29,"1":0,"2":0,"3":0,"4":0,"5":0,"6":0,"7":0,"8":0,"9":0,"10":0,"11":0,"12":0,"13":0,"14":2,"15":1,"16":1,"17":1,"18":1,"19":1,"20":0,"21":1,"22":1,"23":1,"24":2,"25":1,"26":1,"27":1,"28":1,"29":1,"30":1,"31":1,"32":1,"33":1,"34":3,"35":0,"36":4,"37":1,"38":0,"39":0,"40":0,"41":0,"42":0,"43":0,"44":0,"45":0,"46":0,"47":0},"b":{"0":[29],"1":[1,27],"2":[1,0],"3":[1,0,0],"4":[5,22],"5":[0],"6":[0],"7":[2],"8":[3],"9":[3],"10":[4],"11":[1,3]},"meta":{"lastBranch":12,"lastFunction":48,"lastStatement":65,"seen":{"s:1:17:1:Infinity":0,"f:340:15:340:Infinity":0,"b:342:25:342:Infinity":0,"s:344:14:344:Infinity":1,"s:346:30:352:Infinity":2,"s:354:19:354:Infinity":3,"b:356:2:369:Infinity:undefined:undefined:undefined:undefined":1,"s:356:2:369:Infinity":4,"s:358:22:358:Infinity":5,"s:359:23:359:Infinity":6,"b:359:23:359:36:359:36:359:Infinity":2,"s:362:4:367:Infinity":7,"s:363:24:363:Infinity":8,"s:364:6:364:Infinity":9,"b:364:21:364:41:364:41:364:62:364:62:364:Infinity":3,"s:368:4:368:Infinity":10,"b:372:2:374:Infinity:undefined:undefined:undefined:undefined":4,"s:372:2:374:Infinity":11,"s:373:4:373:Infinity":12,"s:376:2:376:Infinity":13,"s:379:19:623:Infinity":14,"f:381:12:381:18":1,"s:381:18:381:Infinity":15,"f:383:16:383:17":2,"s:384:6:387:Infinity":16,"f:389:16:389:17":3,"s:390:6:393:Infinity":17,"f:395:12:395:18":4,"s:395:18:395:Infinity":18,"f:398:12:398:18":5,"s:398:18:398:Infinity":19,"f:400:11:400:12":6,"s:400:35:400:Infinity":20,"f:402:14:402:15":7,"s:403:8:406:Infinity":21,"f:410:22:410:23":8,"s:411:8:414:Infinity":22,"f:416:14:416:15":9,"s:417:8:424:Infinity":23,"f:427:11:427:12":10,"s:428:6:436:Infinity":24,"b:427:94:427:Infinity":5,"f:438:10:438:11":11,"s:439:6:442:Infinity":25,"b:438:51:438:Infinity":6,"f:444:14:444:15":12,"s:445:6:445:Infinity":26,"f:447:15:447:16":13,"s:448:6:454:Infinity":27,"f:458:10:458:16":14,"s:458:16:458:Infinity":28,"f:460:9:460:10":15,"s:460:25:460:Infinity":29,"f:462:12:462:13":16,"s:463:6:466:Infinity":30,"f:468:12:468:13":17,"s:469:6:472:Infinity":31,"f:474:12:474:13":18,"s:475:6:477:Infinity":32,"f:479:12:479:13":19,"s:480:6:482:Infinity":33,"f:484:21:484:22":20,"s:485:6:485:Infinity":34,"f:489:10:489:16":21,"s:489:16:489:Infinity":35,"f:491:9:491:10":22,"s:492:6:495:Infinity":36,"f:497:12:497:13":23,"s:498:6:500:Infinity":37,"f:504:10:504:11":24,"s:505:6:505:Infinity":38,"b:504:27:504:Infinity":7,"f:507:12:507:13":25,"s:508:6:511:Infinity":39,"f:513:11:513:Infinity":26,"s:514:6:516:Infinity":40,"f:520:10:520:16":27,"s:520:16:520:Infinity":41,"f:522:9:522:10":28,"s:522:25:522:Infinity":42,"f:524:12:524:13":29,"s:525:6:528:Infinity":43,"f:530:12:530:13":30,"s:531:6:534:Infinity":44,"f:536:12:536:13":31,"s:537:6:539:Infinity":45,"f:541:15:541:16":32,"s:542:6:545:Infinity":46,"f:547:18:547:19":33,"s:548:6:550:Infinity":47,"f:554:10:554:11":34,"s:555:6:555:Infinity":48,"b:554:27:554:31":8,"b:554:48:554:Infinity":9,"f:557:9:557:10":35,"s:557:25:557:Infinity":49,"f:559:12:559:13":36,"b:559:61:559:67":10,"s:560:21:560:Infinity":50,"b:561:6:561:Infinity:undefined:undefined:undefined:undefined":11,"s:561:6:561:Infinity":51,"s:561:19:561:Infinity":52,"s:562:6:562:Infinity":53,"f:565:12:565:13":37,"s:566:6:569:Infinity":54,"f:573:10:573:16":38,"s:573:16:573:Infinity":55,"f:575:9:575:10":39,"s:575:25:575:Infinity":56,"f:577:18:577:Infinity":40,"s:578:6:578:Infinity":57,"f:580:12:580:13":41,"s:581:6:583:Infinity":58,"f:585:16:585:17":42,"s:586:6:592:Infinity":59,"f:594:20:594:21":43,"s:595:6:601:Infinity":60,"f:603:10:603:11":44,"s:604:6:606:Infinity":61,"f:608:13:608:Infinity":45,"s:609:6:611:Infinity":62,"f:615:18:615:24":46,"s:615:24:615:Infinity":63,"f:617:11:617:12":47,"s:618:6:621:Infinity":64}}}
,"/home/runner/work/cookie/cookie/frontend/src/components/AddToCollectionDropdown.tsx": {"path":"/home/runner/work/cookie/cookie/frontend/src/components/AddToCollectionDropdown.tsx","statementMap":{"0":{"start":{"line":16,"column":26},"end":{"line":16,"column":null}},"1":{"start":{"line":17,"column":36},"end":{"line":17,"column":null}},"2":{"start":{"line":18,"column":28},"end":{"line":18,"column":null}},"3":{"start":{"line":19,"column":30},"end":{"line":19,"column":null}},"4":{"start":{"line":20,"column":8},"end":{"line":20,"column":null}},"5":{"start":{"line":23,"column":2},"end":{"line":34,"column":null}},"6":{"start":{"line":24,"column":31},"end":{"line":28,"column":null}},"7":{"start":{"line":25,"column":6},"end":{"line":27,"column":null}},"8":{"start":{"line":26,"column":8},"end":{"line":26,"column":null}},"9":{"start":{"line":30,"column":4},"end":{"line":33,"column":null}},"10":{"start":{"line":31,"column":6},"end":{"line":31,"column":null}},"11":{"start":{"line":32,"column":6},"end":{"line":32,"column":null}},"12":{"start":{"line":32,"column":19},"end":{"line":32,"column":null}},"13":{"start":{"line":37,"column":2},"end":{"line":41,"column":null}},"14":{"start":{"line":38,"column":4},"end":{"line":40,"column":null}},"15":{"start":{"line":39,"column":6},"end":{"line":39,"column":null}},"16":{"start":{"line":43,"column":26},"end":{"line":54,"column":null}},"17":{"start":{"line":44,"column":4},"end":{"line":44,"column":null}},"18":{"start":{"line":45,"column":4},"end":{"line":53,"column":null}},"19":{"start":{"line":46,"column":19},"end":{"line":46,"column":null}},"20":{"start":{"line":47,"column":6},"end":{"line":47,"column":null}},"21":{"start":{"line":49,"column":6},"end":{"line":49,"column":null}},"22":{"start":{"line":50,"column":6},"end":{"line":50,"column":null}},"23":{"start":{"line":52,"column":6},"end":{"line":52,"column":null}},"24":{"start":{"line":56,"column":32},"end":{"line":73,"column":null}},"25":{"start":{"line":57,"column":4},"end":{"line":57,"column":null}},"26":{"start":{"line":58,"column":4},"end":{"line":72,"column":null}},"27":{"start":{"line":59,"column":6},"end":{"line":59,"column":null}},"28":{"start":{"line":60,"column":25},"end":{"line":60,"column":null}},"29":{"start":{"line":60,"column":49},"end":{"line":60,"column":70}},"30":{"start":{"line":61,"column":6},"end":{"line":61,"column":null}},"31":{"start":{"line":62,"column":6},"end":{"line":62,"column":null}},"32":{"start":{"line":64,"column":6},"end":{"line":69,"column":null}},"33":{"start":{"line":65,"column":8},"end":{"line":65,"column":null}},"34":{"start":{"line":67,"column":8},"end":{"line":67,"column":null}},"35":{"start":{"line":68,"column":8},"end":{"line":68,"column":null}},"36":{"start":{"line":71,"column":6},"end":{"line":71,"column":null}},"37":{"start":{"line":75,"column":26},"end":{"line":78,"column":null}},"38":{"start":{"line":76,"column":4},"end":{"line":76,"column":null}},"39":{"start":{"line":77,"column":4},"end":{"line":77,"column":null}},"40":{"start":{"line":80,"column":2},"end":{"line":143,"column":null}},"41":{"start":{"line":83,"column":23},"end":{"line":83,"column":null}},"42":{"start":{"line":106,"column":22},"end":{"line":120,"column":null}},"43":{"start":{"line":108,"column":39},"end":{"line":108,"column":null}}},"fnMap":{"0":{"name":"AddToCollectionDropdown","decl":{"start":{"line":12,"column":24},"end":{"line":12,"column":48}},"loc":{"start":{"line":15,"column":33},"end":{"line":145,"column":null}},"line":15},"1":{"name":"(anonymous_1)","decl":{"start":{"line":23,"column":12},"end":{"line":23,"column":18}},"loc":{"start":{"line":23,"column":18},"end":{"line":34,"column":5}},"line":23},"2":{"name":"(anonymous_2)","decl":{"start":{"line":24,"column":31},"end":{"line":24,"column":32}},"loc":{"start":{"line":24,"column":50},"end":{"line":28,"column":null}},"line":24},"3":{"name":"(anonymous_3)","decl":{"start":{"line":32,"column":13},"end":{"line":32,"column":19}},"loc":{"start":{"line":32,"column":19},"end":{"line":32,"column":null}},"line":32},"4":{"name":"(anonymous_4)","decl":{"start":{"line":37,"column":12},"end":{"line":37,"column":18}},"loc":{"start":{"line":37,"column":18},"end":{"line":41,"column":5}},"line":37},"5":{"name":"(anonymous_5)","decl":{"start":{"line":43,"column":26},"end":{"line":43,"column":38}},"loc":{"start":{"line":43,"column":38},"end":{"line":54,"column":null}},"line":43},"6":{"name":"(anonymous_6)","decl":{"start":{"line":56,"column":32},"end":{"line":56,"column":39}},"loc":{"start":{"line":56,"column":64},"end":{"line":73,"column":null}},"line":56},"7":{"name":"(anonymous_7)","decl":{"start":{"line":60,"column":42},"end":{"line":60,"column":43}},"loc":{"start":{"line":60,"column":49},"end":{"line":60,"column":70}},"line":60},"8":{"name":"(anonymous_8)","decl":{"start":{"line":75,"column":26},"end":{"line":75,"column":32}},"loc":{"start":{"line":75,"column":32},"end":{"line":78,"column":null}},"line":75},"9":{"name":"(anonymous_9)","decl":{"start":{"line":83,"column":17},"end":{"line":83,"column":23}},"loc":{"start":{"line":83,"column":23},"end":{"line":83,"column":null}},"line":83},"10":{"name":"(anonymous_10)","decl":{"start":{"line":105,"column":37},"end":{"line":105,"column":38}},"loc":{"start":{"line":106,"column":22},"end":{"line":120,"column":null}},"line":106},"11":{"name":"(anonymous_11)","decl":{"start":{"line":108,"column":33},"end":{"line":108,"column":39}},"loc":{"start":{"line":108,"column":39},"end":{"line":108,"column":null}},"line":108}},"branchMap":{"0":{"loc":{"start":{"line":25,"column":6},"end":{"line":27,"column":null}},"type":"if","locations":[{"start":{"line":25,"column":6},"end":{"line":27,"column":null}},{"start":{},"end":{}}],"line":25},"1":{"loc":{"start":{"line":25,"column":10},"end":{"line":25,"column":82}},"type":"binary-expr","locations":[{"start":{"line":25,"column":10},"end":{"line":25,"column":33}},{"start":{"line":25,"column":33},"end":{"line":25,"column":82}}],"line":25},"2":{"loc":{"start":{"line":30,"column":4},"end":{"line":33,"column":null}},"type":"if","locations":[{"start":{"line":30,"column":4},"end":{"line":33,"column":null}},{"start":{},"end":{}}],"line":30},"3":{"loc":{"start":{"line":38,"column":4},"end":{"line":40,"column":null}},"type":"if","locations":[{"start":{"line":38,"column":4},"end":{"line":40,"column":null}},{"start":{},"end":{}}],"line":38},"4":{"loc":{"start":{"line":61,"column":32},"end":{"line":61,"column":64}},"type":"binary-expr","locations":[{"start":{"line":61,"column":32},"end":{"line":61,"column":52}},{"start":{"line":61,"column":52},"end":{"line":61,"column":64}}],"line":61},"5":{"loc":{"start":{"line":64,"column":6},"end":{"line":69,"column":null}},"type":"if","locations":[{"start":{"line":64,"column":6},"end":{"line":69,"column":null}},{"start":{"line":66,"column":13},"end":{"line":69,"column":null}}],"line":64},"6":{"loc":{"start":{"line":64,"column":10},"end":{"line":64,"column":71}},"type":"binary-expr","locations":[{"start":{"line":64,"column":10},"end":{"line":64,"column":36}},{"start":{"line":64,"column":36},"end":{"line":64,"column":71}}],"line":64},"7":{"loc":{"start":{"line":90,"column":7},"end":{"line":141,"column":null}},"type":"binary-expr","locations":[{"start":{"line":90,"column":7},"end":{"line":90,"column":null}},{"start":{"line":91,"column":8},"end":{"line":141,"column":null}}],"line":90},"8":{"loc":{"start":{"line":97,"column":13},"end":{"line":138,"column":null}},"type":"cond-expr","locations":[{"start":{"line":98,"column":14},"end":{"line":100,"column":null}},{"start":{"line":102,"column":14},"end":{"line":138,"column":null}}],"line":97},"9":{"loc":{"start":{"line":103,"column":17},"end":{"line":126,"column":null}},"type":"cond-expr","locations":[{"start":{"line":104,"column":18},"end":{"line":122,"column":null}},{"start":{"line":124,"column":18},"end":{"line":126,"column":null}}],"line":103},"10":{"loc":{"start":{"line":117,"column":25},"end":{"line":118,"column":null}},"type":"binary-expr","locations":[{"start":{"line":117,"column":25},"end":{"line":117,"column":null}},{"start":{"line":118,"column":26},"end":{"line":118,"column":null}}],"line":117}},"s":{"0":47,"1":47,"2":47,"3":47,"4":47,"5":47,"6":25,"7":1,"8":1,"9":25,"10":10,"11":10,"12":10,"13":47,"14":25,"15":10,"16":47,"17":10,"18":10,"19":10,"20":9,"21":0,"22":0,"23":9,"24":47,"25":3,"26":3,"27":3,"28":2,"29":2,"30":2,"31":3,"32":0,"33":0,"34":0,"35":0,"36":2,"37":47,"38":1,"39":1,"40":47,"41":10,"42":8,"43":3},"f":{"0":47,"1":25,"2":1,"3":10,"4":25,"5":10,"6":3,"7":2,"8":1,"9":10,"10":8,"11":3},"b":{"0":[1,0],"1":[1,1],"2":[10,15],"3":[10,15],"4":[2,0],"5":[0,0],"6":[0,0],"7":[47,32],"8":[10,22],"9":[7,15],"10":[8,3]},"meta":{"lastBranch":11,"lastFunction":12,"lastStatement":44,"seen":{"f:12:24:12:48":0,"s:16:26:16:Infinity":0,"s:17:36:17:Infinity":1,"s:18:28:18:Infinity":2,"s:19:30:19:Infinity":3,"s:20:8:20:Infinity":4,"s:23:2:34:Infinity":5,"f:23:12:23:18":1,"s:24:31:28:Infinity":6,"f:24:31:24:32":2,"b:25:6:27:Infinity:undefined:undefined:undefined:undefined":0,"s:25:6:27:Infinity":7,"b:25:10:25:33:25:33:25:82":1,"s:26:8:26:Infinity":8,"b:30:4:33:Infinity:undefined:undefined:undefined:undefined":2,"s:30:4:33:Infinity":9,"s:31:6:31:Infinity":10,"s:32:6:32:Infinity":11,"f:32:13:32:19":3,"s:32:19:32:Infinity":12,"s:37:2:41:Infinity":13,"f:37:12:37:18":4,"b:38:4:40:Infinity:undefined:undefined:undefined:undefined":3,"s:38:4:40:Infinity":14,"s:39:6:39:Infinity":15,"s:43:26:54:Infinity":16,"f:43:26:43:38":5,"s:44:4:44:Infinity":17,"s:45:4:53:Infinity":18,"s:46:19:46:Infinity":19,"s:47:6:47:Infinity":20,"s:49:6:49:Infinity":21,"s:50:6:50:Infinity":22,"s:52:6:52:Infinity":23,"s:56:32:73:Infinity":24,"f:56:32:56:39":6,"s:57:4:57:Infinity":25,"s:58:4:72:Infinity":26,"s:59:6:59:Infinity":27,"s:60:25:60:Infinity":28,"f:60:42:60:43":7,"s:60:49:60:70":29,"s:61:6:61:Infinity":30,"b:61:32:61:52:61:52:61:64":4,"s:62:6:62:Infinity":31,"b:64:6:69:Infinity:66:13:69:Infinity":5,"s:64:6:69:Infinity":32,"b:64:10:64:36:64:36:64:71":6,"s:65:8:65:Infinity":33,"s:67:8:67:Infinity":34,"s:68:8:68:Infinity":35,"s:71:6:71:Infinity":36,"s:75:26:78:Infinity":37,"f:75:26:75:32":8,"s:76:4:76:Infinity":38,"s:77:4:77:Infinity":39,"s:80:2:143:Infinity":40,"f:83:17:83:23":9,"s:83:23:83:Infinity":41,"b:90:7:90:Infinity:91:8:141:Infinity":7,"b:98:14:100:Infinity:102:14:138:Infinity":8,"b:104:18:122:Infinity:124:18:126:Infinity":9,"f:105:37:105:38":10,"s:106:22:120:Infinity":42,"f:108:33:108:39":11,"s:108:39:108:Infinity":43,"b:117:25:117:Infinity:118:26:118:Infinity":10}}}
,"/home/runner/work/cookie/cookie/frontend/src/components/ErrorBoundary.tsx": {"path":"/home/runner/work/cookie/cookie/frontend/src/components/ErrorBoundary.tsx","statementMap":{"0":{"start":{"line":48,"column":16},"end":{"line":50,"column":null}},"1":{"start":{"line":33,"column":4},"end":{"line":33,"column":null}},"2":{"start":{"line":34,"column":4},"end":{"line":34,"column":null}},"3":{"start":{"line":38,"column":4},"end":{"line":38,"column":null}},"4":{"start":{"line":42,"column":4},"end":{"line":42,"column":null}},"5":{"start":{"line":45,"column":4},"end":{"line":45,"column":null}},"6":{"start":{"line":49,"column":4},"end":{"line":49,"column":null}},"7":{"start":{"line":53,"column":32},"end":{"line":53,"column":null}},"8":{"start":{"line":54,"column":35},"end":{"line":54,"column":null}},"9":{"start":{"line":56,"column":4},"end":{"line":113,"column":null}},"10":{"start":{"line":58,"column":6},"end":{"line":60,"column":null}},"11":{"start":{"line":59,"column":8},"end":{"line":59,"column":null}},"12":{"start":{"line":63,"column":6},"end":{"line":111,"column":null}},"13":{"start":{"line":104,"column":31},"end":{"line":104,"column":null}},"14":{"start":{"line":115,"column":4},"end":{"line":115,"column":null}}},"fnMap":{"0":{"name":"(anonymous_0)","decl":{"start":{"line":32,"column":2},"end":{"line":32,"column":14}},"loc":{"start":{"line":32,"column":28},"end":{"line":35,"column":null}},"line":32},"1":{"name":"(anonymous_1)","decl":{"start":{"line":37,"column":9},"end":{"line":37,"column":34}},"loc":{"start":{"line":37,"column":64},"end":{"line":39,"column":null}},"line":37},"2":{"name":"(anonymous_2)","decl":{"start":{"line":41,"column":2},"end":{"line":41,"column":20}},"loc":{"start":{"line":41,"column":62},"end":{"line":46,"column":null}},"line":41},"3":{"name":"(anonymous_3)","decl":{"start":{"line":48,"column":16},"end":{"line":48,"column":28}},"loc":{"start":{"line":48,"column":28},"end":{"line":50,"column":null}},"line":48},"4":{"name":"(anonymous_4)","decl":{"start":{"line":52,"column":2},"end":{"line":52,"column":22}},"loc":{"start":{"line":52,"column":22},"end":{"line":116,"column":null}},"line":52},"5":{"name":"(anonymous_5)","decl":{"start":{"line":104,"column":25},"end":{"line":104,"column":31}},"loc":{"start":{"line":104,"column":31},"end":{"line":104,"column":null}},"line":104}},"branchMap":{"0":{"loc":{"start":{"line":56,"column":4},"end":{"line":113,"column":null}},"type":"if","locations":[{"start":{"line":56,"column":4},"end":{"line":113,"column":null}},{"start":{},"end":{}}],"line":56},"1":{"loc":{"start":{"line":58,"column":6},"end":{"line":60,"column":null}},"type":"if","locations":[{"start":{"line":58,"column":6},"end":{"line":60,"column":null}},{"start":{},"end":{}}],"line":58},"2":{"loc":{"start":{"line":82,"column":13},"end":{"line":90,"column":null}},"type":"binary-expr","locations":[{"start":{"line":82,"column":13},"end":{"line":82,"column":36}},{"start":{"line":82,"column":36},"end":{"line":82,"column":null}},{"start":{"line":83,"column":14},"end":{"line":90,"column":null}}],"line":82}},"s":{"0":1,"1":20,"2":20,"3":18,"4":9,"5":9,"6":1,"7":47,"8":47,"9":47,"10":27,"11":3,"12":24,"13":1,"14":20},"f":{"0":20,"1":19,"2":9,"3":1,"4":47,"5":1},"b":{"0":[27,20],"1":[3,24],"2":[24,24,24]},"meta":{"lastBranch":3,"lastFunction":6,"lastStatement":15,"seen":{"s:48:16:50:Infinity":0,"f:32:2:32:14":0,"s:33:4:33:Infinity":1,"s:34:4:34:Infinity":2,"f:37:9:37:34":1,"s:38:4:38:Infinity":3,"f:41:2:41:20":2,"s:42:4:42:Infinity":4,"s:45:4:45:Infinity":5,"f:48:16:48:28":3,"s:49:4:49:Infinity":6,"f:52:2:52:22":4,"s:53:32:53:Infinity":7,"s:54:35:54:Infinity":8,"b:56:4:113:Infinity:undefined:undefined:undefined:undefined":0,"s:56:4:113:Infinity":9,"b:58:6:60:Infinity:undefined:undefined:undefined:undefined":1,"s:58:6:60:Infinity":10,"s:59:8:59:Infinity":11,"s:63:6:111:Infinity":12,"b:82:13:82:36:82:36:82:Infinity:83:14:90:Infinity":2,"f:104:25:104:31":5,"s:104:31:104:Infinity":13,"s:115:4:115:Infinity":14}}}
,"/home/runner/work/cookie/cookie/frontend/src/components/NavHeader.tsx": {"path":"/home/runner/work/cookie/cookie/frontend/src/components/NavHeader.tsx","statementMap":{"0":{"start":{"line":6,"column":8},"end":{"line":6,"column":null}},"1":{"start":{"line":7,"column":46},"end":{"line":7,"column":null}},"2":{"start":{"line":9,"column":23},"end":{"line":12,"column":null}},"3":{"start":{"line":10,"column":4},"end":{"line":10,"column":null}},"4":{"start":{"line":11,"column":4},"end":{"line":11,"column":null}},"5":{"start":{"line":14,"column":21},"end":{"line":16,"column":null}},"6":{"start":{"line":15,"column":4},"end":{"line":15,"column":null}},"7":{"start":{"line":18,"column":2},"end":{"line":18,"column":null}},"8":{"start":{"line":18,"column":16},"end":{"line":18,"column":null}},"9":{"start":{"line":20,"column":2},"end":{"line":98,"column":null}},"10":{"start":{"line":23,"column":23},"end":{"line":23,"column":null}},"11":{"start":{"line":32,"column":25},"end":{"line":32,"column":null}},"12":{"start":{"line":41,"column":25},"end":{"line":41,"column":null}},"13":{"start":{"line":50,"column":25},"end":{"line":50,"column":null}},"14":{"start":{"line":72,"column":25},"end":{"line":72,"column":null}}},"fnMap":{"0":{"name":"NavHeader","decl":{"start":{"line":5,"column":24},"end":{"line":5,"column":36}},"loc":{"start":{"line":5,"column":36},"end":{"line":100,"column":null}},"line":5},"1":{"name":"(anonymous_1)","decl":{"start":{"line":9,"column":23},"end":{"line":9,"column":29}},"loc":{"start":{"line":9,"column":29},"end":{"line":12,"column":null}},"line":9},"2":{"name":"(anonymous_2)","decl":{"start":{"line":14,"column":21},"end":{"line":14,"column":22}},"loc":{"start":{"line":14,"column":39},"end":{"line":16,"column":null}},"line":14},"3":{"name":"(anonymous_3)","decl":{"start":{"line":23,"column":17},"end":{"line":23,"column":23}},"loc":{"start":{"line":23,"column":23},"end":{"line":23,"column":null}},"line":23},"4":{"name":"(anonymous_4)","decl":{"start":{"line":32,"column":19},"end":{"line":32,"column":25}},"loc":{"start":{"line":32,"column":25},"end":{"line":32,"column":null}},"line":32},"5":{"name":"(anonymous_5)","decl":{"start":{"line":41,"column":19},"end":{"line":41,"column":25}},"loc":{"start":{"line":41,"column":25},"end":{"line":41,"column":null}},"line":41},"6":{"name":"(anonymous_6)","decl":{"start":{"line":50,"column":19},"end":{"line":50,"column":25}},"loc":{"start":{"line":50,"column":25},"end":{"line":50,"column":null}},"line":50},"7":{"name":"(anonymous_7)","decl":{"start":{"line":72,"column":19},"end":{"line":72,"column":25}},"loc":{"start":{"line":72,"column":25},"end":{"line":72,"column":null}},"line":72}},"branchMap":{"0":{"loc":{"start":{"line":18,"column":2},"end":{"line":18,"column":null}},"type":"if","locations":[{"start":{"line":18,"column":2},"end":{"line":18,"column":null}},{"start":{},"end":{}}],"line":18},"1":{"loc":{"start":{"line":61,"column":22},"end":{"line":61,"column":null}},"type":"cond-expr","locations":[{"start":{"line":61,"column":42},"end":{"line":61,"column":66}},{"start":{"line":61,"column":66},"end":{"line":61,"column":null}}],"line":61},"2":{"loc":{"start":{"line":63,"column":11},"end":{"line":66,"column":null}},"type":"cond-expr","locations":[{"start":{"line":64,"column":12},"end":{"line":64,"column":null}},{"start":{"line":66,"column":12},"end":{"line":66,"column":null}}],"line":63}},"s":{"0":55,"1":55,"2":55,"3":0,"4":0,"5":55,"6":23,"7":55,"8":32,"9":23,"10":1,"11":1,"12":1,"13":1,"14":1},"f":{"0":55,"1":0,"2":23,"3":1,"4":1,"5":1,"6":1,"7":1},"b":{"0":[32,23],"1":[23,0],"2":[23,0]},"meta":{"lastBranch":3,"lastFunction":8,"lastStatement":15,"seen":{"f:5:24:5:36":0,"s:6:8:6:Infinity":0,"s:7:46:7:Infinity":1,"s:9:23:12:Infinity":2,"f:9:23:9:29":1,"s:10:4:10:Infinity":3,"s:11:4:11:Infinity":4,"s:14:21:16:Infinity":5,"f:14:21:14:22":2,"s:15:4:15:Infinity":6,"b:18:2:18:Infinity:undefined:undefined:undefined:undefined":0,"s:18:2:18:Infinity":7,"s:18:16:18:Infinity":8,"s:20:2:98:Infinity":9,"f:23:17:23:23":3,"s:23:23:23:Infinity":10,"f:32:19:32:25":4,"s:32:25:32:Infinity":11,"f:41:19:41:25":5,"s:41:25:41:Infinity":12,"f:50:19:50:25":6,"s:50:25:50:Infinity":13,"b:61:42:61:66:61:66:61:Infinity":1,"b:64:12:64:Infinity:66:12:66:Infinity":2,"f:72:19:72:25":7,"s:72:25:72:Infinity":14}}}
,"/home/runner/work/cookie/cookie/frontend/src/components/RecipeCard.tsx": {"path":"/home/runner/work/cookie/cookie/frontend/src/components/RecipeCard.tsx","statementMap":{"0":{"start":{"line":19,"column":19},"end":{"line":19,"column":null}},"1":{"start":{"line":21,"column":30},"end":{"line":24,"column":null}},"2":{"start":{"line":22,"column":4},"end":{"line":22,"column":null}},"3":{"start":{"line":23,"column":4},"end":{"line":23,"column":null}},"4":{"start":{"line":26,"column":2},"end":{"line":103,"column":null}},"5":{"start":{"line":32,"column":21},"end":{"line":32,"column":null}}},"fnMap":{"0":{"name":"RecipeCard","decl":{"start":{"line":13,"column":24},"end":{"line":13,"column":35}},"loc":{"start":{"line":18,"column":20},"end":{"line":105,"column":null}},"line":18},"1":{"name":"(anonymous_1)","decl":{"start":{"line":21,"column":30},"end":{"line":21,"column":31}},"loc":{"start":{"line":21,"column":55},"end":{"line":24,"column":null}},"line":21},"2":{"name":"(anonymous_2)","decl":{"start":{"line":32,"column":15},"end":{"line":32,"column":21}},"loc":{"start":{"line":32,"column":21},"end":{"line":32,"column":null}},"line":32}},"branchMap":{"0":{"loc":{"start":{"line":15,"column":2},"end":{"line":15,"column":null}},"type":"default-arg","locations":[{"start":{"line":15,"column":15},"end":{"line":15,"column":null}}],"line":15},"1":{"loc":{"start":{"line":19,"column":19},"end":{"line":19,"column":null}},"type":"binary-expr","locations":[{"start":{"line":19,"column":19},"end":{"line":19,"column":35}},{"start":{"line":19,"column":35},"end":{"line":19,"column":null}}],"line":19},"2":{"loc":{"start":{"line":30,"column":8},"end":{"line":30,"column":null}},"type":"binary-expr","locations":[{"start":{"line":30,"column":8},"end":{"line":30,"column":19}},{"start":{"line":30,"column":19},"end":{"line":30,"column":null}}],"line":30},"3":{"loc":{"start":{"line":36,"column":9},"end":{"line":45,"column":null}},"type":"cond-expr","locations":[{"start":{"line":37,"column":10},"end":{"line":41,"column":null}},{"start":{"line":43,"column":10},"end":{"line":45,"column":null}}],"line":36},"4":{"loc":{"start":{"line":49,"column":9},"end":{"line":63,"column":null}},"type":"binary-expr","locations":[{"start":{"line":49,"column":9},"end":{"line":49,"column":null}},{"start":{"line":50,"column":10},"end":{"line":63,"column":null}}],"line":49},"5":{"loc":{"start":{"line":54,"column":14},"end":{"line":56,"column":null}},"type":"cond-expr","locations":[{"start":{"line":55,"column":18},"end":{"line":55,"column":null}},{"start":{"line":56,"column":18},"end":{"line":56,"column":null}}],"line":54},"6":{"loc":{"start":{"line":58,"column":24},"end":{"line":58,"column":null}},"type":"cond-expr","locations":[{"start":{"line":58,"column":37},"end":{"line":58,"column":63}},{"start":{"line":58,"column":63},"end":{"line":58,"column":null}}],"line":58},"7":{"loc":{"start":{"line":61,"column":39},"end":{"line":61,"column":67}},"type":"binary-expr","locations":[{"start":{"line":61,"column":39},"end":{"line":61,"column":53}},{"start":{"line":61,"column":53},"end":{"line":61,"column":67}}],"line":61},"8":{"loc":{"start":{"line":67,"column":9},"end":{"line":70,"column":null}},"type":"binary-expr","locations":[{"start":{"line":67,"column":9},"end":{"line":67,"column":null}},{"start":{"line":68,"column":10},"end":{"line":70,"column":null}}],"line":67},"9":{"loc":{"start":{"line":87,"column":11},"end":{"line":91,"column":null}},"type":"binary-expr","locations":[{"start":{"line":87,"column":11},"end":{"line":87,"column":null}},{"start":{"line":88,"column":12},"end":{"line":91,"column":null}}],"line":87},"10":{"loc":{"start":{"line":95,"column":11},"end":{"line":99,"column":null}},"type":"binary-expr","locations":[{"start":{"line":95,"column":11},"end":{"line":95,"column":null}},{"start":{"line":96,"column":12},"end":{"line":99,"column":null}}],"line":95}},"s":{"0":17,"1":17,"2":2,"3":2,"4":17,"5":1},"f":{"0":17,"1":2,"2":1},"b":{"0":[17],"1":[17,16],"2":[17,2],"3":[16,1],"4":[17,4],"5":[1,3],"6":[1,3],"7":[4,1],"8":[17,1],"9":[17,16],"10":[17,16]},"meta":{"lastBranch":11,"lastFunction":3,"lastStatement":6,"seen":{"f:13:24:13:35":0,"b:15:15:15:Infinity":0,"s:19:19:19:Infinity":0,"b:19:19:19:35:19:35:19:Infinity":1,"s:21:30:24:Infinity":1,"f:21:30:21:31":1,"s:22:4:22:Infinity":2,"s:23:4:23:Infinity":3,"s:26:2:103:Infinity":4,"b:30:8:30:19:30:19:30:Infinity":2,"f:32:15:32:21":2,"s:32:21:32:Infinity":5,"b:37:10:41:Infinity:43:10:45:Infinity":3,"b:49:9:49:Infinity:50:10:63:Infinity":4,"b:55:18:55:Infinity:56:18:56:Infinity":5,"b:58:37:58:63:58:63:58:Infinity":6,"b:61:39:61:53:61:53:61:67":7,"b:67:9:67:Infinity:68:10:70:Infinity":8,"b:87:11:87:Infinity:88:12:91:Infinity":9,"b:95:11:95:Infinity:96:12:99:Infinity":10}}}
,"/home/runner/work/cookie/cookie/frontend/src/components/RemixModal.tsx": {"path":"/home/runner/work/cookie/cookie/frontend/src/components/RemixModal.tsx","statementMap":{"0":{"start":{"line":22,"column":36},"end":{"line":22,"column":null}},"1":{"start":{"line":23,"column":50},"end":{"line":23,"column":null}},"2":{"start":{"line":24,"column":52},"end":{"line":24,"column":null}},"3":{"start":{"line":25,"column":36},"end":{"line":25,"column":null}},"4":{"start":{"line":26,"column":30},"end":{"line":26,"column":null}},"5":{"start":{"line":29,"column":2},"end":{"line":39,"column":null}},"6":{"start":{"line":30,"column":4},"end":{"line":37,"column":null}},"7":{"start":{"line":31,"column":6},"end":{"line":31,"column":null}},"8":{"start":{"line":34,"column":6},"end":{"line":34,"column":null}},"9":{"start":{"line":35,"column":6},"end":{"line":35,"column":null}},"10":{"start":{"line":36,"column":6},"end":{"line":36,"column":null}},"11":{"start":{"line":41,"column":26},"end":{"line":52,"column":null}},"12":{"start":{"line":42,"column":4},"end":{"line":42,"column":null}},"13":{"start":{"line":43,"column":4},"end":{"line":51,"column":null}},"14":{"start":{"line":44,"column":23},"end":{"line":44,"column":null}},"15":{"start":{"line":45,"column":6},"end":{"line":45,"column":null}},"16":{"start":{"line":47,"column":6},"end":{"line":47,"column":null}},"17":{"start":{"line":48,"column":6},"end":{"line":48,"column":null}},"18":{"start":{"line":50,"column":6},"end":{"line":50,"column":null}},"19":{"start":{"line":54,"column":32},"end":{"line":70,"column":null}},"20":{"start":{"line":55,"column":4},"end":{"line":69,"column":null}},"21":{"start":{"line":56,"column":6},"end":{"line":68,"column":null}},"22":{"start":{"line":58,"column":8},"end":{"line":58,"column":null}},"23":{"start":{"line":58,"column":34},"end":{"line":58,"column":50}},"24":{"start":{"line":61,"column":8},"end":{"line":64,"column":null}},"25":{"start":{"line":62,"column":10},"end":{"line":62,"column":null}},"26":{"start":{"line":63,"column":10},"end":{"line":63,"column":null}},"27":{"start":{"line":66,"column":8},"end":{"line":66,"column":null}},"28":{"start":{"line":67,"column":8},"end":{"line":67,"column":null}},"29":{"start":{"line":72,"column":34},"end":{"line":78,"column":null}},"30":{"start":{"line":73,"column":4},"end":{"line":73,"column":null}},"31":{"start":{"line":74,"column":4},"end":{"line":77,"column":null}},"32":{"start":{"line":76,"column":6},"end":{"line":76,"column":null}},"33":{"start":{"line":80,"column":26},"end":{"line":92,"column":null}},"34":{"start":{"line":81,"column":4},"end":{"line":83,"column":null}},"35":{"start":{"line":82,"column":6},"end":{"line":82,"column":null}},"36":{"start":{"line":84,"column":4},"end":{"line":86,"column":null}},"37":{"start":{"line":85,"column":6},"end":{"line":85,"column":null}},"38":{"start":{"line":87,"column":4},"end":{"line":90,"column":null}},"39":{"start":{"line":89,"column":6},"end":{"line":89,"column":null}},"40":{"start":{"line":91,"column":4},"end":{"line":91,"column":null}},"41":{"start":{"line":94,"column":20},"end":{"line":96,"column":null}},"42":{"start":{"line":95,"column":4},"end":{"line":95,"column":null}},"43":{"start":{"line":98,"column":28},"end":{"line":114,"column":null}},"44":{"start":{"line":99,"column":25},"end":{"line":99,"column":null}},"45":{"start":{"line":100,"column":4},"end":{"line":100,"column":null}},"46":{"start":{"line":100,"column":23},"end":{"line":100,"column":null}},"47":{"start":{"line":102,"column":4},"end":{"line":102,"column":null}},"48":{"start":{"line":103,"column":4},"end":{"line":113,"column":null}},"49":{"start":{"line":104,"column":20},"end":{"line":104,"column":null}},"50":{"start":{"line":105,"column":6},"end":{"line":105,"column":null}},"51":{"start":{"line":106,"column":6},"end":{"line":106,"column":null}},"52":{"start":{"line":107,"column":6},"end":{"line":107,"column":null}},"53":{"start":{"line":109,"column":6},"end":{"line":109,"column":null}},"54":{"start":{"line":110,"column":6},"end":{"line":110,"column":null}},"55":{"start":{"line":112,"column":6},"end":{"line":112,"column":null}},"56":{"start":{"line":116,"column":2},"end":{"line":116,"column":null}},"57":{"start":{"line":116,"column":15},"end":{"line":116,"column":null}},"58":{"start":{"line":118,"column":2},"end":{"line":228,"column":null}},"59":{"start":{"line":162,"column":37},"end":{"line":162,"column":null}},"60":{"start":{"line":163,"column":18},"end":{"line":177,"column":null}},"61":{"start":{"line":166,"column":37},"end":{"line":166,"column":null}},"62":{"start":{"line":196,"column":31},"end":{"line":196,"column":null}}},"fnMap":{"0":{"name":"RemixModal","decl":{"start":{"line":15,"column":24},"end":{"line":15,"column":35}},"loc":{"start":{"line":21,"column":20},"end":{"line":230,"column":null}},"line":21},"1":{"name":"(anonymous_1)","decl":{"start":{"line":29,"column":12},"end":{"line":29,"column":18}},"loc":{"start":{"line":29,"column":18},"end":{"line":39,"column":5}},"line":29},"2":{"name":"(anonymous_2)","decl":{"start":{"line":41,"column":26},"end":{"line":41,"column":38}},"loc":{"start":{"line":41,"column":38},"end":{"line":52,"column":null}},"line":41},"3":{"name":"(anonymous_3)","decl":{"start":{"line":54,"column":32},"end":{"line":54,"column":33}},"loc":{"start":{"line":54,"column":56},"end":{"line":70,"column":null}},"line":54},"4":{"name":"(anonymous_4)","decl":{"start":{"line":55,"column":27},"end":{"line":55,"column":28}},"loc":{"start":{"line":55,"column":37},"end":{"line":69,"column":5}},"line":55},"5":{"name":"(anonymous_5)","decl":{"start":{"line":58,"column":27},"end":{"line":58,"column":28}},"loc":{"start":{"line":58,"column":34},"end":{"line":58,"column":50}},"line":58},"6":{"name":"(anonymous_6)","decl":{"start":{"line":72,"column":34},"end":{"line":72,"column":35}},"loc":{"start":{"line":72,"column":53},"end":{"line":78,"column":null}},"line":72},"7":{"name":"(anonymous_7)","decl":{"start":{"line":80,"column":26},"end":{"line":80,"column":32}},"loc":{"start":{"line":80,"column":32},"end":{"line":92,"column":null}},"line":80},"8":{"name":"(anonymous_8)","decl":{"start":{"line":94,"column":20},"end":{"line":94,"column":26}},"loc":{"start":{"line":94,"column":26},"end":{"line":96,"column":null}},"line":94},"9":{"name":"(anonymous_9)","decl":{"start":{"line":98,"column":28},"end":{"line":98,"column":40}},"loc":{"start":{"line":98,"column":40},"end":{"line":114,"column":null}},"line":98},"10":{"name":"(anonymous_10)","decl":{"start":{"line":161,"column":33},"end":{"line":161,"column":34}},"loc":{"start":{"line":161,"column":56},"end":{"line":179,"column":17}},"line":161},"11":{"name":"(anonymous_11)","decl":{"start":{"line":166,"column":31},"end":{"line":166,"column":37}},"loc":{"start":{"line":166,"column":37},"end":{"line":166,"column":null}},"line":166},"12":{"name":"(anonymous_12)","decl":{"start":{"line":196,"column":24},"end":{"line":196,"column":25}},"loc":{"start":{"line":196,"column":31},"end":{"line":196,"column":null}},"line":196}},"branchMap":{"0":{"loc":{"start":{"line":30,"column":4},"end":{"line":37,"column":null}},"type":"if","locations":[{"start":{"line":30,"column":4},"end":{"line":37,"column":null}},{"start":{"line":32,"column":11},"end":{"line":37,"column":null}}],"line":30},"1":{"loc":{"start":{"line":56,"column":6},"end":{"line":68,"column":null}},"type":"if","locations":[{"start":{"line":56,"column":6},"end":{"line":68,"column":null}},{"start":{"line":59,"column":13},"end":{"line":68,"column":null}}],"line":56},"2":{"loc":{"start":{"line":61,"column":8},"end":{"line":64,"column":null}},"type":"if","locations":[{"start":{"line":61,"column":8},"end":{"line":64,"column":null}},{"start":{},"end":{}}],"line":61},"3":{"loc":{"start":{"line":74,"column":4},"end":{"line":77,"column":null}},"type":"if","locations":[{"start":{"line":74,"column":4},"end":{"line":77,"column":null}},{"start":{},"end":{}}],"line":74},"4":{"loc":{"start":{"line":81,"column":4},"end":{"line":83,"column":null}},"type":"if","locations":[{"start":{"line":81,"column":4},"end":{"line":83,"column":null}},{"start":{},"end":{}}],"line":81},"5":{"loc":{"start":{"line":84,"column":4},"end":{"line":86,"column":null}},"type":"if","locations":[{"start":{"line":84,"column":4},"end":{"line":86,"column":null}},{"start":{},"end":{}}],"line":84},"6":{"loc":{"start":{"line":87,"column":4},"end":{"line":90,"column":null}},"type":"if","locations":[{"start":{"line":87,"column":4},"end":{"line":90,"column":null}},{"start":{},"end":{}}],"line":87},"7":{"loc":{"start":{"line":95,"column":11},"end":{"line":95,"column":null}},"type":"binary-expr","locations":[{"start":{"line":95,"column":11},"end":{"line":95,"column":25}},{"start":{"line":95,"column":25},"end":{"line":95,"column":59}},{"start":{"line":95,"column":59},"end":{"line":95,"column":null}}],"line":95},"8":{"loc":{"start":{"line":100,"column":4},"end":{"line":100,"column":null}},"type":"if","locations":[{"start":{"line":100,"column":4},"end":{"line":100,"column":null}},{"start":{},"end":{}}],"line":100},"9":{"loc":{"start":{"line":116,"column":2},"end":{"line":116,"column":null}},"type":"if","locations":[{"start":{"line":116,"column":2},"end":{"line":116,"column":null}},{"start":{},"end":{}}],"line":116},"10":{"loc":{"start":{"line":146,"column":15},"end":{"line":149,"column":null}},"type":"binary-expr","locations":[{"start":{"line":146,"column":15},"end":{"line":146,"column":null}},{"start":{"line":147,"column":16},"end":{"line":149,"column":null}}],"line":146},"11":{"loc":{"start":{"line":152,"column":13},"end":{"line":180,"column":null}},"type":"cond-expr","locations":[{"start":{"line":153,"column":14},"end":{"line":158,"column":null}},{"start":{"line":160,"column":14},"end":{"line":180,"column":null}}],"line":152},"12":{"loc":{"start":{"line":170,"column":24},"end":{"line":172,"column":null}},"type":"cond-expr","locations":[{"start":{"line":171,"column":28},"end":{"line":171,"column":null}},{"start":{"line":172,"column":28},"end":{"line":172,"column":null}}],"line":170},"13":{"loc":{"start":{"line":175,"column":23},"end":{"line":175,"column":null}},"type":"binary-expr","locations":[{"start":{"line":175,"column":23},"end":{"line":175,"column":37}},{"start":{"line":175,"column":37},"end":{"line":175,"column":null}}],"line":175},"14":{"loc":{"start":{"line":209,"column":14},"end":{"line":211,"column":null}},"type":"cond-expr","locations":[{"start":{"line":210,"column":18},"end":{"line":210,"column":null}},{"start":{"line":211,"column":18},"end":{"line":211,"column":null}}],"line":209},"15":{"loc":{"start":{"line":214,"column":13},"end":{"line":223,"column":null}},"type":"cond-expr","locations":[{"start":{"line":215,"column":14},"end":{"line":218,"column":null}},{"start":{"line":220,"column":14},"end":{"line":223,"column":null}}],"line":214}},"s":{"0":64,"1":64,"2":64,"3":64,"4":64,"5":64,"6":14,"7":13,"8":1,"9":1,"10":1,"11":64,"12":13,"13":13,"14":13,"15":12,"16":0,"17":0,"18":12,"19":64,"20":10,"21":10,"22":1,"23":1,"24":9,"25":0,"26":0,"27":9,"28":9,"29":64,"30":2,"31":2,"32":2,"33":64,"34":2,"35":0,"36":2,"37":1,"38":1,"39":1,"40":0,"41":64,"42":124,"43":64,"44":2,"45":2,"46":0,"47":2,"48":2,"49":2,"50":2,"51":2,"52":2,"53":0,"54":0,"55":2,"56":64,"57":2,"58":62,"59":50,"60":50,"61":10,"62":2},"f":{"0":64,"1":14,"2":13,"3":10,"4":10,"5":1,"6":2,"7":2,"8":124,"9":2,"10":50,"11":10,"12":2},"b":{"0":[13,1],"1":[1,9],"2":[0,9],"3":[2,0],"4":[0,2],"5":[1,1],"6":[1,0],"7":[124,120,80],"8":[0,2],"9":[2,62],"10":[62,22],"11":[13,49],"12":[28,22],"13":[50,28],"14":[22,40],"15":[2,60]},"meta":{"lastBranch":16,"lastFunction":13,"lastStatement":63,"seen":{"f:15:24:15:35":0,"s:22:36:22:Infinity":0,"s:23:50:23:Infinity":1,"s:24:52:24:Infinity":2,"s:25:36:25:Infinity":3,"s:26:30:26:Infinity":4,"s:29:2:39:Infinity":5,"f:29:12:29:18":1,"b:30:4:37:Infinity:32:11:37:Infinity":0,"s:30:4:37:Infinity":6,"s:31:6:31:Infinity":7,"s:34:6:34:Infinity":8,"s:35:6:35:Infinity":9,"s:36:6:36:Infinity":10,"s:41:26:52:Infinity":11,"f:41:26:41:38":2,"s:42:4:42:Infinity":12,"s:43:4:51:Infinity":13,"s:44:23:44:Infinity":14,"s:45:6:45:Infinity":15,"s:47:6:47:Infinity":16,"s:48:6:48:Infinity":17,"s:50:6:50:Infinity":18,"s:54:32:70:Infinity":19,"f:54:32:54:33":3,"s:55:4:69:Infinity":20,"f:55:27:55:28":4,"b:56:6:68:Infinity:59:13:68:Infinity":1,"s:56:6:68:Infinity":21,"s:58:8:58:Infinity":22,"f:58:27:58:28":5,"s:58:34:58:50":23,"b:61:8:64:Infinity:undefined:undefined:undefined:undefined":2,"s:61:8:64:Infinity":24,"s:62:10:62:Infinity":25,"s:63:10:63:Infinity":26,"s:66:8:66:Infinity":27,"s:67:8:67:Infinity":28,"s:72:34:78:Infinity":29,"f:72:34:72:35":6,"s:73:4:73:Infinity":30,"b:74:4:77:Infinity:undefined:undefined:undefined:undefined":3,"s:74:4:77:Infinity":31,"s:76:6:76:Infinity":32,"s:80:26:92:Infinity":33,"f:80:26:80:32":7,"b:81:4:83:Infinity:undefined:undefined:undefined:undefined":4,"s:81:4:83:Infinity":34,"s:82:6:82:Infinity":35,"b:84:4:86:Infinity:undefined:undefined:undefined:undefined":5,"s:84:4:86:Infinity":36,"s:85:6:85:Infinity":37,"b:87:4:90:Infinity:undefined:undefined:undefined:undefined":6,"s:87:4:90:Infinity":38,"s:89:6:89:Infinity":39,"s:91:4:91:Infinity":40,"s:94:20:96:Infinity":41,"f:94:20:94:26":8,"s:95:4:95:Infinity":42,"b:95:11:95:25:95:25:95:59:95:59:95:Infinity":7,"s:98:28:114:Infinity":43,"f:98:28:98:40":9,"s:99:25:99:Infinity":44,"b:100:4:100:Infinity:undefined:undefined:undefined:undefined":8,"s:100:4:100:Infinity":45,"s:100:23:100:Infinity":46,"s:102:4:102:Infinity":47,"s:103:4:113:Infinity":48,"s:104:20:104:Infinity":49,"s:105:6:105:Infinity":50,"s:106:6:106:Infinity":51,"s:107:6:107:Infinity":52,"s:109:6:109:Infinity":53,"s:110:6:110:Infinity":54,"s:112:6:112:Infinity":55,"b:116:2:116:Infinity:undefined:undefined:undefined:undefined":9,"s:116:2:116:Infinity":56,"s:116:15:116:Infinity":57,"s:118:2:228:Infinity":58,"b:146:15:146:Infinity:147:16:149:Infinity":10,"b:153:14:158:Infinity:160:14:180:Infinity":11,"f:161:33:161:34":10,"s:162:37:162:Infinity":59,"s:163:18:177:Infinity":60,"f:166:31:166:37":11,"s:166:37:166:Infinity":61,"b:171:28:171:Infinity:172:28:172:Infinity":12,"b:175:23:175:37:175:37:175:Infinity":13,"f:196:24:196:25":12,"s:196:31:196:Infinity":62,"b:210:18:210:Infinity:211:18:211:Infinity":14,"b:215:14:218:Infinity:220:14:223:Infinity":15}}}
,"/home/runner/work/cookie/cookie/frontend/src/components/Skeletons.tsx": {"path":"/home/runner/work/cookie/cookie/frontend/src/components/Skeletons.tsx","statementMap":{"0":{"start":{"line":12,"column":2},"end":{"line":13,"column":null}},"1":{"start":{"line":21,"column":2},"end":{"line":35,"column":null}},"2":{"start":{"line":43,"column":2},"end":{"line":48,"column":null}},"3":{"start":{"line":46,"column":8},"end":{"line":46,"column":null}},"4":{"start":{"line":56,"column":2},"end":{"line":64,"column":null}},"5":{"start":{"line":72,"column":2},"end":{"line":77,"column":null}},"6":{"start":{"line":75,"column":8},"end":{"line":75,"column":null}},"7":{"start":{"line":85,"column":2},"end":{"line":139,"column":null}},"8":{"start":{"line":133,"column":10},"end":{"line":136,"column":null}},"9":{"start":{"line":147,"column":2},"end":{"line":150,"column":null}},"10":{"start":{"line":158,"column":2},"end":{"line":162,"column":null}},"11":{"start":{"line":170,"column":2},"end":{"line":186,"column":null}},"12":{"start":{"line":194,"column":2},"end":{"line":199,"column":null}},"13":{"start":{"line":197,"column":8},"end":{"line":197,"column":null}}},"fnMap":{"0":{"name":"Skeleton","decl":{"start":{"line":11,"column":9},"end":{"line":11,"column":18}},"loc":{"start":{"line":11,"column":57},"end":{"line":15,"column":null}},"line":11},"1":{"name":"RecipeCardSkeleton","decl":{"start":{"line":20,"column":16},"end":{"line":20,"column":37}},"loc":{"start":{"line":20,"column":37},"end":{"line":37,"column":null}},"line":20},"2":{"name":"RecipeGridSkeleton","decl":{"start":{"line":42,"column":16},"end":{"line":42,"column":35}},"loc":{"start":{"line":42,"column":70},"end":{"line":50,"column":null}},"line":42},"3":{"name":"(anonymous_3)","decl":{"start":{"line":45,"column":41},"end":{"line":45,"column":42}},"loc":{"start":{"line":46,"column":8},"end":{"line":46,"column":null}},"line":46},"4":{"name":"CollectionCardSkeleton","decl":{"start":{"line":55,"column":16},"end":{"line":55,"column":41}},"loc":{"start":{"line":55,"column":41},"end":{"line":66,"column":null}},"line":55},"5":{"name":"CollectionGridSkeleton","decl":{"start":{"line":71,"column":16},"end":{"line":71,"column":39}},"loc":{"start":{"line":71,"column":74},"end":{"line":79,"column":null}},"line":71},"6":{"name":"(anonymous_6)","decl":{"start":{"line":74,"column":41},"end":{"line":74,"column":42}},"loc":{"start":{"line":75,"column":8},"end":{"line":75,"column":null}},"line":75},"7":{"name":"RecipeDetailSkeleton","decl":{"start":{"line":84,"column":16},"end":{"line":84,"column":39}},"loc":{"start":{"line":84,"column":39},"end":{"line":141,"column":null}},"line":84},"8":{"name":"(anonymous_8)","decl":{"start":{"line":132,"column":39},"end":{"line":132,"column":40}},"loc":{"start":{"line":133,"column":10},"end":{"line":136,"column":null}},"line":133},"9":{"name":"LoadingSpinner","decl":{"start":{"line":146,"column":16},"end":{"line":146,"column":31}},"loc":{"start":{"line":146,"column":70},"end":{"line":152,"column":null}},"line":146},"10":{"name":"LoadingState","decl":{"start":{"line":157,"column":16},"end":{"line":157,"column":29}},"loc":{"start":{"line":157,"column":79},"end":{"line":164,"column":null}},"line":157},"11":{"name":"SearchResultSkeleton","decl":{"start":{"line":169,"column":16},"end":{"line":169,"column":39}},"loc":{"start":{"line":169,"column":39},"end":{"line":188,"column":null}},"line":169},"12":{"name":"SearchGridSkeleton","decl":{"start":{"line":193,"column":16},"end":{"line":193,"column":35}},"loc":{"start":{"line":193,"column":70},"end":{"line":201,"column":null}},"line":193},"13":{"name":"(anonymous_13)","decl":{"start":{"line":196,"column":41},"end":{"line":196,"column":42}},"loc":{"start":{"line":197,"column":8},"end":{"line":197,"column":null}},"line":197}},"branchMap":{"0":{"loc":{"start":{"line":42,"column":37},"end":{"line":42,"column":47}},"type":"default-arg","locations":[{"start":{"line":42,"column":45},"end":{"line":42,"column":47}}],"line":42},"1":{"loc":{"start":{"line":71,"column":41},"end":{"line":71,"column":51}},"type":"default-arg","locations":[{"start":{"line":71,"column":49},"end":{"line":71,"column":51}}],"line":71},"2":{"loc":{"start":{"line":157,"column":31},"end":{"line":157,"column":54}},"type":"default-arg","locations":[{"start":{"line":157,"column":41},"end":{"line":157,"column":54}}],"line":157},"3":{"loc":{"start":{"line":193,"column":37},"end":{"line":193,"column":47}},"type":"default-arg","locations":[{"start":{"line":193,"column":45},"end":{"line":193,"column":47}}],"line":193}},"s":{"0":236,"1":14,"2":2,"3":12,"4":12,"5":2,"6":11,"7":3,"8":18,"9":2,"10":3,"11":10,"12":2,"13":9},"f":{"0":236,"1":14,"2":2,"3":12,"4":12,"5":2,"6":11,"7":3,"8":18,"9":2,"10":3,"11":10,"12":2,"13":9},"b":{"0":[2],"1":[2],"2":[3],"3":[2]},"meta":{"lastBranch":4,"lastFunction":14,"lastStatement":14,"seen":{"f:11:9:11:18":0,"s:12:2:13:Infinity":0,"f:20:16:20:37":1,"s:21:2:35:Infinity":1,"f:42:16:42:35":2,"b:42:45:42:47":0,"s:43:2:48:Infinity":2,"f:45:41:45:42":3,"s:46:8:46:Infinity":3,"f:55:16:55:41":4,"s:56:2:64:Infinity":4,"f:71:16:71:39":5,"b:71:49:71:51":1,"s:72:2:77:Infinity":5,"f:74:41:74:42":6,"s:75:8:75:Infinity":6,"f:84:16:84:39":7,"s:85:2:139:Infinity":7,"f:132:39:132:40":8,"s:133:10:136:Infinity":8,"f:146:16:146:31":9,"s:147:2:150:Infinity":9,"f:157:16:157:29":10,"b:157:41:157:54":2,"s:158:2:162:Infinity":10,"f:169:16:169:39":11,"s:170:2:186:Infinity":11,"f:193:16:193:35":12,"b:193:45:193:47":3,"s:194:2:199:Infinity":12,"f:196:41:196:42":13,"s:197:8:197:Infinity":13}}}
,"/home/runner/work/cookie/cookie/frontend/src/components/TimerPanel.tsx": {"path":"/home/runner/work/cookie/cookie/frontend/src/components/TimerPanel.tsx","statementMap":{"0":{"start":{"line":14,"column":21},"end":{"line":18,"column":null}},"1":{"start":{"line":21,"column":30},"end":{"line":21,"column":null}},"2":{"start":{"line":22,"column":42},"end":{"line":22,"column":null}},"3":{"start":{"line":25,"column":24},"end":{"line":25,"column":null}},"4":{"start":{"line":27,"column":29},"end":{"line":38,"column":null}},"5":{"start":{"line":28,"column":4},"end":{"line":32,"column":null}},"6":{"start":{"line":29,"column":18},"end":{"line":29,"column":null}},"7":{"start":{"line":30,"column":19},"end":{"line":30,"column":null}},"8":{"start":{"line":31,"column":6},"end":{"line":31,"column":null}},"9":{"start":{"line":33,"column":17},"end":{"line":33,"column":null}},"10":{"start":{"line":34,"column":17},"end":{"line":34,"column":null}},"11":{"start":{"line":35,"column":4},"end":{"line":35,"column":null}},"12":{"start":{"line":35,"column":20},"end":{"line":35,"column":null}},"13":{"start":{"line":36,"column":4},"end":{"line":36,"column":null}},"14":{"start":{"line":36,"column":20},"end":{"line":36,"column":null}},"15":{"start":{"line":37,"column":4},"end":{"line":37,"column":null}},"16":{"start":{"line":40,"column":25},"end":{"line":59,"column":null}},"17":{"start":{"line":41,"column":28},"end":{"line":41,"column":null}},"18":{"start":{"line":44,"column":4},"end":{"line":58,"column":null}},"19":{"start":{"line":45,"column":6},"end":{"line":45,"column":null}},"20":{"start":{"line":46,"column":6},"end":{"line":54,"column":null}},"21":{"start":{"line":47,"column":25},"end":{"line":47,"column":null}},"22":{"start":{"line":48,"column":8},"end":{"line":48,"column":null}},"23":{"start":{"line":51,"column":8},"end":{"line":51,"column":null}},"24":{"start":{"line":53,"column":8},"end":{"line":53,"column":null}},"25":{"start":{"line":57,"column":6},"end":{"line":57,"column":null}},"26":{"start":{"line":61,"column":30},"end":{"line":63,"column":null}},"27":{"start":{"line":62,"column":4},"end":{"line":62,"column":null}},"28":{"start":{"line":65,"column":33},"end":{"line":67,"column":null}},"29":{"start":{"line":66,"column":4},"end":{"line":66,"column":null}},"30":{"start":{"line":69,"column":27},"end":{"line":69,"column":null}},"31":{"start":{"line":69,"column":55},"end":{"line":69,"column":66}},"32":{"start":{"line":71,"column":2},"end":{"line":165,"column":null}},"33":{"start":{"line":75,"column":23},"end":{"line":75,"column":null}},"34":{"start":{"line":102,"column":14},"end":{"line":114,"column":null}},"35":{"start":{"line":104,"column":31},"end":{"line":104,"column":null}},"36":{"start":{"line":127,"column":18},"end":{"line":139,"column":null}},"37":{"start":{"line":129,"column":35},"end":{"line":129,"column":null}},"38":{"start":{"line":149,"column":16},"end":{"line":155,"column":null}},"39":{"start":{"line":152,"column":34},"end":{"line":152,"column":null}},"40":{"start":{"line":153,"column":33},"end":{"line":153,"column":null}},"41":{"start":{"line":154,"column":34},"end":{"line":154,"column":null}}},"fnMap":{"0":{"name":"TimerPanel","decl":{"start":{"line":20,"column":24},"end":{"line":20,"column":35}},"loc":{"start":{"line":20,"column":102},"end":{"line":167,"column":null}},"line":20},"1":{"name":"(anonymous_1)","decl":{"start":{"line":27,"column":29},"end":{"line":27,"column":30}},"loc":{"start":{"line":27,"column":58},"end":{"line":38,"column":null}},"line":27},"2":{"name":"(anonymous_2)","decl":{"start":{"line":40,"column":25},"end":{"line":40,"column":32}},"loc":{"start":{"line":40,"column":88},"end":{"line":59,"column":null}},"line":40},"3":{"name":"(anonymous_3)","decl":{"start":{"line":61,"column":30},"end":{"line":61,"column":31}},"loc":{"start":{"line":61,"column":82},"end":{"line":63,"column":null}},"line":61},"4":{"name":"(anonymous_4)","decl":{"start":{"line":65,"column":33},"end":{"line":65,"column":34}},"loc":{"start":{"line":65,"column":69},"end":{"line":67,"column":null}},"line":65},"5":{"name":"(anonymous_5)","decl":{"start":{"line":69,"column":48},"end":{"line":69,"column":49}},"loc":{"start":{"line":69,"column":55},"end":{"line":69,"column":66}},"line":69},"6":{"name":"(anonymous_6)","decl":{"start":{"line":75,"column":17},"end":{"line":75,"column":23}},"loc":{"start":{"line":75,"column":23},"end":{"line":75,"column":null}},"line":75},"7":{"name":"(anonymous_7)","decl":{"start":{"line":101,"column":30},"end":{"line":101,"column":31}},"loc":{"start":{"line":102,"column":14},"end":{"line":114,"column":null}},"line":102},"8":{"name":"(anonymous_8)","decl":{"start":{"line":104,"column":25},"end":{"line":104,"column":31}},"loc":{"start":{"line":104,"column":31},"end":{"line":104,"column":null}},"line":104},"9":{"name":"(anonymous_9)","decl":{"start":{"line":126,"column":35},"end":{"line":126,"column":36}},"loc":{"start":{"line":127,"column":18},"end":{"line":139,"column":null}},"line":127},"10":{"name":"(anonymous_10)","decl":{"start":{"line":129,"column":29},"end":{"line":129,"column":35}},"loc":{"start":{"line":129,"column":35},"end":{"line":129,"column":null}},"line":129},"11":{"name":"(anonymous_11)","decl":{"start":{"line":148,"column":33},"end":{"line":148,"column":34}},"loc":{"start":{"line":149,"column":16},"end":{"line":155,"column":null}},"line":149},"12":{"name":"(anonymous_12)","decl":{"start":{"line":152,"column":28},"end":{"line":152,"column":34}},"loc":{"start":{"line":152,"column":34},"end":{"line":152,"column":null}},"line":152},"13":{"name":"(anonymous_13)","decl":{"start":{"line":153,"column":27},"end":{"line":153,"column":33}},"loc":{"start":{"line":153,"column":33},"end":{"line":153,"column":null}},"line":153},"14":{"name":"(anonymous_14)","decl":{"start":{"line":154,"column":28},"end":{"line":154,"column":34}},"loc":{"start":{"line":154,"column":34},"end":{"line":154,"column":null}},"line":154}},"branchMap":{"0":{"loc":{"start":{"line":20,"column":62},"end":{"line":20,"column":82}},"type":"default-arg","locations":[{"start":{"line":20,"column":76},"end":{"line":20,"column":82}}],"line":20},"1":{"loc":{"start":{"line":25,"column":24},"end":{"line":25,"column":null}},"type":"cond-expr","locations":[{"start":{"line":25,"column":24},"end":{"line":25,"column":73}},{"start":{"line":25,"column":73},"end":{"line":25,"column":null}}],"line":25},"2":{"loc":{"start":{"line":28,"column":4},"end":{"line":32,"column":null}},"type":"if","locations":[{"start":{"line":28,"column":4},"end":{"line":32,"column":null}},{"start":{},"end":{}}],"line":28},"3":{"loc":{"start":{"line":31,"column":13},"end":{"line":31,"column":null}},"type":"cond-expr","locations":[{"start":{"line":31,"column":24},"end":{"line":31,"column":45}},{"start":{"line":31,"column":45},"end":{"line":31,"column":null}}],"line":31},"4":{"loc":{"start":{"line":35,"column":4},"end":{"line":35,"column":null}},"type":"if","locations":[{"start":{"line":35,"column":4},"end":{"line":35,"column":null}},{"start":{},"end":{}}],"line":35},"5":{"loc":{"start":{"line":36,"column":4},"end":{"line":36,"column":null}},"type":"if","locations":[{"start":{"line":36,"column":4},"end":{"line":36,"column":null}},{"start":{},"end":{}}],"line":36},"6":{"loc":{"start":{"line":44,"column":4},"end":{"line":58,"column":null}},"type":"if","locations":[{"start":{"line":44,"column":4},"end":{"line":58,"column":null}},{"start":{"line":55,"column":11},"end":{"line":58,"column":null}}],"line":44},"7":{"loc":{"start":{"line":44,"column":8},"end":{"line":44,"column":40}},"type":"binary-expr","locations":[{"start":{"line":44,"column":8},"end":{"line":44,"column":23}},{"start":{"line":44,"column":23},"end":{"line":44,"column":40}}],"line":44},"8":{"loc":{"start":{"line":81,"column":11},"end":{"line":87,"column":null}},"type":"binary-expr","locations":[{"start":{"line":81,"column":11},"end":{"line":81,"column":null}},{"start":{"line":82,"column":12},"end":{"line":87,"column":null}}],"line":81},"9":{"loc":{"start":{"line":84,"column":15},"end":{"line":85,"column":null}},"type":"binary-expr","locations":[{"start":{"line":84,"column":15},"end":{"line":84,"column":null}},{"start":{"line":85,"column":16},"end":{"line":85,"column":null}}],"line":84},"10":{"loc":{"start":{"line":90,"column":9},"end":{"line":93,"column":null}},"type":"cond-expr","locations":[{"start":{"line":91,"column":10},"end":{"line":91,"column":null}},{"start":{"line":93,"column":10},"end":{"line":93,"column":null}}],"line":90},"11":{"loc":{"start":{"line":97,"column":7},"end":{"line":163,"column":null}},"type":"binary-expr","locations":[{"start":{"line":97,"column":7},"end":{"line":97,"column":null}},{"start":{"line":98,"column":8},"end":{"line":163,"column":null}}],"line":97},"12":{"loc":{"start":{"line":108,"column":17},"end":{"line":111,"column":null}},"type":"cond-expr","locations":[{"start":{"line":109,"column":18},"end":{"line":109,"column":null}},{"start":{"line":111,"column":18},"end":{"line":111,"column":null}}],"line":108},"13":{"loc":{"start":{"line":116,"column":13},"end":{"line":116,"column":null}},"type":"binary-expr","locations":[{"start":{"line":116,"column":13},"end":{"line":116,"column":28}},{"start":{"line":116,"column":28},"end":{"line":116,"column":47}},{"start":{"line":116,"column":47},"end":{"line":116,"column":null}}],"line":116},"14":{"loc":{"start":{"line":120,"column":11},"end":{"line":142,"column":null}},"type":"binary-expr","locations":[{"start":{"line":120,"column":11},"end":{"line":120,"column":null}},{"start":{"line":121,"column":12},"end":{"line":142,"column":null}}],"line":120},"15":{"loc":{"start":{"line":133,"column":21},"end":{"line":136,"column":null}},"type":"cond-expr","locations":[{"start":{"line":134,"column":22},"end":{"line":134,"column":null}},{"start":{"line":136,"column":22},"end":{"line":136,"column":null}}],"line":133},"16":{"loc":{"start":{"line":146,"column":11},"end":{"line":161,"column":null}},"type":"cond-expr","locations":[{"start":{"line":147,"column":12},"end":{"line":157,"column":null}},{"start":{"line":159,"column":12},"end":{"line":161,"column":null}}],"line":146}},"s":{"0":1,"1":21,"2":21,"3":21,"4":21,"5":12,"6":1,"7":1,"8":1,"9":11,"10":11,"11":11,"12":1,"13":10,"14":10,"15":0,"16":21,"17":3,"18":3,"19":2,"20":2,"21":2,"22":1,"23":1,"24":2,"25":1,"26":21,"27":3,"28":21,"29":0,"30":21,"31":4,"32":21,"33":1,"34":60,"35":3,"36":12,"37":0,"38":4,"39":0,"40":0,"41":0},"f":{"0":21,"1":12,"2":3,"3":3,"4":0,"5":4,"6":1,"7":60,"8":3,"9":12,"10":0,"11":4,"12":0,"13":0,"14":0},"b":{"0":[21],"1":[12,9],"2":[1,11],"3":[0,1],"4":[1,10],"5":[10,0],"6":[2,1],"7":[3,2],"8":[21,3],"9":[3,1],"10":[20,1],"11":[21,20],"12":[2,58],"13":[20,7,7],"14":[20,11],"15":[0,12],"16":[3,17]},"meta":{"lastBranch":17,"lastFunction":15,"lastStatement":42,"seen":{"s:14:21:18:Infinity":0,"f:20:24:20:35":0,"b:20:76:20:82":0,"s:21:30:21:Infinity":1,"s:22:42:22:Infinity":2,"s:25:24:25:Infinity":3,"b:25:24:25:73:25:73:25:Infinity":1,"s:27:29:38:Infinity":4,"f:27:29:27:30":1,"b:28:4:32:Infinity:undefined:undefined:undefined:undefined":2,"s:28:4:32:Infinity":5,"s:29:18:29:Infinity":6,"s:30:19:30:Infinity":7,"s:31:6:31:Infinity":8,"b:31:24:31:45:31:45:31:Infinity":3,"s:33:17:33:Infinity":9,"s:34:17:34:Infinity":10,"b:35:4:35:Infinity:undefined:undefined:undefined:undefined":4,"s:35:4:35:Infinity":11,"s:35:20:35:Infinity":12,"b:36:4:36:Infinity:undefined:undefined:undefined:undefined":5,"s:36:4:36:Infinity":13,"s:36:20:36:Infinity":14,"s:37:4:37:Infinity":15,"s:40:25:59:Infinity":16,"f:40:25:40:32":2,"s:41:28:41:Infinity":17,"b:44:4:58:Infinity:55:11:58:Infinity":6,"s:44:4:58:Infinity":18,"b:44:8:44:23:44:23:44:40":7,"s:45:6:45:Infinity":19,"s:46:6:54:Infinity":20,"s:47:25:47:Infinity":21,"s:48:8:48:Infinity":22,"s:51:8:51:Infinity":23,"s:53:8:53:Infinity":24,"s:57:6:57:Infinity":25,"s:61:30:63:Infinity":26,"f:61:30:61:31":3,"s:62:4:62:Infinity":27,"s:65:33:67:Infinity":28,"f:65:33:65:34":4,"s:66:4:66:Infinity":29,"s:69:27:69:Infinity":30,"f:69:48:69:49":5,"s:69:55:69:66":31,"s:71:2:165:Infinity
[...]
","locations":[{"start":{"line":36,"column":4},"end":{"line":38,"column":null}},{"start":{},"end":{}}],"line":36},"2":{"loc":{"start":{"line":36,"column":8},"end":{"line":36,"column":38}},"type":"binary-expr","locations":[{"start":{"line":36,"column":8},"end":{"line":36,"column":19}},{"start":{"line":36,"column":19},"end":{"line":36,"column":38}}],"line":36},"3":{"loc":{"start":{"line":42,"column":4},"end":{"line":45,"column":null}},"type":"if","locations":[{"start":{"line":42,"column":4},"end":{"line":45,"column":null}},{"start":{},"end":{}}],"line":42},"4":{"loc":{"start":{"line":54,"column":48},"end":{"line":54,"column":75}},"type":"default-arg","locations":[{"start":{"line":54,"column":65},"end":{"line":54,"column":75}}],"line":54},"5":{"loc":{"start":{"line":56,"column":22},"end":{"line":56,"column":null}},"type":"binary-expr","locations":[{"start":{"line":56,"column":22},"end":{"line":56,"column":40}},{"start":{"line":56,"column":40},"end":{"line":56,"column":null}}],"line":56},"6":{"loc":{"start":{"line":59,"column":6},"end":{"line":64,"column":null}},"type":"if","locations":[{"start":{"line":59,"column":6},"end":{"line":64,"column":null}},{"start":{"line":62,"column":13},"end":{"line":64,"column":null}}],"line":59},"7":{"loc":{"start":{"line":98,"column":22},"end":{"line":98,"column":null}},"type":"cond-expr","locations":[{"start":{"line":98,"column":47},"end":{"line":98,"column":63}},{"start":{"line":98,"column":63},"end":{"line":98,"column":null}}],"line":98},"8":{"loc":{"start":{"line":130,"column":11},"end":{"line":133,"column":null}},"type":"binary-expr","locations":[{"start":{"line":130,"column":11},"end":{"line":130,"column":21}},{"start":{"line":130,"column":21},"end":{"line":130,"column":null}},{"start":{"line":131,"column":12},"end":{"line":133,"column":null}}],"line":130},"9":{"loc":{"start":{"line":132,"column":23},"end":{"line":132,"column":58}},"type":"cond-expr","locations":[{"start":{"line":132,"column":37},"end":{"line":132,"column":48}},{"start":{"line":132,"column":48},"end":{"line":132,"column":58}}],"line":132},"10":{"loc":{"start":{"line":137,"column":11},"end":{"line":166,"column":null}},"type":"binary-expr","locations":[{"start":{"line":137,"column":11},"end":{"line":137,"column":null}},{"start":{"line":138,"column":12},"end":{"line":166,"column":null}}],"line":137},"11":{"loc":{"start":{"line":155,"column":21},"end":{"line":161,"column":null}},"type":"cond-expr","locations":[{"start":{"line":156,"column":22},"end":{"line":159,"column":null}},{"start":{"line":161,"column":22},"end":{"line":161,"column":null}}],"line":155},"12":{"loc":{"start":{"line":170,"column":11},"end":{"line":197,"column":null}},"type":"binary-expr","locations":[{"start":{"line":170,"column":11},"end":{"line":170,"column":21}},{"start":{"line":170,"column":21},"end":{"line":170,"column":null}},{"start":{"line":171,"column":12},"end":{"line":197,"column":null}}],"line":170},"13":{"loc":{"start":{"line":176,"column":18},"end":{"line":178,"column":null}},"type":"cond-expr","locations":[{"start":{"line":177,"column":22},"end":{"line":177,"column":null}},{"start":{"line":178,"column":22},"end":{"line":178,"column":null}}],"line":176},"14":{"loc":{"start":{"line":189,"column":20},"end":{"line":191,"column":null}},"type":"cond-expr","locations":[{"start":{"line":190,"column":24},"end":{"line":190,"column":null}},{"start":{"line":191,"column":24},"end":{"line":191,"column":null}}],"line":189},"15":{"loc":{"start":{"line":201,"column":11},"end":{"line":204,"column":null}},"type":"binary-expr","locations":[{"start":{"line":201,"column":11},"end":{"line":201,"column":null}},{"start":{"line":202,"column":12},"end":{"line":204,"column":null}}],"line":201},"16":{"loc":{"start":{"line":208,"column":11},"end":{"line":244,"column":null}},"type":"binary-expr","locations":[{"start":{"line":208,"column":11},"end":{"line":208,"column":23}},{"start":{"line":208,"column":23},"end":{"line":208,"column":33}},{"start":{"line":208,"column":33},"end":{"line":208,"column":null}},{"start":{"line":209,"column":12},"end":{"line":244,"column":null}}],"line":208},"17":{"loc":{"start":{"line":223,"column":17},"end":{"line":241,"column":null}},"type":"cond-expr","locations":[{"start":{"line":224,"column":18},"end":{"line":237,"column":null}},{"start":{"line":239,"column":18},"end":{"line":241,"column":null}}],"line":223},"18":{"loc":{"start":{"line":229,"column":21},"end":{"line":235,"column":null}},"type":"cond-expr","locations":[{"start":{"line":230,"column":22},"end":{"line":233,"column":null}},{"start":{"line":235,"column":22},"end":{"line":235,"column":null}}],"line":229},"19":{"loc":{"start":{"line":248,"column":11},"end":{"line":253,"column":null}},"type":"binary-expr","locations":[{"start":{"line":248,"column":11},"end":{"line":248,"column":23}},{"start":{"line":248,"column":23},"end":{"line":248,"column":33}},{"start":{"line":248,"column":33},"end":{"line":248,"column":null}},{"start":{"line":249,"column":12},"end":{"line":253,"column":null}}],"line":248},"20":{"loc":{"start":{"line":273,"column":19},"end":{"line":273,"column":null}},"type":"binary-expr","locations":[{"start":{"line":273,"column":19},"end":{"line":273,"column":46}},{"start":{"line":273,"column":46},"end":{"line":273,"column":null}}],"line":273},"21":{"loc":{"start":{"line":279,"column":9},"end":{"line":288,"column":null}},"type":"cond-expr","locations":[{"start":{"line":280,"column":10},"end":{"line":284,"column":null}},{"start":{"line":286,"column":10},"end":{"line":288,"column":null}}],"line":279},"22":{"loc":{"start":{"line":299,"column":11},"end":{"line":300,"column":null}},"type":"binary-expr","locations":[{"start":{"line":299,"column":11},"end":{"line":299,"column":null}},{"start":{"line":300,"column":12},"end":{"line":300,"column":null}}],"line":299},"23":{"loc":{"start":{"line":303,"column":9},"end":{"line":306,"column":null}},"type":"binary-expr","locations":[{"start":{"line":303,"column":9},"end":{"line":303,"column":null}},{"start":{"line":304,"column":10},"end":{"line":306,"column":null}}],"line":303},"24":{"loc":{"start":{"line":313,"column":11},"end":{"line":319,"column":null}},"type":"cond-expr","locations":[{"start":{"line":314,"column":12},"end":{"line":317,"column":null}},{"start":{"line":319,"column":12},"end":{"line":319,"column":null}}],"line":313}},"s":{"0":44,"1":44,"2":44,"3":44,"4":44,"5":44,"6":44,"7":44,"8":44,"9":44,"10":44,"11":44,"12":44,"13":44,"14":44,"15":14,"16":44,"17":3,"18":3,"19":3,"20":1,"21":44,"22":15,"23":0,"24":0,"25":15,"26":15,"27":15,"28":15,"29":44,"30":15,"31":15,"32":15,"33":15,"34":15,"35":15,"36":0,"37":0,"38":15,"39":15,"40":15,"41":0,"42":0,"43":15,"44":15,"45":44,"46":0,"47":0,"48":44,"49":1,"50":44,"51":1,"52":1,"53":1,"54":1,"55":1,"56":1,"57":0,"58":0,"59":0,"60":1,"61":44,"62":4,"63":44,"64":11,"65":44,"66":2,"67":1,"68":0,"69":11,"70":1,"71":5,"72":5,"73":5,"74":0},"f":{"0":44,"1":14,"2":3,"3":15,"4":15,"5":0,"6":0,"7":1,"8":1,"9":4,"10":11,"11":2,"12":1,"13":0,"14":11,"15":1,"16":5,"17":5,"18":0},"b":{"0":[44,0],"1":[1,2],"2":[3,2],"3":[0,15],"4":[15],"5":[15,14],"6":[15,0],"7":[0,0],"8":[44,36,9],"9":[2,7],"10":[44,8],"11":[1,7],"12":[44,36,7],"13":[4,3],"14":[3,8],"15":[44,31],"16":[44,13,9,4],"17":[1,3],"18":[0,1],"19":[44,13,9,5],"20":[5,5],"21":[0,5],"22":[5,0],"23":[5,2],"24":[0,5]},"meta":{"lastBranch":25,"lastFunction":19,"lastStatement":75,"seen":{"f:9:24:9:33":0,"s:10:8:10:Infinity":0,"s:11:21:11:Infinity":1,"s:12:16:12:Infinity":2,"b:12:16:12:41:12:41:12:Infinity":0,"s:14:36:14:Infinity":3,"s:15:28:15:Infinity":4,"s:16:24:16:Infinity":5,"s:17:22:17:Infinity":6,"s:18:28:18:Infinity":7,"s:19:24:19:Infinity":8,"s:20:42:20:Infinity":9,"s:21:28:21:Infinity":10,"s:22:36:22:Infinity":11,"s:23:32:23:Infinity":12,"s:26:16:26:Infinity":13,"s:29:2:31:Infinity":14,"f:29:12:29:18":1,"s:30:4:30:Infinity":15,"s:33:29:39:Infinity":16,"f:33:29:33:30":2,"s:34:4:34:Infinity":17,"s:35:20:35:Infinity":18,"b:36:4:38:Infinity:undefined:undefined:undefined:undefined":1,"s:36:4:38:Infinity":19,"b:36:8:36:19:36:19:36:38":2,"s:37:6:37:Infinity":20,"s:41:2:52:Infinity":21,"f:41:12:41:18":3,"b:42:4:45:Infinity:undefined:undefined:undefined:undefined":3,"s:42:4:45:Infinity":22,"s:43:6:43:Infinity":23,"s:44:6:44:Infinity":24,"s:47:4:47:Infinity":25,"s:48:4:48:Infinity":26,"s:49:4:49:Infinity":27,"s:50:4:50:Infinity":28,"s:54:24:76:Infinity":29,"f:54:24:54:31":4,"b:54:65:54:75":4,"s:55:4:75:Infinity":30,"s:56:22:56:Infinity":31,"b:56:22:56:40:56:40:56:Infinity":5,"s:57:23:57:Infinity":32,"b:59:6:64:Infinity:62:13:64:Infinity":6,"s:59:6:64:Infinity":33,"s:60:8:60:Infinity":34,"s:61:8:61:Infinity":35,"s:63:8:63:Infinity":36,"f:63:19:63:20":5,"s:63:29:63:59":37,"s:66:6:66:Infinity":38,"s:67:6:67:Infinity":39,"s:68:6:68:Infinity":40,"s:70:6:70:Infinity":41,"s:71:6:71:Infinity":42,"s:73:6:73:Infinity":43,"s:74:6:74:Infinity":44,"s:78:25:81:Infinity":45,"f:78:25:78:31":6,"s:79:4:79:Infinity":46,"s:80:4:80:Infinity":47,"s:83:29:85:Infinity":48,"f:83:29:83:30":7,"s:84:4:84:Infinity":49,"s:87:23:103:Infinity":50,"f:87:23:87:30":8,"s:88:4:88:Infinity":51,"s:89:4:102:Infinity":52,"s:90:21:90:Infinity":53,"s:91:6:91:Infinity":54,"s:93:6:93:Infinity":55,"s:95:6:95:Infinity":56,"s:97:6:97:Infinity":57,"s:98:22:98:Infinity":58,"b:98:47:98:63:98:63:98:Infinity":7,"s:99:6:99:Infinity":59,"s:101:6:101:Infinity":60,"s:106:22:106:Infinity":61,"f:106:49:106:50":9,"s:106:67:106:72":62,"s:107:26:107:Infinity":63,"f:107:54:107:55":10,"s:107:66:107:75":64,"s:109:2:257:Infinity":65,"f:122:26:122:27":11,"s:122:33:122:Infinity":66,"b:130:11:130:21:130:21:130:Infinity:131:12:133:Infinity":8,"b:132:37:132:48:132:48:132:58":9,"b:137:11:137:Infinity:138:12:166:Infinity":10,"f:151:29:151:35":12,"s:151:35:151:Infinity":67,"b:156:22:159:Infinity:161:22:161:Infinity":11,"b:170:11:170:21:170:21:170:Infinity:171:12:197:Infinity":12,"f:173:25:173:31":13,"s:173:31:173:Infinity":68,"b:177:22:177:Infinity:178:22:178:Infinity":13,"f:183:31:183:32":14,"s:184:16:195:Infinity":69,"f:186:27:186:33":15,"s:186:33:186:Infinity":70,"b:190:24:190:Infinity:191:24:191:Infinity":14,"b:201:11:201:Infinity:202:12:204:Infinity":15,"b:208:11:208:23:208:23:208:33:208:33:208:Infinity:209:12:244:Infinity":16,"f:211:29:211:30":16,"s:212:18:217:Infinity":71,"b:224:18:237:Infinity:239:18:241:Infinity":17,"b:230:22:233:Infinity:235:22:235:Infinity":18,"b:248:11:248:23:248:23:248:33:248:33:248:Infinity:249:12:253:Infinity":19,"f:267:9:267:26":17,"s:273:19:273:Infinity":72,"b:273:19:273:46:273:46:273:Infinity":20,"s:275:2:323:Infinity":73,"b:280:10:284:Infinity:286:10:288:Infinity":21,"b:299:11:299:Infinity:300:12:300:Infinity":22,"b:303:9:303:Infinity:304:10:306:Infinity":23,"f:309:19:309:25":18,"s:309:25:309:Infinity":74,"b:314:12:317:Infinity:319:12:319:Infinity":24}}}
,"/home/runner/work/cookie/cookie/frontend/src/screens/Settings.tsx": {"path":"/home/runner/work/cookie/cookie/frontend/src/screens/Settings.tsx","statementMap":{"0":{"start":{"line":35,"column":18},"end":{"line":35,"column":null}},"1":{"start":{"line":36,"column":27},"end":{"line":36,"column":null}},"2":{"start":{"line":38,"column":32},"end":{"line":38,"column":null}},"3":{"start":{"line":39,"column":30},"end":{"line":39,"column":null}},"4":{"start":{"line":40,"column":28},"end":{"line":40,"column":null}},"5":{"start":{"line":41,"column":26},"end":{"line":41,"column":null}},"6":{"start":{"line":42,"column":28},"end":{"line":42,"column":null}},"7":{"start":{"line":43,"column":30},"end":{"line":43,"column":null}},"8":{"start":{"line":44,"column":28},"end":{"line":44,"column":null}},"9":{"start":{"line":46,"column":2},"end":{"line":48,"column":null}},"10":{"start":{"line":47,"column":4},"end":{"line":47,"column":null}},"11":{"start":{"line":50,"column":19},"end":{"line":71,"column":null}},"12":{"start":{"line":51,"column":4},"end":{"line":70,"column":null}},"13":{"start":{"line":53,"column":8},"end":{"line":59,"column":null}},"14":{"start":{"line":60,"column":6},"end":{"line":60,"column":null}},"15":{"start":{"line":61,"column":6},"end":{"line":61,"column":null}},"16":{"start":{"line":62,"column":6},"end":{"line":62,"column":null}},"17":{"start":{"line":63,"column":6},"end":{"line":63,"column":null}},"18":{"start":{"line":64,"column":6},"end":{"line":64,"column":null}},"19":{"start":{"line":66,"column":6},"end":{"line":66,"column":null}},"20":{"start":{"line":67,"column":6},"end":{"line":67,"column":null}},"21":{"start":{"line":69,"column":6},"end":{"line":69,"column":null}},"22":{"start":{"line":73,"column":2},"end":{"line":205,"column":null}},"23":{"start":{"line":82,"column":29},"end":{"line":82,"column":null}},"24":{"start":{"line":96,"column":29},"end":{"line":96,"column":null}},"25":{"start":{"line":110,"column":29},"end":{"line":110,"column":null}},"26":{"start":{"line":124,"column":29},"end":{"line":124,"column":null}},"27":{"start":{"line":138,"column":29},"end":{"line":138,"column":null}},"28":{"start":{"line":152,"column":29},"end":{"line":152,"column":null}}},"fnMap":{"0":{"name":"Settings","decl":{"start":{"line":34,"column":24},"end":{"line":34,"column":35}},"loc":{"start":{"line":34,"column":35},"end":{"line":207,"column":null}},"line":34},"1":{"name":"(anonymous_1)","decl":{"start":{"line":46,"column":12},"end":{"line":46,"column":18}},"loc":{"start":{"line":46,"column":18},"end":{"line":48,"column":5}},"line":46},"2":{"name":"(anonymous_2)","decl":{"start":{"line":50,"column":19},"end":{"line":50,"column":31}},"loc":{"start":{"line":50,"column":31},"end":{"line":71,"column":null}},"line":50},"3":{"name":"(anonymous_3)","decl":{"start":{"line":82,"column":23},"end":{"line":82,"column":29}},"loc":{"start":{"line":82,"column":29},"end":{"line":82,"column":null}},"line":82},"4":{"name":"(anonymous_4)","decl":{"start":{"line":96,"column":23},"end":{"line":96,"column":29}},"loc":{"start":{"line":96,"column":29},"end":{"line":96,"column":null}},"line":96},"5":{"name":"(anonymous_5)","decl":{"start":{"line":110,"column":23},"end":{"line":110,"column":29}},"loc":{"start":{"line":110,"column":29},"end":{"line":110,"column":null}},"line":110},"6":{"name":"(anonymous_6)","decl":{"start":{"line":124,"column":23},"end":{"line":124,"column":29}},"loc":{"start":{"line":124,"column":29},"end":{"line":124,"column":null}},"line":124},"7":{"name":"(anonymous_7)","decl":{"start":{"line":138,"column":23},"end":{"line":138,"column":29}},"loc":{"start":{"line":138,"column":29},"end":{"line":138,"column":null}},"line":138},"8":{"name":"(anonymous_8)","decl":{"start":{"line":152,"column":23},"end":{"line":152,"column":29}},"loc":{"start":{"line":152,"column":29},"end":{"line":152,"column":null}},"line":152}},"branchMap":{"0":{"loc":{"start":{"line":85,"column":16},"end":{"line":87,"column":null}},"type":"cond-expr","locations":[{"start":{"line":86,"column":20},"end":{"line":86,"column":null}},{"start":{"line":87,"column":20},"end":{"line":87,"column":null}}],"line":85},"1":{"loc":{"start":{"line":99,"column":16},"end":{"line":101,"column":null}},"type":"cond-expr","locations":[{"start":{"line":100,"column":20},"end":{"line":100,"column":null}},{"start":{"line":101,"column":20},"end":{"line":101,"column":null}}],"line":99},"2":{"loc":{"start":{"line":113,"column":16},"end":{"line":115,"column":null}},"type":"cond-expr","locations":[{"start":{"line":114,"column":20},"end":{"line":114,"column":null}},{"start":{"line":115,"column":20},"end":{"line":115,"column":null}}],"line":113},"3":{"loc":{"start":{"line":127,"column":16},"end":{"line":129,"column":null}},"type":"cond-expr","locations":[{"start":{"line":128,"column":20},"end":{"line":128,"column":null}},{"start":{"line":129,"column":20},"end":{"line":129,"column":null}}],"line":127},"4":{"loc":{"start":{"line":141,"column":16},"end":{"line":143,"column":null}},"type":"cond-expr","locations":[{"start":{"line":142,"column":20},"end":{"line":142,"column":null}},{"start":{"line":143,"column":20},"end":{"line":143,"column":null}}],"line":141},"5":{"loc":{"start":{"line":155,"column":16},"end":{"line":157,"column":null}},"type":"cond-expr","locations":[{"start":{"line":156,"column":20},"end":{"line":156,"column":null}},{"start":{"line":157,"column":20},"end":{"line":157,"column":null}}],"line":155},"6":{"loc":{"start":{"line":172,"column":11},"end":{"line":202,"column":null}},"type":"cond-expr","locations":[{"start":{"line":173,"column":12},"end":{"line":175,"column":null}},{"start":{"line":176,"column":14},"end":{"line":202,"column":null}}],"line":172},"7":{"loc":{"start":{"line":176,"column":14},"end":{"line":202,"column":null}},"type":"cond-expr","locations":[{"start":{"line":177,"column":12},"end":{"line":182,"column":null}},{"start":{"line":183,"column":14},"end":{"line":202,"column":null}}],"line":176},"8":{"loc":{"start":{"line":183,"column":14},"end":{"line":202,"column":null}},"type":"cond-expr","locations":[{"start":{"line":184,"column":12},"end":{"line":189,"column":null}},{"start":{"line":190,"column":14},"end":{"line":202,"column":null}}],"line":183},"9":{"loc":{"start":{"line":190,"column":14},"end":{"line":202,"column":null}},"type":"cond-expr","locations":[{"start":{"line":191,"column":12},"end":{"line":191,"column":null}},{"start":{"line":192,"column":14},"end":{"line":202,"column":null}}],"line":190},"10":{"loc":{"start":{"line":192,"column":14},"end":{"line":202,"column":null}},"type":"cond-expr","locations":[{"start":{"line":193,"column":12},"end":{"line":193,"column":null}},{"start":{"line":194,"column":14},"end":{"line":202,"column":null}}],"line":192},"11":{"loc":{"start":{"line":194,"column":14},"end":{"line":202,"column":null}},"type":"cond-expr","locations":[{"start":{"line":195,"column":12},"end":{"line":199,"column":null}},{"start":{"line":200,"column":14},"end":{"line":202,"column":null}}],"line":194},"12":{"loc":{"start":{"line":200,"column":14},"end":{"line":202,"column":null}},"type":"cond-expr","locations":[{"start":{"line":201,"column":12},"end":{"line":201,"column":null}},{"start":{"line":202,"column":14},"end":{"line":202,"column":null}}],"line":200}},"s":{"0":0,"1":0,"2":0,"3":0,"4":0,"5":0,"6":0,"7":0,"8":0,"9":0,"10":0,"11":0,"12":0,"13":0,"14":0,"15":0,"16":0,"17":0,"18":0,"19":0,"20":0,"21":0,"22":0,"23":0,"24":0,"25":0,"26":0,"27":0,"28":0},"f":{"0":0,"1":0,"2":0,"3":0,"4":0,"5":0,"6":0,"7":0,"8":0},"b":{"0":[0,0],"1":[0,0],"2":[0,0],"3":[0,0],"4":[0,0],"5":[0,0],"6":[0,0],"7":[0,0],"8":[0,0],"9":[0,0],"10":[0,0],"11":[0,0],"12":[0,0]},"meta":{"lastBranch":13,"lastFunction":9,"lastStatement":29,"seen":{"f:34:24:34:35":0,"s:35:18:35:Infinity":0,"s:36:27:36:Infinity":1,"s:38:32:38:Infinity":2,"s:39:30:39:Infinity":3,"s:40:28:40:Infinity":4,"s:41:26:41:Infinity":5,"s:42:28:42:Infinity":6,"s:43:30:43:Infinity":7,"s:44:28:44:Infinity":8,"s:46:2:48:Infinity":9,"f:46:12:46:18":1,"s:47:4:47:Infinity":10,"s:50:19:71:Infinity":11,"f:50:19:50:31":2,"s:51:4:70:Infinity":12,"s:53:8:59:Infinity":13,"s:60:6:60:Infinity":14,"s:61:6:61:Infinity":15,"s:62:6:62:Infinity":16,"s:63:6:63:Infinity":17,"s:64:6:64:Infinity":18,"s:66:6:66:Infinity":19,"s:67:6:67:Infinity":20,"s:69:6:69:Infinity":21,"s:73:2:205:Infinity":22,"f:82:23:82:29":3,"s:82:29:82:Infinity":23,"b:86:20:86:Infinity:87:20:87:Infinity":0,"f:96:23:96:29":4,"s:96:29:96:Infinity":24,"b:100:20:100:Infinity:101:20:101:Infinity":1,"f:110:23:110:29":5,"s:110:29:110:Infinity":25,"b:114:20:114:Infinity:115:20:115:Infinity":2,"f:124:23:124:29":6,"s:124:29:124:Infinity":26,"b:128:20:128:Infinity:129:20:129:Infinity":3,"f:138:23:138:29":7,"s:138:29:138:Infinity":27,"b:142:20:142:Infinity:143:20:143:Infinity":4,"f:152:23:152:29":8,"s:152:29:152:Infinity":28,"b:156:20:156:Infinity:157:20:157:Infinity":5,"b:173:12:175:Infinity:176:14:202:Infinity":6,"b:177:12:182:Infinity:183:14:202:Infinity":7,"b:184:12:189:Infinity:190:14:202:Infinity":8,"b:191:12:191:Infinity:192:14:202:Infinity":9,"b:193:12:193:Infinity:194:14:202:Infinity":10,"b:195:12:199:Infinity:200:14:202:Infinity":11,"b:201:12:201:Infinity:202:14:202:Infinity":12}}}
}
