{"total": {"lines":{"total":2131,"covered":1371,"skipped":0,"pct":64.33},"statements":{"total":2326,"covered":1478,"skipped":0,"pct":63.54},"functions":{"total":708,"covered":454,"skipped":0,"pct":64.12},"branches":{"total":1244,"covered":732,"skipped":0,"pct":58.84},"branchesTrue":{"total":0,"covered":0,"skipped":0,"pct":100}}
,"/home/runner/work/cookie/cookie/frontend/src/App.tsx": {"lines":{"total":1,"covered":0,"skipped":0,"pct":0},"functions":{"total":1,"covered":0,"skipped":0,"pct":0},"statements":{"total":1,"covered":0,"skipped":0,"pct":0},"branches":{"total":0,"covered":0,"skipped":0,"pct":100}}
,"/home/runner/work/cookie/cookie/frontend/src/router.tsx": {"lines":{"total":53,"covered":32,"skipped":0,"pct":60.37},"functions":{"total":26,"covered":8,"skipped":0,"pct":30.76},"statements":{"total":65,"covered":33,"skipped":0,"pct":50.76},"branches":{"total":18,"covered":8,"skipped":0,"pct":44.44}}
,"/home/runner/work/cookie/cookie/frontend/src/api/client.ts": {"lines":{"total":92,"covered":49,"skipped":0,"pct":53.26},"functions":{"total":67,"covered":24,"skipped":0,"pct":35.82},"statements":{"total":94,"covered":50,"skipped":0,"pct":53.19},"branches":{"total":27,"covered":17,"skipped":0,"pct":62.96}}
,"/home/runner/work/cookie/cookie/frontend/src/api/types.ts": {"lines":{"total":0,"covered":0,"skipped":0,"pct":0},"functions":{"total":0,"covered":0,"skipped":0,"pct":0},"statements":{"total":0,"covered":0,"skipped":0,"pct":0},"branches":{"total":0,"covered":0,"skipped":0,"pct":0}}
,"/home/runner/work/cookie/cookie/frontend/src/components/AddToCollectionDropdown.tsx": {"lines":{"total":42,"covered":35,"skipped":0,"pct":83.33},"functions":{"total":11,"covered":11,"skipped":0,"pct":100},"statements":{"total":48,"covered":41,"skipped":0,"pct":85.41},"branches":{"total":22,"covered":12,"skipped":0,"pct":54.54}}
,"/home/runner/work/cookie/cookie/frontend/src/components/CollectionCard.tsx": {"lines":{"total":1,"covered":1,"skipped":0,"pct":100},"functions":{"total":1,"covered":1,"skipped":0,"pct":100},"statements":{"total":1,"covered":1,"skipped":0,"pct":100},"branches":{"total":6,"covered":3,"skipped":0,"pct":50}}
,"/home/runner/work/cookie/cookie/frontend/src/components/CollectionList.tsx": {"lines":{"total":5,"covered":5,"skipped":0,"pct":100},"functions":{"total":3,"covered":3,"skipped":0,"pct":100},"statements":{"total":5,"covered":5,"skipped":0,"pct":100},"branches":{"total":6,"covered":6,"skipped":0,"pct":100}}
,"/home/runner/work/cookie/cookie/frontend/src/components/CreateCollectionForm.tsx": {"lines":{"total":2,"covered":1,"skipped":0,"pct":50},"functions":{"total":2,"covered":1,"skipped":0,"pct":50},"statements":{"total":2,"covered":1,"skipped":0,"pct":50},"branches":{"total":4,"covered":2,"skipped":0,"pct":50}}
,"/home/runner/work/cookie/cookie/frontend/src/components/CreateProfileForm.tsx": {"lines":{"total":5,"covered":4,"skipped":0,"pct":80},"functions":{"total":4,"covered":3,"skipped":0,"pct":75},"statements":{"total":5,"covered":4,"skipped":0,"pct":80},"branches":{"total":6,"covered":6,"skipped":0,"pct":100}}
,"/home/runner/work/cookie/cookie/frontend/src/components/CustomRemixInput.tsx": {"lines":{"total":2,"covered":2,"skipped":0,"pct":100},"functions":{"total":2,"covered":2,"skipped":0,"pct":100},"statements":{"total":2,"covered":2,"skipped":0,"pct":100},"branches":{"total":0,"covered":0,"skipped":0,"pct":100}}
,"/home/runner/work/cookie/cookie/frontend/src/components/DeleteConfirmBanner.tsx": {"lines":{"total":1,"covered":1,"skipped":0,"pct":100},"functions":{"total":1,"covered":1,"skipped":0,"pct":100},"statements":{"total":1,"covered":1,"skipped":0,"pct":100},"branches":{"total":2,"covered":2,"skipped":0,"pct":100}}
,"/home/runner/work/cookie/cookie/frontend/src/components/DetectedTimers.tsx": {"lines":{"total":4,"covered":3,"skipped":0,"pct":75},"functions":{"total":3,"covered":2,"skipped":0,"pct":66.66},"statements":{"total":5,"covered":4,"skipped":0,"pct":80},"branches":{"total":4,"covered":3,"skipped":0,"pct":75}}
,"/home/runner/work/cookie/cookie/frontend/src/components/DeviceCodeEntry.tsx": {"lines":{"total":16,"covered":16,"skipped":0,"pct":100},"functions":{"total":3,"covered":3,"skipped":0,"pct":100},"statements":{"total":16,"covered":16,"skipped":0,"pct":100},"branches":{"total":10,"covered":9,"skipped":0,"pct":90}}
,"/home/runner/work/cookie/cookie/frontend/src/components/ErrorBoundary.tsx": {"lines":{"total":15,"covered":15,"skipped":0,"pct":100},"functions":{"total":6,"covered":6,"skipped":0,"pct":100},"statements":{"total":15,"covered":15,"skipped":0,"pct":100},"branches":{"total":7,"covered":7,"skipped":0,"pct":100}}
,"/home/runner/work/cookie/cookie/frontend/src/components/InstructionDisplay.tsx": {"lines":{"total":1,"covered":1,"skipped":0,"pct":100},"functions":{"total":1,"covered":1,"skipped":0,"pct":100},"statements":{"total":1,"covered":1,"skipped":0,"pct":100},"branches":{"total":0,"covered":0,"skipped":0,"pct":100}}
,"/home/runner/work/cookie/cookie/frontend/src/components/NavHeader.tsx": {"lines":{"total":19,"covered":16,"skipped":0,"pct":84.21},"functions":{"total":9,"covered":7,"skipped":0,"pct":77.77},"statements":{"total":21,"covered":18,"skipped":0,"pct":85.71},"branches":{"total":33,"covered":21,"skipped":0,"pct":63.63}}
,"/home/runner/work/cookie/cookie/frontend/src/components/PlayModeControls.tsx": {"lines":{"total":3,"covered":3,"skipped":0,"pct":100},"functions":{"total":1,"covered":1,"skipped":0,"pct":100},"statements":{"total":3,"covered":3,"skipped":0,"pct":100},"branches":{"total":4,"covered":3,"skipped":0,"pct":75}}
,"/home/runner/work/cookie/cookie/frontend/src/components/ProfileDropdown.tsx": {"lines":{"total":13,"covered":6,"skipped":0,"pct":46.15},"functions":{"total":7,"covered":3,"skipped":0,"pct":42.85},"statements":{"total":16,"covered":7,"skipped":0,"pct":43.75},"branches":{"total":10,"covered":3,"skipped":0,"pct":30}}
,"/home/runner/work/cookie/cookie/frontend/src/components/QuickTimerButtons.tsx": {"lines":{"total":3,"covered":3,"skipped":0,"pct":100},"functions":{"total":3,"covered":3,"skipped":0,"pct":100},"statements":{"total":3,"covered":3,"skipped":0,"pct":100},"branches":{"total":5,"covered":5,"skipped":0,"pct":100}}
,"/home/runner/work/cookie/cookie/frontend/src/components/RecipeCard.tsx": {"lines":{"total":14,"covered":13,"skipped":0,"pct":92.85},"functions":{"total":7,"covered":6,"skipped":0,"pct":85.71},"statements":{"total":14,"covered":13,"skipped":0,"pct":92.85},"branches":{"total":23,"covered":23,"skipped":0,"pct":100}}
,"/home/runner/work/cookie/cookie/frontend/src/components/RecipeSearchFilter.tsx": {"lines":{"total":3,"covered":1,"skipped":0,"pct":33.33},"functions":{"total":3,"covered":1,"skipped":0,"pct":33.33},"statements":{"total":3,"covered":1,"skipped":0,"pct":33.33},"branches":{"total":8,"covered":4,"skipped":0,"pct":50}}
,"/home/runner/work/cookie/cookie/frontend/src/components/RemixModal.tsx": {"lines":{"total":55,"covered":47,"skipped":0,"pct":85.45},"functions":{"total":14,"covered":14,"skipped":0,"pct":100},"statements":{"total":67,"covered":57,"skipped":0,"pct":85.07},"branches":{"total":31,"covered":22,"skipped":0,"pct":70.96}}
,"/home/runner/work/cookie/cookie/frontend/src/components/Skeletons.tsx": {"lines":{"total":14,"covered":14,"skipped":0,"pct":100},"functions":{"total":14,"covered":14,"skipped":0,"pct":100},"statements":{"total":14,"covered":14,"skipped":0,"pct":100},"branches":{"total":4,"covered":4,"skipped":0,"pct":100}}
,"/home/runner/work/cookie/cookie/frontend/src/components/SourceFilterChips.tsx": {"lines":{"total":7,"covered":6,"skipped":0,"pct":85.71},"functions":{"total":6,"covered":5,"skipped":0,"pct":83.33},"statements":{"total":10,"covered":9,"skipped":0,"pct":90},"branches":{"total":6,"covered":6,"skipped":0,"pct":100}}
,"/home/runner/work/cookie/cookie/frontend/src/components/SuggestionSelector.tsx": {"lines":{"total":4,"covered":4,"skipped":0,"pct":100},"functions":{"total":3,"covered":3,"skipped":0,"pct":100},"statements":{"total":4,"covered":4,"skipped":0,"pct":100},"branches":{"total":8,"covered":8,"skipped":0,"pct":100}}
,"/home/runner/work/cookie/cookie/frontend/src/components/TimerList.tsx": {"lines":{"total":7,"covered":4,"skipped":0,"pct":57.14},"functions":{"total":5,"covered":2,"skipped":0,"pct":40},"statements":{"total":7,"covered":4,"skipped":0,"pct":57.14},"branches":{"total":2,"covered":2,"skipped":0,"pct":100}}
,"/home/runner/work/cookie/cookie/frontend/src/components/TimerPanel.tsx": {"lines":{"total":32,"covered":30,"skipped":0,"pct":93.75},"functions":{"total":8,"covered":7,"skipped":0,"pct":87.5},"statements":{"total":35,"covered":33,"skipped":0,"pct":94.28},"branches":{"total":36,"covered":31,"skipped":0,"pct":86.11}}
,"/home/runner/work/cookie/cookie/frontend/src/components/TimerWidget.tsx": {"lines":{"total":2,"covered":2,"skipped":0,"pct":100},"functions":{"total":1,"covered":1,"skipped":0,"pct":100},"statements":{"total":2,"covered":2,"skipped":0,"pct":100},"branches":{"total":16,"covered":16,"skipped":0,"pct":100}}
,"/home/runner/work/cookie/cookie/frontend/src/components/settings/AIQuotaSection.tsx": {"lines":{"total":23,"covered":19,"skipped":0,"pct":82.6},"functions":{"total":9,"covered":5,"skipped":0,"pct":55.55},"statements":{"total":29,"covered":22,"skipped":0,"pct":75.86},"branches":{"total":12,"covered":8,"skipped":0,"pct":66.66}}
,"/home/runner/work/cookie/cookie/frontend/src/components/settings/AIStatusDisplay.tsx": {"lines":{"total":12,"covered":12,"skipped":0,"pct":100},"functions":{"total":6,"covered":6,"skipped":0,"pct":100},"statements":{"total":18,"covered":18,"skipped":0,"pct":100},"branches":{"total":18,"covered":17,"skipped":0,"pct":94.44}}
,"/home/runner/work/cookie/cookie/frontend/src/components/settings/AIUsageSection.tsx": {"lines":{"total":6,"covered":6,"skipped":0,"pct":100},"functions":{"total":3,"covered":3,"skipped":0,"pct":100},"statements":{"total":7,"covered":7,"skipped":0,"pct":100},"branches":{"total":6,"covered":6,"skipped":0,"pct":100}}
,"/home/runner/work/cookie/cookie/frontend/src/components/settings/APIKeySection.tsx": {"lines":{"total":3,"covered":3,"skipped":0,"pct":100},"functions":{"total":2,"covered":2,"skipped":0,"pct":100},"statements":{"total":3,"covered":3,"skipped":0,"pct":100},"branches":{"total":10,"covered":10,"skipped":0,"pct":100}}
,"/home/runner/work/cookie/cookie/frontend/src/components/settings/ConfirmResetStep.tsx": {"lines":{"total":14,"covered":12,"skipped":0,"pct":85.71},"functions":{"total":3,"covered":3,"skipped":0,"pct":100},"statements":{"total":15,"covered":12,"skipped":0,"pct":80},"branches":{"total":6,"covered":5,"skipped":0,"pct":83.33}}
,"/home/runner/work/cookie/cookie/frontend/src/components/settings/DangerZoneInfo.tsx": {"lines":{"total":1,"covered":1,"skipped":0,"pct":100},"functions":{"total":1,"covered":1,"skipped":0,"pct":100},"statements":{"total":1,"covered":1,"skipped":0,"pct":100},"branches":{"total":0,"covered":0,"skipped":0,"pct":100}}
,"/home/runner/work/cookie/cookie/frontend/src/components/settings/DeleteAccountSection.tsx": {"lines":{"total":24,"covered":0,"skipped":0,"pct":0},"functions":{"total":4,"covered":0,"skipped":0,"pct":0},"statements":{"total":24,"covered":0,"skipped":0,"pct":0},"branches":{"total":5,"covered":0,"skipped":0,"pct":0}}
,"/home/runner/work/cookie/cookie/frontend/src/components/settings/PasskeyItem.tsx": {"lines":{"total":4,"covered":4,"skipped":0,"pct":100},"functions":{"total":3,"covered":3,"skipped":0,"pct":100},"statements":{"total":5,"covered":5,"skipped":0,"pct":100},"branches":{"total":4,"covered":4,"skipped":0,"pct":100}}
,"/home/runner/work/cookie/cookie/frontend/src/components/settings/PromptCard.tsx": {"lines":{"total":41,"covered":31,"skipped":0,"pct":75.6},"functions":{"total":16,"covered":14,"skipped":0,"pct":87.5},"statements":{"total":43,"covered":32,"skipped":0,"pct":74.41},"branches":{"total":30,"covered":24,"skipped":0,"pct":80}}
,"/home/runner/work/cookie/cookie/frontend/src/components/settings/ResetPreviewStep.tsx": {"lines":{"total":1,"covered":1,"skipped":0,"pct":100},"functions":{"total":1,"covered":1,"skipped":0,"pct":100},"statements":{"total":1,"covered":1,"skipped":0,"pct":100},"branches":{"total":0,"covered":0,"skipped":0,"pct":100}}
,"/home/runner/work/cookie/cookie/frontend/src/components/settings/SelectorItem.tsx": {"lines":{"total":58,"covered":52,"skipped":0,"pct":89.65},"functions":{"total":12,"covered":12,"skipped":0,"pct":100},"statements":{"total":68,"covered":56,"skipped":0,"pct":82.35},"branches":{"total":38,"covered":28,"skipped":0,"pct":73.68}}
,"/home/runner/work/cookie/cookie/frontend/src/components/settings/SettingsDanger.tsx": {"lines":{"total":18,"covered":11,"skipped":0,"pct":61.11},"functions":{"total":5,"covered":2,"skipped":0,"pct":40},"statements":{"total":18,"covered":11,"skipped":0,"pct":61.11},"branches":{"total":5,"covered":4,"skipped":0,"pct":80}}
,"/home/runner/work/cookie/cookie/frontend/src/components/settings/SettingsGeneral.tsx": {"lines":{"total":8,"covered":7,"skipped":0,"pct":87.5},"functions":{"total":3,"covered":2,"skipped":0,"pct":66.66},"statements":{"total":8,"covered":7,"skipped":0,"pct":87.5},"branches":{"total":19,"covered":10,"skipped":0,"pct":52.63}}
,"/home/runner/work/cookie/cookie/frontend/src/components/settings/SettingsPasskeys.tsx": {"lines":{"total":5,"covered":5,"skipped":0,"pct":100},"functions":{"total":2,"covered":2,"skipped":0,"pct":100},"statements":{"total":5,"covered":5,"skipped":0,"pct":100},"branches":{"total":8,"covered":5,"skipped":0,"pct":62.5}}
,"/home/runner/work/cookie/cookie/frontend/src/components/settings/SettingsPrompts.tsx": {"lines":{"total":5,"covered":3,"skipped":0,"pct":60},"functions":{"total":4,"covered":2,"skipped":0,"pct":50},"statements":{"total":5,"covered":3,"skipped":0,"pct":60},"branches":{"total":4,"covered":2,"skipped":0,"pct":50}}
,"/home/runner/work/cookie/cookie/frontend/src/components/settings/SettingsSelectors.tsx": {"lines":{"total":3,"covered":2,"skipped":0,"pct":66.66},"functions":{"total":2,"covered":1,"skipped":0,"pct":50},"statements":{"total":3,"covered":2,"skipped":0,"pct":66.66},"branches":{"total":2,"covered":1,"skipped":0,"pct":50}}
,"/home/runner/work/cookie/cookie/frontend/src/components/settings/SettingsSources.tsx": {"lines":{"total":6,"covered":4,"skipped":0,"pct":66.66},"functions":{"total":5,"covered":3,"skipped":0,"pct":60},"statements":{"total":7,"covered":5,"skipped":0,"pct":71.42},"branches":{"total":4,"covered":4,"skipped":0,"pct":100}}
,"/home/runner/work/cookie/cookie/frontend/src/components/settings/SettingsUsers.tsx": {"lines":{"total":4,"covered":3,"skipped":0,"pct":75},"functions":{"total":4,"covered":2,"skipped":0,"pct":50},"statements":{"total":5,"covered":3,"skipped":0,"pct":60},"branches":{"total":7,"covered":3,"skipped":0,"pct":42.85}}
,"/home/runner/work/cookie/cookie/frontend/src/components/settings/SourceItem.tsx": {"lines":{"total":2,"covered":2,"skipped":0,"pct":100},"functions":{"total":2,"covered":2,"skipped":0,"pct":100},"statements":{"total":2,"covered":2,"skipped":0,"pct":100},"branches":{"total":8,"covered":8,"skipped":0,"pct":100}}
,"/home/runner/work/cookie/cookie/frontend/src/components/settings/UserDeletionModal.tsx": {"lines":{"total":16,"covered":15,"skipped":0,"pct":93.75},"functions":{"total":4,"covered":4,"skipped":0,"pct":100},"statements":{"total":16,"covered":15,"skipped":0,"pct":93.75},"branches":{"total":22,"covered":18,"skipped":0,"pct":81.81}}
,"/home/runner/work/cookie/cookie/frontend/src/components/settings/UserProfileCard.tsx": {"lines":{"total":32,"covered":19,"skipped":0,"pct":59.37},"functions":{"total":10,"covered":6,"skipped":0,"pct":60},"statements":{"total":39,"covered":19,"skipped":0,"pct":48.71},"branches":{"total":24,"covered":13,"skipped":0,"pct":54.16}}
,"/home/runner/work/cookie/cookie/frontend/src/components/settings/index.ts": {"lines":{"total":0,"covered":0,"skipped":0,"pct":0},"functions":{"total":0,"covered":0,"skipped":0,"pct":0},"statements":{"total":0,"covered":0,"skipped":0,"pct":0},"branches":{"total":0,"covered":0,"skipped":0,"pct":0}}
,"/home/runner/work/cookie/cookie/frontend/src/components/settings/settingsUtils.ts": {"lines":{"total":1,"covered":1,"skipped":0,"pct":100},"functions":{"total":1,"covered":1,"skipped":0,"pct":100},"statements":{"total":1,"covered":1,"skipped":0,"pct":100},"branches":{"total":0,"covered":0,"skipped":0,"pct":100}}
,"/home/runner/work/cookie/cookie/frontend/src/contexts/AIStatusContext.tsx": {"lines":{"total":27,"covered":21,"skipped":0,"pct":77.77},"functions":{"total":7,"covered":5,"skipped":0,"pct":71.42},"statements":{"total":30,"covered":24,"skipped":0,"pct":80},"branches":{"total":6,"covered":3,"skipped":0,"pct":50}}
,"/home/runner/work/cookie/cookie/frontend/src/contexts/AuthContext.tsx": {"lines":{"total":27,"covered":19,"skipped":0,"pct":70.37},"functions":{"total":9,"covered":7,"skipped":0,"pct":77.77},"statements":{"total":27,"covered":19,"skipped":0,"pct":70.37},"branches":{"total":2,"covered":1,"skipped":0,"pct":50}}
,"/home/runner/work/cookie/cookie/frontend/src/contexts/ProfileContext.tsx": {"lines":{"total":38,"covered":20,"skipped":0,"pct":52.63},"functions":{"total":6,"covered":4,"skipped":0,"pct":66.66},"statements":{"total":40,"covered":20,"skipped":0,"pct":50},"branches":{"total":8,"covered":2,"skipped":0,"pct":25}}
,"/home/runner/work/cookie/cookie/frontend/src/hooks/timerUtils.ts": {"lines":{"total":34,"covered":34,"skipped":0,"pct":100},"functions":{"total":7,"covered":7,"skipped":0,"pct":100},"statements":{"total":36,"covered":36,"skipped":0,"pct":100},"branches":{"total":14,"covered":14,"skipped":0,"pct":100}}
,"/home/runner/work/cookie/cookie/frontend/src/hooks/useAPIKeyHandlers.ts": {"lines":{"total":37,"covered":21,"skipped":0,"pct":56.75},"functions":{"total":3,"covered":3,"skipped":0,"pct":100},"statements":{"total":37,"covered":21,"skipped":0,"pct":56.75},"branches":{"total":8,"covered":4,"skipped":0,"pct":50}}
,"/home/runner/work/cookie/cookie/frontend/src/hooks/useAsync.ts": {"lines":{"total":26,"covered":26,"skipped":0,"pct":100},"functions":{"total":8,"covered":8,"skipped":0,"pct":100},"statements":{"total":28,"covered":28,"skipped":0,"pct":100},"branches":{"total":4,"covered":3,"skipped":0,"pct":75}}
,"/home/runner/work/cookie/cookie/frontend/src/hooks/useCollectionData.ts": {"lines":{"total":39,"covered":25,"skipped":0,"pct":64.1},"functions":{"total":7,"covered":4,"skipped":0,"pct":57.14},"statements":{"total":41,"covered":25,"skipped":0,"pct":60.97},"branches":{"total":4,"covered":1,"skipped":0,"pct":25}}
,"/home/runner/work/cookie/cookie/frontend/src/hooks/useCollectionsPage.ts": {"lines":{"total":50,"covered":19,"skipped":0,"pct":38},"functions":{"total":6,"covered":3,"skipped":0,"pct":50},"statements":{"total":51,"covered":19,"skipped":0,"pct":37.25},"branches":{"total":12,"covered":1,"skipped":0,"pct":8.33}}
,"/home/runner/work/cookie/cookie/frontend/src/hooks/useDiscoverTab.ts": {"lines":{"total":27,"covered":10,"skipped":0,"pct":37.03},"functions":{"total":5,"covered":3,"skipped":0,"pct":60},"statements":{"total":31,"covered":11,"skipped":0,"pct":35.48},"branches":{"total":22,"covered":0,"skipped":0,"pct":0}}
,"/home/runner/work/cookie/cookie/frontend/src/hooks/useFavorites.ts": {"lines":{"total":28,"covered":12,"skipped":0,"pct":42.85},"functions":{"total":11,"covered":5,"skipped":0,"pct":45.45},"statements":{"total":31,"covered":13,"skipped":0,"pct":41.93},"branches":{"total":4,"covered":2,"skipped":0,"pct":50}}
,"/home/runner/work/cookie/cookie/frontend/src/hooks/useHomeData.ts": {"lines":{"total":39,"covered":21,"skipped":0,"pct":53.84},"functions":{"total":11,"covered":6,"skipped":0,"pct":54.54},"statements":{"total":45,"covered":24,"skipped":0,"pct":53.33},"branches":{"total":10,"covered":2,"skipped":0,"pct":20}}
,"/home/runner/work/cookie/cookie/frontend/src/hooks/usePasskeys.ts": {"lines":{"total":42,"covered":14,"skipped":0,"pct":33.33},"functions":{"total":7,"covered":4,"skipped":0,"pct":57.14},"statements":{"total":46,"covered":17,"skipped":0,"pct":36.95},"branches":{"total":22,"covered":2,"skipped":0,"pct":9.09}}
,"/home/runner/work/cookie/cookie/frontend/src/hooks/usePlayModeData.ts": {"lines":{"total":28,"covered":19,"skipped":0,"pct":67.85},"functions":{"total":7,"covered":5,"skipped":0,"pct":71.42},"statements":{"total":32,"covered":21,"skipped":0,"pct":65.62},"branches":{"total":12,"covered":6,"skipped":0,"pct":50}}
,"/home/runner/work/cookie/cookie/frontend/src/hooks/useProfileDeletion.ts": {"lines":{"total":30,"covered":8,"skipped":0,"pct":26.66},"functions":{"total":5,"covered":1,"skipped":0,"pct":20},"statements":{"total":32,"covered":8,"skipped":0,"pct":25},"branches":{"total":2,"covered":0,"skipped":0,"pct":0}}
,"/home/runner/work/cookie/cookie/frontend/src/hooks/useRecipeDetail.ts": {"lines":{"total":41,"covered":35,"skipped":0,"pct":85.36},"functions":{"total":9,"covered":6,"skipped":0,"pct":66.66},"statements":{"total":46,"covered":37,"skipped":0,"pct":80.43},"branches":{"total":18,"covered":12,"skipped":0,"pct":66.66}}
,"/home/runner/work/cookie/cookie/frontend/src/hooks/useSearch.ts": {"lines":{"total":75,"covered":53,"skipped":0,"pct":70.66},"functions":{"total":14,"covered":9,"skipped":0,"pct":64.28},"statements":{"total":78,"covered":55,"skipped":0,"pct":70.51},"branches":{"total":27,"covered":13,"skipped":0,"pct":48.14}}
,"/home/runner/work/cookie/cookie/frontend/src/hooks/useServingScale.ts": {"lines":{"total":21,"covered":5,"skipped":0,"pct":23.8},"functions":{"total":2,"covered":1,"skipped":0,"pct":50},"statements":{"total":22,"covered":5,"skipped":0,"pct":22.72},"branches":{"total":9,"covered":0,"skipped":0,"pct":0}}
,"/home/runner/work/cookie/cookie/frontend/src/hooks/useSettingsData.ts": {"lines":{"total":28,"covered":25,"skipped":0,"pct":89.28},"functions":{"total":4,"covered":4,"skipped":0,"pct":100},"statements":{"total":31,"covered":28,"skipped":0,"pct":90.32},"branches":{"total":10,"covered":5,"skipped":0,"pct":50}}
,"/home/runner/work/cookie/cookie/frontend/src/hooks/useSourceTesting.ts": {"lines":{"total":12,"covered":3,"skipped":0,"pct":25},"functions":{"total":2,"covered":1,"skipped":0,"pct":50},"statements":{"total":12,"covered":3,"skipped":0,"pct":25},"branches":{"total":0,"covered":0,"skipped":0,"pct":100}}
,"/home/runner/work/cookie/cookie/frontend/src/hooks/useSourceToggle.ts": {"lines":{"total":21,"covered":5,"skipped":0,"pct":23.8},"functions":{"total":5,"covered":1,"skipped":0,"pct":20},"statements":{"total":22,"covered":5,"skipped":0,"pct":22.72},"branches":{"total":4,"covered":0,"skipped":0,"pct":0}}
,"/home/runner/work/cookie/cookie/frontend/src/hooks/useStoredProfile.ts": {"lines":{"total":44,"covered":35,"skipped":0,"pct":79.54},"functions":{"total":13,"covered":11,"skipped":0,"pct":84.61},"statements":{"total":50,"covered":39,"skipped":0,"pct":78},"branches":{"total":22,"covered":13,"skipped":0,"pct":59.09}}
,"/home/runner/work/cookie/cookie/frontend/src/hooks/useTimers.ts": {"lines":{"total":45,"covered":45,"skipped":0,"pct":100},"functions":{"total":21,"covered":21,"skipped":0,"pct":100},"statements":{"total":51,"covered":50,"skipped":0,"pct":98.03},"branches":{"total":13,"covered":10,"skipped":0,"pct":76.92}}
,"/home/runner/work/cookie/cookie/frontend/src/hooks/useTipsPolling.ts": {"lines":{"total":62,"covered":20,"skipped":0,"pct":32.25},"functions":{"total":15,"covered":6,"skipped":0,"pct":40},"statements":{"total":74,"covered":25,"skipped":0,"pct":33.78},"branches":{"total":43,"covered":9,"skipped":0,"pct":20.93}}
,"/home/runner/work/cookie/cookie/frontend/src/hooks/useWakeLock.ts": {"lines":{"total":47,"covered":0,"skipped":0,"pct":0},"functions":{"total":10,"covered":0,"skipped":0,"pct":0},"statements":{"total":48,"covered":0,"skipped":0,"pct":0},"branches":{"total":20,"covered":0,"skipped":0,"pct":0}}
,"/home/runner/work/cookie/cookie/frontend/src/hooks/wakeLockUtils.ts": {"lines":{"total":22,"covered":0,"skipped":0,"pct":0},"functions":{"total":4,"covered":0,"skipped":0,"pct":0},"statements":{"total":24,"covered":0,"skipped":0,"pct":0},"branches":{"total":4,"covered":0,"skipped":0,"pct":0}}
,"/home/runner/work/cookie/cookie/frontend/src/lib/audio.ts": {"lines":{"total":46,"covered":44,"skipped":0,"pct":95.65},"functions":{"total":6,"covered":4,"skipped":0,"pct":66.66},"statements":{"total":46,"covered":44,"skipped":0,"pct":95.65},"branches":{"total":16,"covered":14,"skipped":0,"pct":87.5}}
,"/home/runner/work/cookie/cookie/frontend/src/lib/formatting.ts": {"lines":{"total":5,"covered":5,"skipped":0,"pct":100},"functions":{"total":1,"covered":1,"skipped":0,"pct":100},"statements":{"total":7,"covered":7,"skipped":0,"pct":100},"branches":{"total":6,"covered":6,"skipped":0,"pct":100}}
,"/home/runner/work/cookie/cookie/frontend/src/lib/utils.ts": {"lines":{"total":16,"covered":8,"skipped":0,"pct":50},"functions":{"total":4,"covered":3,"skipped":0,"pct":75},"statements":{"total":17,"covered":9,"skipped":0,"pct":52.94},"branches":{"total":10,"covered":4,"skipped":0,"pct":40}}
,"/home/runner/work/cookie/cookie/frontend/src/lib/webauthn.ts": {"lines":{"total":23,"covered":23,"skipped":0,"pct":100},"functions":{"total":8,"covered":8,"skipped":0,"pct":100},"statements":{"total":25,"covered":25,"skipped":0,"pct":100},"branches":{"total":10,"covered":10,"skipped":0,"pct":100}}
,"/home/runner/work/cookie/cookie/frontend/src/screens/AllRecipes.tsx": {"lines":{"total":31,"covered":19,"skipped":0,"pct":61.29},"functions":{"total":12,"covered":8,"skipped":0,"pct":66.66},"statements":{"total":35,"covered":23,"skipped":0,"pct":65.71},"branches":{"total":16,"covered":8,"skipped":0,"pct":50}}
,"/home/runner/work/cookie/cookie/frontend/src/screens/CollectionDetail.tsx": {"lines":{"total":18,"covered":15,"skipped":0,"pct":83.33},"functions":{"total":10,"covered":7,"skipped":0,"pct":70},"statements":{"total":19,"covered":15,"skipped":0,"pct":78.94},"branches":{"total":10,"covered":10,"skipped":0,"pct":100}}
,"/home/runner/work/cookie/cookie/frontend/src/screens/Collections.tsx": {"lines":{"total":8,"covered":6,"skipped":0,"pct":75},"functions":{"total":7,"covered":5,"skipped":0,"pct":71.42},"statements":{"total":8,"covered":6,"skipped":0,"pct":75},"branches":{"total":8,"covered":7,"skipped":0,"pct":87.5}}
,"/home/runner/work/cookie/cookie/frontend/src/screens/DiscoverTab.tsx": {"lines":{"total":17,"covered":0,"skipped":0,"pct":0},"functions":{"total":8,"covered":0,"skipped":0,"pct":0},"statements":{"total":17,"covered":0,"skipped":0,"pct":0},"branches":{"total":18,"covered":0,"skipped":0,"pct":0}}
,"/home/runner/work/cookie/cookie/frontend/src/screens/Favorites.tsx": {"lines":{"total":30,"covered":15,"skipped":0,"pct":50},"functions":{"total":10,"covered":5,"skipped":0,"pct":50},"statements":{"total":34,"covered":18,"skipped":0,"pct":52.94},"branches":{"total":10,"covered":6,"skipped":0,"pct":60}}
,"/home/runner/work/cookie/cookie/frontend/src/screens/FavoritesTab.tsx": {"lines":{"total":9,"covered":3,"skipped":0,"pct":33.33},"functions":{"total":8,"covered":2,"skipped":0,"pct":25},"statements":{"total":9,"covered":3,"skipped":0,"pct":33.33},"branches":{"total":6,"covered":5,"skipped":0,"pct":83.33}}
,"/home/runner/work/cookie/cookie/frontend/src/screens/Home.tsx": {"lines":{"total":23,"covered":12,"skipped":0,"pct":52.17},"functions":{"total":9,"covered":1,"skipped":0,"pct":11.11},"statements":{"total":24,"covered":12,"skipped":0,"pct":50},"branches":{"total":16,"covered":6,"skipped":0,"pct":37.5}}
,"/home/runner/work/cookie/cookie/frontend/src/screens/PairDevice.tsx": {"lines":{"total":3,"covered":2,"skipped":0,"pct":66.66},"functions":{"total":2,"covered":1,"skipped":0,"pct":50},"statements":{"total":3,"covered":2,"skipped":0,"pct":66.66},"branches":{"total":0,"covered":0,"skipped":0,"pct":100}}
,"/home/runner/work/cookie/cookie/frontend/src/screens/PasskeyLogin.tsx": {"lines":{"total":25,"covered":6,"skipped":0,"pct":24},"functions":{"total":2,"covered":1,"skipped":0,"pct":50},"statements":{"total":25,"covered":6,"skipped":0,"pct":24},"branches":{"total":20,"covered":6,"skipped":0,"pct":30}}
,"/home/runner/work/cookie/cookie/frontend/src/screens/PasskeyManage.tsx": {"lines":{"total":52,"covered":34,"skipped":0,"pct":65.38},"functions":{"total":13,"covered":11,"skipped":0,"pct":84.61},"statements":{"total":57,"covered":39,"skipped":0,"pct":68.42},"branches":{"total":34,"covered":17,"skipped":0,"pct":50}}
,"/home/runner/work/cookie/cookie/frontend/src/screens/PasskeyRegister.tsx": {"lines":{"total":22,"covered":6,"skipped":0,"pct":27.27},"functions":{"total":2,"covered":1,"skipped":0,"pct":50},"statements":{"total":22,"covered":6,"skipped":0,"pct":27.27},"branches":{"total":16,"covered":6,"skipped":0,"pct":37.5}}
,"/home/runner/work/cookie/cookie/frontend/src/screens/PlayMode.tsx": {"lines":{"total":47,"covered":38,"skipped":0,"pct":80.85},"functions":{"total":17,"covered":13,"skipped":0,"pct":76.47},"statements":{"total":57,"covered":42,"skipped":0,"pct":73.68},"branches":{"total":41,"covered":20,"skipped":0,"pct":48.78}}
,"/home/runner/work/cookie/cookie/frontend/src/screens/ProfileSelector.tsx": {"lines":{"total":44,"covered":38,"skipped":0,"pct":86.36},"functions":{"total":12,"covered":11,"skipped":0,"pct":91.66},"statements":{"total":47,"covered":40,"skipped":0,"pct":85.1},"branches":{"total":6,"covered":5,"skipped":0,"pct":83.33}}
,"/home/runner/work/cookie/cookie/frontend/src/screens/RecipeDetail.tsx": {"lines":{"total":8,"covered":6,"skipped":0,"pct":75},"functions":{"total":3,"covered":1,"skipped":0,"pct":33.33},"statements":{"total":8,"covered":6,"skipped":0,"pct":75},"branches":{"total":6,"covered":6,"skipped":0,"pct":100}}
,"/home/runner/work/cookie/cookie/frontend/src/screens/Search.tsx": {"lines":{"total":15,"covered":13,"skipped":0,"pct":86.66},"functions":{"total":10,"covered":8,"skipped":0,"pct":80},"statements":{"total":16,"covered":14,"skipped":0,"pct":87.5},"branches":{"total":28,"covered":23,"skipped":0,"pct":82.14}}
,"/home/runner/work/cookie/cookie/frontend/src/screens/Settings.tsx": {"lines":{"total":25,"covered":19,"skipped":0,"pct":76},"functions":{"total":13,"covered":7,"skipped":0,"pct":53.84},"statements":{"total":26,"covered":19,"skipped":0,"pct":73.07},"branches":{"total":10,"covered":7,"skipped":0,"pct":70}}
,"/home/runner/work/cookie/cookie/frontend/src/screens/components/LinkedRecipesNav.tsx": {"lines":{"total":5,"covered":0,"skipped":0,"pct":0},"functions":{"total":3,"covered":0,"skipped":0,"pct":0},"statements":{"total":6,"covered":0,"skipped":0,"pct":0},"branches":{"total":6,"covered":0,"skipped":0,"pct":0}}
,"/home/runner/work/cookie/cookie/frontend/src/screens/components/MetaSection.tsx": {"lines":{"total":4,"covered":4,"skipped":0,"pct":100},"functions":{"total":3,"covered":3,"skipped":0,"pct":100},"statements":{"total":5,"covered":4,"skipped":0,"pct":80},"branches":{"total":15,"covered":11,"skipped":0,"pct":73.33}}
,"/home/runner/work/cookie/cookie/frontend/src/screens/components/RecipeActions.tsx": {"lines":{"total":1,"covered":1,"skipped":0,"pct":100},"functions":{"total":1,"covered":1,"skipped":0,"pct":100},"statements":{"total":1,"covered":1,"skipped":0,"pct":100},"branches":{"total":8,"covered":8,"skipped":0,"pct":100}}
,"/home/runner/work/cookie/cookie/frontend/src/screens/components/RecipeHeader.tsx": {"lines":{"total":4,"covered":3,"skipped":0,"pct":75},"functions":{"total":2,"covered":1,"skipped":0,"pct":50},"statements":{"total":4,"covered":3,"skipped":0,"pct":75},"branches":{"total":13,"covered":11,"skipped":0,"pct":84.61}}
,"/home/runner/work/cookie/cookie/frontend/src/screens/components/RecipeIngredients.tsx": {"lines":{"total":8,"covered":8,"skipped":0,"pct":100},"functions":{"total":4,"covered":4,"skipped":0,"pct":100},"statements":{"total":8,"covered":8,"skipped":0,"pct":100},"branches":{"total":8,"covered":8,"skipped":0,"pct":100}}
,"/home/runner/work/cookie/cookie/frontend/src/screens/components/RecipeInstructions.tsx": {"lines":{"total":7,"covered":7,"skipped":0,"pct":100},"functions":{"total":3,"covered":3,"skipped":0,"pct":100},"statements":{"total":7,"covered":7,"skipped":0,"pct":100},"branches":{"total":12,"covered":12,"skipped":0,"pct":100}}
,"/home/runner/work/cookie/cookie/frontend/src/screens/components/RecipeTabs.tsx": {"lines":{"total":25,"covered":3,"skipped":0,"pct":12},"functions":{"total":13,"covered":2,"skipped":0,"pct":15.38},"statements":{"total":27,"covered":3,"skipped":0,"pct":11.11},"branches":{"total":42,"covered":9,"skipped":0,"pct":21.42}}
,"/home/runner/work/cookie/cookie/frontend/src/screens/components/ServingsDisplay.tsx": {"lines":{"total":10,"covered":4,"skipped":0,"pct":40},"functions":{"total":5,"covered":2,"skipped":0,"pct":40},"statements":{"total":11,"covered":4,"skipped":0,"pct":36.36},"branches":{"total":17,"covered":5,"skipped":0,"pct":29.41}}
,"/home/runner/work/cookie/cookie/frontend/src/screens/components/SettingsTabNav.tsx": {"lines":{"total":7,"covered":7,"skipped":0,"pct":100},"functions":{"total":5,"covered":5,"skipped":0,"pct":100},"statements":{"total":7,"covered":7,"skipped":0,"pct":100},"branches":{"total":6,"covered":6,"skipped":0,"pct":100}}
}
