{"/home/runner/work/cookie/cookie/frontend/src/App.tsx": {"path":"/home/runner/work/cookie/cookie/frontend/src/App.tsx","statementMap":{"0":{"start":{"line":5,"column":2},"end":{"line":5,"column":null}}},"fnMap":{"0":{"name":"App","decl":{"start":{"line":4,"column":9},"end":{"line":4,"column":15}},"loc":{"start":{"line":4,"column":15},"end":{"line":6,"column":null}},"line":4}},"branchMap":{},"s":{"0":0},"f":{"0":0},"b":{},"meta":{"lastBranch":0,"lastFunction":1,"lastStatement":1,"seen":{"f:4:9:4:15":0,"s:5:2:5:Infinity":0}}}
,"/home/runner/work/cookie/cookie/frontend/src/router.tsx": {"path":"/home/runner/work/cookie/cookie/frontend/src/router.tsx","statementMap":{"0":{"start":{"line":7,"column":6},"end":{"line":7,"column":null}},"1":{"start":{"line":7,"column":35},"end":{"line":7,"column":null}},"2":{"start":{"line":8,"column":6},"end":{"line":8,"column":null}},"3":{"start":{"line":8,"column":24},"end":{"line":8,"column":null}},"4":{"start":{"line":9,"column":6},"end":{"line":9,"column":null}},"5":{"start":{"line":9,"column":26},"end":{"line":9,"column":null}},"6":{"start":{"line":10,"column":6},"end":{"line":10,"column":null}},"7":{"start":{"line":10,"column":32},"end":{"line":10,"column":null}},"8":{"start":{"line":11,"column":6},"end":{"line":11,"column":null}},"9":{"start":{"line":11,"column":28},"end":{"line":11,"column":null}},"10":{"start":{"line":12,"column":6},"end":{"line":12,"column":null}},"11":{"start":{"line":12,"column":29},"end":{"line":12,"column":null}},"12":{"start":{"line":13,"column":6},"end":{"line":13,"column":null}},"13":{"start":{"line":13,"column":30},"end":{"line":13,"column":null}},"14":{"start":{"line":14,"column":6},"end":{"line":14,"column":null}},"15":{"start":{"line":14,"column":31},"end":{"line":14,"column":null}},"16":{"start":{"line":15,"column":6},"end":{"line":15,"column":null}},"17":{"start":{"line":15,"column":36},"end":{"line":15,"column":null}},"18":{"start":{"line":16,"column":6},"end":{"line":16,"column":null}},"19":{"start":{"line":16,"column":28},"end":{"line":16,"column":null}},"20":{"start":{"line":19,"column":2},"end":{"line":22,"column":null}},"21":{"start":{"line":28,"column":2},"end":{"line":36,"column":null}},"22":{"start":{"line":42,"column":27},"end":{"line":42,"column":null}},"23":{"start":{"line":43,"column":8},"end":{"line":43,"column":null}},"24":{"start":{"line":45,"column":2},"end":{"line":47,"column":null}},"25":{"start":{"line":46,"column":4},"end":{"line":46,"column":null}},"26":{"start":{"line":49,"column":2},"end":{"line":51,"column":null}},"27":{"start":{"line":50,"column":4},"end":{"line":50,"column":null}},"28":{"start":{"line":53,"column":2},"end":{"line":53,"column":null}},"29":{"start":{"line":58,"column":27},"end":{"line":58,"column":null}},"30":{"start":{"line":60,"column":2},"end":{"line":62,"column":null}},"31":{"start":{"line":61,"column":4},"end":{"line":61,"column":null}},"32":{"start":{"line":64,"column":2},"end":{"line":66,"column":null}},"33":{"start":{"line":65,"column":4},"end":{"line":65,"column":null}},"34":{"start":{"line":68,"column":2},"end":{"line":68,"column":null}},"35":{"start":{"line":71,"column":13},"end":{"line":162,"column":null}}},"fnMap":{"0":{"name":"(anonymous_0)","decl":{"start":{"line":7,"column":29},"end":{"line":7,"column":35}},"loc":{"start":{"line":7,"column":35},"end":{"line":7,"column":null}},"line":7},"1":{"name":"(anonymous_1)","decl":{"start":{"line":8,"column":18},"end":{"line":8,"column":24}},"loc":{"start":{"line":8,"column":24},"end":{"line":8,"column":null}},"line":8},"2":{"name":"(anonymous_2)","decl":{"start":{"line":9,"column":20},"end":{"line":9,"column":26}},"loc":{"start":{"line":9,"column":26},"end":{"line":9,"column":null}},"line":9},"3":{"name":"(anonymous_3)","decl":{"start":{"line":10,"column":26},"end":{"line":10,"column":32}},"loc":{"start":{"line":10,"column":32},"end":{"line":10,"column":null}},"line":10},"4":{"name":"(anonymous_4)","decl":{"start":{"line":11,"column":22},"end":{"line":11,"column":28}},"loc":{"start":{"line":11,"column":28},"end":{"line":11,"column":null}},"line":11},"5":{"name":"(anonymous_5)","decl":{"start":{"line":12,"column":23},"end":{"line":12,"column":29}},"loc":{"start":{"line":12,"column":29},"end":{"line":12,"column":null}},"line":12},"6":{"name":"(anonymous_6)","decl":{"start":{"line":13,"column":24},"end":{"line":13,"column":30}},"loc":{"start":{"line":13,"column":30},"end":{"line":13,"column":null}},"line":13},"7":{"name":"(anonymous_7)","decl":{"start":{"line":14,"column":25},"end":{"line":14,"column":31}},"loc":{"start":{"line":14,"column":31},"end":{"line":14,"column":null}},"line":14},"8":{"name":"(anonymous_8)","decl":{"start":{"line":15,"column":30},"end":{"line":15,"column":36}},"loc":{"start":{"line":15,"column":36},"end":{"line":15,"column":null}},"line":15},"9":{"name":"(anonymous_9)","decl":{"start":{"line":16,"column":22},"end":{"line":16,"column":28}},"loc":{"start":{"line":16,"column":28},"end":{"line":16,"column":null}},"line":16},"10":{"name":"LoadingFallback","decl":{"start":{"line":18,"column":9},"end":{"line":18,"column":27}},"loc":{"start":{"line":18,"column":27},"end":{"line":24,"column":null}},"line":18},"11":{"name":"AppLayout","decl":{"start":{"line":27,"column":9},"end":{"line":27,"column":21}},"loc":{"start":{"line":27,"column":21},"end":{"line":38,"column":null}},"line":27},"12":{"name":"ProtectedRoute","decl":{"start":{"line":41,"column":9},"end":{"line":41,"column":24}},"loc":{"start":{"line":41,"column":69},"end":{"line":54,"column":null}},"line":41},"13":{"name":"PublicRoute","decl":{"start":{"line":57,"column":9},"end":{"line":57,"column":21}},"loc":{"start":{"line":57,"column":66},"end":{"line":69,"column":null}},"line":57}},"branchMap":{"0":{"loc":{"start":{"line":45,"column":2},"end":{"line":47,"column":null}},"type":"if","locations":[{"start":{"line":45,"column":2},"end":{"line":47,"column":null}},{"start":{},"end":{}}],"line":45},"1":{"loc":{"start":{"line":49,"column":2},"end":{"line":51,"column":null}},"type":"if","locations":[{"start":{"line":49,"column":2},"end":{"line":51,"column":null}},{"start":{},"end":{}}],"line":49},"2":{"loc":{"start":{"line":60,"column":2},"end":{"line":62,"column":null}},"type":"if","locations":[{"start":{"line":60,"column":2},"end":{"line":62,"column":null}},{"start":{},"end":{}}],"line":60},"3":{"loc":{"start":{"line":64,"column":2},"end":{"line":66,"column":null}},"type":"if","locations":[{"start":{"line":64,"column":2},"end":{"line":66,"column":null}},{"start":{},"end":{}}],"line":64}},"s":{"0":0,"1":0,"2":0,"3":0,"4":0,"5":0,"6":0,"7":0,"8":0,"9":0,"10":0,"11":0,"12":0,"13":0,"14":0,"15":0,"16":0,"17":0,"18":0,"19":0,"20":0,"21":0,"22":0,"23":0,"24":0,"25":0,"26":0,"27":0,"28":0,"29":0,"30":0,"31":0,"32":0,"33":0,"34":0,"35":0},"f":{"0":0,"1":0,"2":0,"3":0,"4":0,"5":0,"6":0,"7":0,"8":0,"9":0,"10":0,"11":0,"12":0,"13":0},"b":{"0":[0,0],"1":[0,0],"2":[0,0],"3":[0,0]},"meta":{"lastBranch":4,"lastFunction":14,"lastStatement":36,"seen":{"s:7:6:7:Infinity":0,"f:7:29:7:35":0,"s:7:35:7:Infinity":1,"s:8:6:8:Infinity":2,"f:8:18:8:24":1,"s:8:24:8:Infinity":3,"s:9:6:9:Infinity":4,"f:9:20:9:26":2,"s:9:26:9:Infinity":5,"s:10:6:10:Infinity":6,"f:10:26:10:32":3,"s:10:32:10:Infinity":7,"s:11:6:11:Infinity":8,"f:11:22:11:28":4,"s:11:28:11:Infinity":9,"s:12:6:12:Infinity":10,"f:12:23:12:29":5,"s:12:29:12:Infinity":11,"s:13:6:13:Infinity":12,"f:13:24:13:30":6,"s:13:30:13:Infinity":13,"s:14:6:14:Infinity":14,"f:14:25:14:31":7,"s:14:31:14:Infinity":15,"s:15:6:15:Infinity":16,"f:15:30:15:36":8,"s:15:36:15:Infinity":17,"s:16:6:16:Infinity":18,"f:16:22:16:28":9,"s:16:28:16:Infinity":19,"f:18:9:18:27":10,"s:19:2:22:Infinity":20,"f:27:9:27:21":11,"s:28:2:36:Infinity":21,"f:41:9:41:24":12,"s:42:27:42:Infinity":22,"s:43:8:43:Infinity":23,"b:45:2:47:Infinity:undefined:undefined:undefined:undefined":0,"s:45:2:47:Infinity":24,"s:46:4:46:Infinity":25,"b:49:2:51:Infinity:undefined:undefined:undefined:undefined":1,"s:49:2:51:Infinity":26,"s:50:4:50:Infinity":27,"s:53:2:53:Infinity":28,"f:57:9:57:21":13,"s:58:27:58:Infinity":29,"b:60:2:62:Infinity:undefined:undefined:undefined:undefined":2,"s:60:2:62:Infinity":30,"s:61:4:61:Infinity":31,"b:64:2:66:Infinity:undefined:undefined:undefined:undefined":3,"s:64:2:66:Infinity":32,"s:65:4:65:Infinity":33,"s:68:2:68:Infinity":34,"s:71:13:162:Infinity":35}}}
,"/home/runner/work/cookie/cookie/frontend/src/api/client.ts": {"path":"/home/runner/work/cookie/cookie/frontend/src/api/client.ts","statementMap":{"0":{"start":{"line":88,"column":17},"end":{"line":88,"column":null}},"1":{"start":{"line":91,"column":16},"end":{"line":91,"column":null}},"2":{"start":{"line":92,"column":16},"end":{"line":92,"column":null}},"3":{"start":{"line":93,"column":2},"end":{"line":93,"column":null}},"4":{"start":{"line":93,"column":26},"end":{"line":93,"column":null}},"5":{"start":{"line":94,"column":2},"end":{"line":94,"column":null}},"6":{"start":{"line":101,"column":14},"end":{"line":101,"column":null}},"7":{"start":{"line":103,"column":8},"end":{"line":103,"column":null}},"8":{"start":{"line":104,"column":20},"end":{"line":104,"column":null}},"9":{"start":{"line":106,"column":30},"end":{"line":113,"column":null}},"10":{"start":{"line":115,"column":19},"end":{"line":115,"column":null}},"11":{"start":{"line":117,"column":2},"end":{"line":130,"column":null}},"12":{"start":{"line":119,"column":22},"end":{"line":119,"column":null}},"13":{"start":{"line":120,"column":23},"end":{"line":120,"column":null}},"14":{"start":{"line":123,"column":4},"end":{"line":128,"column":null}},"15":{"start":{"line":124,"column":24},"end":{"line":124,"column":null}},"16":{"start":{"line":125,"column":6},"end":{"line":125,"column":null}},"17":{"start":{"line":129,"column":4},"end":{"line":129,"column":null}},"18":{"start":{"line":133,"column":2},"end":{"line":135,"column":null}},"19":{"start":{"line":134,"column":4},"end":{"line":134,"column":null}},"20":{"start":{"line":137,"column":2},"end":{"line":137,"column":null}},"21":{"start":{"line":140,"column":19},"end":{"line":384,"column":null}},"22":{"start":{"line":142,"column":18},"end":{"line":142,"column":null}},"23":{"start":{"line":145,"column":6},"end":{"line":148,"column":null}},"24":{"start":{"line":151,"column":6},"end":{"line":154,"column":null}},"25":{"start":{"line":156,"column":18},"end":{"line":156,"column":null}},"26":{"start":{"line":159,"column":18},"end":{"line":159,"column":null}},"27":{"start":{"line":161,"column":35},"end":{"line":161,"column":null}},"28":{"start":{"line":164,"column":8},"end":{"line":167,"column":null}},"29":{"start":{"line":172,"column":8},"end":{"line":175,"column":null}},"30":{"start":{"line":178,"column":8},"end":{"line":185,"column":null}},"31":{"start":{"line":189,"column":6},"end":{"line":197,"column":null}},"32":{"start":{"line":200,"column":6},"end":{"line":203,"column":null}},"33":{"start":{"line":206,"column":6},"end":{"line":206,"column":null}},"34":{"start":{"line":209,"column":6},"end":{"line":215,"column":null}},"35":{"start":{"line":219,"column":16},"end":{"line":219,"column":null}},"36":{"start":{"line":221,"column":25},"end":{"line":221,"column":null}},"37":{"start":{"line":224,"column":6},"end":{"line":227,"column":null}},"38":{"start":{"line":230,"column":6},"end":{"line":233,"column":null}},"39":{"start":{"line":236,"column":6},"end":{"line":238,"column":null}},"40":{"start":{"line":241,"column":6},"end":{"line":243,"column":null}},"41":{"start":{"line":246,"column":6},"end":{"line":246,"column":null}},"42":{"start":{"line":250,"column":16},"end":{"line":250,"column":null}},"43":{"start":{"line":253,"column":6},"end":{"line":256,"column":null}},"44":{"start":{"line":259,"column":6},"end":{"line":261,"column":null}},"45":{"start":{"line":266,"column":6},"end":{"line":266,"column":null}},"46":{"start":{"line":269,"column":6},"end":{"line":272,"column":null}},"47":{"start":{"line":275,"column":6},"end":{"line":277,"column":null}},"48":{"start":{"line":281,"column":16},"end":{"line":281,"column":null}},"49":{"start":{"line":283,"column":25},"end":{"line":283,"column":null}},"50":{"start":{"line":286,"column":6},"end":{"line":289,"column":null}},"51":{"start":{"line":292,"column":6},"end":{"line":295,"column":null}},"52":{"start":{"line":298,"column":6},"end":{"line":300,"column":null}},"53":{"start":{"line":303,"column":6},"end":{"line":306,"column":null}},"54":{"start":{"line":309,"column":6},"end":{"line":311,"column":null}},"55":{"start":{"line":316,"column":6},"end":{"line":316,"column":null}},"56":{"start":{"line":318,"column":25},"end":{"line":318,"column":null}},"57":{"start":{"line":321,"column":21},"end":{"line":321,"column":null}},"58":{"start":{"line":322,"column":6},"end":{"line":322,"column":null}},"59":{"start":{"line":322,"column":19},"end":{"line":322,"column":null}},"60":{"start":{"line":323,"column":6},"end":{"line":323,"column":null}},"61":{"start":{"line":327,"column":6},"end":{"line":330,"column":null}},"62":{"start":{"line":334,"column":16},"end":{"line":334,"column":null}},"63":{"start":{"line":336,"column":25},"end":{"line":336,"column":null}},"64":{"start":{"line":339,"column":6},"end":{"line":339,"column":null}},"65":{"start":{"line":342,"column":6},"end":{"line":344,"column":null}},"66":{"start":{"line":347,"column":6},"end":{"line":353,"column":null}},"67":{"start":{"line":356,"column":6},"end":{"line":362,"column":null}},"68":{"start":{"line":365,"column":6},"end":{"line":367,"column":null}},"69":{"start":{"line":370,"column":6},"end":{"line":372,"column":null}},"70":{"start":{"line":376,"column":24},"end":{"line":376,"column":null}},"71":{"start":{"line":379,"column":6},"end":{"line":382,"column":null}}},"fnMap":{"0":{"name":"getCsrfToken","decl":{"start":{"line":90,"column":9},"end":{"line":90,"column":32}},"loc":{"start":{"line":90,"column":32},"end":{"line":95,"column":null}},"line":90},"1":{"name":"request","decl":{"start":{"line":97,"column":15},"end":{"line":97,"column":null}},"loc":{"start":{"line":100,"column":14},"end":{"line":138,"column":null}},"line":100},"2":{"name":"(anonymous_2)","decl":{"start":{"line":142,"column":12},"end":{"line":142,"column":18}},"loc":{"start":{"line":142,"column":18},"end":{"line":142,"column":null}},"line":142},"3":{"name":"(anonymous_3)","decl":{"start":{"line":144,"column":16},"end":{"line":144,"column":17}},"loc":{"start":{"line":145,"column":6},"end":{"line":148,"column":null}},"line":145},"4":{"name":"(anonymous_4)","decl":{"start":{"line":150,"column":16},"end":{"line":150,"column":17}},"loc":{"start":{"line":151,"column":6},"end":{"line":154,"column":null}},"line":151},"5":{"name":"(anonymous_5)","decl":{"start":{"line":156,"column":12},"end":{"line":156,"column":18}},"loc":{"start":{"line":156,"column":18},"end":{"line":156,"column":null}},"line":156},"6":{"name":"(anonymous_6)","decl":{"start":{"line":159,"column":12},"end":{"line":159,"column":18}},"loc":{"start":{"line":159,"column":18},"end":{"line":159,"column":null}},"line":159},"7":{"name":"(anonymous_7)","decl":{"start":{"line":161,"column":11},"end":{"line":161,"column":12}},"loc":{"start":{"line":161,"column":35},"end":{"line":161,"column":null}},"line":161},"8":{"name":"(anonymous_8)","decl":{"start":{"line":163,"column":14},"end":{"line":163,"column":15}},"loc":{"start":{"line":164,"column":8},"end":{"line":167,"column":null}},"line":164},"9":{"name":"(anonymous_9)","decl":{"start":{"line":171,"column":22},"end":{"line":171,"column":23}},"loc":{"start":{"line":172,"column":8},"end":{"line":175,"column":null}},"line":172},"10":{"name":"(anonymous_10)","decl":{"start":{"line":177,"column":14},"end":{"line":177,"column":15}},"loc":{"start":{"line":178,"column":8},"end":{"line":185,"column":null}},"line":178},"11":{"name":"(anonymous_11)","decl":{"start":{"line":188,"column":11},"end":{"line":188,"column":12}},"loc":{"start":{"line":189,"column":6},"end":{"line":197,"column":null}},"line":189},"12":{"name":"(anonymous_12)","decl":{"start":{"line":199,"column":10},"end":{"line":199,"column":11}},"loc":{"start":{"line":200,"column":6},"end":{"line":203,"column":null}},"line":200},"13":{"name":"(anonymous_13)","decl":{"start":{"line":205,"column":14},"end":{"line":205,"column":15}},"loc":{"start":{"line":206,"column":6},"end":{"line":206,"column":null}},"line":206},"14":{"name":"(anonymous_14)","decl":{"start":{"line":208,"column":15},"end":{"line":208,"column":16}},"loc":{"start":{"line":209,"column":6},"end":{"line":215,"column":null}},"line":209},"15":{"name":"(anonymous_15)","decl":{"start":{"line":219,"column":10},"end":{"line":219,"column":16}},"loc":{"start":{"line":219,"column":16},"end":{"line":219,"column":null}},"line":219},"16":{"name":"(anonymous_16)","decl":{"start":{"line":221,"column":9},"end":{"line":221,"column":10}},"loc":{"start":{"line":221,"column":25},"end":{"line":221,"column":null}},"line":221},"17":{"name":"(anonymous_17)","decl":{"start":{"line":223,"column":12},"end":{"line":223,"column":13}},"loc":{"start":{"line":224,"column":6},"end":{"line":227,"column":null}},"line":224},"18":{"name":"(anonymous_18)","decl":{"start":{"line":229,"column":12},"end":{"line":229,"column":13}},"loc":{"start":{"line":230,"column":6},"end":{"line":233,"column":null}},"line":230},"19":{"name":"(anonymous_19)","decl":{"start":{"line":235,"column":12},"end":{"line":235,"column":13}},"loc":{"start":{"line":236,"column":6},"end":{"line":238,"column":null}},"line":236},"20":{"name":"(anonymous_20)","decl":{"start":{"line":240,"column":12},"end":{"line":240,"column":13}},"loc":{"start":{"line":241,"column":6},"end":{"line":243,"column":null}},"line":241},"21":{"name":"(anonymous_21)","decl":{"start":{"line":245,"column":21},"end":{"line":245,"column":22}},"loc":{"start":{"line":246,"column":6},"end":{"line":246,"column":null}},"line":246},"22":{"name":"(anonymous_22)","decl":{"start":{"line":250,"column":10},"end":{"line":250,"column":16}},"loc":{"start":{"line":250,"column":16},"end":{"line":250,"column":null}},"line":250},"23":{"name":"(anonymous_23)","decl":{"start":{"line":252,"column":9},"end":{"line":252,"column":10}},"loc":{"start":{"line":253,"column":6},"end":{"line":256,"column":null}},"line":253},"24":{"name":"(anonymous_24)","decl":{"start":{"line":258,"column":12},"end":{"line":258,"column":13}},"loc":{"start":{"line":259,"column":6},"end":{"line":261,"column":null}},"line":259},"25":{"name":"(anonymous_25)","decl":{"start":{"line":265,"column":10},"end":{"line":265,"column":11}},"loc":{"start":{"line":266,"column":6},"end":{"line":266,"column":null}},"line":266},"26":{"name":"(anonymous_26)","decl":{"start":{"line":268,"column":12},"end":{"line":268,"column":13}},"loc":{"start":{"line":269,"column":6},"end":{"line":272,"column":null}},"line":269},"27":{"name":"(anonymous_27)","decl":{"start":{"line":274,"column":11},"end":{"line":274,"column":null}},"loc":{"start":{"line":275,"column":6},"end":{"line":277,"column":null}},"line":275},"28":{"name":"(anonymous_28)","decl":{"start":{"line":281,"column":10},"end":{"line":281,"column":16}},"loc":{"start":{"line":281,"column":16},"end":{"line":281,"column":null}},"line":281},"29":{"name":"(anonymous_29)","decl":{"start":{"line":283,"column":9},"end":{"line":283,"column":10}},"loc":{"start":{"line":283,"column":25},"end":{"line":283,"column":null}},"line":283},"30":{"name":"(anonymous_30)","decl":{"start":{"line":285,"column":12},"end":{"line":285,"column":13}},"loc":{"start":{"line":286,"column":6},"end":{"line":289,"column":null}},"line":286},"31":{"name":"(anonymous_31)","decl":{"start":{"line":291,"column":12},"end":{"line":291,"column":13}},"loc":{"start":{"line":292,"column":6},"end":{"line":295,"column":null}},"line":292},"32":{"name":"(anonymous_32)","decl":{"start":{"line":297,"column":12},"end":{"line":297,"column":13}},"loc":{"start":{"line":298,"column":6},"end":{"line":300,"column":null}},"line":298},"33":{"name":"(anonymous_33)","decl":{"start":{"line":302,"column":15},"end":{"line":302,"column":16}},"loc":{"start":{"line":303,"column":6},"end":{"line":306,"column":null}},"line":303},"34":{"name":"(anonymous_34)","decl":{"start":{"line":308,"column":18},"end":{"line":308,"column":19}},"loc":{"start":{"line":309,"column":6},"end":{"line":311,"column":null}},"line":309},"35":{"name":"(anonymous_35)","decl":{"start":{"line":315,"column":10},"end":{"line":315,"column":11}},"loc":{"start":{"line":316,"column":6},"end":{"line":316,"column":null}},"line":316},"36":{"name":"(anonymous_36)","decl":{"start":{"line":318,"column":9},"end":{"line":318,"column":10}},"loc":{"start":{"line":318,"column":25},"end":{"line":318,"column":null}},"line":318},"37":{"name":"(anonymous_37)","decl":{"start":{"line":320,"column":12},"end":{"line":320,"column":13}},"loc":{"start":{"line":320,"column":89},"end":{"line":324,"column":null}},"line":320},"38":{"name":"(anonymous_38)","decl":{"start":{"line":326,"column":12},"end":{"line":326,"column":13}},"loc":{"start":{"line":327,"column":6},"end":{"line":330,"column":null}},"line":327},"39":{"name":"(anonymous_39)","decl":{"start":{"line":334,"column":10},"end":{"line":334,"column":16}},"loc":{"start":{"line":334,"column":16},"end":{"line":334,"column":null}},"line":334},"40":{"name":"(anonymous_40)","decl":{"start":{"line":336,"column":9},"end":{"line":336,"column":10}},"loc":{"start":{"line":336,"column":25},"end":{"line":336,"column":null}},"line":336},"41":{"name":"(anonymous_41)","decl":{"start":{"line":338,"column":18},"end":{"line":338,"column":null}},"loc":{"start":{"line":339,"column":6},"end":{"line":339,"column":null}},"line":339},"42":{"name":"(anonymous_42)","decl":{"start":{"line":341,"column":12},"end":{"line":341,"column":13}},"loc":{"start":{"line":342,"column":6},"end":{"line":344,"column":null}},"line":342},"43":{"name":"(anonymous_43)","decl":{"start":{"line":346,"column":16},"end":{"line":346,"column":17}},"loc":{"start":{"line":347,"column":6},"end":{"line":353,"column":null}},"line":347},"44":{"name":"(anonymous_44)","decl":{"start":{"line":355,"column":20},"end":{"line":355,"column":21}},"loc":{"start":{"line":356,"column":6},"end":{"line":362,"column":null}},"line":356},"45":{"name":"(anonymous_45)","decl":{"start":{"line":364,"column":10},"end":{"line":364,"column":11}},"loc":{"start":{"line":365,"column":6},"end":{"line":367,"column":null}},"line":365},"46":{"name":"(anonymous_46)","decl":{"start":{"line":369,"column":13},"end":{"line":369,"column":null}},"loc":{"start":{"line":370,"column":6},"end":{"line":372,"column":null}},"line":370},"47":{"name":"(anonymous_47)","decl":{"start":{"line":376,"column":18},"end":{"line":376,"column":24}},"loc":{"start":{"line":376,"column":24},"end":{"line":376,"column":null}},"line":376},"48":{"name":"(anonymous_48)","decl":{"start":{"line":378,"column":11},"end":{"line":378,"column":12}},"loc":{"start":{"line":379,"column":6},"end":{"line":382,"column":null}},"line":379}},"branchMap":{"0":{"loc":{"start":{"line":93,"column":2},"end":{"line":93,"column":null}},"type":"if","locations":[{"start":{"line":93,"column":2},"end":{"line":93,"column":null}},{"start":{},"end":{}}],"line":93},"1":{"loc":{"start":{"line":93,"column":33},"end":{"line":93,"column":null}},"type":"binary-expr","locations":[{"start":{"line":93,"column":33},"end":{"line":93,"column":68}},{"start":{"line":93,"column":68},"end":{"line":93,"column":null}}],"line":93},"2":{"loc":{"start":{"line":99,"column":2},"end":{"line":99,"column":null}},"type":"default-arg","locations":[{"start":{"line":99,"column":25},"end":{"line":99,"column":null}}],"line":99},"3":{"loc":{"start":{"line":103,"column":18},"end":{"line":103,"column":43}},"type":"binary-expr","locations":[{"start":{"line":103,"column":18},"end":{"line":103,"column":36}},{"start":{"line":103,"column":36},"end":{"line":103,"column":43}}],"line":103},"4":{"loc":{"start":{"line":110,"column":10},"end":{"line":110,"column":null}},"type":"cond-expr","locations":[{"start":{"line":110,"column":22},"end":{"line":110,"column":58}},{"start":{"line":110,"column":58},"end":{"line":110,"column":null}}],"line":110},"5":{"loc":{"start":{"line":117,"column":2},"end":{"line":130,"column":null}},"type":"if","locations":[{"start":{"line":117,"column":2},"end":{"line":130,"column":null}},{"start":{},"end":{}}],"line":117},"6":{"loc":{"start":{"line":120,"column":23},"end":{"line":120,"column":null}},"type":"binary-expr","locations":[{"start":{"line":120,"column":23},"end":{"line":120,"column":36}},{"start":{"line":120,"column":36},"end":{"line":120,"column":null}}],"line":120},"7":{"loc":{"start":{"line":125,"column":21},"end":{"line":125,"column":null}},"type":"binary-expr","locations":[{"start":{"line":125,"column":21},"end":{"line":125,"column":41}},{"start":{"line":125,"column":41},"end":{"line":125,"column":62}},{"start":{"line":125,"column":62},"end":{"line":125,"column":null}}],"line":125},"8":{"loc":{"start":{"line":133,"column":2},"end":{"line":135,"column":null}},"type":"if","locations":[{"start":{"line":133,"column":2},"end":{"line":135,"column":null}},{"start":{},"end":{}}],"line":133},"9":{"loc":{"start":{"line":188,"column":73},"end":{"line":188,"column":null}},"type":"default-arg","locations":[{"start":{"line":188,"column":94},"end":{"line":188,"column":null}}],"line":188},"10":{"loc":{"start":{"line":199,"column":29},"end":{"line":199,"column":null}},"type":"default-arg","locations":[{"start":{"line":199,"column":51},"end":{"line":199,"column":null}}],"line":199},"11":{"loc":{"start":{"line":265,"column":11},"end":{"line":265,"column":null}},"type":"default-arg","locations":[{"start":{"line":265,"column":27},"end":{"line":265,"column":null}}],"line":265},"12":{"loc":{"start":{"line":315,"column":11},"end":{"line":315,"column":31}},"type":"default-arg","locations":[{"start":{"line":315,"column":27},"end":{"line":315,"column":31}}],"line":315},"13":{"loc":{"start":{"line":315,"column":31},"end":{"line":315,"column":null}},"type":"default-arg","locations":[{"start":{"line":315,"column":48},"end":{"line":315,"column":null}}],"line":315},"14":{"loc":{"start":{"line":320,"column":46},"end":{"line":320,"column":64}},"type":"default-arg","locations":[{"start":{"line":320,"column":61},"end":{"line":320,"column":64}}],"line":320},"15":{"loc":{"start":{"line":322,"column":6},"end":{"line":322,"column":null}},"type":"if","locations":[{"start":{"line":322,"column":6},"end":{"line":322,"column":null}},{"start":{},"end":{}}],"line":322}},"s":{"0":1,"1":14,"2":14,"3":14,"4":0,"5":14,"6":29,"7":29,"8":29,"9":29,"10":29,"11":28,"12":1,"13":1,"14":1,"15":1,"16":1,"17":1,"18":27,"19":5,"20":22,"21":1,"22":0,"23":0,"24":0,"25":0,"26":0,"27":0,"28":0,"29":0,"30":0,"31":0,"32":0,"33":0,"34":0,"35":2,"36":1,"37":1,"38":1,"39":1,"40":1,"41":0,"42":1,"43":1,"44":1,"45":2,"46":1,"47":1,"48":1,"49":1,"50":1,"51":1,"52":1,"53":1,"54":1,"55":3,"56":0,"57":4,"58":4,"59":1,"60":4,"61":1,"62":0,"63":0,"64":0,"65":0,"66":0,"67":0,"68":0,"69":0,"70":0,"71":0},"f":{"0":14,"1":29,"2":0,"3":0,"4":0,"5":0,"6":0,"7":0,"8":0,"9":0,"10":0,"11":0,"12":0,"13":0,"14":0,"15":2,"16":1,"17":1,"18":1,"19":1,"20":1,"21":0,"22":1,"23":1,"24":1,"25":2,"26":1,"27":1,"28":1,"29":1,"30":1,"31":1,"32":1,"33":1,"34":1,"35":3,"36":0,"37":4,"38":1,"39":0,"40":0,"41":0,"42":0,"43":0,"44":0,"45":0,"46":0,"47":0,"48":0},"b":{"0":[0,14],"1":[0,0],"2":[29],"3":[29,15],"4":[14,15],"5":[1,27],"6":[1,0],"7":[1,0,0],"8":[5,22],"9":[0],"10":[0],"11":[2],"12":[3],"13":[3],"14":[4],"15":[1,3]},"meta":{"lastBranch":16,"lastFunction":49,"lastStatement":72,"seen":{"s:88:17:88:Infinity":0,"f:90:9:90:32":0,"s:91:16:91:Infinity":1,"s:92:16:92:Infinity":2,"b:93:2:93:Infinity:undefined:undefined:undefined:undefined":0,"s:93:2:93:Infinity":3,"s:93:26:93:Infinity":4,"b:93:33:93:68:93:68:93:Infinity":1,"s:94:2:94:Infinity":5,"f:97:15:97:Infinity":1,"b:99:25:99:Infinity":2,"s:101:14:101:Infinity":6,"s:103:8:103:Infinity":7,"b:103:18:103:36:103:36:103:43":3,"s:104:20:104:Infinity":8,"s:106:30:113:Infinity":9,"b:110:22:110:58:110:58:110:Infinity":4,"s:115:19:115:Infinity":10,"b:117:2:130:Infinity:undefined:undefined:undefined:undefined":5,"s:117:2:130:Infinity":11,"s:119:22:119:Infinity":12,"s:120:23:120:Infinity":13,"b:120:23:120:36:120:36:120:Infinity":6,"s:123:4:128:Infinity":14,"s:124:24:124:Infinity":15,"s:125:6:125:Infinity":16,"b:125:21:125:41:125:41:125:62:125:62:125:Infinity":7,"s:129:4:129:Infinity":17,"b:133:2:135:Infinity:undefined:undefined:undefined:undefined":8,"s:133:2:135:Infinity":18,"s:134:4:134:Infinity":19,"s:137:2:137:Infinity":20,"s:140:19:384:Infinity":21,"f:142:12:142:18":2,"s:142:18:142:Infinity":22,"f:144:16:144:17":3,"s:145:6:148:Infinity":23,"f:150:16:150:17":4,"s:151:6:154:Infinity":24,"f:156:12:156:18":5,"s:156:18:156:Infinity":25,"f:159:12:159:18":6,"s:159:18:159:Infinity":26,"f:161:11:161:12":7,"s:161:35:161:Infinity":27,"f:163:14:163:15":8,"s:164:8:167:Infinity":28,"f:171:22:171:23":9,"s:172:8:175:Infinity":29,"f:177:14:177:15":10,"s:178:8:185:Infinity":30,"f:188:11:188:12":11,"s:189:6:197:Infinity":31,"b:188:94:188:Infinity":9,"f:199:10:199:11":12,"s:200:6:203:Infinity":32,"b:199:51:199:Infinity":10,"f:205:14:205:15":13,"s:206:6:206:Infinity":33,"f:208:15:208:16":14,"s:209:6:215:Infinity":34,"f:219:10:219:16":15,"s:219:16:219:Infinity":35,"f:221:9:221:10":16,"s:221:25:221:Infinity":36,"f:223:12:223:13":17,"s:224:6:227:Infinity":37,"f:229:12:229:13":18,"s:230:6:233:Infinity":38,"f:235:12:235:13":19,"s:236:6:238:Infinity":39,"f:240:12:240:13":20,"s:241:6:243:Infinity":40,"f:245:21:245:22":21,"s:246:6:246:Infinity":41,"f:250:10:250:16":22,"s:250:16:250:Infinity":42,"f:252:9:252:10":23,"s:253:6:256:Infinity":43,"f:258:12:258:13":24,"s:259:6:261:Infinity":44,"f:265:10:265:11":25,"s:266:6:266:Infinity":45,"b:265:27:265:Infinity":11,"f:268:12:268:13":26,"s:269:6:272:Infinity":46,"f:274:11:274:Infinity":27,"s:275:6:277:Infinity":47,"f:281:10:281:16":28,"s:281:16:281:Infinity":48,"f:283:9:283:10":29,"s:283:25:283:Infinity":49,"f:285:12:285:13":30,"s:286:6:289:Infinity":50,"f:291:12:291:13":31,"s:292:6:295:Infinity":51,"f:297:12:297:13":32,"s:298:6:300:Infinity":52,"f:302:15:302:16":33,"s:303:6:306:Infinity":53,"f:308:18:308:19":34,"s:309:6:311:Infinity":54,"f:315:10:315:11":35,"s:316:6:316:Infinity":55,"b:315:27:315:31":12,"b:315:48:315:Infinity":13,"f:318:9:318:10":36,"s:318:25:318:Infinity":56,"f:320:12:320:13":37,"b:320:61:320:64":14,"s:321:21:321:Infinity":57,"b:322:6:322:Infinity:undefined:undefined:undefined:undefined":15,"s:322:6:322:Infinity":58,"s:322:19:322:Infinity":59,"s:323:6:323:Infinity":60,"f:326:12:326:13":38,"s:327:6:330:Infinity":61,"f:334:10:334:16":39,"s:334:16:334:Infinity":62,"f:336:9:336:10":40,"s:336:25:336:Infinity":63,"f:338:18:338:Infinity":41,"s:339:6:339:Infinity":64,"f:341:12:341:13":42,"s:342:6:344:Infinity":65,"f:346:16:346:17":43,"s:347:6:353:Infinity":66,"f:355:20:355:21":44,"s:356:6:362:Infinity":67,"f:364:10:364:11":45,"s:365:6:367:Infinity":68,"f:369:13:369:Infinity":46,"s:370:6:372:Infinity":69,"f:376:18:376:24":47,"s:376:24:376:Infinity":70,"f:378:11:378:12":48,"s:379:6:382:Infinity":71}}}
,"/home/runner/work/cookie/cookie/frontend/src/api/types.ts": {"path":"/home/runner/work/cookie/cookie/frontend/src/api/types.ts","statementMap":{},"fnMap":{},"branchMap":{},"s":{},"f":{},"b":{},"meta":{"lastBranch":0,"lastFunction":0,"lastStatement":0,"seen":{}}}
,"/home/runner/work/cookie/cookie/frontend/src/components/AddToCollectionDropdown.tsx": {"path":"/home/runner/work/cookie/cookie/frontend/src/components/AddToCollectionDropdown.tsx","statementMap":{"0":{"start":{"line":16,"column":26},"end":{"line":16,"column":null}},"1":{"start":{"line":17,"column":36},"end":{"line":17,"column":null}},"2":{"start":{"line":18,"column":28},"end":{"line":18,"column":null}},"3":{"start":{"line":19,"column":30},"end":{"line":19,"column":null}},"4":{"start":{"line":20,"column":8},"end":{"line":20,"column":null}},"5":{"start":{"line":23,"column":2},"end":{"line":34,"column":null}},"6":{"start":{"line":24,"column":31},"end":{"line":28,"column":null}},"7":{"start":{"line":25,"column":6},"end":{"line":27,"column":null}},"8":{"start":{"line":26,"column":8},"end":{"line":26,"column":null}},"9":{"start":{"line":30,"column":4},"end":{"line":33,"column":null}},"10":{"start":{"line":31,"column":6},"end":{"line":31,"column":null}},"11":{"start":{"line":32,"column":6},"end":{"line":32,"column":null}},"12":{"start":{"line":32,"column":19},"end":{"line":32,"column":null}},"13":{"start":{"line":37,"column":2},"end":{"line":41,"column":null}},"14":{"start":{"line":38,"column":4},"end":{"line":40,"column":null}},"15":{"start":{"line":39,"column":6},"end":{"line":39,"column":null}},"16":{"start":{"line":43,"column":26},"end":{"line":54,"column":null}},"17":{"start":{"line":44,"column":4},"end":{"line":44,"column":null}},"18":{"start":{"line":45,"column":4},"end":{"line":53,"column":null}},"19":{"start":{"line":46,"column":19},"end":{"line":46,"column":null}},"20":{"start":{"line":47,"column":6},"end":{"line":47,"column":null}},"21":{"start":{"line":49,"column":6},"end":{"line":49,"column":null}},"22":{"start":{"line":50,"column":6},"end":{"line":50,"column":null}},"23":{"start":{"line":52,"column":6},"end":{"line":52,"column":null}},"24":{"start":{"line":56,"column":32},"end":{"line":73,"column":null}},"25":{"start":{"line":57,"column":4},"end":{"line":57,"column":null}},"26":{"start":{"line":58,"column":4},"end":{"line":72,"column":null}},"27":{"start":{"line":59,"column":6},"end":{"line":59,"column":null}},"28":{"start":{"line":60,"column":25},"end":{"line":60,"column":null}},"29":{"start":{"line":60,"column":49},"end":{"line":60,"column":70}},"30":{"start":{"line":61,"column":6},"end":{"line":61,"column":null}},"31":{"start":{"line":62,"column":6},"end":{"line":62,"column":null}},"32":{"start":{"line":64,"column":6},"end":{"line":69,"column":null}},"33":{"start":{"line":65,"column":8},"end":{"line":65,"column":null}},"34":{"start":{"line":67,"column":8},"end":{"line":67,"column":null}},"35":{"start":{"line":68,"column":8},"end":{"line":68,"column":null}},"36":{"start":{"line":71,"column":6},"end":{"line":71,"column":null}},"37":{"start":{"line":75,"column":26},"end":{"line":78,"column":null}},"38":{"start":{"line":76,"column":4},"end":{"line":76,"column":null}},"39":{"start":{"line":77,"column":4},"end":{"line":77,"column":null}},"40":{"start":{"line":80,"column":2},"end":{"line":143,"column":null}},"41":{"start":{"line":83,"column":23},"end":{"line":83,"column":null}},"42":{"start":{"line":106,"column":22},"end":{"line":120,"column":null}},"43":{"start":{"line":108,"column":39},"end":{"line":108,"column":null}}},"fnMap":{"0":{"name":"AddToCollectionDropdown","decl":{"start":{"line":12,"column":24},"end":{"line":12,"column":48}},"loc":{"start":{"line":15,"column":33},"end":{"line":145,"column":null}},"line":15},"1":{"name":"(anonymous_1)","decl":{"start":{"line":23,"column":12},"end":{"line":23,"column":18}},"loc":{"start":{"line":23,"column":18},"end":{"line":34,"column":5}},"line":23},"2":{"name":"(anonymous_2)","decl":{"start":{"line":24,"column":31},"end":{"line":24,"column":32}},"loc":{"start":{"line":24,"column":50},"end":{"line":28,"column":null}},"line":24},"3":{"name":"(anonymous_3)","decl":{"start":{"line":32,"column":13},"end":{"line":32,"column":19}},"loc":{"start":{"line":32,"column":19},"end":{"line":32,"column":null}},"line":32},"4":{"name":"(anonymous_4)","decl":{"start":{"line":37,"column":12},"end":{"line":37,"column":18}},"loc":{"start":{"line":37,"column":18},"end":{"line":41,"column":5}},"line":37},"5":{"name":"(anonymous_5)","decl":{"start":{"line":43,"column":26},"end":{"line":43,"column":38}},"loc":{"start":{"line":43,"column":38},"end":{"line":54,"column":null}},"line":43},"6":{"name":"(anonymous_6)","decl":{"start":{"line":56,"column":32},"end":{"line":56,"column":39}},"loc":{"start":{"line":56,"column":64},"end":{"line":73,"column":null}},"line":56},"7":{"name":"(anonymous_7)","decl":{"start":{"line":60,"column":42},"end":{"line":60,"column":43}},"loc":{"start":{"line":60,"column":49},"end":{"line":60,"column":70}},"line":60},"8":{"name":"(anonymous_8)","decl":{"start":{"line":75,"column":26},"end":{"line":75,"column":32}},"loc":{"start":{"line":75,"column":32},"end":{"line":78,"column":null}},"line":75},"9":{"name":"(anonymous_9)","decl":{"start":{"line":83,"column":17},"end":{"line":83,"column":23}},"loc":{"start":{"line":83,"column":23},"end":{"line":83,"column":null}},"line":83},"10":{"name":"(anonymous_10)","decl":{"start":{"line":105,"column":37},"end":{"line":105,"column":38}},"loc":{"start":{"line":106,"column":22},"end":{"line":120,"column":null}},"line":106},"11":{"name":"(anonymous_11)","decl":{"start":{"line":108,"column":33},"end":{"line":108,"column":39}},"loc":{"start":{"line":108,"column":39},"end":{"line":108,"column":null}},"line":108}},"branchMap":{"0":{"loc":{"start":{"line":25,"column":6},"end":{"line":27,"column":null}},"type":"if","locations":[{"start":{"line":25,"column":6},"end":{"line":27,"column":null}},{"start":{},"end":{}}],"line":25},"1":{"loc":{"start":{"line":25,"column":10},"end":{"line":25,"column":82}},"type":"binary-expr","locations":[{"start":{"line":25,"column":10},"end":{"line":25,"column":33}},{"start":{"line":25,"column":33},"end":{"line":25,"column":82}}],"line":25},"2":{"loc":{"start":{"line":30,"column":4},"end":{"line":33,"column":null}},"type":"if","locations":[{"start":{"line":30,"column":4},"end":{"line":33,"column":null}},{"start":{},"end":{}}],"line":30},"3":{"loc":{"start":{"line":38,"column":4},"end":{"line":40,"column":null}},"type":"if","locations":[{"start":{"line":38,"column":4},"end":{"line":40,"column":null}},{"start":{},"end":{}}],"line":38},"4":{"loc":{"start":{"line":61,"column":32},"end":{"line":61,"column":64}},"type":"binary-expr","locations":[{"start":{"line":61,"column":32},"end":{"line":61,"column":52}},{"start":{"line":61,"column":52},"end":{"line":61,"column":64}}],"line":61},"5":{"loc":{"start":{"line":64,"column":6},"end":{"line":69,"column":null}},"type":"if","locations":[{"start":{"line":64,"column":6},"end":{"line":69,"column":null}},{"start":{"line":66,"column":13},"end":{"line":69,"column":null}}],"line":64},"6":{"loc":{"start":{"line":64,"column":10},"end":{"line":64,"column":71}},"type":"binary-expr","locations":[{"start":{"line":64,"column":10},"end":{"line":64,"column":36}},{"start":{"line":64,"column":36},"end":{"line":64,"column":71}}],"line":64},"7":{"loc":{"start":{"line":90,"column":7},"end":{"line":141,"column":null}},"type":"binary-expr","locations":[{"start":{"line":90,"column":7},"end":{"line":90,"column":null}},{"start":{"line":91,"column":8},"end":{"line":141,"column":null}}],"line":90},"8":{"loc":{"start":{"line":97,"column":13},"end":{"line":138,"column":null}},"type":"cond-expr","locations":[{"start":{"line":98,"column":14},"end":{"line":100,"column":null}},{"start":{"line":102,"column":14},"end":{"line":138,"column":null}}],"line":97},"9":{"loc":{"start":{"line":103,"column":17},"end":{"line":126,"column":null}},"type":"cond-expr","locations":[{"start":{"line":104,"column":18},"end":{"line":122,"column":null}},{"start":{"line":124,"column":18},"end":{"line":126,"column":null}}],"line":103},"10":{"loc":{"start":{"line":117,"column":25},"end":{"line":118,"column":null}},"type":"binary-expr","locations":[{"start":{"line":117,"column":25},"end":{"line":117,"column":null}},{"start":{"line":118,"column":26},"end":{"line":118,"column":null}}],"line":117}},"s":{"0":47,"1":47,"2":47,"3":47,"4":47,"5":47,"6":25,"7":1,"8":1,"9":25,"10":10,"11":10,"12":10,"13":47,"14":25,"15":10,"16":47,"17":10,"18":10,"19":10,"20":9,"21":0,"22":0,"23":9,"24":47,"25":3,"26":3,"27":3,"28":2,"29":2,"30":2,"31":3,"32":0,"33":0,"34":0,"35":0,"36":2,"37":47,"38":1,"39":1,"40":47,"41":10,"42":8,"43":3},"f":{"0":47,"1":25,"2":1,"3":10,"4":25,"5":10,"6":3,"7":2,"8":1,"9":10,"10":8,"11":3},"b":{"0":[1,0],"1":[1,1],"2":[10,15],"3":[10,15],"4":[2,0],"5":[0,0],"6":[0,0],"7":[47,32],"8":[10,22],"9":[7,15],"10":[8,3]},"meta":{"lastBranch":11,"lastFunction":12,"lastStatement":44,"seen":{"f:12:24:12:48":0,"s:16:26:16:Infinity":0,"s:17:36:17:Infinity":1,"s:18:28:18:Infinity":2,"s:19:30:19:Infinity":3,"s:20:8:20:Infinity":4,"s:23:2:34:Infinity":5,"f:23:12:23:18":1,"s:24:31:28:Infinity":6,"f:24:31:24:32":2,"b:25:6:27:Infinity:undefined:undefined:undefined:undefined":0,"s:25:6:27:Infinity":7,"b:25:10:25:33:25:33:25:82":1,"s:26:8:26:Infinity":8,"b:30:4:33:Infinity:undefined:undefined:undefined:undefined":2,"s:30:4:33:Infinity":9,"s:31:6:31:Infinity":10,"s:32:6:32:Infinity":11,"f:32:13:32:19":3,"s:32:19:32:Infinity":12,"s:37:2:41:Infinity":13,"f:37:12:37:18":4,"b:38:4:40:Infinity:undefined:undefined:undefined:undefined":3,"s:38:4:40:Infinity":14,"s:39:6:39:Infinity":15,"s:43:26:54:Infinity":16,"f:43:26:43:38":5,"s:44:4:44:Infinity":17,"s:45:4:53:Infinity":18,"s:46:19:46:Infinity":19,"s:47:6:47:Infinity":20,"s:49:6:49:Infinity":21,"s:50:6:50:Infinity":22,"s:52:6:52:Infinity":23,"s:56:32:73:Infinity":24,"f:56:32:56:39":6,"s:57:4:57:Infinity":25,"s:58:4:72:Infinity":26,"s:59:6:59:Infinity":27,"s:60:25:60:Infinity":28,"f:60:42:60:43":7,"s:60:49:60:70":29,"s:61:6:61:Infinity":30,"b:61:32:61:52:61:52:61:64":4,"s:62:6:62:Infinity":31,"b:64:6:69:Infinity:66:13:69:Infinity":5,"s:64:6:69:Infinity":32,"b:64:10:64:36:64:36:64:71":6,"s:65:8:65:Infinity":33,"s:67:8:67:Infinity":34,"s:68:8:68:Infinity":35,"s:71:6:71:Infinity":36,"s:75:26:78:Infinity":37,"f:75:26:75:32":8,"s:76:4:76:Infinity":38,"s:77:4:77:Infinity":39,"s:80:2:143:Infinity":40,"f:83:17:83:23":9,"s:83:23:83:Infinity":41,"b:90:7:90:Infinity:91:8:141:Infinity":7,"b:98:14:100:Infinity:102:14:138:Infinity":8,"b:104:18:122:Infinity:124:18:126:Infinity":9,"f:105:37:105:38":10,"s:106:22:120:Infinity":42,"f:108:33:108:39":11,"s:108:39:108:Infinity":43,"b:117:25:117:Infinity:118:26:118:Infinity":10}}}
,"/home/runner/work/cookie/cookie/frontend/src/components/ErrorBoundary.tsx": {"path":"/home/runner/work/cookie/cookie/frontend/src/components/ErrorBoundary.tsx","statementMap":{"0":{"start":{"line":48,"column":16},"end":{"line":50,"column":null}},"1":{"start":{"line":33,"column":4},"end":{"line":33,"column":null}},"2":{"start":{"line":34,"column":4},"end":{"line":34,"column":null}},"3":{"start":{"line":38,"column":4},"end":{"line":38,"column":null}},"4":{"start":{"line":42,"column":4},"end":{"line":42,"column":null}},"5":{"start":{"line":45,"column":4},"end":{"line":45,"column":null}},"6":{"start":{"line":49,"column":4},"end":{"line":49,"column":null}},"7":{"start":{"line":53,"column":32},"end":{"line":53,"column":null}},"8":{"start":{"line":54,"column":35},"end":{"line":54,"column":null}},"9":{"start":{"line":56,"column":4},"end":{"line":113,"column":null}},"10":{"start":{"line":58,"column":6},"end":{"line":60,"column":null}},"11":{"start":{"line":59,"column":8},"end":{"line":59,"column":null}},"12":{"start":{"line":63,"column":6},"end":{"line":111,"column":null}},"13":{"start":{"line":104,"column":31},"end":{"line":104,"column":null}},"14":{"start":{"line":115,"column":4},"end":{"line":115,"column":null}}},"fnMap":{"0":{"name":"(anonymous_0)","decl":{"start":{"line":32,"column":2},"end":{"line":32,"column":14}},"loc":{"start":{"line":32,"column":28},"end":{"line":35,"column":null}},"line":32},"1":{"name":"(anonymous_1)","decl":{"start":{"line":37,"column":9},"end":{"line":37,"column":34}},"loc":{"start":{"line":37,"column":64},"end":{"line":39,"column":null}},"line":37},"2":{"name":"(anonymous_2)","decl":{"start":{"line":41,"column":2},"end":{"line":41,"column":20}},"loc":{"start":{"line":41,"column":62},"end":{"line":46,"column":null}},"line":41},"3":{"name":"(anonymous_3)","decl":{"start":{"line":48,"column":16},"end":{"line":48,"column":28}},"loc":{"start":{"line":48,"column":28},"end":{"line":50,"column":null}},"line":48},"4":{"name":"(anonymous_4)","decl":{"start":{"line":52,"column":2},"end":{"line":52,"column":22}},"loc":{"start":{"line":52,"column":22},"end":{"line":116,"column":null}},"line":52},"5":{"name":"(anonymous_5)","decl":{"start":{"line":104,"column":25},"end":{"line":104,"column":31}},"loc":{"start":{"line":104,"column":31},"end":{"line":104,"column":null}},"line":104}},"branchMap":{"0":{"loc":{"start":{"line":56,"column":4},"end":{"line":113,"column":null}},"type":"if","locations":[{"start":{"line":56,"column":4},"end":{"line":113,"column":null}},{"start":{},"end":{}}],"line":56},"1":{"loc":{"start":{"line":58,"column":6},"end":{"line":60,"column":null}},"type":"if","locations":[{"start":{"line":58,"column":6},"end":{"line":60,"column":null}},{"start":{},"end":{}}],"line":58},"2":{"loc":{"start":{"line":82,"column":13},"end":{"line":90,"column":null}},"type":"binary-expr","locations":[{"start":{"line":82,"column":13},"end":{"line":82,"column":36}},{"start":{"line":82,"column":36},"end":{"line":82,"column":null}},{"start":{"line":83,"column":14},"end":{"line":90,"column":null}}],"line":82}},"s":{"0":1,"1":20,"2":20,"3":18,"4":9,"5":9,"6":1,"7":47,"8":47,"9":47,"10":27,"11":3,"12":24,"13":1,"14":20},"f":{"0":20,"1":19,"2":9,"3":1,"4":47,"5":1},"b":{"0":[27,20],"1":[3,24],"2":[24,24,24]},"meta":{"lastBranch":3,"lastFunction":6,"lastStatement":15,"seen":{"s:48:16:50:Infinity":0,"f:32:2:32:14":0,"s:33:4:33:Infinity":1,"s:34:4:34:Infinity":2,"f:37:9:37:34":1,"s:38:4:38:Infinity":3,"f:41:2:41:20":2,"s:42:4:42:Infinity":4,"s:45:4:45:Infinity":5,"f:48:16:48:28":3,"s:49:4:49:Infinity":6,"f:52:2:52:22":4,"s:53:32:53:Infinity":7,"s:54:35:54:Infinity":8,"b:56:4:113:Infinity:undefined:undefined:undefined:undefined":0,"s:56:4:113:Infinity":9,"b:58:6:60:Infinity:undefined:undefined:undefined:undefined":1,"s:58:6:60:Infinity":10,"s:59:8:59:Infinity":11,"s:63:6:111:Infinity":12,"b:82:13:82:36:82:36:82:Infinity:83:14:90:Infinity":2,"f:104:25:104:31":5,"s:104:31:104:Infinity":13,"s:115:4:115:Infinity":14}}}
,"/home/runner/work/cookie/cookie/frontend/src/components/NavHeader.tsx": {"path":"/home/runner/work/cookie/cookie/frontend/src/components/NavHeader.tsx","statementMap":{"0":{"start":{"line":7,"column":8},"end":{"line":7,"column":null}},"1":{"start":{"line":8,"column":46},"end":{"line":8,"column":null}},"2":{"start":{"line":9,"column":38},"end":{"line":9,"column":null}},"3":{"start":{"line":10,"column":8},"end":{"line":10,"column":null}},"4":{"start":{"line":12,"column":23},"end":{"line":15,"column":null}},"5":{"start":{"line":13,"column":4},"end":{"line":13,"column":null}},"6":{"start":{"line":14,"column":4},"end":{"line":14,"column":null}},"7":{"start":{"line":17,"column":21},"end":{"line":19,"column":null}},"8":{"start":{"line":18,"column":4},"end":{"line":18,"column":null}},"9":{"start":{"line":22,"column":2},"end":{"line":31,"column":null}},"10":{"start":{"line":23,"column":4},"end":{"line":23,"column":null}},"11":{"start":{"line":23,"column":23},"end":{"line":23,"column":null}},"12":{"start":{"line":24,"column":24},"end":{"line":28,"column":null}},"13":{"start":{"line":25,"column":6},"end":{"line":27,"column":null}},"14":{"start":{"line":26,"column":8},"end":{"line":26,"column":null}},"15":{"start":{"line":29,"column":4},"end":{"line":29,"column":null}},"16":{"start":{"line":30,"column":4},"end":{"line":30,"column":null}},"17":{"start":{"line":30,"column":17},"end":{"line":30,"column":null}},"18":{"start":{"line":33,"column":2},"end":{"line":33,"column":null}},"19":{"start":{"line":33,"column":16},"end":{"line":33,"column":null}},"20":{"start":{"line":35,"column":2},"end":{"line":134,"column":null}},"21":{"start":{"line":38,"column":23},"end":{"line":38,"column":null}},"22":{"start":{"line":47,"column":25},"end":{"line":47,"column":null}},"23":{"start":{"line":56,"column":25},"end":{"line":56,"column":null}},"24":{"start":{"line":65,"column":25},"end":{"line":65,"column":null}},"25":{"start":{"line":74,"column":25},"end":{"line":74,"column":null}},"26":{"start":{"line":96,"column":25},"end":{"line":96,"column":null}},"27":{"start":{"line":106,"column":27},"end":{"line":106,"column":null}},"28":{"start":{"line":117,"column":33},"end":{"line":117,"column":57}},"29":{"start":{"line":117,"column":57},"end":{"line":117,"column":72}},"30":{"start":{"line":124,"column":33},"end":{"line":124,"column":57}},"31":{"start":{"line":124,"column":57},"end":{"line":124,"column":72}}},"fnMap":{"0":{"name":"NavHeader","decl":{"start":{"line":6,"column":24},"end":{"line":6,"column":36}},"loc":{"start":{"line":6,"column":36},"end":{"line":136,"column":null}},"line":6},"1":{"name":"(anonymous_1)","decl":{"start":{"line":12,"column":23},"end":{"line":12,"column":29}},"loc":{"start":{"line":12,"column":29},"end":{"line":15,"column":null}},"line":12},"2":{"name":"(anonymous_2)","decl":{"start":{"line":17,"column":21},"end":{"line":17,"column":22}},"loc":{"start":{"line":17,"column":39},"end":{"line":19,"column":null}},"line":17},"3":{"name":"(anonymous_3)","decl":{"start":{"line":22,"column":12},"end":{"line":22,"column":18}},"loc":{"start":{"line":22,"column":18},"end":{"line":31,"column":5}},"line":22},"4":{"name":"(anonymous_4)","decl":{"start":{"line":24,"column":24},"end":{"line":24,"column":25}},"loc":{"start":{"line":24,"column":43},"end":{"line":28,"column":null}},"line":24},"5":{"name":"(anonymous_5)","decl":{"start":{"line":30,"column":11},"end":{"line":30,"column":17}},"loc":{"start":{"line":30,"column":17},"end":{"line":30,"column":null}},"line":30},"6":{"name":"(anonymous_6)","decl":{"start":{"line":38,"column":17},"end":{"line":38,"column":23}},"loc":{"start":{"line":38,"column":23},"end":{"line":38,"column":null}},"line":38},"7":{"name":"(anonymous_7)","decl":{"start":{"line":47,"column":19},"end":{"line":47,"column":25}},"loc":{"start":{"line":47,"column":25},"end":{"line":47,"column":null}},"line":47},"8":{"name":"(anonymous_8)","decl":{"start":{"line":56,"column":19},"end":{"line":56,"column":25}},"loc":{"start":{"line":56,"column":25},"end":{"line":56,"column":null}},"line":56},"9":{"name":"(anonymous_9)","decl":{"start":{"line":65,"column":19},"end":{"line":65,"column":25}},"loc":{"start":{"line":65,"column":25},"end":{"line":65,"column":null}},"line":65},"10":{"name":"(anonymous_10)","decl":{"start":{"line":74,"column":19},"end":{"line":74,"column":25}},"loc":{"start":{"line":74,"column":25},"end":{"line":74,"column":null}},"line":74},"11":{"name":"(anonymous_11)","decl":{"start":{"line":96,"column":19},"end":{"line":96,"column":25}},"loc":{"start":{"line":96,"column":25},"end":{"line":96,"column":null}},"line":96},"12":{"name":"(anonymous_12)","decl":{"start":{"line":106,"column":21},"end":{"line":106,"column":27}},"loc":{"start":{"line":106,"column":27},"end":{"line":106,"column":null}},"line":106},"13":{"name":"(anonymous_13)","decl":{"start":{"line":117,"column":25},"end":{"line":117,"column":31}},"loc":{"start":{"line":117,"column":31},"end":{"line":117,"column":null}},"line":117},"14":{"name":"(anonymous_14)","decl":{"start":{"line":124,"column":25},"end":{"line":124,"column":31}},"loc":{"start":{"line":124,"column":31},"end":{"line":124,"column":null}},"line":124}},"branchMap":{"0":{"loc":{"start":{"line":23,"column":4},"end":{"line":23,"column":null}},"type":"if","locations":[{"start":{"line":23,"column":4},"end":{"line":23,"column":null}},{"start":{},"end":{}}],"line":23},"1":{"loc":{"start":{"line":25,"column":6},"end":{"line":27,"column":null}},"type":"if","locations":[{"start":{"line":25,"column":6},"end":{"line":27,"column":null}},{"start":{},"end":{}}],"line":25},"2":{"loc":{"start":{"line":25,"column":10},"end":{"line":25,"column":82}},"type":"binary-expr","locations":[{"start":{"line":25,"column":10},"end":{"line":25,"column":33}},{"start":{"line":25,"column":33},"end":{"line":25,"column":82}}],"line":25},"3":{"loc":{"start":{"line":33,"column":2},"end":{"line":33,"column":null}},"type":"if","locations":[{"start":{"line":33,"column":2},"end":{"line":33,"column":null}},{"start":{},"end":{}}],"line":33},"4":{"loc":{"start":{"line":85,"column":22},"end":{"line":85,"column":null}},"type":"cond-expr","locations":[{"start":{"line":85,"column":42},"end":{"line":85,"column":66}},{"start":{"line":85,"column":66},"end":{"line":85,"column":null}}],"line":85},"5":{"loc":{"start":{"line":87,"column":11},"end":{"line":90,"column":null}},"type":"cond-expr","locations":[{"start":{"line":88,"column":12},"end":{"line":88,"column":null}},{"start":{"line":90,"column":12},"end":{"line":90,"column":null}}],"line":87},"6":{"loc":{"start":{"line":114,"column":11},"end":{"line":130,"column":null}},"type":"binary-expr","locations":[{"start":{"line":114,"column":11},"end":{"line":114,"column":null}},{"start":{"line":115,"column":12},"end":{"line":130,"column":null}}],"line":114}},"s":{"0":68,"1":68,"2":68,"3":68,"4":68,"5":0,"6":0,"7":68,"8":37,"9":68,"10":30,"11":30,"12":0,"13":0,"14":0,"15":0,"16":0,"17":0,"18":68,"19":31,"20":37,"21":1,"22":1,"23":0,"24":1,"25":1,"26":1,"27":0,"28":0,"29":0,"30":0,"31":0},"f":{"0":68,"1":0,"2":37,"3":30,"4":0,"5":0,"6":1,"7":1,"8":0,"9":1,"10":1,"11":1,"12":0,"13":0,"14":0},"b":{"0":[30,0],"1":[0,0],"2":[0,0],"3":[31,37],"4":[37,0],"5":[37,0],"6":[68,0]},"meta":{"lastBranch":7,"lastFunction":15,"lastStatement":32,"seen":{"f:6:24:6:36":0,"s:7:8:7:Infinity":0,"s:8:46:8:Infinity":1,"s:9:38:9:Infinity":2,"s:10:8:10:Infinity":3,"s:12:23:15:Infinity":4,"f:12:23:12:29":1,"s:13:4:13:Infinity":5,"s:14:4:14:Infinity":6,"s:17:21:19:Infinity":7,"f:17:21:17:22":2,"s:18:4:18:Infinity":8,"s:22:2:31:Infinity":9,"f:22:12:22:18":3,"b:23:4:23:Infinity:undefined:undefined:undefined:undefined":0,"s:23:4:23:Infinity":10,"s:23:23:23:Infinity":11,"s:24:24:28:Infinity":12,"f:24:24:24:25":4,"b:25:6:27:Infinity:undefined:undefined:undefined:undefined":1,"s:25:6:27:Infinity":13,"b:25:10:25:33:25:33:25:82":2,"s:26:8:26:Infinity":14,"s:29:4:29:Infinity":15,"s:30:4:30:Infinity":16,"f:30:11:30:17":5,"s:30:17:30:Infinity":17,"b:33:2:33:Infinity:undefined:undefined:undefined:undefined":3,"s:33:2:33:Infinity":18,"s:33:16:33:Infinity":19,"s:35:2:134:Infinity":20,"f:38:17:38:23":6,"s:38:23:38:Infinity":21,"f:47:19:47:25":7,"s:47:25:47:Infinity":22,"f:56:19:56:25":8,"s:56:25:56:Infinity":23,"f:65:19:65:25":9,"s:65:25:65:Infinity":24,"f:74:19:74:25":10,"s:74:25:74:Infinity":25,"b:85:42:85:66:85:66:85:Infinity":4,"b:88:12:88:Infinity:90:12:90:Infinity":5,"f:96:19:96:25":11,"s:96:25:96:Infinity":26,"f:106:21:106:27":12,"s:106:27:106:Infinity":27,"b:114:11:114:Infinity:115:12:130:Infinity":6,"f:117:25:117:31":13,"s:117:33:117:57":28,"s:117:57:117:72":29,"f:124:25:124:31":14,"s:124:33:124:57":30,"s:124:57:124:72":31}}}
,"/home/runner/work/cookie/cookie/frontend/src/components/RecipeCard.tsx": {"path":"/home/runner/work/cookie/cookie/frontend/src/components/RecipeCard.tsx","statementMap":{"0":{"start":{"line":20,"column":19},"end":{"line":20,"column":null}},"1":{"start":{"line":21,"column":30},"end":{"line":21,"column":null}},"2":{"start":{"line":23,"column":8},"end":{"line":25,"column":null}},"3":{"start":{"line":24,"column":4},"end":{"line":24,"column":null}},"4":{"start":{"line":27,"column":30},"end":{"line":30,"column":null}},"5":{"start":{"line":28,"column":4},"end":{"line":28,"column":null}},"6":{"start":{"line":29,"column":4},"end":{"line":29,"column":null}},"7":{"start":{"line":32,"column":2},"end":{"line":111,"column":null}},"8":{"start":{"line":38,"column":21},"end":{"line":38,"column":null}}},"fnMap":{"0":{"name":"RecipeCard","decl":{"start":{"line":14,"column":24},"end":{"line":14,"column":35}},"loc":{"start":{"line":19,"column":20},"end":{"line":113,"column":null}},"line":19},"1":{"name":"(anonymous_1)","decl":{"start":{"line":23,"column":37},"end":{"line":23,"column":43}},"loc":{"start":{"line":23,"column":43},"end":{"line":25,"column":5}},"line":23},"2":{"name":"(anonymous_2)","decl":{"start":{"line":27,"column":30},"end":{"line":27,"column":31}},"loc":{"start":{"line":27,"column":55},"end":{"line":30,"column":null}},"line":27},"3":{"name":"(anonymous_3)","decl":{"start":{"line":38,"column":15},"end":{"line":38,"column":21}},"loc":{"start":{"line":38,"column":21},"end":{"line":38,"column":null}},"line":38}},"branchMap":{"0":{"loc":{"start":{"line":16,"column":2},"end":{"line":16,"column":null}},"type":"default-arg","locations":[{"start":{"line":16,"column":15},"end":{"line":16,"column":null}}],"line":16},"1":{"loc":{"start":{"line":20,"column":19},"end":{"line":20,"column":null}},"type":"binary-expr","locations":[{"start":{"line":20,"column":19},"end":{"line":20,"column":35}},{"start":{"line":20,"column":35},"end":{"line":20,"column":null}}],"line":20},"2":{"loc":{"start":{"line":36,"column":8},"end":{"line":36,"column":null}},"type":"binary-expr","locations":[{"start":{"line":36,"column":8},"end":{"line":36,"column":19}},{"start":{"line":36,"column":19},"end":{"line":36,"column":null}}],"line":36},"3":{"loc":{"start":{"line":42,"column":9},"end":{"line":53,"column":null}},"type":"cond-expr","locations":[{"start":{"line":43,"column":10},"end":{"line":49,"column":null}},{"start":{"line":51,"column":10},"end":{"line":53,"column":null}}],"line":42},"4":{"loc":{"start":{"line":42,"column":9},"end":{"line":42,"column":null}},"type":"binary-expr","locations":[{"start":{"line":42,"column":9},"end":{"line":42,"column":21}},{"start":{"line":42,"column":21},"end":{"line":42,"column":null}}],"line":42},"5":{"loc":{"start":{"line":57,"column":9},"end":{"line":71,"column":null}},"type":"binary-expr","locations":[{"start":{"line":57,"column":9},"end":{"line":57,"column":null}},{"start":{"line":58,"column":10},"end":{"line":71,"column":null}}],"line":57},"6":{"loc":{"start":{"line":62,"column":14},"end":{"line":64,"column":null}},"type":"cond-expr","locations":[{"start":{"line":63,"column":18},"end":{"line":63,"column":null}},{"start":{"line":64,"column":18},"end":{"line":64,"column":null}}],"line":62},"7":{"loc":{"start":{"line":66,"column":24},"end":{"line":66,"column":null}},"type":"cond-expr","locations":[{"start":{"line":66,"column":37},"end":{"line":66,"column":63}},{"start":{"line":66,"column":63},"end":{"line":66,"column":null}}],"line":66},"8":{"loc":{"start":{"line":69,"column":39},"end":{"line":69,"column":67}},"type":"binary-expr","locations":[{"start":{"line":69,"column":39},"end":{"line":69,"column":53}},{"start":{"line":69,"column":53},"end":{"line":69,"column":67}}],"line":69},"9":{"loc":{"start":{"line":75,"column":9},"end":{"line":78,"column":null}},"type":"binary-expr","locations":[{"start":{"line":75,"column":9},"end":{"line":75,"column":null}},{"start":{"line":76,"column":10},"end":{"line":78,"column":null}}],"line":75},"10":{"loc":{"start":{"line":95,"column":11},"end":{"line":99,"column":null}},"type":"binary-expr","locations":[{"start":{"line":95,"column":11},"end":{"line":95,"column":null}},{"start":{"line":96,"column":12},"end":{"line":99,"column":null}}],"line":95},"11":{"loc":{"start":{"line":103,"column":11},"end":{"line":107,"column":null}},"type":"binary-expr","locations":[{"start":{"line":103,"column":11},"end":{"line":103,"column":null}},{"start":{"line":104,"column":12},"end":{"line":107,"column":null}}],"line":103}},"s":{"0":17,"1":17,"2":17,"3":0,"4":17,"5":2,"6":2,"7":17,"8":1},"f":{"0":17,"1":0,"2":2,"3":1},"b":{"0":[17],"1":[17,16],"2":[17,2],"3":[16,1],"4":[17,16],"5":[17,4],"6":[1,3],"7":[1,3],"8":[4,1],"9":[17,1],"10":[17,16],"11":[17,16]},"meta":{"lastBranch":12,"lastFunction":4,"lastStatement":9,"seen":{"f:14:24:14:35":0,"b:16:15:16:Infinity":0,"s:20:19:20:Infinity":0,"b:20:19:20:35:20:35:20:Infinity":1,"s:21:30:21:Infinity":1,"s:23:8:25:Infinity":2,"f:23:37:23:43":1,"s:24:4:24:Infinity":3,"s:27:30:30:Infinity":4,"f:27:30:27:31":2,"s:28:4:28:Infinity":5,"s:29:4:29:Infinity":6,"s:32:2:111:Infinity":7,"b:36:8:36:19:36:19:36:Infinity":2,"f:38:15:38:21":3,"s:38:21:38:Infinity":8,"b:43:10:49:Infinity:51:10:53:Infinity":3,"b:42:9:42:21:42:21:42:Infinity":4,"b:57:9:57:Infinity:58:10:71:Infinity":5,"b:63:18:63:Infinity:64:18:64:Infinity":6,"b:66:37:66:63:66:63:66:Infinity":7,"b:69:39:69:53:69:53:69:67":8,"b:75:9:75:Infinity:76:10:78:Infinity":9,"b:95:11:95:Infinity:96:12:99:Infinity":10,"b:103:11:103:Infinity:104:12:107:Infinity":11}}}
,"/home/runner/work/cookie/cookie/frontend/src/components/RemixModal.tsx": {"path":"/home/runner/work/cookie/cookie/frontend/src/components/RemixModal.tsx","statementMap":{"0":{"start":{"line":22,"column":36},"end":{"line":22,"column":null}},"1":{"start":{"line":23,"column":50},"end":{"line":23,"column":null}},"2":{"start":{"line":24,"column":52},"end":{"line":24,"column":null}},"3":{"start":{"line":25,"column":36},"end":{"line":25,"column":null}},"4":{"start":{"line":26,"column":30},"end":{"line":26,"column":null}},"5":{"start":{"line":29,"column":2},"end":{"line":39,"column":null}},"6":{"start":{"line":30,"column":4},"end":{"line":37,"column":null}},"7":{"start":{"line":31,"column":6},"end":{"line":31,"column":null}},"8":{"start":{"line":34,"column":6},"end":{"line":34,"column":null}},"9":{"start":{"line":35,"column":6},"end":{"line":35,"column":null}},"10":{"start":{"line":36,"column":6},"end":{"line":36,"column":null}},"11":{"start":{"line":41,"column":26},"end":{"line":52,"column":null}},"12":{"start":{"line":42,"column":4},"end":{"line":42,"column":null}},"13":{"start":{"line":43,"column":4},"end":{"line":51,"column":null}},"14":{"start":{"line":44,"column":23},"end":{"line":44,"column":null}},"15":{"start":{"line":45,"column":6},"end":{"line":45,"column":null}},"16":{"start":{"line":47,"column":6},"end":{"line":47,"column":null}},"17":{"start":{"line":48,"column":6},"end":{"line":48,"column":null}},"18":{"start":{"line":50,"column":6},"end":{"line":50,"column":null}},"19":{"start":{"line":54,"column":32},"end":{"line":70,"column":null}},"20":{"start":{"line":55,"column":4},"end":{"line":69,"column":null}},"21":{"start":{"line":56,"column":6},"end":{"line":68,"column":null}},"22":{"start":{"line":58,"column":8},"end":{"line":58,"column":null}},"23":{"start":{"line":58,"column":34},"end":{"line":58,"column":50}},"24":{"start":{"line":61,"column":8},"end":{"line":64,"column":null}},"25":{"start":{"line":62,"column":10},"end":{"line":62,"column":null}},"26":{"start":{"line":63,"column":10},"end":{"line":63,"column":null}},"27":{"start":{"line":66,"column":8},"end":{"line":66,"column":null}},"28":{"start":{"line":67,"column":8},"end":{"line":67,"column":null}},"29":{"start":{"line":72,"column":34},"end":{"line":78,"column":null}},"30":{"start":{"line":73,"column":4},"end":{"line":73,"column":null}},"31":{"start":{"line":74,"column":4},"end":{"line":77,"column":null}},"32":{"start":{"line":76,"column":6},"end":{"line":76,"column":null}},"33":{"start":{"line":80,"column":26},"end":{"line":92,"column":null}},"34":{"start":{"line":81,"column":4},"end":{"line":83,"column":null}},"35":{"start":{"line":82,"column":6},"end":{"line":82,"column":null}},"36":{"start":{"line":84,"column":4},"end":{"line":86,"column":null}},"37":{"start":{"line":85,"column":6},"end":{"line":85,"column":null}},"38":{"start":{"line":87,"column":4},"end":{"line":90,"column":null}},"39":{"start":{"line":89,"column":6},"end":{"line":89,"column":null}},"40":{"start":{"line":91,"column":4},"end":{"line":91,"column":null}},"41":{"start":{"line":94,"column":20},"end":{"line":96,"column":null}},"42":{"start":{"line":95,"column":4},"end":{"line":95,"column":null}},"43":{"start":{"line":98,"column":28},"end":{"line":114,"column":null}},"44":{"start":{"line":99,"column":25},"end":{"line":99,"column":null}},"45":{"start":{"line":100,"column":4},"end":{"line":100,"column":null}},"46":{"start":{"line":100,"column":23},"end":{"line":100,"column":null}},"47":{"start":{"line":102,"column":4},"end":{"line":102,"column":null}},"48":{"start":{"line":103,"column":4},"end":{"line":113,"column":null}},"49":{"start":{"line":104,"column":20},"end":{"line":104,"column":null}},"50":{"start":{"line":105,"column":6},"end":{"line":105,"column":null}},"51":{"start":{"line":106,"column":6},"end":{"line":106,"column":null}},"52":{"start":{"line":107,"column":6},"end":{"line":107,"column":null}},"53":{"start":{"line":109,"column":6},"end":{"line":109,"column":null}},"54":{"start":{"line":110,"column":6},"end":{"line":110,"column":null}},"55":{"start":{"line":112,"column":6},"end":{"line":112,"column":null}},"56":{"start":{"line":116,"column":2},"end":{"line":116,"column":null}},"57":{"start":{"line":116,"column":15},"end":{"line":116,"column":null}},"58":{"start":{"line":118,"column":2},"end":{"line":228,"column":null}},"59":{"start":{"line":162,"column":37},"end":{"line":162,"column":null}},"60":{"start":{"line":163,"column":18},"end":{"line":177,"column":null}},"61":{"start":{"line":166,"column":37},"end":{"line":166,"column":null}},"62":{"start":{"line":196,"column":31},"end":{"line":196,"column":null}}},"fnMap":{"0":{"name":"RemixModal","decl":{"start":{"line":15,"column":24},"end":{"line":15,"column":35}},"loc":{"start":{"line":21,"column":20},"end":{"line":230,"column":null}},"line":21},"1":{"name":"(anonymous_1)","decl":{"start":{"line":29,"column":12},"end":{"line":29,"column":18}},"loc":{"start":{"line":29,"column":18},"end":{"line":39,"column":5}},"line":29},"2":{"name":"(anonymous_2)","decl":{"start":{"line":41,"column":26},"end":{"line":41,"column":38}},"loc":{"start":{"line":41,"column":38},"end":{"line":52,"column":null}},"line":41},"3":{"name":"(anonymous_3)","decl":{"start":{"line":54,"column":32},"end":{"line":54,"column":33}},"loc":{"start":{"line":54,"column":56},"end":{"line":70,"column":null}},"line":54},"4":{"name":"(anonymous_4)","decl":{"start":{"line":55,"column":27},"end":{"line":55,"column":28}},"loc":{"start":{"line":55,"column":37},"end":{"line":69,"column":5}},"line":55},"5":{"name":"(anonymous_5)","decl":{"start":{"line":58,"column":27},"end":{"line":58,"column":28}},"loc":{"start":{"line":58,"column":34},"end":{"line":58,"column":50}},"line":58},"6":{"name":"(anonymous_6)","decl":{"start":{"line":72,"column":34},"end":{"line":72,"column":35}},"loc":{"start":{"line":72,"column":53},"end":{"line":78,"column":null}},"line":72},"7":{"name":"(anonymous_7)","decl":{"start":{"line":80,"column":26},"end":{"line":80,"column":32}},"loc":{"start":{"line":80,"column":32},"end":{"line":92,"column":null}},"line":80},"8":{"name":"(anonymous_8)","decl":{"start":{"line":94,"column":20},"end":{"line":94,"column":26}},"loc":{"start":{"line":94,"column":26},"end":{"line":96,"column":null}},"line":94},"9":{"name":"(anonymous_9)","decl":{"start":{"line":98,"column":28},"end":{"line":98,"column":40}},"loc":{"start":{"line":98,"column":40},"end":{"line":114,"column":null}},"line":98},"10":{"name":"(anonymous_10)","decl":{"start":{"line":161,"column":33},"end":{"line":161,"column":34}},"loc":{"start":{"line":161,"column":56},"end":{"line":179,"column":17}},"line":161},"11":{"name":"(anonymous_11)","decl":{"start":{"line":166,"column":31},"end":{"line":166,"column":37}},"loc":{"start":{"line":166,"column":37},"end":{"line":166,"column":null}},"line":166},"12":{"name":"(anonymous_12)","decl":{"start":{"line":196,"column":24},"end":{"line":196,"column":25}},"loc":{"start":{"line":196,"column":31},"end":{"line":196,"column":null}},"line":196}},"branchMap":{"0":{"loc":{"start":{"line":30,"column":4},"end":{"line":37,"column":null}},"type":"if","locations":[{"start":{"line":30,"column":4},"end":{"line":37,"column":null}},{"start":{"line":32,"column":11},"end":{"line":37,"column":null}}],"line":30},"1":{"loc":{"start":{"line":56,"column":6},"end":{"line":68,"column":null}},"type":"if","locations":[{"start":{"line":56,"column":6},"end":{"line":68,"column":null}},{"start":{"line":59,"column":13},"end":{"line":68,"column":null}}],"line":56},"2":{"loc":{"start":{"line":61,"column":8},"end":{"line":64,"column":null}},"type":"if","locations":[{"start":{"line":61,"column":8},"end":{"line":64,"column":null}},{"start":{},"end":{}}],"line":61},"3":{"loc":{"start":{"line":74,"column":4},"end":{"line":77,"column":null}},"type":"if","locations":[{"start":{"line":74,"column":4},"end":{"line":77,"column":null}},{"start":{},"end":{}}],"line":74},"4":{"loc":{"start":{"line":81,"column":4},"end":{"line":83,"column":null}},"type":"if","locations":[{"start":{"line":81,"column":4},"end":{"line":83,"column":null}},{"start":{},"end":{}}],"line":81},"5":{"loc":{"start":{"line":84,"column":4},"end":{"line":86,"column":null}},"type":"if","locations":[{"start":{"line":84,"column":4},"end":{"line":86,"column":null}},{"start":{},"end":{}}],"line":84},"6":{"loc":{"start":{"line":87,"column":4},"end":{"line":90,"column":null}},"type":"if","locations":[{"start":{"line":87,"column":4},"end":{"line":90,"column":null}},{"start":{},"end":{}}],"line":87},"7":{"loc":{"start":{"line":95,"column":11},"end":{"line":95,"column":null}},"type":"binary-expr","locations":[{"start":{"line":95,"column":11},"end":{"line":95,"column":25}},{"start":{"line":95,"column":25},"end":{"line":95,"column":59}},{"start":{"line":95,"column":59},"end":{"line":95,"column":null}}],"line":95},"8":{"loc":{"start":{"line":100,"column":4},"end":{"line":100,"column":null}},"type":"if","locations":[{"start":{"line":100,"column":4},"end":{"line":100,"column":null}},{"start":{},"end":{}}],"line":100},"9":{"loc":{"start":{"line":116,"column":2},"end":{"line":116,"column":null}},"type":"if","locations":[{"start":{"line":116,"column":2},"end":{"line":116,"column":null}},{"start":{},"end":{}}],"line":116},"10":{"loc":{"start":{"line":146,"column":15},"end":{"line":149,"column":null}},"type":"binary-expr","locations":[{"start":{"line":146,"column":15},"end":{"line":146,"column":null}},{"start":{"line":147,"column":16},"end":{"line":149,"column":null}}],"line":146},"11":{"loc":{"start":{"line":152,"column":13},"end":{"line":180,"column":null}},"type":"cond-expr","locations":[{"start":{"line":153,"column":14},"end":{"line":158,"column":null}},{"start":{"line":160,"column":14},"end":{"line":180,"column":null}}],"line":152},"12":{"loc":{"start":{"line":170,"column":24},"end":{"line":172,"column":null}},"type":"cond-expr","locations":[{"start":{"line":171,"column":28},"end":{"line":171,"column":null}},{"start":{"line":172,"column":28},"end":{"line":172,"column":null}}],"line":170},"13":{"loc":{"start":{"line":175,"column":23},"end":{"line":175,"column":null}},"type":"binary-expr","locations":[{"start":{"line":175,"column":23},"end":{"line":175,"column":37}},{"start":{"line":175,"column":37},"end":{"line":175,"column":null}}],"line":175},"14":{"loc":{"start":{"line":209,"column":14},"end":{"line":211,"column":null}},"type":"cond-expr","locations":[{"start":{"line":210,"column":18},"end":{"line":210,"column":null}},{"start":{"line":211,"column":18},"end":{"line":211,"column":null}}],"line":209},"15":{"loc":{"start":{"line":214,"column":13},"end":{"line":223,"column":null}},"type":"cond-expr","locations":[{"start":{"line":215,"column":14},"end":{"line":218,"column":null}},{"start":{"line":220,"column":14},"end":{"line":223,"column":null}}],"line":214}},"s":{"0":64,"1":64,"2":64,"3":64,"4":64,"5":64,"6":14,"7":13,"8":1,"9":1,"10":1,"11":64,"12":13,"13":13,"14":13,"15":12,"16":0,"17":0,"18":12,"19":64,"20":10,"21":10,"22":1,"23":1,"24":9,"25":0,"26":0,"27":9,"28":9,"29":64,"30":2,"31":2,"32":2,"33":64,"34":2,"35":0,"36":2,"37":1,"38":1,"39":1,"40":0,"41":64,"42":124,"43":64,"44":2,"45":2,"46":0,"47":2,"48":2,"49":2,"50":2,"51":2,"52":2,"53":0,"54":0,"55":2,"56":64,"57":2,"58":62,"59":50,"60":50,"61":10,"62":2},"f":{"0":64,"1":14,"2":13,"3":10,"4":10,"5":1,"6":2,"7":2,"8":124,"9":2,"10":50,"11":10,"12":2},"b":{"0":[13,1],"1":[1,9],"2":[0,9],"3":[2,0],"4":[0,2],"5":[1,1],"6":[1,0],"7":[124,120,80],"8":[0,2],"9":[2,62],"10":[62,22],"11":[13,49],"12":[28,22],"13":[50,28],"14":[22,40],"15":[2,60]},"meta":{"lastBranch":16,"lastFunction":13,"lastStatement":63,"seen":{"f:15:24:15:35":0,"s:22:36:22:Infinity":0,"s:23:50:23:Infinity":1,"s:24:52:24:Infinity":2,"s:25:36:25:Infinity":3,"s:26:30:26:Infinity":4,"s:29:2:39:Infinity":5,"f:29:12:29:18":1,"b:30:4:37:Infinity:32:11:37:Infinity":0,"s:30:4:37:Infinity":6,"s:31:6:31:Infinity":7,"s:34:6:34:Infinity":8,"s:35:6:35:Infinity":9,"s:36:6:36:Infinity":10,"s:41:26:52:Infinity":11,"f:41:26:41:38":2,"s:42:4:42:Infinity":12,"s:43:4:51:Infinity":13,"s:44:23:44:Infinity":14,"s:45:6:45:Infinity":15,"s:47:6:47:Infinity":16,"s:48:6:48:Infinity":17,"s:50:6:50:Infinity":18,"s:54:32:70:Infinity":19,"f:54:32:54:33":3,"s:55:4:69:Infinity":20,"f:55:27:55:28":4,"b:56:6:68:Infinity:59:13:68:Infinity":1,"s:56:6:68:Infinity":21,"s:58:8:58:Infinity":22,"f:58:27:58:28":5,"s:58:34:58:50":23,"b:61:8:64:Infinity:undefined:undefined:undefined:undefined":2,"s:61:8:64:Infinity":24,"s:62:10:62:Infinity":25,"s:63:10:63:Infinity":26,"s:66:8:66:Infinity":27,"s:67:8:67:Infinity":28,"s:72:34:78:Infinity":29,"f:72:34:72:35":6,"s:73:4:73:Infinity":30,"b:74:4:77:Infinity:undefined:undefined:undefined:undefined":3,"s:74:4:77:Infinity":31,"s:76:6:76:Infinity":32,"s:80:26:92:Infinity":33,"f:80:26:80:32":7,"b:81:4:83:Infinity:undefined:undefined:undefined:undefined":4,"s:81:4:83:Infinity":34,"s:82:6:82:Infinity":35,"b:84:4:86:Infinity:undefined:undefined:undefined:undefined":5,"s:84:4:86:Infinity":36,"s:85:6:85:Infinity":37,"b:87:4:90:Infinity:undefined:undefined:undefined:undefined":6,"s:87:4:90:Infinity":38,"s:89:6:89:Infinity":39,"s:91:4:91:Infinity":40,"s:94:20:96:Infinity":41,"f:94:20:94:26":8,"s:95:4:95:Infinity":42,"b:95:11:95:25:95:25:95:59:95:59:95:Infinity":7,"s:98:28:114:Infinity":43,"f:98:28:98:40":9,"s:99:25:99:Infinity":44,"b:100:4:100:Infinity:undefined:undefined:undefined:undefined":8,"s:100:4:100:Infinity":45,"s:100:23:100:Infinity":46,"s:102:4:102:Infinity":47,"s:103:4:113:Infinity":48,"s:104:20:104:Infinity":49,"s:105:6:105:Infinity":50,"s:106:6:106:Infinity":51,"s:107:6:107:Infinity":52,"s:109:6:109:Infinity":53,"s:110:6:110:Infinity":54,"s:112:6:112:Infinity":55,"b:116:2:116:Infinity:undefined:undefined:undefined:undefined":9,"s:116:2:116:Infinity":56,"s:116:15:116:Infinity":57,"s:118:2:228:Infinity":58,"b:146:15:146:Infinity:147:16:149:Infinity":10,"b:153:14:158:Infinity:160:14:180:Infinity":11,"f:161:33:161:34":10,"s:162:37:162:Infinity":59,"s:163:18:177:Infinity":60,"f:166:31:166:37":11,"s:166:37:166:Infinity":61,"b:171:28:171:Infinity:172:28:172:Infinity":12,"b:175:23:175:37:175:37:175:Infinity":13,"f:196:24:196:25":12,"s:196:31:196:Infinity":62,"b:210:18:210:Infinity:211:18:211:Infinity":14,"b:215:14:218:Infinity:220:14:223:Infinity":15}}}
,"/home/runner/work/cookie/cookie/frontend/src/components/Skeletons.tsx": {"path":"/home/runner/work/cookie/cookie/frontend/src/components/Skeletons.tsx","statementMap":{"0":{"start":{"line":12,"column":2},"end":{"line":13,"column":null}},"1":{"start":{"line":21,"column":2},"end":{"line":35,"column":null}},"2":{"start":{"line":43,"column":2},"end":{"line":48,"column":null}},"3":{"start":{"line":46,"column":8},"end":{"line":46,"column":null}},"4":{"start":{"line":56,"column":2},"end":{"line":64,"column":null}},"5":{"start":{"line":72,"column":2},"end":{"line":77,"column":null}},"6":{"start":{"line":75,"column":8},"end":{"line":75,"column":null}},"7":{"start":{"line":85,"column":2},"end":{"line":139,"column":null}},"8":{"start":{"line":133,"column":10},"end":{"line":136,"column":null}},"9":{"start":{"line":147,"column":2},"end":{"line":150,"column":null}},"10":{"start":{"line":158,"column":2},"end":{"line":162,"column":null}},"11":{"start":{"line":170,"column":2},"end":{"line":186,"column":null}},"12":{"start":{"line":194,"column":2},"end":{"line":199,"column":null}},"13":{"start":{"line":197,"column":8},"end":{"line":197,"column":null}}},"fnMap":{"0":{"name":"Skeleton","decl":{"start":{"line":11,"column":9},"end":{"line":11,"column":18}},"loc":{"start":{"line":11,"column":57},"end":{"line":15,"column":null}},"line":11},"1":{"name":"RecipeCardSkeleton","decl":{"start":{"line":20,"column":16},"end":{"line":20,"column":37}},"loc":{"start":{"line":20,"column":37},"end":{"line":37,"column":null}},"line":20},"2":{"name":"RecipeGridSkeleton","decl":{"start":{"line":42,"column":16},"end":{"line":42,"column":35}},"loc":{"start":{"line":42,"column":70},"end":{"line":50,"column":null}},"line":42},"3":{"name":"(anonymous_3)","decl":{"start":{"line":45,"column":41},"end":{"line":45,"column":42}},"loc":{"start":{"line":46,"column":8},"end":{"line":46,"column":null}},"line":46},"4":{"name":"CollectionCardSkeleton","decl":{"start":{"line":55,"column":16},"end":{"line":55,"column":41}},"loc":{"start":{"line":55,"column":41},"end":{"line":66,"column":null}},"line":55},"5":{"name":"CollectionGridSkeleton","decl":{"start":{"line":71,"column":16},"end":{"line":71,"column":39}},"loc":{"start":{"line":71,"column":74},"end":{"line":79,"column":null}},"line":71},"6":{"name":"(anonymous_6)","decl":{"start":{"line":74,"column":41},"end":{"line":74,"column":42}},"loc":{"start":{"line":75,"column":8},"end":{"line":75,"column":null}},"line":75},"7":{"name":"RecipeDetailSkeleton","decl":{"start":{"line":84,"column":16},"end":{"line":84,"column":39}},"loc":{"start":{"line":84,"column":39},"end":{"line":141,"column":null}},"line":84},"8":{"name":"(anonymous_8)","decl":{"start":{"line":132,"column":39},"end":{"line":132,"column":40}},"loc":{"start":{"line":133,"column":10},"end":{"line":136,"column":null}},"line":133},"9":{"name":"LoadingSpinner","decl":{"start":{"line":146,"column":16},"end":{"line":146,"column":31}},"loc":{"start":{"line":146,"column":70},"end":{"line":152,"column":null}},"line":146},"10":{"name":"LoadingState","decl":{"start":{"line":157,"column":16},"end":{"line":157,"column":29}},"loc":{"start":{"line":157,"column":79},"end":{"line":164,"column":null}},"line":157},"11":{"name":"SearchResultSkeleton","decl":{"start":{"line":169,"column":16},"end":{"line":169,"column":39}},"loc":{"start":{"line":169,"column":39},"end":{"line":188,"column":null}},"line":169},"12":{"name":"SearchGridSkeleton","decl":{"start":{"line":193,"column":16},"end":{"line":193,"column":35}},"loc":{"start":{"line":193,"column":70},"end":{"line":201,"column":null}},"line":193},"13":{"name":"(anonymous_13)","decl":{"start":{"line":196,"column":41},"end":{"line":196,"column":42}},"loc":{"start":{"line":197,"column":8},"end":{"line":197,"column":null}},"line":197}},"branchMap":{"0":{"loc":{"start":{"line":42,"column":37},"end":{"line":42,"column":47}},"type":"default-arg","locations":[{"start":{"line":42,"column":45},"end":{"line":42,"column":47}}],"line":42},"1":{"loc":{"start":{"line":71,"column":41},"end":{"line":71,"column":51}},"type":"default-arg","locations":[{"start":{"line":71,"column":49},"end":{"line":71,"column":51}}],"line":71},"2":{"loc":{"start":{"line":157,"column":31},"end":{"line":157,"column":54}},"type":"default-arg","locations":[{"start":{"line":157,"column":41},"end":{"line":157,"column":54}}],"line":157},"3":{"loc":{"start":{"line":193,"column":37},"end":{"line":193,"column":47}},"type":"default-arg","locations":[{"start":{"line":193,"column":45},"end":{"line":193,"column":47}}],"line":193}},"s":{"0":236,"1":14,"2":2,"3":12,"4":12,"5":2,"6":11,"7":3,"8":18,"9":2,"10":3,"11":10,"12":2,"13":9},"f":{"0":236,"1":14,"2":2,"3":12,"4":12,"5":2,"6":11,"7":3,"8":18,"9":2,"10":3,"11":10,"12":2,"13":9},"b":{"0":[2],"1":[2],"2":[3],"3":[2]},"meta":{"lastBranch":4,"lastFunction":14,"lastStatement":14,"seen":{"f:11:9:11:18":0,"s:12:2:13:Infinity":0,"f:20:16:20:37":1,"s:21:2:35:Infinity":1,"f:42:16:42:35":2,"b:42:45:42:47":0,"s:43:2:48:Infinity":2,"f:45:41:45:42":3,"s:46:8:46:Infinity":3,"f:55:16:55:41":4,"s:56:2:64:Infinity":4,"f:71:16:71:39":5,"b:71:49:71:51":1,"s:72:2:77:Infinity":5,"f:74:41:74:42":6,"s:75:8:75:Infinity":6,"f:84:16:84:39":7,"s:85:2:139:Infinity":7,"f:132:39:132:40":8,"s:133:10:136:Infinity":8,"f:146:16:146:31":9,"s:147:2:150:Infinity":9,"f:157:16:157:29":10,"b:157:41:157:54":2,"s:158:2:162:Infinity":10,"f:169:16:169:39":11,"s:170:2:186:Infinity":11,"f:193:16:193:35":12,"b:193:45:193:47":3,"s:194:2:199:Infinity":12,"f:196:41:196:42":13,"s:197:8:197:Infinity":13}}}
[...]
"line":226,"column":2},"end":{"line":226,"column":null}},"type":"if","locations":[{"start":{"line":226,"column":2},"end":{"line":226,"column":null}},{"start":{},"end":{}}],"line":226},"16":{"loc":{"start":{"line":233,"column":9},"end":{"line":241,"column":null}},"type":"cond-expr","locations":[{"start":{"line":234,"column":10},"end":{"line":239,"column":null}},{"start":{"line":239,"column":10},"end":{"line":241,"column":null}}],"line":233},"17":{"loc":{"start":{"line":233,"column":9},"end":{"line":233,"column":null}},"type":"binary-expr","locations":[{"start":{"line":233,"column":9},"end":{"line":233,"column":25}},{"start":{"line":233,"column":25},"end":{"line":233,"column":null}}],"line":233},"18":{"loc":{"start":{"line":241,"column":21},"end":{"line":241,"column":41}},"type":"binary-expr","locations":[{"start":{"line":241,"column":21},"end":{"line":241,"column":37}},{"start":{"line":241,"column":37},"end":{"line":241,"column":41}}],"line":241}},"s":{"0":10,"1":10,"2":10,"3":0,"4":10,"5":1,"6":0,"7":0,"8":0,"9":0,"10":27,"11":0,"12":27},"f":{"0":10,"1":0,"2":1,"3":0,"4":0,"5":0,"6":0,"7":27},"b":{"0":[9,1],"1":[10,9],"2":[10,10],"3":[10,10],"4":[9,1],"5":[10,9],"6":[9,0,0],"7":[0,0],"8":[0,0],"9":[0,0,0],"10":[9,9,9],"11":[9,9,0],"12":[10,10,0],"13":[0,0],"14":[0,0],"15":[0,27],"16":[0,27],"17":[27,0],"18":[27,27]},"meta":{"lastBranch":19,"lastFunction":8,"lastStatement":13,"seen":{"f:29:24:29:37":0,"s:41:8:41:Infinity":0,"s:42:30:42:Infinity":1,"s:44:8:46:Infinity":2,"f:44:37:44:43":1,"s:45:4:45:Infinity":3,"s:48:2:213:Infinity":4,"b:53:10:59:Infinity:61:10:65:Infinity":0,"b:52:9:52:21:52:21:52:Infinity":1,"b:77:13:77:Infinity:78:14:86:Infinity":2,"b:81:17:81:Infinity:82:18:84:Infinity":3,"f:99:19:99:25":2,"s:99:25:99:Infinity":5,"b:106:12:106:Infinity:108:12:108:Infinity":4,"b:112:9:112:Infinity:113:10:176:Infinity":5,"b:131:13:131:41:131:41:131:Infinity:132:14:158:Infinity":6,"f:136:29:136:35":3,"s:136:35:136:Infinity":6,"b:137:30:137:47:137:47:137:Infinity":7,"b:143:38:143:46:143:46:143:Infinity":8,"f:146:29:146:35":4,"s:146:35:146:Infinity":7,"b:153:17:153:31:153:31:153:Infinity:154:18:156:Infinity":9,"b:162:13:162:42:162:42:162:Infinity:163:14:166:Infinity":10,"b:170:13:170:30:170:30:170:Infinity:171:14:174:Infinity":11,"b:181:7:181:32:181:32:181:Infinity:182:8:211:Infinity":12,"f:187:41:187:42":5,"s:188:16:207:Infinity":8,"f:190:27:190:33":6,"s:190:33:190:Infinity":9,"b:197:26:197:Infinity:198:26:200:Infinity":13,"b:199:28:199:Infinity:200:28:200:Infinity":14,"f:217:9:217:21":7,"b:226:2:226:Infinity:undefined:undefined:undefined:undefined":15,"s:226:2:226:Infinity":10,"s:226:13:226:Infinity":11,"s:228:2:244:Infinity":12,"b:234:10:239:Infinity:239:10:241:Infinity":16,"b:233:9:233:25:233:25:233:Infinity":17,"b:241:21:241:37:241:37:241:41":18}}}
,"/home/runner/work/cookie/cookie/frontend/src/screens/components/RecipeIngredients.tsx": {"path":"/home/runner/work/cookie/cookie/frontend/src/screens/components/RecipeIngredients.tsx","statementMap":{"0":{"start":{"line":13,"column":22},"end":{"line":13,"column":null}},"1":{"start":{"line":16,"column":20},"end":{"line":16,"column":null}},"2":{"start":{"line":18,"column":2},"end":{"line":45,"column":null}},"3":{"start":{"line":19,"column":4},"end":{"line":43,"column":null}},"4":{"start":{"line":22,"column":10},"end":{"line":41,"column":null}},"5":{"start":{"line":30,"column":16},"end":{"line":38,"column":null}},"6":{"start":{"line":47,"column":2},"end":{"line":57,"column":null}},"7":{"start":{"line":50,"column":8},"end":{"line":55,"column":null}}},"fnMap":{"0":{"name":"RecipeIngredients","decl":{"start":{"line":8,"column":24},"end":{"line":8,"column":42}},"loc":{"start":{"line":11,"column":27},"end":{"line":59,"column":null}},"line":11},"1":{"name":"(anonymous_1)","decl":{"start":{"line":21,"column":38},"end":{"line":21,"column":39}},"loc":{"start":{"line":22,"column":10},"end":{"line":41,"column":null}},"line":22},"2":{"name":"(anonymous_2)","decl":{"start":{"line":29,"column":37},"end":{"line":29,"column":38}},"loc":{"start":{"line":30,"column":16},"end":{"line":38,"column":null}},"line":30},"3":{"name":"(anonymous_3)","decl":{"start":{"line":49,"column":23},"end":{"line":49,"column":24}},"loc":{"start":{"line":50,"column":8},"end":{"line":55,"column":null}},"line":50}},"branchMap":{"0":{"loc":{"start":{"line":13,"column":22},"end":{"line":13,"column":null}},"type":"binary-expr","locations":[{"start":{"line":13,"column":22},"end":{"line":13,"column":49}},{"start":{"line":13,"column":49},"end":{"line":13,"column":null}}],"line":13},"1":{"loc":{"start":{"line":16,"column":20},"end":{"line":16,"column":null}},"type":"binary-expr","locations":[{"start":{"line":16,"column":20},"end":{"line":16,"column":59}},{"start":{"line":16,"column":59},"end":{"line":16,"column":null}}],"line":16},"2":{"loc":{"start":{"line":18,"column":2},"end":{"line":45,"column":null}},"type":"if","locations":[{"start":{"line":18,"column":2},"end":{"line":45,"column":null}},{"start":{},"end":{}}],"line":18},"3":{"loc":{"start":{"line":23,"column":13},"end":{"line":26,"column":null}},"type":"binary-expr","locations":[{"start":{"line":23,"column":13},"end":{"line":23,"column":null}},{"start":{"line":24,"column":14},"end":{"line":26,"column":null}}],"line":23}},"s":{"0":5,"1":5,"2":5,"3":1,"4":2,"5":3,"6":4,"7":9},"f":{"0":5,"1":2,"2":3,"3":9},"b":{"0":[5,4],"1":[5,1],"2":[1,4],"3":[2,2]},"meta":{"lastBranch":4,"lastFunction":4,"lastStatement":8,"seen":{"f:8:24:8:42":0,"s:13:22:13:Infinity":0,"b:13:22:13:49:13:49:13:Infinity":0,"s:16:20:16:Infinity":1,"b:16:20:16:59:16:59:16:Infinity":1,"b:18:2:45:Infinity:undefined:undefined:undefined:undefined":2,"s:18:2:45:Infinity":2,"s:19:4:43:Infinity":3,"f:21:38:21:39":1,"s:22:10:41:Infinity":4,"b:23:13:23:Infinity:24:14:26:Infinity":3,"f:29:37:29:38":2,"s:30:16:38:Infinity":5,"s:47:2:57:Infinity":6,"f:49:23:49:24":3,"s:50:8:55:Infinity":7}}}
,"/home/runner/work/cookie/cookie/frontend/src/screens/components/RecipeInstructions.tsx": {"path":"/home/runner/work/cookie/cookie/frontend/src/screens/components/RecipeInstructions.tsx","statementMap":{"0":{"start":{"line":13,"column":32},"end":{"line":13,"column":null}},"1":{"start":{"line":14,"column":23},"end":{"line":20,"column":null}},"2":{"start":{"line":19,"column":61},"end":{"line":19,"column":69}},"3":{"start":{"line":22,"column":2},"end":{"line":28,"column":null}},"4":{"start":{"line":23,"column":4},"end":{"line":26,"column":null}},"5":{"start":{"line":30,"column":2},"end":{"line":47,"column":null}},"6":{"start":{"line":39,"column":10},"end":{"line":44,"column":null}}},"fnMap":{"0":{"name":"RecipeInstructions","decl":{"start":{"line":8,"column":24},"end":{"line":8,"column":43}},"loc":{"start":{"line":11,"column":28},"end":{"line":49,"column":null}},"line":11},"1":{"name":"(anonymous_1)","decl":{"start":{"line":19,"column":54},"end":{"line":19,"column":55}},"loc":{"start":{"line":19,"column":61},"end":{"line":19,"column":69}},"line":19},"2":{"name":"(anonymous_2)","decl":{"start":{"line":38,"column":26},"end":{"line":38,"column":27}},"loc":{"start":{"line":39,"column":10},"end":{"line":44,"column":null}},"line":39}},"branchMap":{"0":{"loc":{"start":{"line":13,"column":32},"end":{"line":13,"column":null}},"type":"binary-expr","locations":[{"start":{"line":13,"column":32},"end":{"line":13,"column":60}},{"start":{"line":13,"column":60},"end":{"line":13,"column":null}}],"line":13},"1":{"loc":{"start":{"line":14,"column":23},"end":{"line":20,"column":null}},"type":"cond-expr","locations":[{"start":{"line":15,"column":6},"end":{"line":15,"column":null}},{"start":{"line":16,"column":6},"end":{"line":20,"column":null}}],"line":14},"2":{"loc":{"start":{"line":16,"column":6},"end":{"line":20,"column":null}},"type":"cond-expr","locations":[{"start":{"line":17,"column":8},"end":{"line":17,"column":null}},{"start":{"line":18,"column":8},"end":{"line":20,"column":null}}],"line":16},"3":{"loc":{"start":{"line":18,"column":8},"end":{"line":20,"column":null}},"type":"cond-expr","locations":[{"start":{"line":19,"column":10},"end":{"line":19,"column":null}},{"start":{"line":20,"column":10},"end":{"line":20,"column":null}}],"line":18},"4":{"loc":{"start":{"line":22,"column":2},"end":{"line":28,"column":null}},"type":"if","locations":[{"start":{"line":22,"column":2},"end":{"line":28,"column":null}},{"start":{},"end":{}}],"line":22},"5":{"loc":{"start":{"line":32,"column":7},"end":{"line":35,"column":null}},"type":"binary-expr","locations":[{"start":{"line":32,"column":7},"end":{"line":32,"column":null}},{"start":{"line":33,"column":8},"end":{"line":35,"column":null}}],"line":32}},"s":{"0":5,"1":5,"2":2,"3":5,"4":1,"5":4,"6":10},"f":{"0":5,"1":2,"2":10},"b":{"0":[5,1],"1":[1,4],"2":[2,2],"3":[1,1],"4":[1,4],"5":[4,1]},"meta":{"lastBranch":6,"lastFunction":3,"lastStatement":7,"seen":{"f:8:24:8:43":0,"s:13:32:13:Infinity":0,"b:13:32:13:60:13:60:13:Infinity":0,"s:14:23:20:Infinity":1,"b:15:6:15:Infinity:16:6:20:Infinity":1,"b:17:8:17:Infinity:18:8:20:Infinity":2,"b:19:10:19:Infinity:20:10:20:Infinity":3,"f:19:54:19:55":1,"s:19:61:19:69":2,"b:22:2:28:Infinity:undefined:undefined:undefined:undefined":4,"s:22:2:28:Infinity":3,"s:23:4:26:Infinity":4,"s:30:2:47:Infinity":5,"b:32:7:32:Infinity:33:8:35:Infinity":5,"f:38:26:38:27":2,"s:39:10:44:Infinity":6}}}
,"/home/runner/work/cookie/cookie/frontend/src/screens/components/RecipeTabs.tsx": {"path":"/home/runner/work/cookie/cookie/frontend/src/screens/components/RecipeTabs.tsx","statementMap":{"0":{"start":{"line":31,"column":50},"end":{"line":36,"column":null}},"1":{"start":{"line":38,"column":2},"end":{"line":82,"column":null}},"2":{"start":{"line":44,"column":12},"end":{"line":55,"column":null}},"3":{"start":{"line":46,"column":29},"end":{"line":46,"column":null}},"4":{"start":{"line":87,"column":27},"end":{"line":87,"column":null}},"5":{"start":{"line":89,"column":2},"end":{"line":95,"column":null}},"6":{"start":{"line":90,"column":4},"end":{"line":93,"column":null}},"7":{"start":{"line":97,"column":2},"end":{"line":117,"column":null}},"8":{"start":{"line":106,"column":10},"end":{"line":114,"column":null}},"9":{"start":{"line":136,"column":2},"end":{"line":143,"column":null}},"10":{"start":{"line":137,"column":4},"end":{"line":141,"column":null}},"11":{"start":{"line":145,"column":18},"end":{"line":145,"column":null}},"12":{"start":{"line":146,"column":21},"end":{"line":146,"column":null}},"13":{"start":{"line":148,"column":2},"end":{"line":158,"column":null}},"14":{"start":{"line":149,"column":4},"end":{"line":156,"column":null}},"15":{"start":{"line":160,"column":2},"end":{"line":179,"column":null}},"16":{"start":{"line":161,"column":4},"end":{"line":177,"column":null}},"17":{"start":{"line":167,"column":27},"end":{"line":167,"column":null}},"18":{"start":{"line":181,"column":2},"end":{"line":220,"column":null}},"19":{"start":{"line":191,"column":14},"end":{"line":191,"column":null}},"20":{"start":{"line":200,"column":12},"end":{"line":205,"column":null}},"21":{"start":{"line":213,"column":27},"end":{"line":213,"column":null}}},"fnMap":{"0":{"name":"RecipeTabs","decl":{"start":{"line":20,"column":24},"end":{"line":20,"column":35}},"loc":{"start":{"line":30,"column":20},"end":{"line":84,"column":null}},"line":30},"1":{"name":"(anonymous_1)","decl":{"start":{"line":43,"column":24},"end":{"line":43,"column":25}},"loc":{"start":{"line":44,"column":12},"end":{"line":55,"column":null}},"line":44},"2":{"name":"(anonymous_2)","decl":{"start":{"line":46,"column":23},"end":{"line":46,"column":29}},"loc":{"start":{"line":46,"column":29},"end":{"line":46,"column":null}},"line":46},"3":{"name":"NutritionTab","decl":{"start":{"line":86,"column":9},"end":{"line":86,"column":22}},"loc":{"start":{"line":86,"column":60},"end":{"line":119,"column":null}},"line":86},"4":{"name":"(anonymous_4)","decl":{"start":{"line":105,"column":30},"end":{"line":105,"column":31}},"loc":{"start":{"line":106,"column":10},"end":{"line":114,"column":null}},"line":106},"5":{"name":"TipsTab","decl":{"start":{"line":121,"column":9},"end":{"line":121,"column":17}},"loc":{"start":{"line":135,"column":3},"end":{"line":222,"column":null}},"line":135},"6":{"name":"(anonymous_6)","decl":{"start":{"line":167,"column":21},"end":{"line":167,"column":27}},"loc":{"start":{"line":167,"column":27},"end":{"line":167,"column":null}},"line":167},"7":{"name":"(anonymous_7)","decl":{"start":{"line":190,"column":30},"end":{"line":190,"column":31}},"loc":{"start":{"line":191,"column":14},"end":{"line":191,"column":null}},"line":191},"8":{"name":"(anonymous_8)","decl":{"start":{"line":199,"column":20},"end":{"line":199,"column":21}},"loc":{"start":{"line":200,"column":12},"end":{"line":205,"column":null}},"line":200},"9":{"name":"(anonymous_9)","decl":{"start":{"line":213,"column":21},"end":{"line":213,"column":27}},"loc":{"start":{"line":213,"column":27},"end":{"line":213,"column":null}},"line":213}},"branchMap":{"0":{"loc":{"start":{"line":35,"column":8},"end":{"line":35,"column":null}},"type":"cond-expr","locations":[{"start":{"line":35,"column":22},"end":{"line":35,"column":66}},{"start":{"line":35,"column":66},"end":{"line":35,"column":null}}],"line":35},"1":{"loc":{"start":{"line":49,"column":16},"end":{"line":51,"column":null}},"type":"cond-expr","locations":[{"start":{"line":50,"column":20},"end":{"line":50,"column":null}},{"start":{"line":51,"column":20},"end":{"line":51,"column":null}}],"line":49},"2":{"loc":{"start":{"line":62,"column":9},"end":{"line":63,"column":null}},"type":"binary-expr","locations":[{"start":{"line":62,"column":9},"end":{"line":62,"column":null}},{"start":{"line":63,"column":10},"end":{"line":63,"column":null}}],"line":62},"3":{"loc":{"start":{"line":65,"column":9},"end":{"line":66,"column":null}},"type":"binary-expr","locations":[{"start":{"line":65,"column":9},"end":{"line":65,"column":null}},{"start":{"line":66,"column":10},"end":{"line":66,"column":null}}],"line":65},"4":{"loc":{"start":{"line":68,"column":9},"end":{"line":69,"column":null}},"type":"binary-expr","locations":[{"start":{"line":68,"column":9},"end":{"line":68,"column":null}},{"start":{"line":69,"column":10},"end":{"line":69,"column":null}}],"line":68},"5":{"loc":{"start":{"line":71,"column":9},"end":{"line":79,"column":null}},"type":"binary-expr","locations":[{"start":{"line":71,"column":9},"end":{"line":71,"column":null}},{"start":{"line":72,"column":10},"end":{"line":79,"column":null}}],"line":71},"6":{"loc":{"start":{"line":74,"column":26},"end":{"line":74,"column":null}},"type":"binary-expr","locations":[{"start":{"line":74,"column":26},"end":{"line":74,"column":47}},{"start":{"line":74,"column":47},"end":{"line":74,"column":null}}],"line":74},"7":{"loc":{"start":{"line":87,"column":42},"end":{"line":87,"column":64}},"type":"binary-expr","locations":[{"start":{"line":87,"column":42},"end":{"line":87,"column":62}},{"start":{"line":87,"column":62},"end":{"line":87,"column":64}}],"line":87},"8":{"loc":{"start":{"line":89,"column":2},"end":{"line":95,"column":null}},"type":"if","locations":[{"start":{"line":89,"column":2},"end":{"line":95,"column":null}},{"start":{},"end":{}}],"line":89},"9":{"loc":{"start":{"line":99,"column":7},"end":{"line":102,"column":null}},"type":"binary-expr","locations":[{"start":{"line":99,"column":7},"end":{"line":99,"column":null}},{"start":{"line":100,"column":8},"end":{"line":102,"column":null}}],"line":99},"10":{"loc":{"start":{"line":136,"column":2},"end":{"line":143,"column":null}},"type":"if","locations":[{"start":{"line":136,"column":2},"end":{"line":143,"column":null}},{"start":{},"end":{}}],"line":136},"11":{"loc":{"start":{"line":146,"column":21},"end":{"line":146,"column":null}},"type":"binary-expr","locations":[{"start":{"line":146,"column":21},"end":{"line":146,"column":32}},{"start":{"line":146,"column":32},"end":{"line":146,"column":null}}],"line":146},"12":{"loc":{"start":{"line":148,"column":2},"end":{"line":158,"column":null}},"type":"if","locations":[{"start":{"line":148,"column":2},"end":{"line":158,"column":null}},{"start":{},"end":{}}],"line":148},"13":{"loc":{"start":{"line":148,"column":6},"end":{"line":148,"column":30}},"type":"binary-expr","locations":[{"start":{"line":148,"column":6},"end":{"line":148,"column":21}},{"start":{"line":148,"column":21},"end":{"line":148,"column":30}}],"line":148},"14":{"loc":{"start":{"line":160,"column":2},"end":{"line":179,"column":null}},"type":"if","locations":[{"start":{"line":160,"column":2},"end":{"line":179,"column":null}},{"start":{},"end":{}}],"line":160},"15":{"loc":{"start":{"line":165,"column":9},"end":{"line":175,"column":null}},"type":"cond-expr","locations":[{"start":{"line":166,"column":10},"end":{"line":171,"column":null}},{"start":{"line":173,"column":10},"end":{"line":175,"column":null}}],"line":165},"16":{"loc":{"start":{"line":183,"column":7},"end":{"line":194,"column":null}},"type":"binary-expr","locations":[{"start":{"line":183,"column":7},"end":{"line":183,"column":null}},{"start":{"line":184,"column":8},"end":{"line":194,"column":null}}],"line":183},"17":{"loc":{"start":{"line":197,"column":7},"end":{"line":207,"column":null}},"type":"binary-expr","locations":[{"start":{"line":197,"column":7},"end":{"line":197,"column":null}},{"start":{"line":198,"column":8},"end":{"line":207,"column":null}}],"line":197},"18":{"loc":{"start":{"line":210,"column":7},"end":{"line":218,"column":null}},"type":"binary-expr","locations":[{"start":{"line":210,"column":7},"end":{"line":210,"column":null}},{"start":{"line":211,"column":8},"end":{"line":218,"column":null}}],"line":210},"19":{"loc":{"start":{"line":216,"column":13},"end":{"line":216,"column":null}},"type":"cond-expr","locations":[{"start":{"line":216,"column":23},"end":{"line":216,"column":43}},{"start":{"line":216,"column":43},"end":{"line":216,"column":null}}],"line":216}},"s":{"0":5,"1":5,"2":16,"3":0,"4":0,"5":0,"6":0,"7":0,"8":0,"9":0,"10":0,"11":0,"12":0,"13":0,"14":0,"15":0,"16":0,"17":0,"18":0,"19":0,"20":0,"21":0},"f":{"0":5,"1":16,"2":0,"3":0,"4":0,"5":0,"6":0,"7":0,"8":0,"9":0},"b":{"0":[1,4],"1":[5,11],"2":[5,5],"3":[5,0],"4":[5,0],"5":[5,0],"6":[0,0],"7":[0,0],"8":[0,0],"9":[0,0],"10":[0,0],"11":[0,0],"12":[0,0],"13":[0,0],"14":[0,0],"15":[0,0],"16":[0,0],"17":[0,0],"18":[0,0],"19":[0,0]},"meta":{"lastBranch":20,"lastFunction":10,"lastStatement":22,"seen":{"f:20:24:20:35":0,"s:31:50:36:Infinity":0,"b:35:22:35:66:35:66:35:Infinity":0,"s:38:2:82:Infinity":1,"f:43:24:43:25":1,"s:44:12:55:Infinity":2,"f:46:23:46:29":2,"s:46:29:46:Infinity":3,"b:50:20:50:Infinity:51:20:51:Infinity":1,"b:62:9:62:Infinity:63:10:63:Infinity":2,"b:65:9:65:Infinity:66:10:66:Infinity":3,"b:68:9:68:Infinity:69:10:69:Infinity":4,"b:71:9:71:Infinity:72:10:79:Infinity":5,"b:74:26:74:47:74:47:74:Infinity":6,"f:86:9:86:22":3,"s:87:27:87:Infinity":4,"b:87:42:87:62:87:62:87:64":7,"b:89:2:95:Infinity:undefined:undefined:undefined:undefined":8,"s:89:2:95:Infinity":5,"s:90:4:93:Infinity":6,"s:97:2:117:Infinity":7,"b:99:7:99:Infinity:100:8:102:Infinity":9,"f:105:30:105:31":4,"s:106:10:114:Infinity":8,"f:121:9:121:17":5,"b:136:2:143:Infinity:undefined:undefined:undefined:undefined":10,"s:136:2:143:Infinity":9,"s:137:4:141:Infinity":10,"s:145:18:145:Infinity":11,"s:146:21:146:Infinity":12,"b:146:21:146:32:146:32:146:Infinity":11,"b:148:2:158:Infinity:undefined:undefined:undefined:undefined":12,"s:148:2:158:Infinity":13,"b:148:6:148:21:148:21:148:30":13,"s:149:4:156:Infinity":14,"b:160:2:179:Infinity:undefined:undefined:undefined:undefined":14,"s:160:2:179:Infinity":15,"s:161:4:177:Infinity":16,"b:166:10:171:Infinity:173:10:175:Infinity":15,"f:167:21:167:27":6,"s:167:27:167:Infinity":17,"s:181:2:220:Infinity":18,"b:183:7:183:Infinity:184:8:194:Infinity":16,"f:190:30:190:31":7,"s:191:14:191:Infinity":19,"b:197:7:197:Infinity:198:8:207:Infinity":17,"f:199:20:199:21":8,"s:200:12:205:Infinity":20,"b:210:7:210:Infinity:211:8:218:Infinity":18,"f:213:21:213:27":9,"s:213:27:213:Infinity":21,"b:216:23:216:43:216:43:216:Infinity":19}}}
}
