{"total": {"lines":{"total":1778,"covered":986,"skipped":0,"pct":55.45},"statements":{"total":1870,"covered":1021,"skipped":0,"pct":54.59},"functions":{"total":528,"covered":280,"skipped":0,"pct":53.03},"branches":{"total":1061,"covered":530,"skipped":0,"pct":49.95},"branchesTrue":{"total":0,"covered":0,"skipped":0,"pct":100}}
,"/home/runner/work/cookie/cookie/frontend/src/App.tsx": {"lines":{"total":1,"covered":0,"skipped":0,"pct":0},"functions":{"total":1,"covered":0,"skipped":0,"pct":0},"statements":{"total":1,"covered":0,"skipped":0,"pct":0},"branches":{"total":0,"covered":0,"skipped":0,"pct":100}}
,"/home/runner/work/cookie/cookie/frontend/src/router.tsx": {"lines":{"total":49,"covered":34,"skipped":0,"pct":69.38},"functions":{"total":24,"covered":8,"skipped":0,"pct":33.33},"statements":{"total":63,"covered":35,"skipped":0,"pct":55.55},"branches":{"total":18,"covered":8,"skipped":0,"pct":44.44}}
,"/home/runner/work/cookie/cookie/frontend/src/api/client.ts": {"lines":{"total":88,"covered":49,"skipped":0,"pct":55.68},"functions":{"total":63,"covered":24,"skipped":0,"pct":38.09},"statements":{"total":90,"covered":50,"skipped":0,"pct":55.55},"branches":{"total":27,"covered":17,"skipped":0,"pct":62.96}}
,"/home/runner/work/cookie/cookie/frontend/src/api/types.ts": {"lines":{"total":0,"covered":0,"skipped":0,"pct":0},"functions":{"total":0,"covered":0,"skipped":0,"pct":0},"statements":{"total":0,"covered":0,"skipped":0,"pct":0},"branches":{"total":0,"covered":0,"skipped":0,"pct":0}}
,"/home/runner/work/cookie/cookie/frontend/src/components/AddToCollectionDropdown.tsx": {"lines":{"total":42,"covered":36,"skipped":0,"pct":85.71},"functions":{"total":12,"covered":12,"skipped":0,"pct":100},"statements":{"total":44,"covered":38,"skipped":0,"pct":86.36},"branches":{"total":22,"covered":16,"skipped":0,"pct":72.72}}
,"/home/runner/work/cookie/cookie/frontend/src/components/DeviceCodeEntry.tsx": {"lines":{"total":16,"covered":16,"skipped":0,"pct":100},"functions":{"total":3,"covered":3,"skipped":0,"pct":100},"statements":{"total":16,"covered":16,"skipped":0,"pct":100},"branches":{"total":10,"covered":9,"skipped":0,"pct":90}}
,"/home/runner/work/cookie/cookie/frontend/src/components/ErrorBoundary.tsx": {"lines":{"total":15,"covered":15,"skipped":0,"pct":100},"functions":{"total":6,"covered":6,"skipped":0,"pct":100},"statements":{"total":15,"covered":15,"skipped":0,"pct":100},"branches":{"total":7,"covered":7,"skipped":0,"pct":100}}
,"/home/runner/work/cookie/cookie/frontend/src/components/NavHeader.tsx": {"lines":{"total":27,"covered":16,"skipped":0,"pct":59.25},"functions":{"total":15,"covered":8,"skipped":0,"pct":53.33},"statements":{"total":32,"covered":18,"skipped":0,"pct":56.25},"branches":{"total":14,"covered":6,"skipped":0,"pct":42.85}}
,"/home/runner/work/cookie/cookie/frontend/src/components/RecipeCard.tsx": {"lines":{"total":9,"covered":8,"skipped":0,"pct":88.88},"functions":{"total":4,"covered":3,"skipped":0,"pct":75},"statements":{"total":9,"covered":8,"skipped":0,"pct":88.88},"branches":{"total":23,"covered":23,"skipped":0,"pct":100}}
,"/home/runner/work/cookie/cookie/frontend/src/components/RemixModal.tsx": {"lines":{"total":60,"covered":52,"skipped":0,"pct":86.66},"functions":{"total":13,"covered":13,"skipped":0,"pct":100},"statements":{"total":63,"covered":54,"skipped":0,"pct":85.71},"branches":{"total":33,"covered":28,"skipped":0,"pct":84.84}}
,"/home/runner/work/cookie/cookie/frontend/src/components/Skeletons.tsx": {"lines":{"total":14,"covered":14,"skipped":0,"pct":100},"functions":{"total":14,"covered":14,"skipped":0,"pct":100},"statements":{"total":14,"covered":14,"skipped":0,"pct":100},"branches":{"total":4,"covered":4,"skipped":0,"pct":100}}
,"/home/runner/work/cookie/cookie/frontend/src/components/TimerPanel.tsx": {"lines":{"total":39,"covered":33,"skipped":0,"pct":84.61},"functions":{"total":15,"covered":10,"skipped":0,"pct":66.66},"statements":{"total":42,"covered":36,"skipped":0,"pct":85.71},"branches":{"total":34,"covered":31,"skipped":0,"pct":91.17}}
,"/home/runner/work/cookie/cookie/frontend/src/components/TimerWidget.tsx": {"lines":{"total":3,"covered":3,"skipped":0,"pct":100},"functions":{"total":1,"covered":1,"skipped":0,"pct":100},"statements":{"total":3,"covered":3,"skipped":0,"pct":100},"branches":{"total":14,"covered":14,"skipped":0,"pct":100}}
,"/home/runner/work/cookie/cookie/frontend/src/components/settings/SettingsDanger.tsx": {"lines":{"total":36,"covered":0,"skipped":0,"pct":0},"functions":{"total":7,"covered":0,"skipped":0,"pct":0},"statements":{"total":37,"covered":0,"skipped":0,"pct":0},"branches":{"total":11,"covered":0,"skipped":0,"pct":0}}
,"/home/runner/work/cookie/cookie/frontend/src/components/settings/SettingsGeneral.tsx": {"lines":{"total":44,"covered":0,"skipped":0,"pct":0},"functions":{"total":8,"covered":0,"skipped":0,"pct":0},"statements":{"total":45,"covered":0,"skipped":0,"pct":0},"branches":{"total":45,"covered":0,"skipped":0,"pct":0}}
,"/home/runner/work/cookie/cookie/frontend/src/components/settings/SettingsPrompts.tsx": {"lines":{"total":50,"covered":0,"skipped":0,"pct":0},"functions":{"total":17,"covered":0,"skipped":0,"pct":0},"statements":{"total":52,"covered":0,"skipped":0,"pct":0},"branches":{"total":36,"covered":0,"skipped":0,"pct":0}}
,"/home/runner/work/cookie/cookie/frontend/src/components/settings/SettingsSelectors.tsx": {"lines":{"total":70,"covered":0,"skipped":0,"pct":0},"functions":{"total":13,"covered":0,"skipped":0,"pct":0},"statements":{"total":77,"covered":0,"skipped":0,"pct":0},"branches":{"total":40,"covered":0,"skipped":0,"pct":0}}
,"/home/runner/work/cookie/cookie/frontend/src/components/settings/SettingsSources.tsx": {"lines":{"total":26,"covered":0,"skipped":0,"pct":0},"functions":{"total":10,"covered":0,"skipped":0,"pct":0},"statements":{"total":28,"covered":0,"skipped":0,"pct":0},"branches":{"total":16,"covered":0,"skipped":0,"pct":0}}
,"/home/runner/work/cookie/cookie/frontend/src/components/settings/SettingsUsers.tsx": {"lines":{"total":35,"covered":0,"skipped":0,"pct":0},"functions":{"total":8,"covered":0,"skipped":0,"pct":0},"statements":{"total":37,"covered":0,"skipped":0,"pct":0},"branches":{"total":39,"covered":0,"skipped":0,"pct":0}}
,"/home/runner/work/cookie/cookie/frontend/src/components/settings/index.ts": {"lines":{"total":0,"covered":0,"skipped":0,"pct":0},"functions":{"total":0,"covered":0,"skipped":0,"pct":0},"statements":{"total":0,"covered":0,"skipped":0,"pct":0},"branches":{"total":0,"covered":0,"skipped":0,"pct":0}}
,"/home/runner/work/cookie/cookie/frontend/src/contexts/AIStatusContext.tsx": {"lines":{"total":17,"covered":17,"skipped":0,"pct":100},"functions":{"total":6,"covered":5,"skipped":0,"pct":83.33},"statements":{"total":18,"covered":18,"skipped":0,"pct":100},"branches":{"total":0,"covered":0,"skipped":0,"pct":100}}
,"/home/runner/work/cookie/cookie/frontend/src/contexts/AuthContext.tsx": {"lines":{"total":26,"covered":19,"skipped":0,"pct":73.07},"functions":{"total":8,"covered":7,"skipped":0,"pct":87.5},"statements":{"total":26,"covered":19,"skipped":0,"pct":73.07},"branches":{"total":4,"covered":3,"skipped":0,"pct":75}}
,"/home/runner/work/cookie/cookie/frontend/src/contexts/ProfileContext.tsx": {"lines":{"total":97,"covered":55,"skipped":0,"pct":56.7},"functions":{"total":21,"covered":13,"skipped":0,"pct":61.9},"statements":{"total":103,"covered":57,"skipped":0,"pct":55.33},"branches":{"total":24,"covered":12,"skipped":0,"pct":50}}
,"/home/runner/work/cookie/cookie/frontend/src/hooks/useAsync.ts": {"lines":{"total":26,"covered":26,"skipped":0,"pct":100},"functions":{"total":8,"covered":8,"skipped":0,"pct":100},"statements":{"total":28,"covered":28,"skipped":0,"pct":100},"branches":{"total":4,"covered":3,"skipped":0,"pct":75}}
,"/home/runner/work/cookie/cookie/frontend/src/hooks/useRecipeDetail.ts": {"lines":{"total":104,"covered":51,"skipped":0,"pct":49.03},"functions":{"total":15,"covered":7,"skipped":0,"pct":46.66},"statements":{"total":109,"covered":52,"skipped":0,"pct":47.7},"branches":{"total":52,"covered":16,"skipped":0,"pct":30.76}}
,"/home/runner/work/cookie/cookie/frontend/src/hooks/useTimers.ts": {"lines":{"total":95,"covered":84,"skipped":0,"pct":88.42},"functions":{"total":29,"covered":26,"skipped":0,"pct":89.65},"statements":{"total":104,"covered":90,"skipped":0,"pct":86.53},"branches":{"total":39,"covered":27,"skipped":0,"pct":69.23}}
,"/home/runner/work/cookie/cookie/frontend/src/hooks/useWakeLock.ts": {"lines":{"total":66,"covered":0,"skipped":0,"pct":0},"functions":{"total":12,"covered":0,"skipped":0,"pct":0},"statements":{"total":66,"covered":0,"skipped":0,"pct":0},"branches":{"total":22,"covered":0,"skipped":0,"pct":0}}
,"/home/runner/work/cookie/cookie/frontend/src/lib/audio.ts": {"lines":{"total":46,"covered":44,"skipped":0,"pct":95.65},"functions":{"total":6,"covered":4,"skipped":0,"pct":66.66},"statements":{"total":46,"covered":44,"skipped":0,"pct":95.65},"branches":{"total":16,"covered":14,"skipped":0,"pct":87.5}}
,"/home/runner/work/cookie/cookie/frontend/src/lib/formatting.ts": {"lines":{"total":5,"covered":5,"skipped":0,"pct":100},"functions":{"total":1,"covered":1,"skipped":0,"pct":100},"statements":{"total":7,"covered":7,"skipped":0,"pct":100},"branches":{"total":6,"covered":6,"skipped":0,"pct":100}}
,"/home/runner/work/cookie/cookie/frontend/src/lib/utils.ts": {"lines":{"total":8,"covered":8,"skipped":0,"pct":100},"functions":{"total":3,"covered":3,"skipped":0,"pct":100},"statements":{"total":9,"covered":9,"skipped":0,"pct":100},"branches":{"total":4,"covered":4,"skipped":0,"pct":100}}
,"/home/runner/work/cookie/cookie/frontend/src/lib/webauthn.ts": {"lines":{"total":23,"covered":23,"skipped":0,"pct":100},"functions":{"total":8,"covered":8,"skipped":0,"pct":100},"statements":{"total":25,"covered":25,"skipped":0,"pct":100},"branches":{"total":10,"covered":10,"skipped":0,"pct":100}}
,"/home/runner/work/cookie/cookie/frontend/src/screens/AllRecipes.tsx": {"lines":{"total":29,"covered":16,"skipped":0,"pct":55.17},"functions":{"total":11,"covered":5,"skipped":0,"pct":45.45},"statements":{"total":30,"covered":17,"skipped":0,"pct":56.66},"branches":{"total":18,"covered":10,"skipped":0,"pct":55.55}}
,"/home/runner/work/cookie/cookie/frontend/src/screens/CollectionDetail.tsx": {"lines":{"total":52,"covered":34,"skipped":0,"pct":65.38},"functions":{"total":13,"covered":7,"skipped":0,"pct":53.84},"statements":{"total":53,"covered":34,"skipped":0,"pct":64.15},"branches":{"total":16,"covered":13,"skipped":0,"pct":81.25}}
,"/home/runner/work/cookie/cookie/frontend/src/screens/Collections.tsx": {"lines":{"total":56,"covered":20,"skipped":0,"pct":35.71},"functions":{"total":12,"covered":5,"skipped":0,"pct":41.66},"statements":{"total":57,"covered":20,"skipped":0,"pct":35.08},"branches":{"total":30,"covered":13,"skipped":0,"pct":43.33}}
,"/home/runner/work/cookie/cookie/frontend/src/screens/Favorites.tsx": {"lines":{"total":28,"covered":14,"skipped":0,"pct":50},"functions":{"total":9,"covered":4,"skipped":0,"pct":44.44},"statements":{"total":29,"covered":14,"skipped":0,"pct":48.27},"branches":{"total":4,"covered":4,"skipped":0,"pct":100}}
,"/home/runner/work/cookie/cookie/frontend/src/screens/Home.tsx": {"lines":{"total":91,"covered":37,"skipped":0,"pct":40.65},"functions":{"total":28,"covered":7,"skipped":0,"pct":25},"statements":{"total":97,"covered":38,"skipped":0,"pct":39.17},"branches":{"total":62,"covered":11,"skipped":0,"pct":17.74}}
,"/home/runner/work/cookie/cookie/frontend/src/screens/PairDevice.tsx": {"lines":{"total":3,"covered":2,"skipped":0,"pct":66.66},"functions":{"total":2,"covered":1,"skipped":0,"pct":50},"statements":{"total":3,"covered":2,"skipped":0,"pct":66.66},"branches":{"total":0,"covered":0,"skipped":0,"pct":100}}
,"/home/runner/work/cookie/cookie/frontend/src/screens/PasskeyLogin.tsx": {"lines":{"total":25,"covered":6,"skipped":0,"pct":24},"functions":{"total":2,"covered":1,"skipped":0,"pct":50},"statements":{"total":25,"covered":6,"skipped":0,"pct":24},"branches":{"total":20,"covered":6,"skipped":0,"pct":30}}
,"/home/runner/work/cookie/cookie/frontend/src/screens/PasskeyManage.tsx": {"lines":{"total":43,"covered":26,"skipped":0,"pct":60.46},"functions":{"total":9,"covered":7,"skipped":0,"pct":77.77},"statements":{"total":44,"covered":27,"skipped":0,"pct":61.36},"branches":{"total":26,"covered":14,"skipped":0,"pct":53.84}}
,"/home/runner/work/cookie/cookie/frontend/src/screens/PasskeyRegister.tsx": {"lines":{"total":22,"covered":6,"skipped":0,"pct":27.27},"functions":{"total":2,"covered":1,"skipped":0,"pct":50},"statements":{"total":22,"covered":6,"skipped":0,"pct":27.27},"branches":{"total":16,"covered":6,"skipped":0,"pct":37.5}}
,"/home/runner/work/cookie/cookie/frontend/src/screens/PlayMode.tsx": {"lines":{"total":63,"covered":43,"skipped":0,"pct":68.25},"functions":{"total":14,"covered":9,"skipped":0,"pct":64.28},"statements":{"total":64,"covered":44,"skipped":0,"pct":68.75},"branches":{"total":48,"covered":25,"skipped":0,"pct":52.08}}
,"/home/runner/work/cookie/cookie/frontend/src/screens/ProfileSelector.tsx": {"lines":{"total":52,"covered":45,"skipped":0,"pct":86.53},"functions":{"total":13,"covered":12,"skipped":0,"pct":92.3},"statements":{"total":53,"covered":45,"skipped":0,"pct":84.9},"branches":{"total":12,"covered":11,"skipped":0,"pct":91.66}}
,"/home/runner/work/cookie/cookie/frontend/src/screens/RecipeDetail.tsx": {"lines":{"total":8,"covered":6,"skipped":0,"pct":75},"functions":{"total":3,"covered":1,"skipped":0,"pct":33.33},"statements":{"total":8,"covered":6,"skipped":0,"pct":75},"branches":{"total":6,"covered":6,"skipped":0,"pct":100}}
,"/home/runner/work/cookie/cookie/frontend/src/screens/Search.tsx": {"lines":{"total":80,"covered":66,"skipped":0,"pct":82.5},"functions":{"total":21,"covered":16,"skipped":0,"pct":76.19},"statements":{"total":86,"covered":69,"skipped":0,"pct":80.23},"branches":{"total":66,"covered":49,"skipped":0,"pct":74.24}}
,"/home/runner/work/cookie/cookie/frontend/src/screens/Settings.tsx": {"lines":{"total":39,"covered":31,"skipped":0,"pct":79.48},"functions":{"total":12,"covered":7,"skipped":0,"pct":58.33},"statements":{"total":39,"covered":31,"skipped":0,"pct":79.48},"branches":{"total":52,"covered":42,"skipped":0,"pct":80.76}}
,"/home/runner/work/cookie/cookie/frontend/src/screens/components/RecipeActions.tsx": {"lines":{"total":1,"covered":1,"skipped":0,"pct":100},"functions":{"total":1,"covered":1,"skipped":0,"pct":100},"statements":{"total":1,"covered":1,"skipped":0,"pct":100},"branches":{"total":8,"covered":8,"skipped":0,"pct":100}}
,"/home/runner/work/cookie/cookie/frontend/src/screens/components/RecipeHeader.tsx": {"lines":{"total":12,"covered":7,"skipped":0,"pct":58.33},"functions":{"total":8,"covered":3,"skipped":0,"pct":37.5},"statements":{"total":13,"covered":7,"skipped":0,"pct":53.84},"branches":{"total":43,"covered":25,"skipped":0,"pct":58.13}}
,"/home/runner/work/cookie/cookie/frontend/src/screens/components/RecipeIngredients.tsx": {"lines":{"total":8,"covered":8,"skipped":0,"pct":100},"functions":{"total":4,"covered":4,"skipped":0,"pct":100},"statements":{"total":8,"covered":8,"skipped":0,"pct":100},"branches":{"total":8,"covered":8,"skipped":0,"pct":100}}
,"/home/runner/work/cookie/cookie/frontend/src/screens/components/RecipeInstructions.tsx": {"lines":{"total":7,"covered":7,"skipped":0,"pct":100},"functions":{"total":3,"covered":3,"skipped":0,"pct":100},"statements":{"total":7,"covered":7,"skipped":0,"pct":100},"branches":{"total":12,"covered":12,"skipped":0,"pct":100}}
,"/home/runner/work/cookie/cookie/frontend/src/screens/components/RecipeTabs.tsx": {"lines":{"total":22,"covered":3,"skipped":0,"pct":13.63},"functions":{"total":10,"covered":2,"skipped":0,"pct":20},"statements":{"total":22,"covered":3,"skipped":0,"pct":13.63},"branches":{"total":40,"covered":9,"skipped":0,"pct":22.5}}
}
