TN:
SF:src/App.tsx
FN:28,AppContent
FN:42,(anonymous_1)
FN:52,(anonymous_2)
FN:57,(anonymous_3)
FN:57,(anonymous_4)
FN:58,(anonymous_5)
FN:61,(anonymous_6)
FN:72,(anonymous_7)
FN:90,(anonymous_8)
FN:96,(anonymous_9)
FN:101,(anonymous_10)
FN:106,(anonymous_11)
FN:124,(anonymous_12)
FN:135,(anonymous_13)
FN:145,(anonymous_14)
FN:150,(anonymous_15)
FN:158,(anonymous_16)
FN:167,(anonymous_17)
FN:172,(anonymous_18)
FN:177,(anonymous_19)
FN:181,(anonymous_20)
FN:185,(anonymous_21)
FN:189,(anonymous_22)
FN:193,(anonymous_23)
FN:198,(anonymous_24)
FN:203,(anonymous_25)
FN:209,(anonymous_26)
FN:214,(anonymous_27)
FN:219,(anonymous_28)
FN:223,(anonymous_29)
FN:227,(anonymous_30)
FN:233,(anonymous_31)
FN:243,(anonymous_32)
FN:329,App
FNF:34
FNH:0
FNDA:0,AppContent
FNDA:0,(anonymous_1)
FNDA:0,(anonymous_2)
FNDA:0,(anonymous_3)
FNDA:0,(anonymous_4)
FNDA:0,(anonymous_5)
FNDA:0,(anonymous_6)
FNDA:0,(anonymous_7)
FNDA:0,(anonymous_8)
FNDA:0,(anonymous_9)
FNDA:0,(anonymous_10)
FNDA:0,(anonymous_11)
FNDA:0,(anonymous_12)
FNDA:0,(anonymous_13)
FNDA:0,(anonymous_14)
FNDA:0,(anonymous_15)
FNDA:0,(anonymous_16)
FNDA:0,(anonymous_17)
FNDA:0,(anonymous_18)
FNDA:0,(anonymous_19)
FNDA:0,(anonymous_20)
FNDA:0,(anonymous_21)
FNDA:0,(anonymous_22)
FNDA:0,(anonymous_23)
FNDA:0,(anonymous_24)
FNDA:0,(anonymous_25)
FNDA:0,(anonymous_26)
FNDA:0,(anonymous_27)
FNDA:0,(anonymous_28)
FNDA:0,(anonymous_29)
FNDA:0,(anonymous_30)
FNDA:0,(anonymous_31)
FNDA:0,(anonymous_32)
FNDA:0,App
DA:29,0
DA:30,0
DA:31,0
DA:32,0
DA:33,0
DA:34,0
DA:35,0
DA:36,0
DA:37,0
DA:38,0
DA:39,0
DA:42,0
DA:43,0
DA:44,0
DA:46,0
DA:52,0
DA:53,0
DA:55,0
DA:57,0
DA:58,0
DA:61,0
DA:62,0
DA:63,0
DA:64,0
DA:65,0
DA:66,0
DA:68,0
DA:72,0
DA:73,0
DA:75,0
DA:76,0
DA:78,0
DA:79,0
DA:83,0
DA:85,0
DA:86,0
DA:90,0
DA:91,0
DA:92,0
DA:93,0
DA:96,0
DA:97,0
DA:98,0
DA:101,0
DA:102,0
DA:103,0
DA:106,0
DA:107,0
DA:108,0
DA:109,0
DA:111,0
DA:113,0
DA:114,0
DA:115,0
DA:117,0
DA:118,0
DA:119,0
DA:120,0
DA:124,0
DA:125,0
DA:126,0
DA:128,0
DA:130,0
DA:131,0
DA:132,0
DA:135,0
DA:136,0
DA:138,0
DA:139,0
DA:141,0
DA:145,0
DA:146,0
DA:147,0
DA:148,0
DA:149,0
DA:150,0
DA:151,0
DA:152,0
DA:153,0
DA:155,0
DA:157,0
DA:158,0
DA:159,0
DA:162,0
DA:163,0
DA:167,0
DA:168,0
DA:169,0
DA:172,0
DA:173,0
DA:174,0
DA:177,0
DA:178,0
DA:181,0
DA:182,0
DA:185,0
DA:186,0
DA:189,0
DA:190,0
DA:193,0
DA:194,0
DA:195,0
DA:198,0
DA:199,0
DA:200,0
DA:203,0
DA:204,0
DA:205,0
DA:206,0
DA:209,0
DA:210,0
DA:211,0
DA:214,0
DA:215,0
DA:216,0
DA:219,0
DA:220,0
DA:223,0
DA:224,0
DA:227,0
DA:228,0
DA:229,0
DA:230,0
DA:233,0
DA:234,0
DA:235,0
DA:237,0
DA:239,0
DA:240,0
DA:243,0
DA:244,0
DA:245,0
DA:246,0
DA:248,0
DA:252,0
DA:330,0
LF:136
LH:0
BRDA:43,0,0,0
BRDA:43,0,1,0
BRDA:53,1,0,0
BRDA:53,1,1,0
BRDA:73,2,0,0
BRDA:73,2,1,0
BRDA:75,3,0,0
BRDA:75,3,1,0
BRDA:118,4,0,0
BRDA:118,4,1,0
BRDA:138,5,0,0
BRDA:138,5,1,0
BRDA:138,6,0,0
BRDA:138,6,1,0
BRDA:138,6,2,0
BRDA:148,7,0,0
BRDA:148,7,1,0
BRDA:245,8,0,0
BRDA:245,8,1,0
BRDA:248,9,0,0
BRDA:248,9,1,0
BRDA:255,10,0,0
BRDA:255,10,1,0
BRDA:258,11,0,0
BRDA:258,11,1,0
BRDA:258,11,2,0
BRDA:273,12,0,0
BRDA:273,12,1,0
BRDA:280,13,0,0
BRDA:280,13,1,0
BRDA:280,13,2,0
BRDA:280,13,3,0
BRDA:285,14,0,0
BRDA:285,14,1,0
BRDA:292,15,0,0
BRDA:292,15,1,0
BRDA:292,15,2,0
BRDA:295,16,0,0
BRDA:295,16,1,0
BRDA:301,17,0,0
BRDA:301,17,1,0
BRDA:307,18,0,0
BRDA:307,18,1,0
BRDA:314,19,0,0
BRDA:314,19,1,0
BRDA:314,19,2,0
BRDA:322,20,0,0
BRDA:322,20,1,0
BRDA:323,21,0,0
BRDA:323,21,1,0
BRF:50
BRH:0
end_of_record
TN:
SF:src/api/client.ts
FN:332,request
FN:373,(anonymous_1)
FN:375,(anonymous_2)
FN:381,(anonymous_3)
FN:387,(anonymous_4)
FN:390,(anonymous_5)
FN:392,(anonymous_6)
FN:394,(anonymous_7)
FN:402,(anonymous_8)
FN:408,(anonymous_9)
FN:419,(anonymous_10)
FN:430,(anonymous_11)
FN:436,(anonymous_12)
FN:439,(anonymous_13)
FN:450,(anonymous_14)
FN:452,(anonymous_15)
FN:454,(anonymous_16)
FN:460,(anonymous_17)
FN:466,(anonymous_18)
FN:471,(anonymous_19)
FN:476,(anonymous_20)
FN:481,(anonymous_21)
FN:483,(anonymous_22)
FN:489,(anonymous_23)
FN:496,(anonymous_24)
FN:499,(anonymous_25)
FN:505,(anonymous_26)
FN:512,(anonymous_27)
FN:514,(anonymous_28)
FN:516,(anonymous_29)
FN:522,(anonymous_30)
FN:528,(anonymous_31)
FN:533,(anonymous_32)
FN:539,(anonymous_33)
FN:546,(anonymous_34)
FN:548,(anonymous_35)
FN:554,(anonymous_36)
FN:562,(anonymous_37)
FN:564,(anonymous_38)
FN:566,(anonymous_39)
FN:569,(anonymous_40)
FN:574,(anonymous_41)
FN:583,(anonymous_42)
FN:592,(anonymous_43)
FN:597,(anonymous_44)
FN:604,(anonymous_45)
FN:606,(anonymous_46)
FNF:47
FNH:22
FNDA:26,request
FNDA:0,(anonymous_1)
FNDA:0,(anonymous_2)
FNDA:0,(anonymous_3)
FNDA:0,(anonymous_4)
FNDA:0,(anonymous_5)
FNDA:0,(anonymous_6)
FNDA:0,(anonymous_7)
FNDA:0,(anonymous_8)
FNDA:0,(anonymous_9)
FNDA:0,(anonymous_10)
FNDA:0,(anonymous_11)
FNDA:0,(anonymous_12)
FNDA:0,(anonymous_13)
FNDA:2,(anonymous_14)
FNDA:1,(anonymous_15)
FNDA:1,(anonymous_16)
FNDA:1,(anonymous_17)
FNDA:1,(anonymous_18)
FNDA:1,(anonymous_19)
FNDA:0,(anonymous_20)
FNDA:1,(anonymous_21)
FNDA:1,(anonymous_22)
FNDA:1,(anonymous_23)
FNDA:2,(anonymous_24)
FNDA:1,(anonymous_25)
FNDA:1,(anonymous_26)
FNDA:1,(anonymous_27)
FNDA:1,(anonymous_28)
FNDA:1,(anonymous_29)
FNDA:1,(anonymous_30)
FNDA:1,(anonymous_31)
FNDA:1,(anonymous_32)
FNDA:1,(anonymous_33)
FNDA:0,(anonymous_34)
FNDA:4,(anonymous_35)
FNDA:1,(anonymous_36)
FNDA:0,(anonymous_37)
FNDA:0,(anonymous_38)
FNDA:0,(anonymous_39)
FNDA:0,(anonymous_40)
FNDA:0,(anonymous_41)
FNDA:0,(anonymous_42)
FNDA:0,(anonymous_43)
FNDA:0,(anonymous_44)
FNDA:0,(anonymous_45)
FNDA:0,(anonymous_46)
DA:1,1
DA:336,26
DA:338,26
DA:346,26
DA:348,25
DA:350,1
DA:351,1
DA:354,1
DA:355,1
DA:356,1
DA:360,1
DA:364,24
DA:365,5
DA:368,19
DA:371,1
DA:373,0
DA:376,0
DA:382,0
DA:387,0
DA:390,0
DA:392,0
DA:395,0
DA:403,0
DA:409,0
DA:420,0
DA:431,0
DA:437,0
DA:440,0
DA:450,2
DA:452,1
DA:455,1
DA:461,1
DA:467,1
DA:472,1
DA:477,0
DA:481,1
DA:484,1
DA:490,1
DA:497,2
DA:500,1
DA:506,1
DA:512,1
DA:514,1
DA:517,1
DA:523,1
DA:529,1
DA:534,1
DA:540,1
DA:546,0
DA:549,4
DA:550,4
DA:551,4
DA:555,1
DA:562,0
DA:564,0
DA:567,0
DA:570,0
DA:575,0
DA:584,0
DA:593,0
DA:598,0
DA:604,0
DA:607,0
LF:63
LH:38
BRDA:334,0,0,26
BRDA:348,1,0,1
BRDA:348,1,1,24
BRDA:351,2,0,1
BRDA:351,2,1,0
BRDA:356,3,0,1
BRDA:356,3,1,0
BRDA:356,3,2,0
BRDA:364,4,0,5
BRDA:364,4,1,19
BRDA:419,5,0,0
BRDA:430,6,0,0
BRDA:496,7,0,2
BRDA:548,8,0,4
BRDA:550,9,0,1
BRDA:550,9,1,3
BRF:16
BRH:11
end_of_record
TN:
SF:src/components/AddToCollectionDropdown.tsx
FN:12,AddToCollectionDropdown
FN:23,(anonymous_1)
FN:24,(anonymous_2)
FN:32,(anonymous_3)
FN:37,(anonymous_4)
FN:43,(anonymous_5)
FN:56,(anonymous_6)
FN:60,(anonymous_7)
FN:75,(anonymous_8)
FN:83,(anonymous_9)
FN:105,(anonymous_10)
FN:108,(anonymous_11)
FNF:12
FNH:0
FNDA:0,AddToCollectionDropdown
FNDA:0,(anonymous_1)
FNDA:0,(anonymous_2)
FNDA:0,(anonymous_3)
FNDA:0,(anonymous_4)
FNDA:0,(anonymous_5)
FNDA:0,(anonymous_6)
FNDA:0,(anonymous_7)
FNDA:0,(anonymous_8)
FNDA:0,(anonymous_9)
FNDA:0,(anonymous_10)
FNDA:0,(anonymous_11)
DA:16,0
DA:17,0
DA:18,0
DA:19,0
DA:20,0
DA:23,0
DA:24,0
DA:25,0
DA:26,0
DA:30,0
DA:31,0
DA:32,0
DA:37,0
DA:38,0
DA:39,0
DA:43,0
DA:44,0
DA:45,0
DA:46,0
DA:47,0
DA:49,0
DA:50,0
DA:52,0
DA:56,0
DA:57,0
DA:58,0
DA:59,0
DA:60,0
DA:61,0
DA:62,0
DA:64,0
DA:65,0
DA:67,0
DA:68,0
DA:71,0
DA:75,0
DA:76,0
DA:77,0
DA:80,0
DA:83,0
DA:106,0
DA:108,0
LF:42
LH:0
BRDA:25,0,0,0
BRDA:25,0,1,0
BRDA:25,1,0,0
BRDA:25,1,1,0
BRDA:30,2,0,0
BRDA:30,2,1,0
BRDA:38,3,0,0
BRDA:38,3,1,0
BRDA:61,4,0,0
BRDA:61,4,1,0
BRDA:64,5,0,0
BRDA:64,5,1,0
BRDA:64,6,0,0
BRDA:64,6,1,0
BRDA:90,7,0,0
BRDA:90,7,1,0
BRDA:97,8,0,0
BRDA:97,8,1,0
BRDA:103,9,0,0
BRDA:103,9,1,0
BRDA:117,10,0,0
BRDA:117,10,1,0
BRF:22
BRH:0
end_of_record
TN:
SF:src/components/RecipeCard.tsx
FN:12,RecipeCard
FN:20,(anonymous_1)
FN:28,(anonymous_2)
FN:39,(anonymous_3)
FNF:4
FNH:0
FNDA:0,RecipeCard
FNDA:0,(anonymous_1)
FNDA:0,(anonymous_2)
FNDA:0,(anonymous_3)
DA:18,0
DA:20,0
DA:21,0
DA:22,0
DA:23,0
DA:24,0
DA:25,0
DA:28,0
DA:29,0
DA:30,0
DA:33,0
DA:39,0
LF:12
LH:0
BRDA:14,0,0,0
BRDA:18,1,0,0
BRDA:18,1,1,0
BRDA:21,2,0,0
BRDA:21,2,1,0
BRDA:22,3,0,0
BRDA:22,3,1,0
BRDA:25,4,0,0
BRDA:25,4,1,0
BRDA:37,5,0,0
BRDA:37,5,1,0
BRDA:43,6,0,0
BRDA:43,6,1,0
BRDA:56,7,0,0
BRDA:56,7,1,0
BRDA:61,8,0,0
BRDA:61,8,1,0
BRDA:65,9,0,0
BRDA:65,9,1,0
BRDA:68,10,0,0
BRDA:68,10,1,0
BRDA:74,11,0,0
BRDA:74,11,1,0
BRDA:94,12,0,0
BRDA:94,12,1,0
BRDA:102,13,0,0
BRDA:102,13,1,0
BRF:27
BRH:0
end_of_record
TN:
SF:src/components/RemixModal.tsx
FN:15,RemixModal
FN:29,(anonymous_1)
FN:40,(anonymous_2)
FN:53,(anonymous_3)
FN:62,(anonymous_4)
FN:69,(anonymous_5)
FN:76,(anonymous_6)
FN:80,(anonymous_7)
FN:136,(anonymous_8)
FN:139,(anonymous_9)
FN:167,(anonymous_10)
FNF:11
FNH:0
FNDA:0,RemixModal
FNDA:0,(anonymous_1)
FNDA:0,(anonymous_2)
FNDA:0,(anonymous_3)
FNDA:0,(anonymous_4)
FNDA:0,(anonymous_5)
FNDA:0,(anonymous_6)
FNDA:0,(anonymous_7)
FNDA:0,(anonymous_8)
FNDA:0,(anonymous_9)
FNDA:0,(anonymous_10)
DA:22,0
DA:23,0
DA:24,0
DA:25,0
DA:26,0
DA:29,0
DA:30,0
DA:31,0
DA:34,0
DA:35,0
DA:36,0
DA:40,0
DA:41,0
DA:42,0
DA:43,0
DA:44,0
DA:46,0
DA:47,0
DA:49,0
DA:53,0
DA:54,0
DA:55,0
DA:57,0
DA:58,0
DA:62,0
DA:63,0
DA:64,0
DA:65,0
DA:69,0
DA:70,0
DA:71,0
DA:73,0
DA:76,0
DA:77,0
DA:80,0
DA:81,0
DA:82,0
DA:84,0
DA:85,0
DA:86,0
DA:87,0
DA:88,0
DA:89,0
DA:91,0
DA:92,0
DA:94,0
DA:98,0
DA:100,0
DA:137,0
DA:139,0
DA:167,0
LF:51
LH:0
BRDA:30,0,0,0
BRDA:30,0,1,0
BRDA:54,1,0,0
BRDA:54,1,1,0
BRDA:64,2,0,0
BRDA:64,2,1,0
BRDA:70,3,0,0
BRDA:70,3,1,0
BRDA:77,4,0,0
BRDA:77,4,1,0
BRDA:77,4,2,0
BRDA:82,5,0,0
BRDA:82,5,1,0
BRDA:98,6,0,0
BRDA:98,6,1,0
BRDA:127,7,0,0
BRDA:127,7,1,0
BRDA:143,8,0,0
BRDA:143,8,1,0
BRDA:180,9,0,0
BRDA:180,9,1,0
BRDA:185,10,0,0
BRDA:185,10,1,0
BRF:23
BRH:0
end_of_record
TN:
SF:src/components/Skeletons.tsx
FN:11,Skeleton
FN:20,RecipeCardSkeleton
FN:42,RecipeGridSkeleton
FN:45,(anonymous_3)
FN:55,CollectionCardSkeleton
FN:71,CollectionGridSkeleton
FN:74,(anonymous_6)
FN:84,RecipeDetailSkeleton
FN:132,(anonymous_8)
FN:146,LoadingSpinner
FN:157,LoadingState
FN:169,SearchResultSkeleton
FN:193,SearchGridSkeleton
FN:196,(anonymous_13)
FNF:14
FNH:0
FNDA:0,Skeleton
FNDA:0,RecipeCardSkeleton
FNDA:0,RecipeGridSkeleton
FNDA:0,(anonymous_3)
FNDA:0,CollectionCardSkeleton
FNDA:0,CollectionGridSkeleton
FNDA:0,(anonymous_6)
FNDA:0,RecipeDetailSkeleton
FNDA:0,(anonymous_8)
FNDA:0,LoadingSpinner
FNDA:0,LoadingState
FNDA:0,SearchResultSkeleton
FNDA:0,SearchGridSkeleton
FNDA:0,(anonymous_13)
DA:12,0
DA:21,0
DA:43,0
DA:46,0
DA:56,0
DA:72,0
DA:75,0
DA:85,0
DA:133,0
DA:147,0
DA:158,0
DA:170,0
DA:194,0
DA:197,0
LF:14
LH:0
BRDA:42,0,0,0
BRDA:71,1,0,0
BRDA:157,2,0,0
BRDA:193,3,0,0
BRF:4
BRH:0
end_of_record
TN:
SF:src/components/TimerPanel.tsx
FN:20,TimerPanel
FN:27,(anonymous_1)
FN:40,(anonymous_2)
FN:61,(anonymous_3)
FN:65,(anonymous_4)
FN:69,(anonymous_5)
FN:75,(anonymous_6)
FN:101,(anonymous_7)
FN:104,(anonymous_8)
FN:126,(anonymous_9)
FN:129,(anonymous_10)
FN:148,(anonymous_11)
FN:152,(anonymous_12)
FN:153,(anonymous_13)
FN:154,(anonymous_14)
FNF:15
FNH:0
FNDA:0,TimerPanel
FNDA:0,(anonymous_1)
FNDA:0,(anonymous_2)
FNDA:0,(anonymous_3)
FNDA:0,(anonymous_4)
FNDA:0,(anonymous_5)
FNDA:0,(anonymous_6)
FNDA:0,(anonymous_7)
FNDA:0,(anonymous_8)
FNDA:0,(anonymous_9)
FNDA:0,(anonymous_10)
FNDA:0,(anonymous_11)
FNDA:0,(anonymous_12)
FNDA:0,(anonymous_13)
FNDA:0,(anonymous_14)
DA:14,0
DA:21,0
DA:22,0
DA:25,0
DA:27,0
DA:28,0
DA:29,0
DA:30,0
DA:31,0
DA:33,0
DA:34,0
DA:35,0
DA:36,0
DA:37,0
DA:40,0
DA:41,0
DA:44,0
DA:45,0
DA:46,0
DA:47,0
DA:48,0
DA:51,0
DA:53,0
DA:57,0
DA:61,0
DA:62,0
DA:65,0
DA:66,0
DA:69,0
DA:71,0
DA:75,0
DA:102,0
DA:104,0
DA:127,0
DA:129,0
DA:149,0
DA:152,0
DA:153,0
DA:154,0
LF:39
LH:0
BRDA:20,0,0,0
BRDA:25,1,0,0
BRDA:25,1,1,0
BRDA:28,2,0,0
BRDA:28,2,1,0
BRDA:31,3,0,0
BRDA:31,3,1,0
BRDA:35,4,0,0
BRDA:35,4,1,0
BRDA:36,5,0,0
BRDA:36,5,1,0
BRDA:44,6,0,0
BRDA:44,6,1,0
BRDA:44,7,0,0
BRDA:44,7,1,0
BRDA:81,8,0,0
BRDA:81,8,1,0
BRDA:84,9,0,0
BRDA:84,9,1,0
BRDA:90,10,0,0
BRDA:90,10,1,0
BRDA:97,11,0,0
BRDA:97,11,1,0
BRDA:108,12,0,0
BRDA:108,12,1,0
BRDA:116,13,0,0
BRDA:116,13,1,0
BRDA:116,13,2,0
BRDA:120,14,0,0
BRDA:120,14,1,0
BRDA:133,15,0,0
BRDA:133,15,1,0
BRDA:146,16,0,0
BRDA:146,16,1,0
BRF:34
BRH:0
end_of_record
TN:
SF:src/components/TimerWidget.tsx
FN:13,TimerWidget
FNF:1
FNH:0
FNDA:0,TimerWidget
DA:19,0
DA:20,0
DA:22,0
LF:3
LH:0
BRDA:26,0,0,0
BRDA:26,0,1,0
BRDA:33,1,0,0
BRDA:33,1,1,0
BRDA:47,2,0,0
BRDA:47,2,1,0
BRDA:55,3,0,0
BRDA:55,3,1,0
BRDA:61,4,0,0
BRDA:61,4,1,0
BRDA:65,5,0,0
BRDA:65,5,1,0
BRDA:67,6,0,0
BRDA:67,6,1,0
BRF:14
BRH:0
end_of_record
TN:
SF:src/contexts/AIStatusContext.tsx
FN:21,(anonymous_0)
FN:26,useAIStatus
FN:34,AIStatusProvider
FN:44,(anonymous_3)
FN:68,(anonymous_4)
FN:72,(anonymous_5)
FNF:6
FNH:0
FNDA:0,(anonymous_0)
FNDA:0,useAIStatus
FNDA:0,AIStatusProvider
FNDA:0,(anonymous_3)
FNDA:0,(anonymous_4)
FNDA:0,(anonymous_5)
DA:14,0
DA:24,0
DA:27,0
DA:35,0
DA:42,0
DA:44,0
DA:45,0
DA:46,0
DA:47,0
DA:55,0
DA:56,0
DA:64,0
DA:68,0
DA:69,0
DA:71,0
DA:72,0
DA:75,0
LF:17
LH:0
BRF:0
BRH:0
end_of_record
TN:
SF:src/hooks/useTimers.ts
FN:21,useTimers
FN:27,(anonymous_1)
FN:32,(anonymous_2)
FN:33,(anonymous_3)
FN:34,(anonymous_4)
FN:40,(anonymous_5)
FN:45,(anonymous_6)
FN:46,(anonymous_7)
FN:47,(anonymous_8)
FN:69,(anonymous_9)
FN:83,(anonymous_10)
FN:91,(anonymous_11)
FN:92,(anonymous_12)
FN:93,(anonymous_13)
FN:114,(anonymous_14)
FN:115,(anonymous_15)
FN:121,(anonymous_16)
FN:129,(anonymous_17)
FN:130,(anonymous_18)
FN:136,(anonymous_19)
FN:144,(anonymous_20)
FN:145,(anonymous_21)
FN:153,(anonymous_22)
FN:161,(anonymous_23)
FN:161,(anonymous_24)
FN:165,(anonymous_25)
FN:166,(anonymous_26)
FN:197,detectTimes
FN:229,formatTimerDisplay
FNF:29
FNH:26
FNDA:38,useTimers
FNDA:11,(anonymous_1)
FNDA:11,(anonymous_2)
FNDA:11,(anonymous_3)
FNDA:6,(anonymous_4)
FNDA:13,(anonymous_5)
FNDA:0,(anonymous_6)
FNDA:0,(anonymous_7)
FNDA:0,(anonymous_8)
FNDA:13,(anonymous_9)
FNDA:8,(anonymous_10)
FNDA:39,(anonymous_11)
FNDA:39,(anonymous_12)
FNDA:59,(anonymous_13)
FNDA:8,(anonymous_14)
FNDA:10,(anonymous_15)
FNDA:2,(anonymous_16)
FNDA:2,(anonymous_17)
FNDA:2,(anonymous_18)
FNDA:1,(anonymous_19)
FNDA:1,(anonymous_20)
FNDA:1,(anonymous_21)
FNDA:1,(anonymous_22)
FNDA:1,(anonymous_23)
FNDA:2,(anonymous_24)
FNDA:2,(anonymous_25)
FNDA:2,(anonymous_26)
FNDA:16,detectTimes
FNDA:7,formatTimerDisplay
DA:22,38
DA:23,38
DA:24,38
DA:27,38
DA:28,11
DA:32,38
DA:33,11
DA:34,11
DA:35,6
DA:40,38
DA:41,13
DA:44,13
DA:45,9
DA:46,0
DA:47,0
DA:48,0
DA:49,0
DA:51,0
DA:53,0
DA:55,0
DA:56,0
DA:57,0
DA:58,0
DA:61,0
DA:66,9
DA:69,13
DA:80,13
DA:83,38
DA:85,8
DA:86,8
DA:87,5
DA:91,8
DA:92,39
DA:93,39
DA:94,59
DA:95,39
DA:97,35
DA:99,35
DA:101,2
DA:102,2
DA:103,2
DA:104,2
DA:107,33
DA:112,8
DA:114,8
DA:115,8
DA:116,10
DA:121,38
DA:123,2
DA:124,2
DA:125,2
DA:126,2
DA:129,2
DA:130,2
DA:131,2
DA:136,38
DA:138,1
DA:139,1
DA:140,1
DA:141,1
DA:144,1
DA:145,1
DA:146,1
DA:153,38
DA:155,1
DA:156,1
DA:157,1
DA:158,1
DA:161,2
DA:164,38
DA:166,2
DA:167,2
DA:169,2
DA:170,1
DA:172,1
DA:178,38
DA:198,16
DA:199,16
DA:202,16
DA:208,16
DA:210,48
DA:211,16
DA:212,16
DA:213,16
DA:214,16
DA:215,15
DA:216,15
DA:222,16
DA:230,7
DA:231,7
DA:232,7
DA:234,7
DA:235,3
DA:237,4
LF:94
LH:83
BRDA:40,0,0,13
BRDA:44,1,0,9
BRDA:44,1,1,4
BRDA:48,2,0,0
BRDA:48,2,1,0
BRDA:49,3,0,0
BRDA:49,3,1,0
BRDA:53,4,0,0
BRDA:53,4,1,0
BRDA:86,5,0,5
BRDA:86,5,1,3
BRDA:94,6,0,20
BRDA:94,6,1,39
BRDA:95,7,0,4
BRDA:95,7,1,35
BRDA:99,8,0,2
BRDA:99,8,1,33
BRDA:116,9,0,8
BRDA:116,9,1,2
BRDA:124,10,0,2
BRDA:124,10,1,0
BRDA:131,11,0,2
BRDA:131,11,1,0
BRDA:139,12,0,1
BRDA:139,12,1,0
BRDA:146,13,0,1
BRDA:146,13,1,0
BRDA:156,14,0,1
BRDA:156,14,1,0
BRDA:167,15,0,0
BRDA:167,15,1,2
BRDA:169,16,0,1
BRDA:169,16,1,1
BRDA:214,17,0,15
BRDA:214,17,1,1
BRDA:214,18,0,16
BRDA:214,18,1,16
BRDA:234,19,0,3
BRDA:234,19,1,4
BRF:39
BRH:27
end_of_record
TN:
SF:src/hooks/useWakeLock.ts
FN:11,useWakeLock
FN:53,(anonymous_1)
FN:58,(anonymous_2)
FN:67,(anonymous_3)
FN:79,(anonymous_4)
FN:91,(anonymous_5)
FN:113,(anonymous_6)
FN:121,(anonymous_7)
FN:131,(anonymous_8)
FN:140,(anonymous_9)
FN:153,(anonymous_10)
FN:163,(anonymous_11)
FNF:12
FNH:0
FNDA:0,useWakeLock
FNDA:0,(anonymous_1)
FNDA:0,(anonymous_2)
FNDA:0,(anonymous_3)
FNDA:0,(anonymous_4)
FNDA:0,(anonymous_5)
FNDA:0,(anonymous_6)
FNDA:0,(anonymous_7)
FNDA:0,(anonymous_8)
FNDA:0,(anonymous_9)
FNDA:0,(anonymous_10)
FNDA:0,(anonymous_11)
DA:12,0
DA:13,0
DA:14,0
DA:19,0
DA:53,0
DA:54,0
DA:58,0
DA:59,0
DA:60,0
DA:63,0
DA:64,0
DA:67,0
DA:68,0
DA:71,0
DA:74,0
DA:79,0
DA:80,0
DA:81,0
DA:82,0
DA:86,0
DA:91,0
DA:92,0
DA:93,0
DA:96,0
DA:97,0
DA:98,0
DA:99,0
DA:100,0
DA:101,0
DA:102,0
DA:103,0
DA:104,0
DA:105,0
DA:106,0
DA:107,0
DA:109,0
DA:110,0
DA:113,0
DA:117,0
DA:121,0
DA:122,0
DA:123,0
DA:124,0
DA:125,0
DA:127,0
DA:131,0
DA:132,0
DA:133,0
DA:134,0
DA:135,0
DA:138,0
DA:140,0
DA:142,0
DA:144,0
DA:146,0
DA:150,0
DA:153,0
DA:154,0
DA:155,0
DA:156,0
DA:161,0
DA:163,0
DA:164,0
DA:165,0
DA:166,0
DA:167,0
LF:66
LH:0
BRDA:11,0,0,0
BRDA:59,1,0,0
BRDA:59,1,1,0
BRDA:80,2,0,0
BRDA:80,2,1,0
BRDA:92,3,0,0
BRDA:92,3,1,0
BRDA:122,4,0,0
BRDA:122,4,1,0
BRDA:132,5,0,0
BRDA:132,5,1,0
BRDA:144,6,0,0
BRDA:144,6,1,0
BRDA:144,7,0,0
BRDA:144,7,1,0
BRDA:154,8,0,0
BRDA:154,8,1,0
BRDA:154,9,0,0
BRDA:154,9,1,0
BRDA:154,9,2,0
BRDA:155,10,0,0
BRDA:155,10,1,0
BRF:22
BRH:0
end_of_record
TN:
SF:src/lib/audio.ts
FN:16,getAudioContext
FN:42,unlockAudio
FN:54,(anonymous_2)
FN:76,playTimerAlert
FN:84,(anonymous_4)
FN:106,playTone
FNF:6
FNH:0
FNDA:0,getAudioContext
FNDA:0,unlockAudio
FNDA:0,(anonymous_2)
FNDA:0,playTimerAlert
FNDA:0,(anonymous_4)
FNDA:0,playTone
DA:7,0
DA:10,0
DA:17,0
DA:18,0
DA:21,0
DA:23,0
DA:26,0
DA:27,0
DA:28,0
DA:34,0
DA:43,0
DA:44,0
DA:47,0
DA:48,0
DA:49,0
DA:53,0
DA:54,0
DA:60,0
DA:61,0
DA:62,0
DA:63,0
DA:64,0
DA:65,0
DA:66,0
DA:77,0
DA:78,0
DA:79,0
DA:83,0
DA:84,0
DA:87,0
DA:88,0
DA:92,0
DA:95,0
DA:97,0
DA:113,0
DA:114,0
DA:115,0
DA:118,0
DA:119,0
DA:121,0
DA:123,0
DA:125,0
DA:128,0
DA:129,0
DA:132,0
DA:133,0
LF:46
LH:0
BRDA:17,0,0,0
BRDA:17,0,1,0
BRDA:23,1,0,0
BRDA:23,1,1,0
BRDA:26,2,0,0
BRDA:26,2,1,0
BRDA:43,3,0,0
BRDA:43,3,1,0
BRDA:48,4,0,0
BRDA:48,4,1,0
BRDA:53,5,0,0
BRDA:53,5,1,0
BRDA:78,6,0,0
BRDA:78,6,1,0
BRDA:83,7,0,0
BRDA:83,7,1,0
BRF:16
BRH:0
end_of_record
TN:
SF:src/lib/utils.ts
FN:4,cn
FN:13,formatNutritionKey
FN:23,(anonymous_2)
FNF:3
FNH:3
FNDA:58,cn
FNDA:16,formatNutritionKey
FNDA:6,(anonymous_2)
DA:5,58
DA:14,16
DA:17,15
DA:20,15
DA:21,3
DA:23,6
DA:28,12
DA:31,12
LF:8
LH:8
BRDA:14,0,0,1
BRDA:14,0,1,15
BRDA:20,1,0,3
BRDA:20,1,1,12
BRF:4
BRH:4
end_of_record
TN:
SF:src/screens/AllRecipes.tsx
FN:13,AllRecipes
FN:17,(anonymous_1)
FN:21,(anonymous_2)
FN:58,(anonymous_3)
FN:62,(anonymous_4)
FNF:5
FNH:0
FNDA:0,AllRecipes
FNDA:0,(anonymous_1)
FNDA:0,(anonymous_2)
FNDA:0,(anonymous_3)
FNDA:0,(anonymous_4)
DA:14,0
DA:15,0
DA:17,0
DA:18,0
DA:21,0
DA:22,0
DA:24,0
DA:25,0
DA:27,0
DA:28,0
DA:30,0
DA:34,0
DA:59,0
DA:62,0
LF:14
LH:0
BRDA:50,0,0,0
BRDA:50,0,1,0
BRDA:52,1,0,0
BRDA:52,1,1,0
BRDA:55,2,0,0
BRDA:55,2,1,0
BRF:6
BRH:0
end_of_record
TN:
SF:src/screens/CollectionDetail.tsx
FN:15,CollectionDetail
FN:26,(anonymous_1)
FN:30,(anonymous_2)
FN:42,(anonymous_3)
FN:49,(anonymous_4)
FN:58,(anonymous_5)
FN:116,(anonymous_6)
FN:133,(anonymous_7)
FN:155,(anonymous_8)
FN:159,(anonymous_9)
FN:163,(anonymous_10)
FNF:11
FNH:0
FNDA:0,CollectionDetail
FNDA:0,(anonymous_1)
FNDA:0,(anonymous_2)
FNDA:0,(anonymous_3)
FNDA:0,(anonymous_4)
FNDA:0,(anonymous_5)
FNDA:0,(anonymous_6)
FNDA:0,(anonymous_7)
FNDA:0,(anonymous_8)
FNDA:0,(anonymous_9)
FNDA:0,(anonymous_10)
DA:21,0
DA:22,0
DA:23,0
DA:24,0
DA:26,0
DA:27,0
DA:30,0
DA:31,0
DA:32,0
DA:33,0
DA:35,0
DA:36,0
DA:38,0
DA:42,0
DA:43,0
DA:45,0
DA:46,0
DA:47,0
DA:49,0
DA:51,0
DA:53,0
DA:54,0
DA:58,0
DA:59,0
DA:60,0
DA:61,0
DA:62,0
DA:63,0
DA:65,0
DA:66,0
DA:68,0
DA:72,0
DA:73,0
DA:80,0
DA:81,0
DA:94,0
DA:116,0
DA:133,0
DA:156,0
DA:159,0
DA:164,0
DA:165,0
LF:42
LH:0
BRDA:43,0,0,0
BRDA:43,0,1,0
BRDA:72,1,0,0
BRDA:72,1,1,0
BRDA:80,2,0,0
BRDA:80,2,1,0
BRDA:111,3,0,0
BRDA:111,3,1,0
BRDA:125,4,0,0
BRDA:125,4,1,0
BRDA:143,5,0,0
BRDA:143,5,1,0
BRDA:153,6,0,0
BRDA:153,6,1,0
BRF:14
BRH:0
end_of_record
TN:
SF:src/screens/Collections.tsx
FN:14,Collections
FN:25,(anonymous_1)
FN:29,(anonymous_2)
FN:41,(anonymous_3)
FN:73,(anonymous_4)
FN:106,(anonymous_5)
FN:127,(anonymous_6)
FN:139,(anonymous_7)
FN:147,(anonymous_8)
FN:177,(anonymous_9)
FN:180,(anonymous_10)
FN:212,(anonymous_11)
FNF:12
FNH:0
FNDA:0,Collections
FNDA:0,(anonymous_1)
FNDA:0,(anonymous_2)
FNDA:0,(anonymous_3)
FNDA:0,(anonymous_4)
FNDA:0,(anonymous_5)
FNDA:0,(anonymous_6)
FNDA:0,(anonymous_7)
FNDA:0,(anonymous_8)
FNDA:0,(anonymous_9)
FNDA:0,(anonymous_10)
FNDA:0,(anonymous_11)
DA:19,0
DA:20,0
DA:21,0
DA:22,0
DA:23,0
DA:25,0
DA:26,0
DA:29,0
DA:30,0
DA:31,0
DA:32,0
DA:34,0
DA:35,0
DA:37,0
DA:41,0
DA:42,0
DA:43,0
DA:45,0
DA:46,0
DA:47,0
DA:50,0
DA:51,0
DA:52,0
DA:53,0
DA:56,0
DA:57,0
DA:58,0
DA:59,0
DA:61,0
DA:63,0
DA:66,0
DA:67,0
DA:69,0
DA:73,0
DA:75,0
DA:76,0
DA:77,0
DA:78,0
DA:81,0
DA:82,0
DA:83,0
DA:85,0
DA:89,0
DA:92,0
DA:106,0
DA:128,0
DA:129,0
DA:139,0
DA:148,0
DA:149,0
DA:178,0
DA:180,0
DA:212,0
LF:53
LH:0
BRDA:43,0,0,0
BRDA:43,0,1,0
BRDA:56,1,0,0
BRDA:56,1,1,0
BRDA:75,2,0,0
BRDA:75,2,1,0
BRDA:81,3,0,0
BRDA:81,3,1,0
BRDA:81,4,0,0
BRDA:81,4,1,0
BRDA:118,5,0,0
BRDA:118,5,1,0
BRDA:157,6,0,0
BRDA:157,6,1,0
BRDA:160,7,0,0
BRDA:160,7,1,0
BRDA:167,8,0,0
BRDA:167,8,1,0
BRDA:173,9,0,0
BRDA:173,9,1,0
BRDA:175,10,0,0
BRDA:175,10,1,0
BRDA:183,11,0,0
BRDA:183,11,1,0
BRDA:194,12,0,0
BRDA:194,12,1,0
BRF:26
BRH:0
end_of_record
TN:
SF:src/screens/Favorites.tsx
FN:13,Favorites
FN:17,(anonymous_1)
FN:21,(anonymous_2)
FN:33,(anonymous_3)
FN:36,(anonymous_4)
FN:64,(anonymous_5)
FN:70,(anonymous_6)
FNF:7
FNH:0
FNDA:0,Favorites
FNDA:0,(anonymous_1)
FNDA:0,(anonymous_2)
FNDA:0,(anonymous_3)
FNDA:0,(anonymous_4)
FNDA:0,(anonymous_5)
FNDA:0,(anonymous_6)
DA:14,0
DA:15,0
DA:17,0
DA:18,0
DA:21,0
DA:22,0
DA:23,0
DA:24,0
DA:26,0
DA:27,0
DA:29,0
DA:33,0
DA:34,0
DA:35,0
DA:36,0
DA:37,0
DA:39,0
DA:40,0
DA:44,0
DA:65,0
DA:70,0
LF:21
LH:0
BRDA:60,0,0,0
BRDA:60,0,1,0
BRDA:62,1,0,0
BRDA:62,1,1,0
BRF:4
BRH:0
end_of_record
TN:
SF:src/screens/Home.tsx
FN:32,Home
FN:57,(anonymous_1)
FN:61,(anonymous_2)
FN:67,(anonymous_3)
FN:84,(anonymous_4)
FN:99,(anonymous_5)
FN:104,(anonymous_6)
FN:111,(anonymous_7)
FN:114,(anonymous_8)
FN:122,(anonymous_9)
FN:126,(anonymous_10)
FN:206,(anonymous_11)
FN:218,(anonymous_12)
FN:229,(anonymous_13)
FN:262,(anonymous_14)
FN:267,(anonymous_15)
FN:291,(anonymous_16)
FN:297,(anonymous_17)
FN:314,(anonymous_18)
FN:354,(anonymous_19)
FN:357,(anonymous_20)
FN:434,(anonymous_21)
FNF:22
FNH:0
FNDA:0,Home
FNDA:0,(anonymous_1)
FNDA:0,(anonymous_2)
FNDA:0,(anonymous_3)
FNDA:0,(anonymous_4)
FNDA:0,(anonymous_5)
FNDA:0,(anonymous_6)
FNDA:0,(anonymous_7)
FNDA:0,(anonymous_8)
FNDA:0,(anonymous_9)
FNDA:0,(anonymous_10)
FNDA:0,(anonymous_11)
FNDA:0,(anonymous_12)
FNDA:0,(anonymous_13)
FNDA:0,(anonymous_14)
FNDA:0,(anonymous_15)
FNDA:0,(anonymous_16)
FNDA:0,(anonymous_17)
FNDA:0,(anonymous_18)
FNDA:0,(anonymous_19)
FNDA:0,(anonymous_20)
FNDA:0,(anonymous_21)
DA:45,0
DA:46,0
DA:47,0
DA:48,0
DA:49,0
DA:50,0
DA:51,0
DA:52,0
DA:53,0
DA:55,0
DA:57,0
DA:58,0
DA:61,0
DA:62,0
DA:63,0
DA:67,0
DA:68,0
DA:69,0
DA:73,0
DA:74,0
DA:75,0
DA:77,0
DA:78,0
DA:80,0
DA:84,0
DA:85,0
DA:86,0
DA:87,0
DA:88,0
DA:89,0
DA:90,0
DA:92,0
DA:93,0
DA:95,0
DA:99,0
DA:101,0
DA:104,0
DA:105,0
DA:106,0
DA:107,0
DA:111,0
DA:112,0
DA:113,0
DA:114,0
DA:115,0
DA:117,0
DA:118,0
DA:122,0
DA:123,0
DA:126,0
DA:128,0
DA:206,0
DA:218,0
DA:229,0
DA:263,0
DA:267,0
DA:292,0
DA:297,0
DA:314,0
DA:355,0
DA:357,0
DA:434,0
LF:62
LH:0
BRDA:62,0,0,0
BRDA:62,0,1,0
BRDA:62,1,0,0
BRDA:62,1,1,0
BRDA:62,1,2,0
BRDA:62,1,3,0
BRDA:62,1,4,0
BRDA:106,2,0,0
BRDA:106,2,1,0
BRDA:157,3,0,0
BRDA:157,3,1,0
BRDA:159,4,0,0
BRDA:159,4,1,0
BRDA:214,5,0,0
BRDA:214,5,1,0
BRDA:221,6,0,0
BRDA:221,6,1,0
BRDA:232,7,0,0
BRDA:232,7,1,0
BRDA:243,8,0,0
BRDA:243,8,1,0
BRDA:245,9,0,0
BRDA:245,9,1,0
BRDA:245,10,0,0
BRDA:245,10,1,0
BRDA:248,11,0,0
BRDA:248,11,1,0
BRDA:280,12,0,0
BRDA:280,12,1,0
BRDA:289,13,0,0
BRDA:289,13,1,0
BRDA:326,14,0,0
BRDA:326,14,1,0
BRDA:335,15,0,0
BRDA:335,15,1,0
BRDA:347,16,0,0
BRDA:347,16,1,0
BRDA:363,17,0,0
BRDA:363,17,1,0
BRDA:364,18,0,0
BRDA:364,18,1,0
BRDA:365,19,0,0
BRDA:365,19,1,0
BRDA:382,20,0,0
BRDA:382,20,1,0
BRDA:401,21,0,0
BRDA:401,21,1,0
BRF:47
BRH:0
end_of_record
TN:
SF:src/screens/PlayMode.tsx
FN:17,PlayMode
FN:22,(anonymous_1)
FN:23,(anonymous_2)
FN:25,(anonymous_3)
FN:35,(anonymous_4)
FN:42,(anonymous_5)
FN:72,(anonymous_6)
FN:84,(anonymous_7)
FN:90,(anonymous_8)
FN:97,(anonymous_9)
FN:98,(anonymous_10)
FN:109,(anonymous_11)
FN:196,(anonymous_12)
FN:199,(anonymous_13)
FNF:14
FNH:0
FNDA:0,PlayMode
FNDA:0,(anonymous_1)
FNDA:0,(anonymous_2)
FNDA:0,(anonymous_3)
FNDA:0,(anonymous_4)
FNDA:0,(anonymous_5)
FNDA:0,(anonymous_6)
FNDA:0,(anonymous_7)
FNDA:0,(anonymous_8)
FNDA:0,(anonymous_9)
FNDA:0,(anonymous_10)
FNDA:0,(anonymous_11)
FNDA:0,(anonymous_12)
FNDA:0,(anonymous_13)
DA:18,0
DA:19,0
DA:22,0
DA:23,0
DA:24,0
DA:26,0
DA:32,0
DA:35,0
DA:38,0
DA:41,0
DA:44,0
DA:47,0
DA:52,0
DA:53,0
DA:54,0
DA:66,0
DA:69,0
DA:72,0
DA:73,0
DA:74,0
DA:78,0
DA:81,0
DA:82,0
DA:84,0
DA:85,0
DA:86,0
DA:90,0
DA:91,0
DA:92,0
DA:97,0
DA:98,0
DA:99,0
DA:100,0
DA:101,0
DA:102,0
DA:103,0
DA:104,0
DA:108,0
DA:109,0
DA:112,0
DA:113,0
DA:128,0
DA:197,0
DA:199,0
LF:44
LH:0
BRDA:32,0,0,0
BRDA:32,0,1,0
BRDA:34,1,0,0
BRDA:34,1,1,0
BRDA:53,2,0,0
BRDA:53,2,1,0
BRDA:53,3,0,0
BRDA:53,3,1,0
BRDA:73,4,0,0
BRDA:73,4,1,0
BRDA:73,5,0,0
BRDA:73,5,1,0
BRDA:81,6,0,0
BRDA:81,6,1,0
BRDA:82,7,0,0
BRDA:82,7,1,0
BRDA:85,8,0,0
BRDA:85,8,1,0
BRDA:91,9,0,0
BRDA:91,9,1,0
BRDA:99,10,0,0
BRDA:99,10,1,0
BRDA:99,11,0,0
BRDA:99,11,1,0
BRDA:101,12,0,0
BRDA:101,12,1,0
BRDA:101,13,0,0
BRDA:101,13,1,0
BRDA:103,14,0,0
BRDA:103,14,1,0
BRDA:112,15,0,0
BRDA:112,15,1,0
BRDA:185,16,0,0
BRDA:185,16,1,0
BRDA:202,17,0,0
BRDA:202,17,1,0
BRDA:204,18,0,0
BRDA:204,18,1,0
BRDA:218,19,0,0
BRDA:218,19,1,0
BRF:40
BRH:0
end_of_record
TN:
SF:src/screens/ProfileSelector.tsx
FN:24,ProfileSelector
FN:34,(anonymous_1)
FN:38,(anonymous_2)
FN:50,(anonymous_3)
FN:77,(anonymous_4)
FN:98,(anonymous_5)
FN:101,(anonymous_6)
FN:116,(anonymous_7)
FN:137,(anonymous_8)
FN:151,(anonymous_9)
FN:155,(anonymous_10)
FN:170,(anonymous_11)
FNF:12
FNH:10
FNDA:16,ProfileSelector
FNDA:6,(anonymous_1)
FNDA:6,(anonymous_2)
FNDA:1,(anonymous_3)
FNDA:5,(anonymous_4)
FNDA:5,(anonymous_5)
FNDA:1,(anonymous_6)
FNDA:2,(anonymous_7)
FNDA:1,(anonymous_8)
FNDA:40,(anonymous_9)
FNDA:0,(anonymous_10)
FNDA:0,(anonymous_11)
DA:7,1
DA:27,16
DA:28,16
DA:29,16
DA:30,16
DA:31,16
DA:32,16
DA:34,16
DA:35,6
DA:38,16
DA:39,6
DA:40,6
DA:41,5
DA:43,0
DA:44,0
DA:46,5
DA:50,16
DA:51,1
DA:52,1
DA:54,1
DA:55,1
DA:56,1
DA:62,1
DA:63,1
DA:64,1
DA:65,1
DA:66,1
DA:67,1
DA:68,1
DA:70,0
DA:71,0
DA:73,1
DA:77,16
DA:78,5
DA:81,16
DA:82,6
DA:89,10
DA:99,5
DA:101,1
DA:116,2
DA:137,1
DA:152,40
DA:155,0
DA:171,0
DA:172,0
DA:173,0
LF:46
LH:38
BRDA:52,0,0,0
BRDA:52,0,1,1
BRDA:81,1,0,6
BRDA:81,1,1,10
BRDA:127,2,0,10
BRDA:127,2,1,4
BRDA:158,3,0,40
BRDA:158,3,1,4
BRDA:181,4,0,4
BRDA:181,4,1,2
BRDA:184,5,0,1
BRDA:184,5,1,3
BRF:12
BRH:11
end_of_record
TN:
SF:src/screens/RecipeDetail.tsx
FN:39,RecipeDetail
FN:62,(anonymous_1)
FN:67,(anonymous_2)
FN:84,(anonymous_3)
FN:96,(anonymous_4)
FN:105,(anonymous_5)
FN:112,(anonymous_6)
FN:125,(anonymous_7)
FN:141,(anonymous_8)
FN:152,(anonymous_9)
FN:181,(anonymous_10)
FN:270,(anonymous_11)
FN:281,(anonymous_12)
FN:285,(anonymous_13)
FN:293,(anonymous_14)
FN:305,(anonymous_15)
FN:389,(anonymous_16)
FN:399,(anonymous_17)
FN:444,(anonymous_18)
FN:447,(anonymous_19)
FN:489,(anonymous_20)
FN:496,IngredientsTab
FN:512,(anonymous_22)
FN:520,(anonymous_23)
FN:540,(anonymous_24)
FN:552,InstructionsTab
FN:566,(anonymous_26)
FN:585,(anonymous_27)
FN:598,NutritionTab
FN:617,(anonymous_29)
FN:633,TipsTab
FN:681,(anonymous_31)
FN:705,(anonymous_32)
FN:715,(anonymous_33)
FN:730,(anonymous_34)
FNF:35
FNH:0
FNDA:0,RecipeDetail
FNDA:0,(anonymous_1)
FNDA:0,(anonymous_2)
FNDA:0,(anonymous_3)
FNDA:0,(anonymous_4)
FNDA:0,(anonymous_5)
FNDA:0,(anonymous_6)
FNDA:0,(anonymous_7)
FNDA:0,(anonymous_8)
FNDA:0,(anonymous_9)
FNDA:0,(anonymous_10)
FNDA:0,(anonymous_11)
FNDA:0,(anonymous_12)
FNDA:0,(anonymous_13)
FNDA:0,(anonymous_14)
FNDA:0,(anonymous_15)
FNDA:0,(anonymous_16)
FNDA:0,(anonymous_17)
FNDA:0,(anonymous_18)
FNDA:0,(anonymous_19)
FNDA:0,(anonymous_20)
FNDA:0,IngredientsTab
FNDA:0,(anonymous_22)
FNDA:0,(anonymous_23)
FNDA:0,(anonymous_24)
FNDA:0,InstructionsTab
FNDA:0,(anonymous_26)
FNDA:0,(anonymous_27)
FNDA:0,NutritionTab
FNDA:0,(anonymous_29)
FNDA:0,TipsTab
FNDA:0,(anonymous_31)
FNDA:0,(anonymous_32)
FNDA:0,(anonymous_33)
FNDA:0,(anonymous_34)
DA:49,0
DA:50,0
DA:51,0
DA:52,0
DA:53,0
DA:54,0
DA:55,0
DA:56,0
DA:57,0
DA:58,0
DA:59,0
DA:60,0
DA:62,0
DA:63,0
DA:67,0
DA:68,0
DA:70,0
DA:71,0
DA:74,0
DA:75,0
DA:76,0
DA:79,0
DA:80,0
DA:81,0
DA:82,0
DA:84,0
DA:86,0
DA:87,0
DA:88,0
DA:89,0
DA:92,0
DA:93,0
DA:94,0
DA:95,0
DA:96,0
DA:97,0
DA:98,0
DA:105,0
DA:106,0
DA:107,0
DA:112,0
DA:113,0
DA:121,0
DA:125,0
DA:126,0
DA:127,0
DA:128,0
DA:129,0
DA:130,0
DA:132,0
DA:134,0
DA:135,0
DA:137,0
DA:141,0
DA:142,0
DA:143,0
DA:144,0
DA:145,0
DA:146,0
DA:150,0
DA:152,0
DA:153,0
DA:154,0
DA:155,0
DA:158,0
DA:159,0
DA:160,0
DA:164,0
DA:165,0
DA:166,0
DA:167,0
DA:168,0
DA:169,0
DA:172,0
DA:173,0
DA:175,0
DA:177,0
DA:181,0
DA:182,0
DA:184,0
DA:185,0
DA:186,0
DA:187,0
DA:189,0
DA:190,0
DA:192,0
DA:193,0
DA:195,0
DA:199,0
DA:200,0
DA:203,0
DA:204,0
DA:217,0
DA:219,0
DA:270,0
DA:281,0
DA:285,0
DA:293,0
DA:305,0
DA:389,0
DA:399,0
DA:445,0
DA:447,0
DA:489,0
DA:504,0
DA:507,0
DA:509,0
DA:510,0
DA:513,0
DA:521,0
DA:538,0
DA:541,0
DA:560,0
DA:561,0
DA:566,0
DA:569,0
DA:570,0
DA:577,0
DA:586,0
DA:599,0
DA:601,0
DA:602,0
DA:609,0
DA:618,0
DA:649,0
DA:650,0
DA:658,0
DA:659,0
DA:662,0
DA:663,0
DA:674,0
DA:675,0
DA:681,0
DA:695,0
DA:706,0
DA:716,0
DA:730,0
LF:137
LH:0
BRDA:68,0,0,0
BRDA:68,0,1,0
BRDA:74,1,0,0
BRDA:74,1,1,0
BRDA:74,2,0,0
BRDA:74,2,1,0
BRDA:86,3,0,0
BRDA:86,3,1,0
BRDA:94,4,0,0
BRDA:94,4,1,0
BRDA:94,5,0,0
BRDA:94,5,1,0
BRDA:96,6,0,0
BRDA:96,6,1,0
BRDA:113,7,0,0
BRDA:113,7,1,0
BRDA:114,8,0,0
BRDA:114,8,1,0
BRDA:114,8,2,0
BRDA:114,8,3,0
BRDA:114,8,4,0
BRDA:114,8,5,0
BRDA:130,9,0,0
BRDA:130,9,1,0
BRDA:142,10,0,0
BRDA:142,10,1,0
BRDA:143,11,0,0
BRDA:143,11,1,0
BRDA:146,12,0,0
BRDA:146,12,1,0
BRDA:150,13,0,0
BRDA:150,13,1,0
BRDA:153,14,0,0
BRDA:153,14,1,0
BRDA:153,15,0,0
BRDA:153,15,1,0
BRDA:158,16,0,0
BRDA:158,16,1,0
BRDA:168,17,0,0
BRDA:168,17,1,0
BRDA:181,18,0,0
BRDA:182,19,0,0
BRDA:182,19,1,0
BRDA:182,20,0,0
BRDA:182,20,1,0
BRDA:190,21,0,0
BRDA:190,21,1,0
BRDA:199,22,0,0
BRDA:199,22,1,0
BRDA:203,23,0,0
BRDA:203,23,1,0
BRDA:217,24,0,0
BRDA:217,24,1,0
BRDA:223,25,0,0
BRDA:223,25,1,0
BRDA:252,26,0,0
BRDA:252,26,1,0
BRDA:256,27,0,0
BRDA:256,27,1,0
BRDA:273,28,0,0
BRDA:273,28,1,0
BRDA:275,29,0,0
BRDA:275,29,1,0
BRDA:277,30,0,0
BRDA:277,30,1,0
BRDA:283,31,0,0
BRDA:283,31,1,0
BRDA:311,32,0,0
BRDA:311,32,1,0
BRDA:318,33,0,0
BRDA:318,33,1,0
BRDA:321,34,0,0
BRDA:321,34,1,0
BRDA:326,35,0,0
BRDA:326,35,1,0
BRDA:326,36,0,0
BRDA:326,36,1,0
BRDA:335,37,0,0
BRDA:335,37,1,0
BRDA:342,38,0,0
BRDA:342,38,1,0
BRDA:347,39,0,0
BRDA:347,39,1,0
BRDA:347,40,0,0
BRDA:347,40,1,0
BRDA:356,41,0,0
BRDA:356,41,1,0
BRDA:363,42,0,0
BRDA:363,42,1,0
BRDA:368,43,0,0
BRDA:368,43,1,0
BRDA:368,44,0,0
BRDA:368,44,1,0
BRDA:377,45,0,0
BRDA:377,45,1,0
BRDA:384,46,0,0
BRDA:384,46,1,0
BRDA:384,46,2,0
BRDA:390,47,0,0
BRDA:390,47,1,0
BRDA:396,48,0,0
BRDA:396,48,1,0
BRDA:406,49,0,0
BRDA:406,49,1,0
BRDA:406,49,2,0
BRDA:415,50,0,0
BRDA:415,50,1,0
BRDA:415,50,2,0
BRDA:423,51,0,0
BRDA:423,51,1,0
BRDA:423,51,2,0
BRDA:442,52,0,0
BRDA:442,52,1,0
BRDA:450,53,0,0
BRDA:450,53,1,0
BRDA:463,54,0,0
BRDA:463,54,1,0
BRDA:466,55,0,0
BRDA:466,55,1,0
BRDA:469,56,0,0
BRDA:469,56,1,0
BRDA:472,57,0,0
BRDA:472,57,1,0
BRDA:475,58,0,0
BRDA:475,58,1,0
BRDA:504,59,0,0
BRDA:504,59,1,0
BRDA:507,60,0,0
BRDA:507,60,1,0
BRDA:509,61,0,0
BRDA:509,61,1,0
BRDA:514,62,0,0
BRDA:514,62,1,0
BRDA:560,63,0,0
BRDA:560,63,1,0
BRDA:561,64,0,0
BRDA:561,64,1,0
BRDA:563,65,0,0
BRDA:563,65,1,0
BRDA:565,66,0,0
BRDA:565,66,1,0
BRDA:569,67,0,0
BRDA:569,67,1,0
BRDA:579,68,0,0
BRDA:579,68,1,0
BRDA:599,69,0,0
BRDA:599,69,1,0
BRDA:601,70,0,0
BRDA:601,70,1,0
BRDA:611,71,0,0
BRDA:611,71,1,0
BRDA:649,72,0,0
BRDA:649,72,1,0
BRDA:659,73,0,0
BRDA:659,73,1,0
BRDA:662,74,0,0
BRDA:662,74,1,0
BRDA:662,75,0,0
BRDA:662,75,1,0
BRDA:674,76,0,0
BRDA:674,76,1,0
BRDA:679,77,0,0
BRDA:679,77,1,0
BRDA:698,78,0,0
BRDA:698,78,1,0
BRDA:713,79,0,0
BRDA:713,79,1,0
BRDA:727,80,0,0
BRDA:727,80,1,0
BRDA:733,81,0,0
BRDA:733,81,1,0
BRF:171
BRH:0
end_of_record
TN:
SF:src/screens/Search.tsx
FN:13,Search
FN:27,(anonymous_1)
FN:35,(anonymous_2)
FN:44,(anonymous_3)
FN:59,(anonymous_4)
FN:64,(anonymous_5)
FN:68,(anonymous_6)
FN:77,(anonymous_7)
FN:87,(anonymous_8)
FN:88,(anonymous_9)
FN:154,(anonymous_10)
FN:164,(anonymous_11)
FN:167,(anonymous_12)
FN:192,(anonymous_13)
FN:248,SearchResultCard
FN:290,(anonymous_15)
FNF:16
FNH:11
FNDA:35,Search
FNDA:11,(anonymous_1)
FNDA:11,(anonymous_2)
FNDA:0,(anonymous_3)
FNDA:0,(anonymous_4)
FNDA:1,(anonymous_5)
FNDA:1,(anonymous_6)
FNDA:0,(anonymous_7)
FNDA:4,(anonymous_8)
FNDA:11,(anonymous_9)
FNDA:0,(anonymous_10)
FNDA:11,(anonymous_11)
FNDA:1,(anonymous_12)
FNDA:5,(anonymous_13)
FNDA:5,SearchResultCard
FNDA:0,(anonymous_15)
DA:14,35
DA:15,35
DA:16,35
DA:17,35
DA:18,35
DA:19,35
DA:20,35
DA:21,35
DA:22,35
DA:25,35
DA:27,35
DA:29,11
DA:30,11
DA:31,11
DA:32,11
DA:35,35
DA:36,11
DA:37,11
DA:38,11
DA:40,11
DA:41,11
DA:42,11
DA:44,0
DA:47,11
DA:48,11
DA:49,11
DA:51,0
DA:52,0
DA:54,11
DA:55,11
DA:59,35
DA:60,0
DA:61,0
DA:64,35
DA:65,1
DA:68,35
DA:69,1
DA:70,1
DA:71,1
DA:73,1
DA:77,35
DA:78,0
DA:79,0
DA:80,0
DA:82,0
DA:87,35
DA:88,35
DA:90,35
DA:154,0
DA:165,11
DA:167,1
DA:193,5
DA:254,5
DA:256,5
DA:290,0
LF:55
LH:44
BRDA:35,0,0,11
BRDA:37,1,0,11
BRDA:37,1,1,10
BRDA:40,2,0,11
BRDA:40,2,1,0
BRDA:108,3,0,8
BRDA:108,3,1,27
BRDA:110,4,0,35
BRDA:110,4,1,27
BRDA:110,4,2,10
BRDA:112,5,0,2
BRDA:112,5,1,8
BRDA:118,6,0,35
BRDA:118,6,1,8
BRDA:136,7,0,1
BRDA:136,7,1,7
BRDA:151,8,0,35
BRDA:151,8,1,27
BRDA:151,8,2,7
BRDA:157,9,0,4
BRDA:157,9,1,3
BRDA:170,10,0,3
BRDA:170,10,1,8
BRDA:182,11,0,35
BRDA:182,11,1,21
BRDA:189,12,0,35
BRDA:189,12,1,14
BRDA:189,12,2,10
BRDA:189,12,3,4
BRDA:204,13,0,1
BRDA:204,13,1,3
BRDA:210,14,0,0
BRDA:210,14,1,1
BRDA:229,15,0,35
BRDA:229,15,1,14
BRDA:229,15,2,10
BRDA:229,15,3,6
BRDA:254,16,0,5
BRDA:254,16,1,5
BRDA:260,17,0,0
BRDA:260,17,1,5
BRDA:280,18,0,5
BRDA:280,18,1,0
BRDA:284,19,0,5
BRDA:284,19,1,2
BRDA:294,20,0,0
BRDA:294,20,1,5
BRF:47
BRH:42
end_of_record
TN:
SF:src/screens/Settings.tsx
FN:47,Settings
FN:99,(anonymous_1)
FN:103,(anonymous_2)
FN:126,(anonymous_3)
FN:148,(anonymous_4)
FN:177,(anonymous_5)
FN:187,(anonymous_6)
FN:192,(anonymous_7)
FN:198,(anonymous_8)
FN:223,(anonymous_9)
FN:224,(anonymous_10)
FN:236,(anonymous_11)
FN:240,(anonymous_12)
FN:251,(anonymous_13)
FN:255,(anonymous_14)
FN:266,(anonymous_15)
FN:271,(anonymous_16)
FN:276,(anonymous_17)
FN:282,(anonymous_18)
FN:296,(anonymous_19)
FN:318,(anonymous_20)
FN:334,(anonymous_21)
FN:335,(anonymous_22)
FN:339,(anonymous_23)
FN:345,(anonymous_24)
FN:360,(anonymous_25)
FN:372,(anonymous_26)
FN:378,(anonymous_27)
FN:391,(anonymous_28)
FN:398,(anonymous_29)
FN:411,(anonymous_30)
FN:415,(anonymous_31)
FN:420,(anonymous_32)
FN:437,(anonymous_33)
FN:444,(anonymous_34)
FN:448,(anonymous_35)
FN:468,(anonymous_36)
FN:482,(anonymous_37)
FN:496,(anonymous_38)
FN:510,(anonymous_39)
FN:524,(anonymous_40)
FN:538,(anonymous_41)
FN:604,(anonymous_42)
FN:697,(anonymous_43)
FN:727,(anonymous_44)
FN:734,(anonymous_45)
FN:770,(anonymous_46)
FN:779,(anonymous_47)
FN:792,(anonymous_48)
FN:795,(anonymous_49)
FN:803,(anonymous_50)
FN:851,(anonymous_51)
FN:858,(anonymous_52)
FN:868,(anonymous_53)
FN:888,(anonymous_54)
FN:929,(anonymous_55)
FN:965,(anonymous_56)
FN:986,(anonymous_57)
FN:1010,(anonymous_58)
FN:1039,(anonymous_59)
FN:1072,(anonymous_60)
FN:1285,(anonymous_61)
FNF:62
FNH:0
FNDA:0,Settings
FNDA:0,(anonymous_1)
FNDA:0,(anonymous_2)
FNDA:0,(anonymous_3)
FNDA:0,(anonymous_4)
FNDA:0,(anonymous_5)
FNDA:0,(anonymous_6)
FNDA:0,(anonymous_7)
FNDA:0,(anonymous_8)
FNDA:0,(anonymous_9)
FNDA:0,(anonymous_10)
FNDA:0,(anonymous_11)
FNDA:0,(anonymous_12)
FNDA:0,(anonymous_13)
FNDA:0,(anonymous_14)
FNDA:0,(anonymous_15)
FNDA:0,(anonymous_16)
FNDA:0,(anonymous_17)
FNDA:0,(anonymous_18)
FNDA:0,(anonymous_19)
FNDA:0,(anonymous_20)
FNDA:0,(anonymous_21)
FNDA:0,(anonymous_22)
FNDA:0,(anonymous_23)
FNDA:0,(anonymous_24)
FNDA:0,(anonymous_25)
FNDA:0,(anonymous_26)
FNDA:0,(anonymous_27)
FNDA:0,(anonymous_28)
FNDA:0,(anonymous_29)
FNDA:0,(anonymous_30)
FNDA:0,(anonymous_31)
FNDA:0,(anonymous_32)
FNDA:0,(anonymous_33)
FNDA:0,(anonymous_34)
FNDA:0,(anonymous_35)
FNDA:0,(anonymous_36)
FNDA:0,(anonymous_37)
FNDA:0,(anonymous_38)
FNDA:0,(anonymous_39)
FNDA:0,(anonymous_40)
FNDA:0,(anonymous_41)
FNDA:0,(anonymous_42)
FNDA:0,(anonymous_43)
FNDA:0,(anonymous_44)
FNDA:0,(anonymous_45)
FNDA:0,(anonymous_46)
FNDA:0,(anonymous_47)
FNDA:0,(anonymous_48)
FNDA:0,(anonymous_49)
FNDA:0,(anonymous_50)
FNDA:0,(anonymous_51)
FNDA:0,(anonymous_52)
FNDA:0,(anonymous_53)
FNDA:0,(anonymous_54)
FNDA:0,(anonymous_55)
FNDA:0,(anonymous_56)
FNDA:0,(anonymous_57)
FNDA:0,(anonymous_58)
FNDA:0,(anonymous_59)
FNDA:0,(anonymous_60)
FNDA:0,(anonymous_61)
DA:48,0
DA:49,0
DA:50,0
DA:51,0
DA:52,0
DA:53,0
DA:54,0
DA:57,0
DA:58,0
DA:59,0
DA:60,0
DA:61,0
DA:64,0
DA:65,0
DA:66,0
DA:67,0
DA:68,0
DA:71,0
DA:72,0
DA:73,0
DA:76,0
DA:77,0
DA:83,0
DA:86,0
DA:89,0
DA:90,0
DA:93,0
DA:94,0
DA:95,0
DA:96,0
DA:97,0
DA:99,0
DA:100,0
DA:103,0
DA:104,0
DA:105,0
DA:112,0
DA:113,0
DA:114,0
DA:115,0
DA:116,0
DA:118,0
DA:119,0
DA:121,0
DA:126,0
DA:127,0
DA:128,0
DA:129,0
DA:132,0
DA:133,0
DA:134,0
DA:135,0
DA:136,0
DA:138,0
DA:141,0
DA:142,0
DA:144,0
DA:148,0
DA:149,0
DA:150,0
DA:151,0
DA:154,0
DA:155,0
DA:156,0
DA:157,0
DA:158,0
DA:159,0
DA:160,0
DA:161,0
DA:162,0
DA:163,0
DA:164,0
DA:166,0
DA:169,0
DA:170,0
DA:172,0
DA:177,0
DA:178,0
DA:179,0
DA:187,0
DA:188,0
DA:189,0
DA:192,0
DA:193,0
DA:195,0
DA:196,0
DA:197,0
DA:198,0
DA:199,0
DA:201,0
DA:202,0
DA:203,0
DA:205,0
DA:206,0
DA:207,0
DA:208,0
DA:209,0
DA:210,0
DA:211,0
DA:217,0
DA:219,0
DA:223,0
DA:224,0
DA:225,0
DA:226,0
DA:227,0
DA:229,0
DA:231,0
DA:236,0
DA:237,0
DA:238,0
DA:239,0
DA:240,0
DA:241,0
DA:244,0
DA:245,0
DA:247,0
DA:251,0
DA:252,0
DA:253,0
DA:254,0
DA:255,0
DA:256,0
DA:258,0
DA:259,0
DA:261,0
DA:266,0
DA:267,0
DA:268,0
DA:271,0
DA:272,0
DA:273,0
DA:276,0
DA:277,0
DA:279,0
DA:280,0
DA:281,0
DA:282,0
DA:283,0
DA:285,0
DA:286,0
DA:287,0
DA:289,0
DA:290,0
DA:292,0
DA:296,0
DA:297,0
DA:298,0
DA:299,0
DA:300,0
DA:301,0
DA:303,0
DA:304,0
DA:306,0
DA:307,0
DA:308,0
DA:311,0
DA:312,0
DA:314,0
DA:318,0
DA:319,0
DA:320,0
DA:321,0
DA:322,0
DA:324,0
DA:325,0
DA:327,0
DA:328,0
DA:330,0
DA:334,0
DA:335,0
DA:336,0
DA:339,0
DA:340,0
DA:341,0
DA:342,0
DA:345,0
DA:346,0
DA:347,0
DA:348,0
DA:349,0
DA:350,0
DA:351,0
DA:352,0
DA:353,0
DA:354,0
DA:355,0
DA:356,0
DA:360,0
DA:361,0
DA:362,0
DA:363,0
DA:364,0
DA:365,0
DA:367,0
DA:368,0
DA:372,0
DA:373,0
DA:375,0
DA:376,0
DA:377,0
DA:378,0
DA:379,0
DA:380,0
DA:381,0
DA:382,0
DA:384,0
DA:385,0
DA:387,0
DA:391,0
DA:392,0
DA:393,0
DA:394,0
DA:398,0
DA:399,0
DA:400,0
DA:401,0
DA:402,0
DA:403,0
DA:404,0
DA:406,0
DA:407,0
DA:411,0
DA:412,0
DA:415,0
DA:416,0
DA:417,0
DA:420,0
DA:421,0
DA:423,0
DA:424,0
DA:425,0
DA:426,0
DA:428,0
DA:430,0
DA:431,0
DA:433,0
DA:437,0
DA:438,0
DA:439,0
DA:440,0
DA:441,0
DA:444,0
DA:445,0
DA:448,0
DA:450,0
DA:468,0
DA:482,0
DA:496,0
DA:510,0
DA:524,0
DA:538,0
DA:604,0
DA:698,0
DA:699,0
DA:701,0
DA:727,0
DA:734,0
DA:770,0
DA:779,0
DA:792,0
DA:796,0
DA:803,0
DA:851,0
DA:858,0
DA:869,0
DA:888,0
DA:930,0
DA:931,0
DA:932,0
DA:934,0
DA:965,0
DA:986,0
DA:1010,0
DA:1040,0
DA:1042,0
DA:1072,0
DA:1285,0
LF:278
LH:0
BRDA:127,0,0,0
BRDA:127,0,1,0
BRDA:135,1,0,0
BRDA:135,1,1,0
BRDA:149,2,0,0
BRDA:149,2,1,0
BRDA:157,3,0,0
BRDA:157,3,1,0
BRDA:193,4,0,0
BRDA:193,4,1,0
BRDA:193,5,0,0
BRDA:193,5,1,0
BRDA:199,6,0,0
BRDA:199,6,1,0
BRDA:207,7,0,0
BRDA:207,7,1,0
BRDA:210,8,0,0
BRDA:210,8,1,0
BRDA:226,9,0,0
BRDA:226,9,1,0
BRDA:241,10,0,0
BRDA:241,10,1,0
BRDA:256,11,0,0
BRDA:256,11,1,0
BRDA:277,12,0,0
BRDA:277,12,1,0
BRDA:283,13,0,0
BRDA:283,13,1,0
BRDA:300,14,0,0
BRDA:300,14,1,0
BRDA:336,15,0,0
BRDA:336,15,1,0
BRDA:340,16,0,0
BRDA:340,16,1,0
BRDA:341,17,0,0
BRDA:341,17,1,0
BRDA:341,18,0,0
BRDA:341,18,1,0
BRDA:346,19,0,0
BRDA:346,19,1,0
BRDA:351,20,0,0
BRDA:351,20,1,0
BRDA:352,21,0,0
BRDA:352,21,1,0
BRDA:354,22,0,0
BRDA:354,22,1,0
BRDA:373,23,0,0
BRDA:373,23,1,0
BRDA:421,24,0,0
BRDA:421,24,1,0
BRDA:471,25,0,0
BRDA:471,25,1,0
BRDA:485,26,0,0
BRDA:485,26,1,0
BRDA:499,27,0,0
BRDA:499,27,1,0
BRDA:513,28,0,0
BRDA:513,28,1,0
BRDA:527,29,0,0
BRDA:527,29,1,0
BRDA:541,30,0,0
BRDA:541,30,1,0
BRDA:558,31,0,0
BRDA:558,31,1,0
BRDA:562,32,0,0
BRDA:562,32,1,0
BRDA:573,33,0,0
BRDA:573,33,1,0
BRDA:573,34,0,0
BRDA:573,34,1,0
BRDA:577,35,0,0
BRDA:577,35,1,0
BRDA:577,36,0,0
BRDA:577,36,1,0
BRDA:581,37,0,0
BRDA:581,37,1,0
BRDA:581,37,2,0
BRDA:585,38,0,0
BRDA:585,38,1,0
BRDA:590,39,0,0
BRDA:590,39,1,0
BRDA:599,40,0,0
BRDA:599,40,1,0
BRDA:613,41,0,0
BRDA:613,41,1,0
BRDA:616,42,0,0
BRDA:616,42,1,0
BRDA:625,43,0,0
BRDA:625,43,1,0
BRDA:628,44,0,0
BRDA:628,44,1,0
BRDA:674,45,0,0
BRDA:674,45,1,0
BRDA:688,46,0,0
BRDA:688,46,1,0
BRDA:710,47,0,0
BRDA:710,47,1,0
BRDA:724,48,0,0
BRDA:724,48,1,0
BRDA:729,49,0,0
BRDA:729,49,1,0
BRDA:731,50,0,0
BRDA:731,50,1,0
BRDA:744,51,0,0
BRDA:744,51,1,0
BRDA:744,51,2,0
BRDA:763,52,0,0
BRDA:763,52,1,0
BRDA:763,52,2,0
BRDA:806,53,0,0
BRDA:806,53,1,0
BRDA:811,54,0,0
BRDA:811,54,1,0
BRDA:828,55,0,0
BRDA:828,55,1,0
BRDA:839,56,0,0
BRDA:839,56,1,0
BRDA:852,57,0,0
BRDA:852,57,1,0
BRDA:859,58,0,0
BRDA:859,58,1,0
BRDA:873,59,0,0
BRDA:873,59,1,0
BRDA:879,60,0,0
BRDA:879,60,1,0
BRDA:892,61,0,0
BRDA:892,61,1,0
BRDA:894,62,0,0
BRDA:894,62,1,0
BRDA:904,63,0,0
BRDA:904,63,1,0
BRDA:919,64,0,0
BRDA:919,64,1,0
BRDA:943,65,0,0
BRDA:943,65,1,0
BRDA:946,66,0,0
BRDA:946,66,1,0
BRDA:949,67,0,0
BRDA:949,67,1,0
BRDA:954,68,0,0
BRDA:954,68,1,0
BRDA:966,69,0,0
BRDA:966,69,1,0
BRDA:969,70,0,0
BRDA:969,70,1,0
BRDA:981,71,0,0
BRDA:981,71,1,0
BRDA:1000,72,0,0
BRDA:1000,72,1,0
BRDA:1007,73,0,0
BRDA:1007,73,1,0
BRDA:1023,74,0,0
BRDA:1023,74,1,0
BRDA:1034,75,0,0
BRDA:1034,75,1,0
BRDA:1056,76,0,0
BRDA:1056,76,1,0
BRDA:1076,77,0,0
BRDA:1076,77,1,0
BRDA:1080,78,0,0
BRDA:1080,78,1,0
BRDA:1089,79,0,0
BRDA:1089,79,1,0
BRDA:1132,80,0,0
BRDA:1132,80,1,0
BRDA:1132,80,2,0
BRDA:1163,81,0,0
BRDA:1163,81,1,0
BRDA:1164,82,0,0
BRDA:1164,82,1,0
BRDA:1166,83,0,0
BRDA:1166,83,1,0
BRDA:1167,84,0,0
BRDA:1167,84,1,0
BRDA:1169,85,0,0
BRDA:1169,85,1,0
BRDA:1170,86,0,0
BRDA:1170,86,1,0
BRDA:1172,87,0,0
BRDA:1172,87,1,0
BRDA:1173,88,0,0
BRDA:1173,88,1,0
BRDA:1173,88,2,0
BRDA:1178,89,0,0
BRDA:1178,89,1,0
BRDA:1178,89,2,0
BRDA:1178,89,3,0
BRDA:1178,89,4,0
BRDA:1178,89,5,0
BRDA:1178,89,6,0
BRDA:1207,90,0,0
BRDA:1207,90,1,0
BRDA:1220,91,0,0
BRDA:1220,91,1,0
BRDA:1220,91,2,0
BRDA:1227,92,0,0
BRDA:1227,92,1,0
BRDA:1300,93,0,0
BRDA:1300,93,1,0
BRDA:1303,94,0,0
BRDA:1303,94,1,0
BRF:201
BRH:0
end_of_record
