TN:
SF:src/App.tsx
FN:4,App
FNF:1
FNH:0
FNDA:0,App
DA:5,0
LF:1
LH:0
BRF:0
BRH:0
end_of_record
TN:
SF:src/router.tsx
FN:17,AppLayout
FN:29,ProtectedRoute
FN:49,PublicRoute
FNF:3
FNH:0
FNDA:0,AppLayout
FNDA:0,ProtectedRoute
FNDA:0,PublicRoute
DA:18,0
DA:30,0
DA:31,0
DA:33,0
DA:34,0
DA:41,0
DA:42,0
DA:45,0
DA:50,0
DA:52,0
DA:53,0
DA:60,0
DA:61,0
DA:64,0
DA:67,0
LF:15
LH:0
BRDA:33,0,0,0
BRDA:33,0,1,0
BRDA:41,1,0,0
BRDA:41,1,1,0
BRDA:52,2,0,0
BRDA:52,2,1,0
BRDA:60,3,0,0
BRDA:60,3,1,0
BRF:8
BRH:0
end_of_record
TN:
SF:src/api/client.ts
FN:332,request
FN:373,(anonymous_1)
FN:375,(anonymous_2)
FN:381,(anonymous_3)
FN:387,(anonymous_4)
FN:390,(anonymous_5)
FN:392,(anonymous_6)
FN:394,(anonymous_7)
FN:402,(anonymous_8)
FN:408,(anonymous_9)
FN:419,(anonymous_10)
FN:430,(anonymous_11)
FN:436,(anonymous_12)
FN:439,(anonymous_13)
FN:450,(anonymous_14)
FN:452,(anonymous_15)
FN:454,(anonymous_16)
FN:460,(anonymous_17)
FN:466,(anonymous_18)
FN:471,(anonymous_19)
FN:476,(anonymous_20)
FN:481,(anonymous_21)
FN:483,(anonymous_22)
FN:489,(anonymous_23)
FN:496,(anonymous_24)
FN:499,(anonymous_25)
FN:505,(anonymous_26)
FN:512,(anonymous_27)
FN:514,(anonymous_28)
FN:516,(anonymous_29)
FN:522,(anonymous_30)
FN:528,(anonymous_31)
FN:533,(anonymous_32)
FN:539,(anonymous_33)
FN:546,(anonymous_34)
FN:548,(anonymous_35)
FN:554,(anonymous_36)
FN:562,(anonymous_37)
FN:564,(anonymous_38)
FN:566,(anonymous_39)
FN:569,(anonymous_40)
FN:574,(anonymous_41)
FN:583,(anonymous_42)
FN:592,(anonymous_43)
FN:597,(anonymous_44)
FN:604,(anonymous_45)
FN:606,(anonymous_46)
FNF:47
FNH:22
FNDA:26,request
FNDA:0,(anonymous_1)
FNDA:0,(anonymous_2)
FNDA:0,(anonymous_3)
FNDA:0,(anonymous_4)
FNDA:0,(anonymous_5)
FNDA:0,(anonymous_6)
FNDA:0,(anonymous_7)
FNDA:0,(anonymous_8)
FNDA:0,(anonymous_9)
FNDA:0,(anonymous_10)
FNDA:0,(anonymous_11)
FNDA:0,(anonymous_12)
FNDA:0,(anonymous_13)
FNDA:2,(anonymous_14)
FNDA:1,(anonymous_15)
FNDA:1,(anonymous_16)
FNDA:1,(anonymous_17)
FNDA:1,(anonymous_18)
FNDA:1,(anonymous_19)
FNDA:0,(anonymous_20)
FNDA:1,(anonymous_21)
FNDA:1,(anonymous_22)
FNDA:1,(anonymous_23)
FNDA:2,(anonymous_24)
FNDA:1,(anonymous_25)
FNDA:1,(anonymous_26)
FNDA:1,(anonymous_27)
FNDA:1,(anonymous_28)
FNDA:1,(anonymous_29)
FNDA:1,(anonymous_30)
FNDA:1,(anonymous_31)
FNDA:1,(anonymous_32)
FNDA:1,(anonymous_33)
FNDA:0,(anonymous_34)
FNDA:4,(anonymous_35)
FNDA:1,(anonymous_36)
FNDA:0,(anonymous_37)
FNDA:0,(anonymous_38)
FNDA:0,(anonymous_39)
FNDA:0,(anonymous_40)
FNDA:0,(anonymous_41)
FNDA:0,(anonymous_42)
FNDA:0,(anonymous_43)
FNDA:0,(anonymous_44)
FNDA:0,(anonymous_45)
FNDA:0,(anonymous_46)
DA:1,1
DA:336,26
DA:338,26
DA:346,26
DA:348,25
DA:350,1
DA:351,1
DA:354,1
DA:355,1
DA:356,1
DA:360,1
DA:364,24
DA:365,5
DA:368,19
DA:371,1
DA:373,0
DA:376,0
DA:382,0
DA:387,0
DA:390,0
DA:392,0
DA:395,0
DA:403,0
DA:409,0
DA:420,0
DA:431,0
DA:437,0
DA:440,0
DA:450,2
DA:452,1
DA:455,1
DA:461,1
DA:467,1
DA:472,1
DA:477,0
DA:481,1
DA:484,1
DA:490,1
DA:497,2
DA:500,1
DA:506,1
DA:512,1
DA:514,1
DA:517,1
DA:523,1
DA:529,1
DA:534,1
DA:540,1
DA:546,0
DA:549,4
DA:550,4
DA:551,4
DA:555,1
DA:562,0
DA:564,0
DA:567,0
DA:570,0
DA:575,0
DA:584,0
DA:593,0
DA:598,0
DA:604,0
DA:607,0
LF:63
LH:38
BRDA:334,0,0,26
BRDA:348,1,0,1
BRDA:348,1,1,24
BRDA:351,2,0,1
BRDA:351,2,1,0
BRDA:356,3,0,1
BRDA:356,3,1,0
BRDA:356,3,2,0
BRDA:364,4,0,5
BRDA:364,4,1,19
BRDA:419,5,0,0
BRDA:430,6,0,0
BRDA:496,7,0,2
BRDA:548,8,0,4
BRDA:550,9,0,1
BRDA:550,9,1,3
BRF:16
BRH:11
end_of_record
TN:
SF:src/components/AddToCollectionDropdown.tsx
FN:12,AddToCollectionDropdown
FN:23,(anonymous_1)
FN:24,(anonymous_2)
FN:32,(anonymous_3)
FN:37,(anonymous_4)
FN:43,(anonymous_5)
FN:56,(anonymous_6)
FN:60,(anonymous_7)
FN:75,(anonymous_8)
FN:83,(anonymous_9)
FN:105,(anonymous_10)
FN:108,(anonymous_11)
FNF:12
FNH:12
FNDA:47,AddToCollectionDropdown
FNDA:25,(anonymous_1)
FNDA:1,(anonymous_2)
FNDA:10,(anonymous_3)
FNDA:25,(anonymous_4)
FNDA:10,(anonymous_5)
FNDA:3,(anonymous_6)
FNDA:2,(anonymous_7)
FNDA:1,(anonymous_8)
FNDA:10,(anonymous_9)
FNDA:8,(anonymous_10)
FNDA:3,(anonymous_11)
DA:16,47
DA:17,47
DA:18,47
DA:19,47
DA:20,47
DA:23,47
DA:24,25
DA:25,1
DA:26,1
DA:30,25
DA:31,10
DA:32,10
DA:37,47
DA:38,25
DA:39,10
DA:43,47
DA:44,10
DA:45,10
DA:46,10
DA:47,9
DA:49,0
DA:50,0
DA:52,9
DA:56,47
DA:57,3
DA:58,3
DA:59,3
DA:60,2
DA:61,2
DA:62,3
DA:64,0
DA:65,0
DA:67,0
DA:68,0
DA:71,2
DA:75,47
DA:76,1
DA:77,1
DA:80,47
DA:83,10
DA:106,8
DA:108,3
LF:42
LH:36
BRDA:25,0,0,1
BRDA:25,0,1,0
BRDA:25,1,0,1
BRDA:25,1,1,1
BRDA:30,2,0,10
BRDA:30,2,1,15
BRDA:38,3,0,10
BRDA:38,3,1,15
BRDA:61,4,0,2
BRDA:61,4,1,0
BRDA:64,5,0,0
BRDA:64,5,1,0
BRDA:64,6,0,0
BRDA:64,6,1,0
BRDA:90,7,0,47
BRDA:90,7,1,32
BRDA:97,8,0,10
BRDA:97,8,1,22
BRDA:103,9,0,7
BRDA:103,9,1,15
BRDA:117,10,0,8
BRDA:117,10,1,3
BRF:22
BRH:16
end_of_record
TN:
SF:src/components/ErrorBoundary.tsx
FN:32,(anonymous_0)
FN:37,(anonymous_1)
FN:41,(anonymous_2)
FN:48,(anonymous_3)
FN:52,(anonymous_4)
FN:104,(anonymous_5)
FNF:6
FNH:6
FNDA:20,(anonymous_0)
FNDA:19,(anonymous_1)
FNDA:9,(anonymous_2)
FNDA:1,(anonymous_3)
FNDA:47,(anonymous_4)
FNDA:1,(anonymous_5)
DA:33,20
DA:34,20
DA:38,18
DA:42,9
DA:45,9
DA:48,1
DA:49,1
DA:53,47
DA:54,47
DA:56,47
DA:58,27
DA:59,3
DA:63,24
DA:104,1
DA:115,20
LF:15
LH:15
BRDA:56,0,0,27
BRDA:56,0,1,20
BRDA:58,1,0,3
BRDA:58,1,1,24
BRDA:82,2,0,24
BRDA:82,2,1,24
BRDA:82,2,2,24
BRF:7
BRH:7
end_of_record
TN:
SF:src/components/RecipeCard.tsx
FN:13,RecipeCard
FN:21,(anonymous_1)
FN:32,(anonymous_2)
FNF:3
FNH:3
FNDA:17,RecipeCard
FNDA:2,(anonymous_1)
FNDA:1,(anonymous_2)
DA:19,17
DA:21,17
DA:22,2
DA:23,2
DA:26,17
DA:32,1
LF:6
LH:6
BRDA:15,0,0,17
BRDA:19,1,0,17
BRDA:19,1,1,16
BRDA:30,2,0,17
BRDA:30,2,1,2
BRDA:36,3,0,16
BRDA:36,3,1,1
BRDA:49,4,0,17
BRDA:49,4,1,4
BRDA:54,5,0,1
BRDA:54,5,1,3
BRDA:58,6,0,1
BRDA:58,6,1,3
BRDA:61,7,0,4
BRDA:61,7,1,1
BRDA:67,8,0,17
BRDA:67,8,1,1
BRDA:87,9,0,17
BRDA:87,9,1,16
BRDA:95,10,0,17
BRDA:95,10,1,16
BRF:21
BRH:21
end_of_record
TN:
SF:src/components/RemixModal.tsx
FN:15,RemixModal
FN:29,(anonymous_1)
FN:41,(anonymous_2)
FN:54,(anonymous_3)
FN:63,(anonymous_4)
FN:70,(anonymous_5)
FN:77,(anonymous_6)
FN:81,(anonymous_7)
FN:137,(anonymous_8)
FN:140,(anonymous_9)
FN:168,(anonymous_10)
FNF:11
FNH:11
FNDA:43,RemixModal
FNDA:12,(anonymous_1)
FNDA:11,(anonymous_2)
FNDA:6,(anonymous_3)
FNDA:2,(anonymous_4)
FNDA:1,(anonymous_5)
FNDA:82,(anonymous_6)
FNDA:1,(anonymous_7)
FNDA:16,(anonymous_8)
FNDA:6,(anonymous_9)
FNDA:2,(anonymous_10)
DA:22,43
DA:23,43
DA:24,43
DA:25,43
DA:26,43
DA:29,43
DA:30,12
DA:31,11
DA:34,1
DA:35,1
DA:36,1
DA:41,43
DA:42,11
DA:43,11
DA:44,11
DA:45,10
DA:47,0
DA:48,0
DA:50,10
DA:54,43
DA:55,6
DA:56,1
DA:58,5
DA:59,5
DA:63,43
DA:64,2
DA:65,2
DA:66,2
DA:70,43
DA:71,1
DA:72,0
DA:74,1
DA:77,43
DA:78,82
DA:81,43
DA:82,1
DA:83,1
DA:85,1
DA:86,1
DA:87,1
DA:88,1
DA:89,1
DA:90,1
DA:92,0
DA:93,0
DA:95,1
DA:99,43
DA:101,41
DA:138,16
DA:140,6
DA:168,2
LF:51
LH:46
BRDA:30,0,0,11
BRDA:30,0,1,1
BRDA:55,1,0,1
BRDA:55,1,1,5
BRDA:65,2,0,2
BRDA:65,2,1,0
BRDA:71,3,0,0
BRDA:71,3,1,1
BRDA:78,4,0,82
BRDA:78,4,1,80
BRDA:78,4,2,68
BRDA:83,5,0,0
BRDA:83,5,1,1
BRDA:99,6,0,2
BRDA:99,6,1,41
BRDA:128,7,0,11
BRDA:128,7,1,30
BRDA:144,8,0,7
BRDA:144,8,1,9
BRDA:181,9,0,8
BRDA:181,9,1,33
BRDA:186,10,0,1
BRDA:186,10,1,40
BRF:23
BRH:20
end_of_record
TN:
SF:src/components/Skeletons.tsx
FN:11,Skeleton
FN:20,RecipeCardSkeleton
FN:42,RecipeGridSkeleton
FN:45,(anonymous_3)
FN:55,CollectionCardSkeleton
FN:71,CollectionGridSkeleton
FN:74,(anonymous_6)
FN:84,RecipeDetailSkeleton
FN:132,(anonymous_8)
FN:146,LoadingSpinner
FN:157,LoadingState
FN:169,SearchResultSkeleton
FN:193,SearchGridSkeleton
FN:196,(anonymous_13)
FNF:14
FNH:14
FNDA:236,Skeleton
FNDA:14,RecipeCardSkeleton
FNDA:2,RecipeGridSkeleton
FNDA:12,(anonymous_3)
FNDA:12,CollectionCardSkeleton
FNDA:2,CollectionGridSkeleton
FNDA:11,(anonymous_6)
FNDA:3,RecipeDetailSkeleton
FNDA:18,(anonymous_8)
FNDA:2,LoadingSpinner
FNDA:3,LoadingState
FNDA:10,SearchResultSkeleton
FNDA:2,SearchGridSkeleton
FNDA:9,(anonymous_13)
DA:12,236
DA:21,14
DA:43,2
DA:46,12
DA:56,12
DA:72,2
DA:75,11
DA:85,3
DA:133,18
DA:147,2
DA:158,3
DA:170,10
DA:194,2
DA:197,9
LF:14
LH:14
BRDA:42,0,0,2
BRDA:71,1,0,2
BRDA:157,2,0,3
BRDA:193,3,0,2
BRF:4
BRH:4
end_of_record
TN:
SF:src/components/TimerPanel.tsx
FN:20,TimerPanel
FN:27,(anonymous_1)
FN:40,(anonymous_2)
FN:61,(anonymous_3)
FN:65,(anonymous_4)
FN:69,(anonymous_5)
FN:75,(anonymous_6)
FN:101,(anonymous_7)
FN:104,(anonymous_8)
FN:126,(anonymous_9)
FN:129,(anonymous_10)
FN:148,(anonymous_11)
FN:152,(anonymous_12)
FN:153,(anonymous_13)
FN:154,(anonymous_14)
FNF:15
FNH:10
FNDA:21,TimerPanel
FNDA:12,(anonymous_1)
FNDA:3,(anonymous_2)
FNDA:3,(anonymous_3)
FNDA:0,(anonymous_4)
FNDA:4,(anonymous_5)
FNDA:1,(anonymous_6)
FNDA:60,(anonymous_7)
FNDA:3,(anonymous_8)
FNDA:12,(anonymous_9)
FNDA:0,(anonymous_10)
FNDA:4,(anonymous_11)
FNDA:0,(anonymous_12)
FNDA:0,(anonymous_13)
FNDA:0,(anonymous_14)
DA:14,1
DA:21,21
DA:22,21
DA:25,21
DA:27,21
DA:28,12
DA:29,1
DA:30,1
DA:31,1
DA:33,11
DA:34,11
DA:35,11
DA:36,10
DA:37,0
DA:40,21
DA:41,3
DA:44,3
DA:45,2
DA:46,2
DA:47,2
DA:48,1
DA:51,1
DA:53,2
DA:57,1
DA:61,21
DA:62,3
DA:65,21
DA:66,0
DA:69,21
DA:71,21
DA:75,1
DA:102,60
DA:104,3
DA:127,12
DA:129,0
DA:149,4
DA:152,0
DA:153,0
DA:154,0
LF:39
LH:33
BRDA:20,0,0,21
BRDA:25,1,0,12
BRDA:25,1,1,9
BRDA:28,2,0,1
BRDA:28,2,1,11
BRDA:31,3,0,0
BRDA:31,3,1,1
BRDA:35,4,0,1
BRDA:35,4,1,10
BRDA:36,5,0,10
BRDA:36,5,1,0
BRDA:44,6,0,2
BRDA:44,6,1,1
BRDA:44,7,0,3
BRDA:44,7,1,2
BRDA:81,8,0,21
BRDA:81,8,1,3
BRDA:84,9,0,3
BRDA:84,9,1,1
BRDA:90,10,0,20
BRDA:90,10,1,1
BRDA:97,11,0,21
BRDA:97,11,1,20
BRDA:108,12,0,2
BRDA:108,12,1,58
BRDA:116,13,0,20
BRDA:116,13,1,7
BRDA:116,13,2,7
BRDA:120,14,0,20
BRDA:120,14,1,11
BRDA:133,15,0,0
BRDA:133,15,1,12
BRDA:146,16,0,3
BRDA:146,16,1,17
BRF:34
BRH:31
end_of_record
TN:
SF:src/components/TimerWidget.tsx
FN:13,TimerWidget
FNF:1
FNH:1
FNDA:14,TimerWidget
DA:19,14
DA:20,14
DA:22,14
LF:3
LH:3
BRDA:26,0,0,14
BRDA:26,0,1,2
BRDA:33,1,0,2
BRDA:33,1,1,12
BRDA:47,2,0,2
BRDA:47,2,1,12
BRDA:55,3,0,14
BRDA:55,3,1,12
BRDA:61,4,0,2
BRDA:61,4,1,10
BRDA:65,5,0,2
BRDA:65,5,1,10
BRDA:67,6,0,2
BRDA:67,6,1,10
BRF:14
BRH:14
end_of_record
TN:
SF:src/components/settings/SettingsDanger.tsx
FN:6,SettingsDanger
FN:13,(anonymous_1)
FN:26,(anonymous_2)
FN:30,(anonymous_3)
FN:35,(anonymous_4)
FN:52,(anonymous_5)
FN:177,(anonymous_6)
FNF:7
FNH:0
FNDA:0,SettingsDanger
FNDA:0,(anonymous_1)
FNDA:0,(anonymous_2)
FNDA:0,(anonymous_3)
FNDA:0,(anonymous_4)
FNDA:0,(anonymous_5)
FNDA:0,(anonymous_6)
DA:7,0
DA:8,0
DA:9,0
DA:10,0
DA:11,0
DA:13,0
DA:14,0
DA:15,0
DA:16,0
DA:17,0
DA:18,0
DA:19,0
DA:21,0
DA:22,0
DA:26,0
DA:27,0
DA:30,0
DA:31,0
DA:32,0
DA:35,0
DA:36,0
DA:38,0
DA:39,0
DA:40,0
DA:41,0
DA:43,0
DA:45,0
DA:46,0
DA:48,0
DA:52,0
DA:53,0
DA:54,0
DA:55,0
DA:56,0
DA:59,0
DA:177,0
LF:36
LH:0
BRDA:36,0,0,0
BRDA:36,0,1,0
BRDA:99,1,0,0
BRDA:99,1,1,0
BRDA:99,1,2,0
BRDA:106,2,0,0
BRDA:106,2,1,0
BRDA:192,3,0,0
BRDA:192,3,1,0
BRDA:195,4,0,0
BRDA:195,4,1,0
BRF:11
BRH:0
end_of_record
TN:
SF:src/components/settings/SettingsGeneral.tsx
FN:15,SettingsGeneral
FN:26,(anonymous_1)
FN:27,(anonymous_2)
FN:31,(anonymous_3)
FN:53,(anonymous_4)
FN:134,(anonymous_5)
FNF:6
FNH:0
FNDA:0,SettingsGeneral
FNDA:0,(anonymous_1)
FNDA:0,(anonymous_2)
FNDA:0,(anonymous_3)
FNDA:0,(anonymous_4)
FNDA:0,(anonymous_5)
DA:21,0
DA:22,0
DA:23,0
DA:24,0
DA:26,0
DA:27,0
DA:28,0
DA:31,0
DA:32,0
DA:33,0
DA:34,0
DA:37,0
DA:38,0
DA:39,0
DA:40,0
DA:41,0
DA:43,0
DA:46,0
DA:47,0
DA:49,0
DA:53,0
DA:54,0
DA:55,0
DA:56,0
DA:59,0
DA:60,0
DA:61,0
DA:62,0
DA:63,0
DA:64,0
DA:65,0
DA:66,0
DA:67,0
DA:68,0
DA:69,0
DA:71,0
DA:74,0
DA:75,0
DA:77,0
DA:81,0
DA:134,0
LF:41
LH:0
BRDA:28,0,0,0
BRDA:28,0,1,0
BRDA:32,1,0,0
BRDA:32,1,1,0
BRDA:40,2,0,0
BRDA:40,2,1,0
BRDA:54,3,0,0
BRDA:54,3,1,0
BRDA:62,4,0,0
BRDA:62,4,1,0
BRDA:91,5,0,0
BRDA:91,5,1,0
BRDA:93,6,0,0
BRDA:93,6,1,0
BRDA:99,7,0,0
BRDA:99,7,1,0
BRDA:101,8,0,0
BRDA:101,8,1,0
BRDA:107,9,0,0
BRDA:107,9,1,0
BRDA:107,9,2,0
BRDA:111,10,0,0
BRDA:111,10,1,0
BRDA:117,11,0,0
BRDA:117,11,1,0
BRDA:129,12,0,0
BRDA:129,12,1,0
BRDA:143,13,0,0
BRDA:143,13,1,0
BRDA:146,14,0,0
BRDA:146,14,1,0
BRDA:155,15,0,0
BRDA:155,15,1,0
BRDA:158,16,0,0
BRDA:158,16,1,0
BRF:35
BRH:0
end_of_record
TN:
SF:src/components/settings/SettingsPrompts.tsx
FN:21,SettingsPrompts
FN:37,(anonymous_1)
FN:38,(anonymous_2)
FN:42,(anonymous_3)
FN:52,(anonymous_4)
FN:57,(anonymous_5)
FN:64,(anonymous_6)
FN:88,(anonymous_7)
FN:89,(anonymous_8)
FN:124,(anonymous_9)
FN:156,(anonymous_10)
FN:167,(anonymous_11)
FN:209,(anonymous_12)
FN:222,(anonymous_13)
FN:242,(anonymous_14)
FN:247,(anonymous_15)
FN:259,(anonymous_16)
FNF:17
FNH:0
FNDA:0,SettingsPrompts
FNDA:0,(anonymous_1)
FNDA:0,(anonymous_2)
FNDA:0,(anonymous_3)
FNDA:0,(anonymous_4)
FNDA:0,(anonymous_5)
FNDA:0,(anonymous_6)
FNDA:0,(anonymous_7)
FNDA:0,(anonymous_8)
FNDA:0,(anonymous_9)
FNDA:0,(anonymous_10)
FNDA:0,(anonymous_11)
FNDA:0,(anonymous_12)
FNDA:0,(anonymous_13)
FNDA:0,(anonymous_14)
FNDA:0,(anonymous_15)
FNDA:0,(anonymous_16)
DA:27,0
DA:28,0
DA:34,0
DA:35,0
DA:37,0
DA:38,0
DA:39,0
DA:42,0
DA:43,0
DA:44,0
DA:52,0
DA:53,0
DA:54,0
DA:57,0
DA:58,0
DA:60,0
DA:61,0
DA:62,0
DA:63,0
DA:64,0
DA:66,0
DA:67,0
DA:68,0
DA:70,0
DA:71,0
DA:72,0
DA:73,0
DA:74,0
DA:75,0
DA:76,0
DA:82,0
DA:84,0
DA:88,0
DA:89,0
DA:90,0
DA:91,0
DA:92,0
DA:94,0
DA:96,0
DA:100,0
DA:125,0
DA:126,0
DA:128,0
DA:156,0
DA:167,0
DA:210,0
DA:223,0
DA:243,0
DA:248,0
DA:260,0
LF:50
LH:0
BRDA:39,0,0,0
BRDA:39,0,1,0
BRDA:58,1,0,0
BRDA:58,1,1,0
BRDA:58,2,0,0
BRDA:58,2,1,0
BRDA:64,3,0,0
BRDA:64,3,1,0
BRDA:72,4,0,0
BRDA:72,4,1,0
BRDA:75,5,0,0
BRDA:75,5,1,0
BRDA:91,6,0,0
BRDA:91,6,1,0
BRDA:114,7,0,0
BRDA:114,7,1,0
BRDA:137,8,0,0
BRDA:137,8,1,0
BRDA:153,9,0,0
BRDA:153,9,1,0
BRDA:158,10,0,0
BRDA:158,10,1,0
BRDA:160,11,0,0
BRDA:160,11,1,0
BRDA:177,12,0,0
BRDA:177,12,1,0
BRDA:177,12,2,0
BRDA:200,13,0,0
BRDA:200,13,1,0
BRDA:200,13,2,0
BRDA:264,14,0,0
BRDA:264,14,1,0
BRDA:269,15,0,0
BRDA:269,15,1,0
BRDA:286,16,0,0
BRDA:286,16,1,0
BRF:36
BRH:0
end_of_record
TN:
SF:src/components/settings/SettingsSelectors.tsx
FN:11,SettingsSelectors
FN:21,(anonymous_1)
FN:27,(anonymous_2)
FN:41,(anonymous_3)
FN:46,(anonymous_4)
FN:51,(anonymous_5)
FN:61,(anonymous_6)
FN:78,(anonymous_7)
FN:98,(anonymous_8)
FN:142,(anonymous_9)
FN:180,(anonymous_10)
FN:203,(anonymous_11)
FN:231,(anonymous_12)
FNF:13
FNH:0
FNDA:0,SettingsSelectors
FNDA:0,(anonymous_1)
FNDA:0,(anonymous_2)
FNDA:0,(anonymous_3)
FNDA:0,(anonymous_4)
FNDA:0,(anonymous_5)
FNDA:0,(anonymous_6)
FNDA:0,(anonymous_7)
FNDA:0,(anonymous_8)
FNDA:0,(anonymous_9)
FNDA:0,(anonymous_10)
FNDA:0,(anonymous_11)
FNDA:0,(anonymous_12)
DA:15,0
DA:16,0
DA:17,0
DA:18,0
DA:19,0
DA:21,0
DA:22,0
DA:23,0
DA:24,0
DA:27,0
DA:28,0
DA:29,0
DA:30,0
DA:31,0
DA:32,0
DA:33,0
DA:34,0
DA:35,0
DA:36,0
DA:37,0
DA:38,0
DA:41,0
DA:42,0
DA:43,0
DA:46,0
DA:47,0
DA:48,0
DA:51,0
DA:52,0
DA:54,0
DA:55,0
DA:56,0
DA:60,0
DA:62,0
DA:67,0
DA:68,0
DA:69,0
DA:71,0
DA:72,0
DA:74,0
DA:78,0
DA:79,0
DA:80,0
DA:81,0
DA:82,0
DA:83,0
DA:85,0
DA:88,0
DA:89,0
DA:91,0
DA:92,0
DA:94,0
DA:98,0
DA:99,0
DA:100,0
DA:101,0
DA:102,0
DA:106,0
DA:107,0
DA:109,0
DA:110,0
DA:112,0
DA:116,0
DA:143,0
DA:144,0
DA:145,0
DA:147,0
DA:180,0
DA:203,0
DA:231,0
LF:70
LH:0
BRDA:22,0,0,0
BRDA:22,0,1,0
BRDA:23,1,0,0
BRDA:23,1,1,0
BRDA:23,2,0,0
BRDA:23,2,1,0
BRDA:28,3,0,0
BRDA:28,3,1,0
BRDA:33,4,0,0
BRDA:33,4,1,0
BRDA:34,5,0,0
BRDA:34,5,1,0
BRDA:36,6,0,0
BRDA:36,6,1,0
BRDA:52,7,0,0
BRDA:52,7,1,0
BRDA:62,8,0,0
BRDA:62,8,1,0
BRDA:82,9,0,0
BRDA:82,9,1,0
BRDA:132,10,0,0
BRDA:132,10,1,0
BRDA:158,11,0,0
BRDA:158,11,1,0
BRDA:161,12,0,0
BRDA:161,12,1,0
BRDA:164,13,0,0
BRDA:164,13,1,0
BRDA:169,14,0,0
BRDA:169,14,1,0
BRDA:181,15,0,0
BRDA:181,15,1,0
BRDA:184,16,0,0
BRDA:184,16,1,0
BRDA:198,17,0,0
BRDA:198,17,1,0
BRDA:217,18,0,0
BRDA:217,18,1,0
BRDA:228,19,0,0
BRDA:228,19,1,0
BRF:40
BRH:0
end_of_record
TN:
SF:src/components/settings/SettingsSources.tsx
FN:12,SettingsSources
FN:19,(anonymous_1)
FN:21,(anonymous_2)
FN:26,(anonymous_3)
FN:38,(anonymous_4)
FN:42,(anonymous_5)
FN:63,(anonymous_6)
FN:70,(anonymous_7)
FN:80,(anonymous_8)
FN:102,(anonymous_9)
FNF:10
FNH:0
FNDA:0,SettingsSources
FNDA:0,(anonymous_1)
FNDA:0,(anonymous_2)
FNDA:0,(anonymous_3)
FNDA:0,(anonymous_4)
FNDA:0,(anonymous_5)
FNDA:0,(anonymous_6)
FNDA:0,(anonymous_7)
FNDA:0,(anonymous_8)
FNDA:0,(anonymous_9)
DA:16,0
DA:17,0
DA:19,0
DA:21,0
DA:22,0
DA:23,0
DA:24,0
DA:25,0
DA:27,0
DA:31,0
DA:32,0
DA:34,0
DA:38,0
DA:39,0
DA:40,0
DA:41,0
DA:42,0
DA:43,0
DA:45,0
DA:46,0
DA:48,0
DA:52,0
DA:63,0
DA:70,0
DA:81,0
DA:102,0
LF:26
LH:0
BRDA:27,0,0,0
BRDA:27,0,1,0
BRDA:43,1,0,0
BRDA:43,1,1,0
BRDA:64,2,0,0
BRDA:64,2,1,0
BRDA:71,3,0,0
BRDA:71,3,1,0
BRDA:85,4,0,0
BRDA:85,4,1,0
BRDA:93,5,0,0
BRDA:93,5,1,0
BRDA:106,6,0,0
BRDA:106,6,1,0
BRDA:108,7,0,0
BRDA:108,7,1,0
BRF:16
BRH:0
end_of_record
TN:
SF:src/components/settings/SettingsUsers.tsx
FN:13,SettingsUsers
FN:23,(anonymous_1)
FN:27,(anonymous_2)
FN:39,(anonymous_3)
FN:45,(anonymous_4)
FN:58,(anonymous_5)
FN:80,(anonymous_6)
FN:117,(anonymous_7)
FNF:8
FNH:0
FNDA:0,SettingsUsers
FNDA:0,(anonymous_1)
FNDA:0,(anonymous_2)
FNDA:0,(anonymous_3)
FNDA:0,(anonymous_4)
FNDA:0,(anonymous_5)
FNDA:0,(anonymous_6)
FNDA:0,(anonymous_7)
DA:18,0
DA:19,0
DA:20,0
DA:21,0
DA:23,0
DA:24,0
DA:27,0
DA:28,0
DA:29,0
DA:30,0
DA:31,0
DA:32,0
DA:34,0
DA:35,0
DA:39,0
DA:40,0
DA:42,0
DA:43,0
DA:44,0
DA:45,0
DA:46,0
DA:47,0
DA:48,0
DA:49,0
DA:51,0
DA:52,0
DA:54,0
DA:58,0
DA:59,0
DA:60,0
DA:61,0
DA:64,0
DA:81,0
DA:83,0
DA:117,0
LF:35
LH:0
BRDA:40,0,0,0
BRDA:40,0,1,0
BRDA:75,1,0,0
BRDA:75,1,1,0
BRDA:99,2,0,0
BRDA:99,2,1,0
BRDA:121,3,0,0
BRDA:121,3,1,0
BRDA:126,4,0,0
BRDA:126,4,1,0
BRDA:138,5,0,0
BRDA:138,5,1,0
BRDA:138,5,2,0
BRDA:173,6,0,0
BRDA:173,6,1,0
BRDA:176,7,0,0
BRDA:176,7,1,0
BRDA:180,8,0,0
BRDA:180,8,1,0
BRDA:183,9,0,0
BRDA:183,9,1,0
BRDA:186,10,0,0
BRDA:186,10,1,0
BRDA:189,11,0,0
BRDA:189,11,1,0
BRDA:193,12,0,0
BRDA:193,12,1,0
BRDA:197,13,0,0
BRDA:197,13,1,0
BRDA:197,13,2,0
BRDA:203,14,0,0
BRDA:203,14,1,0
BRDA:203,14,2,0
BRDA:203,14,3,0
BRDA:203,14,4,0
BRDA:203,14,5,0
BRDA:203,14,6,0
BRDA:232,15,0,0
BRDA:232,15,1,0
BRF:39
BRH:0
end_of_record
TN:
SF:src/components/settings/index.ts
FNF:0
FNH:0
LF:0
LH:0
BRF:0
BRH:0
end_of_record
TN:
SF:src/contexts/AIStatusContext.tsx
FN:21,(anonymous_0)
FN:27,useAIStatus
FN:35,AIStatusProvider
FN:45,(anonymous_3)
FN:69,(anonymous_4)
FN:73,(anonymous_5)
FNF:6
FNH:0
FNDA:0,(anonymous_0)
FNDA:0,useAIStatus
FNDA:0,AIStatusProvider
FNDA:0,(anonymous_3)
FNDA:0,(anonymous_4)
FNDA:0,(anonymous_5)
DA:14,0
DA:24,0
DA:28,0
DA:36,0
DA:43,0
DA:45,0
DA:46,0
DA:47,0
DA:48,0
DA:56,0
DA:57,0
DA:65,0
DA:69,0
DA:70,0
DA:72,0
DA:73,0
DA:76,0
LF:17
LH:0
BRF:0
BRH:0
end_of_record
TN:
SF:src/contexts/ProfileContext.tsx
FN:20,useProfile
FN:32,ProfileProvider
FN:39,(anonymous_2)
FN:48,(anonymous_3)
FN:49,(anonymous_4)
FN:65,(anonymous_5)
FN:69,(anonymous_6)
FN:75,(anonymous_7)
FN:75,(anonymous_8)
FN:76,(anonymous_9)
FN:79,(anonymous_10)
FN:90,(anonymous_11)
FN:95,(anonymous_12)
FN:113,(anonymous_13)
FN:118,(anonymous_14)
FN:126,(anonymous_15)
FN:135,(anonymous_16)
FNF:17
FNH:0
FNDA:0,useProfile
FNDA:0,ProfileProvider
FNDA:0,(anonymous_2)
FNDA:0,(anonymous_3)
FNDA:0,(anonymous_4)
FNDA:0,(anonymous_5)
FNDA:0,(anonymous_6)
FNDA:0,(anonymous_7)
FNDA:0,(anonymous_8)
FNDA:0,(anonymous_9)
FNDA:0,(anonymous_10)
FNDA:0,(anonymous_11)
FNDA:0,(anonymous_12)
FNDA:0,(anonymous_13)
FNDA:0,(anonymous_14)
FNDA:0,(anonymous_15)
FNDA:0,(anonymous_16)
DA:17,0
DA:21,0
DA:22,0
DA:23,0
DA:25,0
DA:33,0
DA:34,0
DA:35,0
DA:36,0
DA:39,0
DA:40,0
DA:41,0
DA:43,0
DA:48,0
DA:49,0
DA:50,0
DA:54,0
DA:55,0
DA:57,0
DA:58,0
DA:61,0
DA:65,0
DA:67,0
DA:69,0
DA:70,0
DA:73,0
DA:75,0
DA:76,0
DA:79,0
DA:80,0
DA:81,0
DA:82,0
DA:83,0
DA:85,0
DA:86,0
DA:90,0
DA:91,0
DA:92,0
DA:95,0
DA:96,0
DA:98,0
DA:99,0
DA:101,0
DA:102,0
DA:106,0
DA:108,0
DA:109,0
DA:113,0
DA:114,0
DA:115,0
DA:116,0
DA:117,0
DA:118,0
DA:119,0
DA:120,0
DA:121,0
DA:123,0
DA:125,0
DA:126,0
DA:127,0
DA:130,0
DA:131,0
DA:135,0
DA:136,0
DA:139,0
LF:65
LH:0
BRDA:22,0,0,0
BRDA:22,0,1,0
BRDA:40,1,0,0
BRDA:40,1,1,0
BRDA:67,2,0,0
BRDA:67,2,1,0
BRDA:96,3,0,0
BRDA:96,3,1,0
BRDA:98,4,0,0
BRDA:98,4,1,0
BRDA:116,5,0,0
BRDA:116,5,1,0
BRF:12
BRH:0
end_of_record
TN:
SF:src/hooks/useAsync.ts
FN:31,useAsync
FN:38,(anonymous_1)
FN:51,(anonymous_2)
FN:70,useAsyncWithStaleData
FN:77,(anonymous_4)
FN:78,(anonymous_5)
FN:85,(anonymous_6)
FN:90,(anonymous_7)
FNF:8
FNH:8
FNDA:24,useAsync
FNDA:11,(anonymous_1)
FNDA:1,(anonymous_2)
FNDA:14,useAsyncWithStaleData
FNDA:7,(anonymous_4)
FNDA:7,(anonymous_5)
FNDA:2,(anonymous_6)
FNDA:1,(anonymous_7)
DA:32,24
DA:38,24
DA:39,11
DA:40,11
DA:41,11
DA:42,7
DA:43,7
DA:45,4
DA:46,4
DA:47,4
DA:51,24
DA:52,1
DA:55,24
DA:71,14
DA:77,14
DA:78,7
DA:79,7
DA:80,7
DA:81,5
DA:82,5
DA:84,2
DA:85,2
DA:86,2
DA:90,14
DA:91,1
DA:94,14
LF:26
LH:26
BRDA:45,0,0,3
BRDA:45,0,1,1
BRDA:84,1,0,2
BRDA:84,1,1,0
BRF:4
BRH:3
end_of_record
TN:
SF:src/hooks/useTimers.ts
FN:21,useTimers
FN:27,(anonymous_1)
FN:32,(anonymous_2)
FN:34,(anonymous_3)
FN:35,(anonymous_4)
FN:41,(anonymous_5)
FN:45,(anonymous_6)
FN:58,(anonymous_7)
FN:59,(anonymous_8)
FN:60,(anonymous_9)
FN:85,(anonymous_10)
FN:93,(anonymous_11)
FN:94,(anonymous_12)
FN:95,(anonymous_13)
FN:116,(anonymous_14)
FN:117,(anonymous_15)
FN:123,(anonymous_16)
FN:131,(anonymous_17)
FN:132,(anonymous_18)
FN:138,(anonymous_19)
FN:146,(anonymous_20)
FN:147,(anonymous_21)
FN:155,(anonymous_22)
FN:163,(anonymous_23)
FN:163,(anonymous_24)
FN:167,(anonymous_25)
FN:168,(anonymous_26)
FN:199,detectTimes
FN:231,formatTimerDisplay
FNF:29
FNH:26
FNDA:38,useTimers
FNDA:11,(anonymous_1)
FNDA:11,(anonymous_2)
FNDA:11,(anonymous_3)
FNDA:6,(anonymous_4)
FNDA:13,(anonymous_5)
FNDA:13,(anonymous_6)
FNDA:0,(anonymous_7)
FNDA:0,(anonymous_8)
FNDA:0,(anonymous_9)
FNDA:8,(anonymous_10)
FNDA:39,(anonymous_11)
FNDA:39,(anonymous_12)
FNDA:59,(anonymous_13)
FNDA:8,(anonymous_14)
FNDA:10,(anonymous_15)
FNDA:2,(anonymous_16)
FNDA:2,(anonymous_17)
FNDA:2,(anonymous_18)
FNDA:1,(anonymous_19)
FNDA:1,(anonymous_20)
FNDA:1,(anonymous_21)
FNDA:1,(anonymous_22)
FNDA:1,(anonymous_23)
FNDA:2,(anonymous_24)
FNDA:2,(anonymous_25)
FNDA:2,(anonymous_26)
FNDA:28,detectTimes
FNDA:21,formatTimerDisplay
DA:22,38
DA:23,38
DA:24,38
DA:27,38
DA:28,11
DA:32,38
DA:33,11
DA:34,11
DA:35,11
DA:36,6
DA:41,38
DA:42,13
DA:45,13
DA:57,13
DA:58,9
DA:59,0
DA:60,0
DA:61,0
DA:62,0
DA:64,0
DA:66,0
DA:68,0
DA:69,0
DA:70,0
DA:71,0
DA:74,0
DA:79,9
DA:82,13
DA:85,38
DA:87,8
DA:88,8
DA:89,5
DA:93,8
DA:94,39
DA:95,39
DA:96,59
DA:97,39
DA:99,35
DA:101,35
DA:103,2
DA:104,2
DA:105,2
DA:106,2
DA:109,33
DA:114,8
DA:116,8
DA:117,8
DA:118,10
DA:123,38
DA:125,2
DA:126,2
DA:127,2
DA:128,2
DA:131,2
DA:132,2
DA:133,2
DA:138,38
DA:140,1
DA:141,1
DA:142,1
DA:143,1
DA:146,1
DA:147,1
DA:148,1
DA:155,38
DA:157,1
DA:158,1
DA:159,1
DA:160,1
DA:163,2
DA:166,38
DA:168,2
DA:169,2
DA:171,2
DA:172,1
DA:174,1
DA:180,38
DA:200,28
DA:201,28
DA:204,28
DA:210,28
DA:212,84
DA:213,28
DA:214,28
DA:215,28
DA:216,28
DA:217,27
DA:218,27
DA:224,28
DA:232,21
DA:233,21
DA:234,21
DA:236,21
DA:237,4
DA:239,17
LF:95
LH:84
BRDA:41,0,0,13
BRDA:57,1,0,9
BRDA:57,1,1,4
BRDA:61,2,0,0
BRDA:61,2,1,0
BRDA:62,3,0,0
BRDA:62,3,1,0
BRDA:66,4,0,0
BRDA:66,4,1,0
BRDA:88,5,0,5
BRDA:88,5,1,3
BRDA:96,6,0,20
BRDA:96,6,1,39
BRDA:97,7,0,4
BRDA:97,7,1,35
BRDA:101,8,0,2
BRDA:101,8,1,33
BRDA:118,9,0,8
BRDA:118,9,1,2
BRDA:126,10,0,2
BRDA:126,10,1,0
BRDA:133,11,0,2
BRDA:133,11,1,0
BRDA:141,12,0,1
BRDA:141,12,1,0
BRDA:148,13,0,1
BRDA:148,13,1,0
BRDA:158,14,0,1
BRDA:158,14,1,0
BRDA:169,15,0,0
BRDA:169,15,1,2
BRDA:171,16,0,1
BRDA:171,16,1,1
BRDA:216,17,0,27
BRDA:216,17,1,1
BRDA:216,18,0,28
BRDA:216,18,1,28
BRDA:236,19,0,4
BRDA:236,19,1,17
BRF:39
BRH:27
end_of_record
TN:
SF:src/hooks/useWakeLock.ts
FN:47,useWakeLock
FN:53,(anonymous_1)
FN:58,(anonymous_2)
FN:67,(anonymous_3)
FN:79,(anonymous_4)
FN:91,(anonymous_5)
FN:113,(anonymous_6)
FN:121,(anonymous_7)
FN:131,(anonymous_8)
FN:140,(anonymous_9)
FN:153,(anonymous_10)
FN:163,(anonymous_11)
FNF:12
FNH:0
FNDA:0,useWakeLock
FNDA:0,(anonymous_1)
FNDA:0,(anonymous_2)
FNDA:0,(anonymous_3)
FNDA:0,(anonymous_4)
FNDA:0,(anonymous_5)
FNDA:0,(anonymous_6)
FNDA:0,(anonymous_7)
FNDA:0,(anonymous_8)
FNDA:0,(anonymous_9)
FNDA:0,(anonymous_10)
FNDA:0,(anonymous_11)
DA:6,0
DA:48,0
DA:49,0
DA:50,0
DA:53,0
DA:54,0
DA:58,0
DA:59,0
DA:60,0
DA:63,0
DA:64,0
DA:67,0
DA:68,0
DA:71,0
DA:74,0
DA:79,0
DA:80,0
DA:81,0
DA:82,0
DA:86,0
DA:91,0
DA:92,0
DA:93,0
DA:96,0
DA:97,0
DA:98,0
DA:99,0
DA:100,0
DA:101,0
DA:102,0
DA:103,0
DA:104,0
DA:105,0
DA:106,0
DA:107,0
DA:109,0
DA:110,0
DA:113,0
DA:117,0
DA:121,0
DA:122,0
DA:123,0
DA:124,0
DA:125,0
DA:127,0
DA:131,0
DA:132,0
DA:133,0
DA:134,0
DA:135,0
DA:138,0
DA:140,0
DA:142,0
DA:144,0
DA:146,0
DA:150,0
DA:153,0
DA:154,0
DA:155,0
DA:156,0
DA:161,0
DA:163,0
DA:164,0
DA:165,0
DA:166,0
DA:167,0
LF:66
LH:0
BRDA:47,0,0,0
BRDA:59,1,0,0
BRDA:59,1,1,0
BRDA:80,2,0,0
BRDA:80,2,1,0
BRDA:92,3,0,0
BRDA:92,3,1,0
BRDA:122,4,0,0
BRDA:122,4,1,0
BRDA:132,5,0,0
BRDA:132,5,1,0
BRDA:144,6,0,0
BRDA:144,6,1,0
BRDA:144,7,0,0
BRDA:144,7,1,0
BRDA:154,8,0,0
BRDA:154,8,1,0
BRDA:154,9,0,0
BRDA:154,9,1,0
BRDA:154,9,2,0
BRDA:155,10,0,0
BRDA:155,10,1,0
BRF:22
BRH:0
end_of_record
TN:
SF:src/lib/audio.ts
FN:16,getAudioContext
FN:42,unlockAudio
FN:54,(anonymous_2)
FN:76,playTimerAlert
FN:84,(anonymous_4)
FN:106,playTone
FNF:6
FNH:0
FNDA:0,getAudioContext
FNDA:0,unlockAudio
FNDA:0,(anonymous_2)
FNDA:0,playTimerAlert
FNDA:0,(anonymous_4)
FNDA:0,playTone
DA:7,0
DA:10,0
DA:17,0
DA:18,0
DA:21,0
DA:23,0
DA:26,0
DA:27,0
DA:28,0
DA:34,0
DA:43,0
DA:44,0
DA:47,0
DA:48,0
DA:49,0
DA:53,0
DA:54,0
DA:60,0
DA:61,0
DA:62,0
DA:63,0
DA:64,0
DA:65,0
DA:66,0
DA:77,0
DA:78,0
DA:79,0
DA:83,0
DA:84,0
DA:87,0
DA:88,0
DA:92,0
DA:95,0
DA:97,0
DA:113,0
DA:114,0
DA:115,0
DA:118,0
DA:119,0
DA:121,0
DA:123,0
DA:125,0
DA:128,0
DA:129,0
DA:132,0
DA:133,0
LF:46
LH:0
BRDA:17,0,0,0
BRDA:17,0,1,0
BRDA:23,1,0,0
BRDA:23,1,1,0
BRDA:26,2,0,0
BRDA:26,2,1,0
BRDA:43,3,0,0
BRDA:43,3,1,0
BRDA:48,4,0,0
BRDA:48,4,1,0
BRDA:53,5,0,0
BRDA:53,5,1,0
BRDA:78,6,0,0
BRDA:78,6,1,0
BRDA:83,7,0,0
BRDA:83,7,1,0
BRF:16
BRH:0
end_of_record
TN:
SF:src/lib/formatting.ts
FN:11,formatTime
FNF:1
FNH:1
FNDA:29,formatTime
DA:12,29
DA:13,26
DA:14,8
DA:15,8
DA:16,8
LF:5
LH:5
BRDA:12,0,0,3
BRDA:12,0,1,26
BRDA:13,1,0,18
BRDA:13,1,1,8
BRDA:16,2,0,4
BRDA:16,2,1,4
BRF:6
BRH:6
end_of_record
TN:
SF:src/lib/utils.ts
FN:4,cn
FN:13,formatNutritionKey
FN:23,(anonymous_2)
FNF:3
FNH:3
FNDA:440,cn
FNDA:16,formatNutritionKey
FNDA:6,(anonymous_2)
DA:5,440
DA:14,16
DA:17,15
DA:20,15
DA:21,3
DA:23,6
DA:28,12
DA:31,12
LF:8
LH:8
BRDA:14,0,0,1
BRDA:14,0,1,15
BRDA:20,1,0,3
BRDA:20,1,1,12
BRF:4
BRH:4
end_of_record
TN:
SF:src/screens/AllRecipes.tsx
FN:9,AllRecipes
FN:14,(anonymous_1)
FN:18,(anonymous_2)
FN:31,(anonymous_3)
FN:45,(anonymous_4)
FN:64,(anonymous_5)
FN:68,(anonymous_6)
FN:86,(anonymous_7)
FNF:8
FNH:0
FNDA:0,AllRecipes
FNDA:0,(anonymous_1)
FNDA:0,(anonymous_2)
FNDA:0,(anonymous_3)
FNDA:0,(anonymous_4)
FNDA:0,(anonymous_5)
FNDA:0,(anonymous_6)
FNDA:0,(anonymous_7)
DA:10,0
DA:11,0
DA:12,0
DA:14,0
DA:15,0
DA:18,0
DA:19,0
DA:21,0
DA:22,0
DA:24,0
DA:25,0
DA:27,0
DA:31,0
DA:32,0
DA:33,0
DA:35,0
DA:37,0
DA:40,0
DA:45,0
DA:65,0
DA:68,0
DA:86,0
LF:22
LH:0
BRDA:56,0,0,0
BRDA:56,0,1,0
BRDA:58,1,0,0
BRDA:58,1,1,0
BRDA:61,2,0,0
BRDA:61,2,1,0
BRF:6
BRH:0
end_of_record
TN:
SF:src/screens/CollectionDetail.tsx
FN:9,CollectionDetail
FN:19,(anonymous_1)
FN:26,(anonymous_2)
FN:38,(anonymous_3)
FN:45,(anonymous_4)
FN:54,(anonymous_5)
FN:68,(anonymous_6)
FN:90,(anonymous_7)
FN:105,(anonymous_8)
FN:121,(anonymous_9)
FN:138,(anonymous_10)
FN:160,(anonymous_11)
FN:164,(anonymous_12)
FN:168,(anonymous_13)
FNF:14
FNH:0
FNDA:0,CollectionDetail
FNDA:0,(anonymous_1)
FNDA:0,(anonymous_2)
FNDA:0,(anonymous_3)
FNDA:0,(anonymous_4)
FNDA:0,(anonymous_5)
FNDA:0,(anonymous_6)
FNDA:0,(anonymous_7)
FNDA:0,(anonymous_8)
FNDA:0,(anonymous_9)
FNDA:0,(anonymous_10)
FNDA:0,(anonymous_11)
FNDA:0,(anonymous_12)
FNDA:0,(anonymous_13)
DA:10,0
DA:11,0
DA:12,0
DA:14,0
DA:15,0
DA:16,0
DA:17,0
DA:19,0
DA:20,0
DA:21,0
DA:26,0
DA:27,0
DA:28,0
DA:29,0
DA:31,0
DA:32,0
DA:34,0
DA:38,0
DA:39,0
DA:41,0
DA:42,0
DA:43,0
DA:45,0
DA:47,0
DA:49,0
DA:50,0
DA:54,0
DA:55,0
DA:56,0
DA:57,0
DA:58,0
DA:59,0
DA:61,0
DA:62,0
DA:64,0
DA:68,0
DA:69,0
DA:70,0
DA:72,0
DA:74,0
DA:77,0
DA:78,0
DA:85,0
DA:86,0
DA:90,0
DA:99,0
DA:105,0
DA:121,0
DA:138,0
DA:161,0
DA:164,0
DA:169,0
DA:170,0
LF:53
LH:0
BRDA:20,0,0,0
BRDA:20,0,1,0
BRDA:39,1,0,0
BRDA:39,1,1,0
BRDA:77,2,0,0
BRDA:77,2,1,0
BRDA:85,3,0,0
BRDA:85,3,1,0
BRDA:116,4,0,0
BRDA:116,4,1,0
BRDA:130,5,0,0
BRDA:130,5,1,0
BRDA:148,6,0,0
BRDA:148,6,1,0
BRDA:158,7,0,0
BRDA:158,7,1,0
BRF:16
BRH:0
end_of_record
TN:
SF:src/screens/Collections.tsx
FN:9,Collections
FN:20,(anonymous_1)
FN:24,(anonymous_2)
FN:36,(anonymous_3)
FN:68,(anonymous_4)
FN:87,(anonymous_5)
FN:109,(anonymous_6)
FN:130,(anonymous_7)
FN:142,(anonymous_8)
FN:150,(anonymous_9)
FN:180,(anonymous_10)
FN:183,(anonymous_11)
FN:215,(anonymous_12)
FNF:13
FNH:0
FNDA:0,Collections
FNDA:0,(anonymous_1)
FNDA:0,(anonymous_2)
FNDA:0,(anonymous_3)
FNDA:0,(anonymous_4)
FNDA:0,(anonymous_5)
FNDA:0,(anonymous_6)
FNDA:0,(anonymous_7)
FNDA:0,(anonymous_8)
FNDA:0,(anonymous_9)
FNDA:0,(anonymous_10)
FNDA:0,(anonymous_11)
FNDA:0,(anonymous_12)
DA:10,0
DA:11,0
DA:12,0
DA:14,0
DA:15,0
DA:16,0
DA:17,0
DA:18,0
DA:20,0
DA:21,0
DA:24,0
DA:25,0
DA:26,0
DA:27,0
DA:29,0
DA:30,0
DA:32,0
DA:36,0
DA:37,0
DA:38,0
DA:40,0
DA:41,0
DA:42,0
DA:45,0
DA:46,0
DA:47,0
DA:48,0
DA:51,0
DA:52,0
DA:53,0
DA:54,0
DA:56,0
DA:58,0
DA:61,0
DA:62,0
DA:64,0
DA:68,0
DA:70,0
DA:71,0
DA:72,0
DA:73,0
DA:76,0
DA:77,0
DA:78,0
DA:80,0
DA:84,0
DA:87,0
DA:88,0
DA:89,0
DA:91,0
DA:95,0
DA:109,0
DA:131,0
DA:132,0
DA:142,0
DA:151,0
DA:152,0
DA:181,0
DA:183,0
DA:215,0
LF:60
LH:0
BRDA:12,0,0,0
BRDA:12,0,1,0
BRDA:38,1,0,0
BRDA:38,1,1,0
BRDA:51,2,0,0
BRDA:51,2,1,0
BRDA:70,3,0,0
BRDA:70,3,1,0
BRDA:76,4,0,0
BRDA:76,4,1,0
BRDA:76,5,0,0
BRDA:76,5,1,0
BRDA:88,6,0,0
BRDA:88,6,1,0
BRDA:121,7,0,0
BRDA:121,7,1,0
BRDA:160,8,0,0
BRDA:160,8,1,0
BRDA:163,9,0,0
BRDA:163,9,1,0
BRDA:170,10,0,0
BRDA:170,10,1,0
BRDA:176,11,0,0
BRDA:176,11,1,0
BRDA:178,12,0,0
BRDA:178,12,1,0
BRDA:186,13,0,0
BRDA:186,13,1,0
BRDA:197,14,0,0
BRDA:197,14,1,0
BRF:30
BRH:0
end_of_record
TN:
SF:src/screens/Favorites.tsx
FN:9,Favorites
FN:14,(anonymous_1)
FN:18,(anonymous_2)
FN:30,(anonymous_3)
FN:33,(anonymous_4)
FN:41,(anonymous_5)
FN:55,(anonymous_6)
FN:70,(anonymous_7)
FN:76,(anonymous_8)
FN:93,(anonymous_9)
FNF:10
FNH:0
FNDA:0,Favorites
FNDA:0,(anonymous_1)
FNDA:0,(anonymous_2)
FNDA:0,(anonymous_3)
FNDA:0,(anonymous_4)
FNDA:0,(anonymous_5)
FNDA:0,(anonymous_6)
FNDA:0,(anonymous_7)
FNDA:0,(anonymous_8)
FNDA:0,(anonymous_9)
DA:10,0
DA:11,0
DA:12,0
DA:14,0
DA:15,0
DA:18,0
DA:19,0
DA:20,0
DA:21,0
DA:23,0
DA:24,0
DA:26,0
DA:30,0
DA:31,0
DA:32,0
DA:33,0
DA:34,0
DA:36,0
DA:37,0
DA:41,0
DA:42,0
DA:43,0
DA:45,0
DA:47,0
DA:50,0
DA:55,0
DA:71,0
DA:76,0
DA:93,0
LF:29
LH:0
BRDA:66,0,0,0
BRDA:66,0,1,0
BRDA:68,1,0,0
BRDA:68,1,1,0
BRF:4
BRH:0
end_of_record
TN:
SF:src/screens/Home.tsx
FN:20,Home
FN:36,(anonymous_1)
FN:40,(anonymous_2)
FN:57,(anonymous_3)
FN:74,(anonymous_4)
FN:81,(anonymous_5)
FN:85,(anonymous_6)
FN:92,(anonymous_7)
FN:101,(anonymous_8)
FN:104,(anonymous_9)
FN:112,(anonymous_10)
FN:117,(anonymous_11)
FN:123,(anonymous_12)
FN:123,(anonymous_13)
FN:138,(anonymous_14)
FN:147,(anonymous_15)
FN:169,(anonymous_16)
FN:207,(anonymous_17)
FN:219,(anonymous_18)
FN:256,(anonymous_19)
FN:263,(anonymous_20)
FN:268,(anonymous_21)
FN:283,(anonymous_22)
FN:292,(anonymous_23)
FN:298,(anonymous_24)
FN:315,(anonymous_25)
FN:355,(anonymous_26)
FN:358,(anonymous_27)
FN:396,(anonymous_28)
FN:435,(anonymous_29)
FNF:30
FNH:0
FNDA:0,Home
FNDA:0,(anonymous_1)
FNDA:0,(anonymous_2)
FNDA:0,(anonymous_3)
FNDA:0,(anonymous_4)
FNDA:0,(anonymous_5)
FNDA:0,(anonymous_6)
FNDA:0,(anonymous_7)
FNDA:0,(anonymous_8)
FNDA:0,(anonymous_9)
FNDA:0,(anonymous_10)
FNDA:0,(anonymous_11)
FNDA:0,(anonymous_12)
FNDA:0,(anonymous_13)
FNDA:0,(anonymous_14)
FNDA:0,(anonymous_15)
FNDA:0,(anonymous_16)
FNDA:0,(anonymous_17)
FNDA:0,(anonymous_18)
FNDA:0,(anonymous_19)
FNDA:0,(anonymous_20)
FNDA:0,(anonymous_21)
FNDA:0,(anonymous_22)
FNDA:0,(anonymous_23)
FNDA:0,(anonymous_24)
FNDA:0,(anonymous_25)
FNDA:0,(anonymous_26)
FNDA:0,(anonymous_27)
FNDA:0,(anonymous_28)
FNDA:0,(anonymous_29)
DA:21,0
DA:22,0
DA:23,0
DA:25,0
DA:26,0
DA:27,0
DA:28,0
DA:29,0
DA:30,0
DA:31,0
DA:32,0
DA:33,0
DA:34,0
DA:36,0
DA:37,0
DA:40,0
DA:41,0
DA:42,0
DA:46,0
DA:47,0
DA:48,0
DA:50,0
DA:51,0
DA:53,0
DA:57,0
DA:58,0
DA:59,0
DA:60,0
DA:61,0
DA:62,0
DA:63,0
DA:64,0
DA:66,0
DA:67,0
DA:69,0
DA:74,0
DA:75,0
DA:76,0
DA:77,0
DA:81,0
DA:82,0
DA:85,0
DA:86,0
DA:87,0
DA:88,0
DA:92,0
DA:93,0
DA:94,0
DA:96,0
DA:98,0
DA:101,0
DA:102,0
DA:103,0
DA:104,0
DA:105,0
DA:107,0
DA:108,0
DA:112,0
DA:113,0
DA:114,0
DA:117,0
DA:118,0
DA:122,0
DA:123,0
DA:127,0
DA:129,0
DA:138,0
DA:147,0
DA:169,0
DA:207,0
DA:219,0
DA:256,0
DA:264,0
DA:268,0
DA:283,0
DA:293,0
DA:298,0
DA:315,0
DA:356,0
DA:358,0
DA:396,0
DA:435,0
LF:82
LH:0
BRDA:58,0,0,0
BRDA:58,0,1,0
BRDA:76,1,0,0
BRDA:76,1,1,0
BRDA:76,2,0,0
BRDA:76,2,1,0
BRDA:76,2,2,0
BRDA:76,2,3,0
BRDA:87,3,0,0
BRDA:87,3,1,0
BRDA:127,4,0,0
BRDA:127,4,1,0
BRDA:158,5,0,0
BRDA:158,5,1,0
BRDA:160,6,0,0
BRDA:160,6,1,0
BRDA:215,7,0,0
BRDA:215,7,1,0
BRDA:222,8,0,0
BRDA:222,8,1,0
BRDA:233,9,0,0
BRDA:233,9,1,0
BRDA:244,10,0,0
BRDA:244,10,1,0
BRDA:246,11,0,0
BRDA:246,11,1,0
BRDA:246,12,0,0
BRDA:246,12,1,0
BRDA:249,13,0,0
BRDA:249,13,1,0
BRDA:281,14,0,0
BRDA:281,14,1,0
BRDA:290,15,0,0
BRDA:290,15,1,0
BRDA:327,16,0,0
BRDA:327,16,1,0
BRDA:336,17,0,0
BRDA:336,17,1,0
BRDA:348,18,0,0
BRDA:348,18,1,0
BRDA:364,19,0,0
BRDA:364,19,1,0
BRDA:365,20,0,0
BRDA:365,20,1,0
BRDA:366,21,0,0
BRDA:366,21,1,0
BRDA:383,22,0,0
BRDA:383,22,1,0
BRDA:402,23,0,0
BRDA:402,23,1,0
BRF:50
BRH:0
end_of_record
TN:
SF:src/screens/PlayMode.tsx
FN:13,PlayMode
FN:24,(anonymous_1)
FN:31,(anonymous_2)
FN:53,(anonymous_3)
FN:61,(anonymous_4)
FN:91,(anonymous_5)
FN:104,(anonymous_6)
FN:110,(anonymous_7)
FN:116,(anonymous_8)
FN:121,(anonymous_9)
FN:122,(anonymous_10)
FN:133,(anonymous_11)
FN:245,(anonymous_12)
FN:248,(anonymous_13)
FNF:14
FNH:0
FNDA:0,PlayMode
FNDA:0,(anonymous_1)
FNDA:0,(anonymous_2)
FNDA:0,(anonymous_3)
FNDA:0,(anonymous_4)
FNDA:0,(anonymous_5)
FNDA:0,(anonymous_6)
FNDA:0,(anonymous_7)
FNDA:0,(anonymous_8)
FNDA:0,(anonymous_9)
FNDA:0,(anonymous_10)
FNDA:0,(anonymous_11)
FNDA:0,(anonymous_12)
FNDA:0,(anonymous_13)
DA:14,0
DA:15,0
DA:16,0
DA:18,0
DA:19,0
DA:20,0
DA:21,0
DA:24,0
DA:25,0
DA:26,0
DA:31,0
DA:32,0
DA:33,0
DA:37,0
DA:38,0
DA:40,0
DA:41,0
DA:42,0
DA:44,0
DA:49,0
DA:53,0
DA:57,0
DA:60,0
DA:63,0
DA:66,0
DA:71,0
DA:72,0
DA:73,0
DA:85,0
DA:88,0
DA:91,0
DA:92,0
DA:93,0
DA:97,0
DA:101,0
DA:102,0
DA:104,0
DA:105,0
DA:106,0
DA:110,0
DA:111,0
DA:112,0
DA:116,0
DA:117,0
DA:121,0
DA:122,0
DA:123,0
DA:124,0
DA:125,0
DA:126,0
DA:127,0
DA:128,0
DA:132,0
DA:133,0
DA:137,0
DA:138,0
DA:145,0
DA:146,0
DA:161,0
DA:162,0
DA:177,0
DA:246,0
DA:248,0
LF:63
LH:0
BRDA:25,0,0,0
BRDA:25,0,1,0
BRDA:49,1,0,0
BRDA:49,1,1,0
BRDA:50,2,0,0
BRDA:50,2,1,0
BRDA:52,3,0,0
BRDA:52,3,1,0
BRDA:72,4,0,0
BRDA:72,4,1,0
BRDA:72,5,0,0
BRDA:72,5,1,0
BRDA:92,6,0,0
BRDA:92,6,1,0
BRDA:92,7,0,0
BRDA:92,7,1,0
BRDA:101,8,0,0
BRDA:101,8,1,0
BRDA:102,9,0,0
BRDA:102,9,1,0
BRDA:105,10,0,0
BRDA:105,10,1,0
BRDA:111,11,0,0
BRDA:111,11,1,0
BRDA:123,12,0,0
BRDA:123,12,1,0
BRDA:123,13,0,0
BRDA:123,13,1,0
BRDA:125,14,0,0
BRDA:125,14,1,0
BRDA:125,15,0,0
BRDA:125,15,1,0
BRDA:127,16,0,0
BRDA:127,16,1,0
BRDA:137,17,0,0
BRDA:137,17,1,0
BRDA:145,18,0,0
BRDA:145,18,1,0
BRDA:161,19,0,0
BRDA:161,19,1,0
BRDA:234,20,0,0
BRDA:234,20,1,0
BRDA:251,21,0,0
BRDA:251,21,1,0
BRDA:253,22,0,0
BRDA:253,22,1,0
BRDA:267,23,0,0
BRDA:267,23,1,0
BRF:48
BRH:0
end_of_record
TN:
SF:src/screens/ProfileSelector.tsx
FN:22,ProfileSelector
FN:32,(anonymous_1)
FN:36,(anonymous_2)
FN:48,(anonymous_3)
FN:58,(anonymous_4)
FN:83,(anonymous_5)
FN:104,(anonymous_6)
FN:107,(anonymous_7)
FN:122,(anonymous_8)
FN:143,(anonymous_9)
FN:157,(anonymous_10)
FN:161,(anonymous_11)
FN:176,(anonymous_12)
FNF:13
FNH:11
FNDA:16,ProfileSelector
FNDA:6,(anonymous_1)
FNDA:6,(anonymous_2)
FNDA:1,(anonymous_3)
FNDA:1,(anonymous_4)
FNDA:5,(anonymous_5)
FNDA:5,(anonymous_6)
FNDA:1,(anonymous_7)
FNDA:2,(anonymous_8)
FNDA:1,(anonymous_9)
FNDA:40,(anonymous_10)
FNDA:0,(anonymous_11)
FNDA:0,(anonymous_12)
DA:9,1
DA:23,16
DA:24,16
DA:25,16
DA:26,16
DA:27,16
DA:28,16
DA:29,16
DA:30,16
DA:32,16
DA:33,6
DA:36,16
DA:37,6
DA:38,6
DA:39,5
DA:41,0
DA:42,0
DA:44,5
DA:48,16
DA:49,1
DA:50,1
DA:51,1
DA:53,0
DA:54,0
DA:58,16
DA:59,1
DA:60,1
DA:62,1
DA:63,1
DA:64,1
DA:70,1
DA:71,1
DA:72,1
DA:73,1
DA:74,1
DA:76,0
DA:77,0
DA:79,1
DA:83,16
DA:84,5
DA:87,16
DA:88,6
DA:95,10
DA:105,5
DA:107,1
DA:122,2
DA:143,1
DA:158,40
DA:161,0
DA:177,0
DA:178,0
DA:179,0
LF:52
LH:42
BRDA:60,0,0,0
BRDA:60,0,1,1
BRDA:87,1,0,6
BRDA:87,1,1,10
BRDA:133,2,0,10
BRDA:133,2,1,4
BRDA:164,3,0,40
BRDA:164,3,1,4
BRDA:187,4,0,4
BRDA:187,4,1,2
BRDA:190,5,0,1
BRDA:190,5,1,3
BRF:12
BRH:11
end_of_record
TN:
SF:src/screens/RecipeDetail.tsx
FN:31,RecipeDetail
FN:50,(anonymous_1)
FN:58,(anonymous_2)
FN:75,(anonymous_3)
FN:87,(anonymous_4)
FN:96,(anonymous_5)
FN:104,(anonymous_6)
FN:118,(anonymous_7)
FN:137,(anonymous_8)
FN:166,(anonymous_9)
FN:184,(anonymous_10)
FN:189,(anonymous_11)
FN:193,(anonymous_12)
FN:197,(anonymous_13)
FN:201,(anonymous_14)
FN:292,(anonymous_15)
FN:312,(anonymous_16)
FN:396,(anonymous_17)
FN:406,(anonymous_18)
FN:451,(anonymous_19)
FN:454,(anonymous_20)
FN:496,(anonymous_21)
FN:503,IngredientsTab
FN:519,(anonymous_23)
FN:527,(anonymous_24)
FN:547,(anonymous_25)
FN:559,InstructionsTab
FN:573,(anonymous_27)
FN:592,(anonymous_28)
FN:605,NutritionTab
FN:624,(anonymous_30)
FN:640,TipsTab
FN:688,(anonymous_32)
FN:712,(anonymous_33)
FN:722,(anonymous_34)
FN:737,(anonymous_35)
FNF:36
FNH:0
FNDA:0,RecipeDetail
FNDA:0,(anonymous_1)
FNDA:0,(anonymous_2)
FNDA:0,(anonymous_3)
FNDA:0,(anonymous_4)
FNDA:0,(anonymous_5)
FNDA:0,(anonymous_6)
FNDA:0,(anonymous_7)
FNDA:0,(anonymous_8)
FNDA:0,(anonymous_9)
FNDA:0,(anonymous_10)
FNDA:0,(anonymous_11)
FNDA:0,(anonymous_12)
FNDA:0,(anonymous_13)
FNDA:0,(anonymous_14)
FNDA:0,(anonymous_15)
FNDA:0,(anonymous_16)
FNDA:0,(anonymous_17)
FNDA:0,(anonymous_18)
FNDA:0,(anonymous_19)
FNDA:0,(anonymous_20)
FNDA:0,(anonymous_21)
FNDA:0,IngredientsTab
FNDA:0,(anonymous_23)
FNDA:0,(anonymous_24)
FNDA:0,(anonymous_25)
FNDA:0,InstructionsTab
FNDA:0,(anonymous_27)
FNDA:0,(anonymous_28)
FNDA:0,NutritionTab
FNDA:0,(anonymous_30)
FNDA:0,TipsTab
FNDA:0,(anonymous_32)
FNDA:0,(anonymous_33)
FNDA:0,(anonymous_34)
FNDA:0,(anonymous_35)
DA:32,0
DA:33,0
DA:34,0
DA:35,0
DA:36,0
DA:38,0
DA:39,0
DA:40,0
DA:41,0
DA:42,0
DA:43,0
DA:44,0
DA:45,0
DA:46,0
DA:47,0
DA:48,0
DA:50,0
DA:51,0
DA:52,0
DA:58,0
DA:59,0
DA:61,0
DA:62,0
DA:65,0
DA:66,0
DA:67,0
DA:70,0
DA:71,0
DA:72,0
DA:73,0
DA:75,0
DA:77,0
DA:78,0
DA:79,0
DA:80,0
DA:83,0
DA:84,0
DA:85,0
DA:86,0
DA:87,0
DA:88,0
DA:89,0
DA:96,0
DA:97,0
DA:98,0
DA:104,0
DA:105,0
DA:113,0
DA:118,0
DA:119,0
DA:120,0
DA:121,0
DA:122,0
DA:123,0
DA:125,0
DA:127,0
DA:128,0
DA:130,0
DA:135,0
DA:137,0
DA:138,0
DA:139,0
DA:140,0
DA:143,0
DA:144,0
DA:145,0
DA:149,0
DA:150,0
DA:151,0
DA:152,0
DA:153,0
DA:154,0
DA:157,0
DA:158,0
DA:160,0
DA:162,0
DA:166,0
DA:167,0
DA:169,0
DA:170,0
DA:171,0
DA:172,0
DA:174,0
DA:175,0
DA:177,0
DA:178,0
DA:180,0
DA:184,0
DA:185,0
DA:186,0
DA:189,0
DA:190,0
DA:193,0
DA:194,0
DA:197,0
DA:198,0
DA:201,0
DA:202,0
DA:205,0
DA:206,0
DA:209,0
DA:210,0
DA:223,0
DA:224,0
DA:226,0
DA:292,0
DA:312,0
DA:396,0
DA:406,0
DA:452,0
DA:454,0
DA:496,0
DA:511,0
DA:514,0
DA:516,0
DA:517,0
DA:520,0
DA:528,0
DA:545,0
DA:548,0
DA:567,0
DA:568,0
DA:573,0
DA:576,0
DA:577,0
DA:584,0
DA:593,0
DA:606,0
DA:608,0
DA:609,0
DA:616,0
DA:625,0
DA:656,0
DA:657,0
DA:665,0
DA:666,0
DA:669,0
DA:670,0
DA:681,0
DA:682,0
DA:688,0
DA:702,0
DA:713,0
DA:723,0
DA:737,0
LF:145
LH:0
BRDA:51,0,0,0
BRDA:51,0,1,0
BRDA:59,1,0,0
BRDA:59,1,1,0
BRDA:65,2,0,0
BRDA:65,2,1,0
BRDA:65,3,0,0
BRDA:65,3,1,0
BRDA:77,4,0,0
BRDA:77,4,1,0
BRDA:85,5,0,0
BRDA:85,5,1,0
BRDA:85,6,0,0
BRDA:85,6,1,0
BRDA:87,7,0,0
BRDA:87,7,1,0
BRDA:105,8,0,0
BRDA:105,8,1,0
BRDA:106,9,0,0
BRDA:106,9,1,0
BRDA:106,9,2,0
BRDA:106,9,3,0
BRDA:106,9,4,0
BRDA:106,9,5,0
BRDA:123,10,0,0
BRDA:123,10,1,0
BRDA:135,11,0,0
BRDA:135,11,1,0
BRDA:138,12,0,0
BRDA:138,12,1,0
BRDA:138,13,0,0
BRDA:138,13,1,0
BRDA:138,13,2,0
BRDA:143,14,0,0
BRDA:143,14,1,0
BRDA:153,15,0,0
BRDA:153,15,1,0
BRDA:166,16,0,0
BRDA:167,17,0,0
BRDA:167,17,1,0
BRDA:167,18,0,0
BRDA:167,18,1,0
BRDA:175,19,0,0
BRDA:175,19,1,0
BRDA:185,20,0,0
BRDA:185,20,1,0
BRDA:205,21,0,0
BRDA:205,21,1,0
BRDA:209,22,0,0
BRDA:209,22,1,0
BRDA:209,23,0,0
BRDA:209,23,1,0
BRDA:223,24,0,0
BRDA:223,24,1,0
BRDA:230,25,0,0
BRDA:230,25,1,0
BRDA:259,26,0,0
BRDA:259,26,1,0
BRDA:263,27,0,0
BRDA:263,27,1,0
BRDA:280,28,0,0
BRDA:280,28,1,0
BRDA:282,29,0,0
BRDA:282,29,1,0
BRDA:284,30,0,0
BRDA:284,30,1,0
BRDA:290,31,0,0
BRDA:290,31,1,0
BRDA:318,32,0,0
BRDA:318,32,1,0
BRDA:325,33,0,0
BRDA:325,33,1,0
BRDA:328,34,0,0
BRDA:328,34,1,0
BRDA:333,35,0,0
BRDA:333,35,1,0
BRDA:333,36,0,0
BRDA:333,36,1,0
BRDA:342,37,0,0
BRDA:342,37,1,0
BRDA:349,38,0,0
BRDA:349,38,1,0
BRDA:354,39,0,0
BRDA:354,39,1,0
BRDA:354,40,0,0
BRDA:354,40,1,0
BRDA:363,41,0,0
BRDA:363,41,1,0
BRDA:370,42,0,0
BRDA:370,42,1,0
BRDA:375,43,0,0
BRDA:375,43,1,0
BRDA:375,44,0,0
BRDA:375,44,1,0
BRDA:384,45,0,0
BRDA:384,45,1,0
BRDA:391,46,0,0
BRDA:391,46,1,0
BRDA:391,46,2,0
BRDA:397,47,0,0
BRDA:397,47,1,0
BRDA:403,48,0,0
BRDA:403,48,1,0
BRDA:413,49,0,0
BRDA:413,49,1,0
BRDA:413,49,2,0
BRDA:422,50,0,0
BRDA:422,50,1,0
BRDA:422,50,2,0
BRDA:430,51,0,0
BRDA:430,51,1,0
BRDA:430,51,2,0
BRDA:449,52,0,0
BRDA:449,52,1,0
BRDA:457,53,0,0
BRDA:457,53,1,0
BRDA:470,54,0,0
BRDA:470,54,1,0
BRDA:473,55,0,0
BRDA:473,55,1,0
BRDA:476,56,0,0
BRDA:476,56,1,0
BRDA:479,57,0,0
BRDA:479,57,1,0
BRDA:482,58,0,0
BRDA:482,58,1,0
BRDA:511,59,0,0
BRDA:511,59,1,0
BRDA:514,60,0,0
BRDA:514,60,1,0
BRDA:516,61,0,0
BRDA:516,61,1,0
BRDA:521,62,0,0
BRDA:521,62,1,0
BRDA:567,63,0,0
BRDA:567,63,1,0
BRDA:568,64,0,0
BRDA:568,64,1,0
BRDA:570,65,0,0
BRDA:570,65,1,0
BRDA:572,66,0,0
BRDA:572,66,1,0
BRDA:576,67,0,0
BRDA:576,67,1,0
BRDA:586,68,0,0
BRDA:586,68,1,0
BRDA:606,69,0,0
BRDA:606,69,1,0
BRDA:608,70,0,0
BRDA:608,70,1,0
BRDA:618,71,0,0
BRDA:618,71,1,0
BRDA:656,72,0,0
BRDA:656,72,1,0
BRDA:666,73,0,0
BRDA:666,73,1,0
BRDA:669,74,0,0
BRDA:669,74,1,0
BRDA:669,75,0,0
BRDA:669,75,1,0
BRDA:681,76,0,0
BRDA:681,76,1,0
BRDA:686,77,0,0
BRDA:686,77,1,0
BRDA:705,78,0,0
BRDA:705,78,1,0
BRDA:720,79,0,0
BRDA:720,79,1,0
BRDA:734,80,0,0
BRDA:734,80,1,0
BRDA:740,81,0,0
BRDA:740,81,1,0
BRF:172
BRH:0
end_of_record
TN:
SF:src/screens/Search.tsx
FN:8,Search
FN:26,(anonymous_1)
FN:39,(anonymous_2)
FN:48,(anonymous_3)
FN:63,(anonymous_4)
FN:68,(anonymous_5)
FN:72,(anonymous_6)
FN:90,(anonymous_7)
FN:95,(anonymous_8)
FN:96,(anonymous_9)
FN:140,(anonymous_10)
FN:162,(anonymous_11)
FN:172,(anonymous_12)
FN:175,(anonymous_13)
FN:200,(anonymous_14)
FN:256,SearchResultCard
FN:298,(anonymous_16)
FNF:17
FNH:13
FNDA:35,Search
FNDA:11,(anonymous_1)
FNDA:11,(anonymous_2)
FNDA:0,(anonymous_3)
FNDA:0,(anonymous_4)
FNDA:1,(anonymous_5)
FNDA:1,(anonymous_6)
FNDA:1,(anonymous_7)
FNDA:4,(anonymous_8)
FNDA:11,(anonymous_9)
FNDA:1,(anonymous_10)
FNDA:0,(anonymous_11)
FNDA:11,(anonymous_12)
FNDA:1,(anonymous_13)
FNDA:5,(anonymous_14)
FNDA:5,SearchResultCard
FNDA:0,(anonymous_16)
DA:9,35
DA:10,35
DA:11,35
DA:13,35
DA:14,35
DA:15,35
DA:16,35
DA:17,35
DA:18,35
DA:19,35
DA:20,35
DA:21,35
DA:24,35
DA:26,35
DA:27,11
DA:28,0
DA:29,0
DA:32,11
DA:33,11
DA:34,11
DA:35,11
DA:39,35
DA:40,11
DA:41,11
DA:42,11
DA:44,11
DA:45,11
DA:46,11
DA:48,0
DA:51,11
DA:52,11
DA:53,11
DA:55,0
DA:56,0
DA:58,11
DA:59,11
DA:63,35
DA:64,0
DA:65,0
DA:68,35
DA:69,1
DA:72,35
DA:73,1
DA:74,1
DA:75,1
DA:76,1
DA:78,1
DA:80,1
DA:82,0
DA:83,0
DA:84,0
DA:86,1
DA:90,35
DA:91,1
DA:95,35
DA:96,35
DA:98,35
DA:140,1
DA:162,0
DA:173,11
DA:175,1
DA:201,5
DA:262,5
DA:264,5
DA:298,0
LF:65
LH:53
BRDA:11,0,0,35
BRDA:11,0,1,0
BRDA:27,1,0,0
BRDA:27,1,1,11
BRDA:39,2,0,11
BRDA:41,3,0,11
BRDA:41,3,1,10
BRDA:44,4,0,11
BRDA:44,4,1,0
BRDA:83,5,0,0
BRDA:83,5,1,0
BRDA:116,6,0,8
BRDA:116,6,1,27
BRDA:118,7,0,35
BRDA:118,7,1,27
BRDA:118,7,2,10
BRDA:120,8,0,2
BRDA:120,8,1,8
BRDA:126,9,0,35
BRDA:126,9,1,8
BRDA:144,10,0,1
BRDA:144,10,1,7
BRDA:159,11,0,35
BRDA:159,11,1,27
BRDA:159,11,2,7
BRDA:165,12,0,4
BRDA:165,12,1,3
BRDA:178,13,0,3
BRDA:178,13,1,8
BRDA:190,14,0,35
BRDA:190,14,1,21
BRDA:197,15,0,35
BRDA:197,15,1,14
BRDA:197,15,2,10
BRDA:197,15,3,4
BRDA:212,16,0,1
BRDA:212,16,1,3
BRDA:218,17,0,0
BRDA:218,17,1,1
BRDA:237,18,0,35
BRDA:237,18,1,14
BRDA:237,18,2,10
BRDA:237,18,3,6
BRDA:262,19,0,5
BRDA:262,19,1,5
BRDA:268,20,0,0
BRDA:268,20,1,5
BRDA:288,21,0,5
BRDA:288,21,1,0
BRDA:292,22,0,5
BRDA:292,22,1,2
BRDA:302,23,0,0
BRDA:302,23,1,5
BRF:53
BRH:44
end_of_record
TN:
SF:src/screens/Settings.tsx
FN:35,Settings
FN:48,(anonymous_1)
FN:52,(anonymous_2)
FN:80,(anonymous_3)
FN:93,(anonymous_4)
FN:107,(anonymous_5)
FN:121,(anonymous_6)
FN:135,(anonymous_7)
FN:149,(anonymous_8)
FN:163,(anonymous_9)
FNF:10
FNH:0
FNDA:0,Settings
FNDA:0,(anonymous_1)
FNDA:0,(anonymous_2)
FNDA:0,(anonymous_3)
FNDA:0,(anonymous_4)
FNDA:0,(anonymous_5)
FNDA:0,(anonymous_6)
FNDA:0,(anonymous_7)
FNDA:0,(anonymous_8)
FNDA:0,(anonymous_9)
DA:36,0
DA:37,0
DA:38,0
DA:40,0
DA:41,0
DA:42,0
DA:43,0
DA:44,0
DA:45,0
DA:46,0
DA:48,0
DA:49,0
DA:52,0
DA:53,0
DA:55,0
DA:62,0
DA:63,0
DA:64,0
DA:65,0
DA:66,0
DA:68,0
DA:69,0
DA:71,0
DA:75,0
DA:80,0
DA:93,0
DA:107,0
DA:121,0
DA:135,0
DA:149,0
DA:163,0
LF:31
LH:0
BRDA:96,0,0,0
BRDA:96,0,1,0
BRDA:110,1,0,0
BRDA:110,1,1,0
BRDA:124,2,0,0
BRDA:124,2,1,0
BRDA:138,3,0,0
BRDA:138,3,1,0
BRDA:152,4,0,0
BRDA:152,4,1,0
BRDA:166,5,0,0
BRDA:166,5,1,0
BRDA:183,6,0,0
BRDA:183,6,1,0
BRDA:187,7,0,0
BRDA:187,7,1,0
BRDA:194,8,0,0
BRDA:194,8,1,0
BRDA:201,9,0,0
BRDA:201,9,1,0
BRDA:203,10,0,0
BRDA:203,10,1,0
BRDA:205,11,0,0
BRDA:205,11,1,0
BRDA:211,12,0,0
BRDA:211,12,1,0
BRF:26
BRH:0
end_of_record
